[2020-04-09T12:47:07.176] [INFO] access - ::1 - - "POST /teacher/teaLogin HTTP/1.1" 200 60 "http://localhost:3000/login/" "Mozilla/5.0 (Macintosh; Intel Mac OS X 10_13_2) AppleWebKit/537.36 (KHTML, like Gecko) Chrome/80.0.3987.149 Safari/537.36"
[2020-04-09T12:47:15.595] [INFO] access - ::1 - - "POST /teacher/teaLogin HTTP/1.1" 200 91 "http://localhost:3000/login/" "Mozilla/5.0 (Macintosh; Intel Mac OS X 10_13_2) AppleWebKit/537.36 (KHTML, like Gecko) Chrome/80.0.3987.149 Safari/537.36"
[2020-04-09T12:47:15.686] [INFO] access - ::1 - - "GET /teacher/systemUserInfo HTTP/1.1" 200 91 "http://localhost:3000/" "Mozilla/5.0 (Macintosh; Intel Mac OS X 10_13_2) AppleWebKit/537.36 (KHTML, like Gecko) Chrome/80.0.3987.149 Safari/537.36"
[2020-04-09T12:47:15.819] [INFO] access - ::1 - - "GET /course/allCourseType HTTP/1.1" 200 459 "http://localhost:3000/" "Mozilla/5.0 (Macintosh; Intel Mac OS X 10_13_2) AppleWebKit/537.36 (KHTML, like Gecko) Chrome/80.0.3987.149 Safari/537.36"
[2020-04-09T12:47:15.821] [INFO] access - ::1 - - "GET /course/findAllCourseList HTTP/1.1" 200 2967 "http://localhost:3000/" "Mozilla/5.0 (Macintosh; Intel Mac OS X 10_13_2) AppleWebKit/537.36 (KHTML, like Gecko) Chrome/80.0.3987.149 Safari/537.36"
[2020-04-09T12:47:15.822] [INFO] access - ::1 - - "GET /inter/findNextInterview HTTP/1.1" 200 34 "http://localhost:3000/" "Mozilla/5.0 (Macintosh; Intel Mac OS X 10_13_2) AppleWebKit/537.36 (KHTML, like Gecko) Chrome/80.0.3987.149 Safari/537.36"
[2020-04-09T12:47:15.824] [INFO] access - ::1 - - "GET /stu/getActiveStu HTTP/1.1" 200 34 "http://localhost:3000/" "Mozilla/5.0 (Macintosh; Intel Mac OS X 10_13_2) AppleWebKit/537.36 (KHTML, like Gecko) Chrome/80.0.3987.149 Safari/537.36"
[2020-04-09T12:47:15.826] [INFO] access - ::1 - - "GET /stu/allStudent HTTP/1.1" 200 3458 "http://localhost:3000/" "Mozilla/5.0 (Macintosh; Intel Mac OS X 10_13_2) AppleWebKit/537.36 (KHTML, like Gecko) Chrome/80.0.3987.149 Safari/537.36"
[2020-04-09T12:47:15.829] [INFO] access - ::1 - - "GET /course/findAllCourseList HTTP/1.1" 200 2967 "http://localhost:3000/" "Mozilla/5.0 (Macintosh; Intel Mac OS X 10_13_2) AppleWebKit/537.36 (KHTML, like Gecko) Chrome/80.0.3987.149 Safari/537.36"
[2020-04-09T12:47:15.832] [INFO] access - ::1 - - "GET /stu/allStudent HTTP/1.1" 200 3458 "http://localhost:3000/" "Mozilla/5.0 (Macintosh; Intel Mac OS X 10_13_2) AppleWebKit/537.36 (KHTML, like Gecko) Chrome/80.0.3987.149 Safari/537.36"
[2020-04-09T12:47:21.881] [INFO] access - ::1 - - "GET /stu/allStudent HTTP/1.1" 200 3458 "http://localhost:3000/student/studentList" "Mozilla/5.0 (Macintosh; Intel Mac OS X 10_13_2) AppleWebKit/537.36 (KHTML, like Gecko) Chrome/80.0.3987.149 Safari/537.36"
[2020-04-09T12:47:22.707] [INFO] access - ::1 - - "GET /stu/findAllCourseType HTTP/1.1" 200 83 "http://localhost:3000/student/addStudent" "Mozilla/5.0 (Macintosh; Intel Mac OS X 10_13_2) AppleWebKit/537.36 (KHTML, like Gecko) Chrome/80.0.3987.149 Safari/537.36"
[2020-04-09T12:47:22.710] [INFO] access - ::1 - - "GET /course/allCourseType HTTP/1.1" 200 459 "http://localhost:3000/student/addStudent" "Mozilla/5.0 (Macintosh; Intel Mac OS X 10_13_2) AppleWebKit/537.36 (KHTML, like Gecko) Chrome/80.0.3987.149 Safari/537.36"
[2020-04-09T12:47:22.710] [INFO] access - ::1 - - "GET /course/findAllCourseList HTTP/1.1" 200 2967 "http://localhost:3000/student/addStudent" "Mozilla/5.0 (Macintosh; Intel Mac OS X 10_13_2) AppleWebKit/537.36 (KHTML, like Gecko) Chrome/80.0.3987.149 Safari/537.36"
[2020-04-09T12:47:23.819] [INFO] access - ::1 - - "GET /stu/allStudent HTTP/1.1" 200 3458 "http://localhost:3000/student/studentList" "Mozilla/5.0 (Macintosh; Intel Mac OS X 10_13_2) AppleWebKit/537.36 (KHTML, like Gecko) Chrome/80.0.3987.149 Safari/537.36"
[2020-04-09T12:47:24.381] [INFO] access - ::1 - - "GET /stu/findAllCourseType HTTP/1.1" 200 83 "http://localhost:3000/student/addStudent" "Mozilla/5.0 (Macintosh; Intel Mac OS X 10_13_2) AppleWebKit/537.36 (KHTML, like Gecko) Chrome/80.0.3987.149 Safari/537.36"
[2020-04-09T12:47:24.381] [INFO] access - ::1 - - "GET /course/allCourseType HTTP/1.1" 200 459 "http://localhost:3000/student/addStudent" "Mozilla/5.0 (Macintosh; Intel Mac OS X 10_13_2) AppleWebKit/537.36 (KHTML, like Gecko) Chrome/80.0.3987.149 Safari/537.36"
[2020-04-09T12:47:24.382] [INFO] access - ::1 - - "GET /course/findAllCourseList HTTP/1.1" 200 2967 "http://localhost:3000/student/addStudent" "Mozilla/5.0 (Macintosh; Intel Mac OS X 10_13_2) AppleWebKit/537.36 (KHTML, like Gecko) Chrome/80.0.3987.149 Safari/537.36"
[2020-04-09T12:47:27.330] [INFO] access - ::1 - - "GET /stu/allStudent HTTP/1.1" 200 3458 "http://localhost:3000/student/studentList" "Mozilla/5.0 (Macintosh; Intel Mac OS X 10_13_2) AppleWebKit/537.36 (KHTML, like Gecko) Chrome/80.0.3987.149 Safari/537.36"
[2020-04-09T12:47:28.784] [INFO] access - ::1 - - "GET /stu/findAllCourseType HTTP/1.1" 200 83 "http://localhost:3000/student/addStudent/64" "Mozilla/5.0 (Macintosh; Intel Mac OS X 10_13_2) AppleWebKit/537.36 (KHTML, like Gecko) Chrome/80.0.3987.149 Safari/537.36"
[2020-04-09T12:47:28.786] [INFO] access - ::1 - - "GET /course/findAllCourseList HTTP/1.1" 200 2967 "http://localhost:3000/student/addStudent/64" "Mozilla/5.0 (Macintosh; Intel Mac OS X 10_13_2) AppleWebKit/537.36 (KHTML, like Gecko) Chrome/80.0.3987.149 Safari/537.36"
[2020-04-09T12:47:28.787] [INFO] access - ::1 - - "GET /course/allCourseType HTTP/1.1" 200 459 "http://localhost:3000/student/addStudent/64" "Mozilla/5.0 (Macintosh; Intel Mac OS X 10_13_2) AppleWebKit/537.36 (KHTML, like Gecko) Chrome/80.0.3987.149 Safari/537.36"
[2020-04-09T12:47:28.788] [INFO] access - ::1 - - "GET /stu/getStudentById/?id=64 HTTP/1.1" 200 213 "http://localhost:3000/student/addStudent/64" "Mozilla/5.0 (Macintosh; Intel Mac OS X 10_13_2) AppleWebKit/537.36 (KHTML, like Gecko) Chrome/80.0.3987.149 Safari/537.36"
[2020-04-09T12:47:45.906] [INFO] access - ::1 - - "POST /stu/updateStu HTTP/1.1" 200 52 "http://localhost:3000/student/addStudent/64" "Mozilla/5.0 (Macintosh; Intel Mac OS X 10_13_2) AppleWebKit/537.36 (KHTML, like Gecko) Chrome/80.0.3987.149 Safari/537.36"
[2020-04-09T12:47:45.971] [INFO] access - ::1 - - "GET /stu/allStudent HTTP/1.1" 200 3470 "http://localhost:3000/student/studentList" "Mozilla/5.0 (Macintosh; Intel Mac OS X 10_13_2) AppleWebKit/537.36 (KHTML, like Gecko) Chrome/80.0.3987.149 Safari/537.36"
[2020-04-09T12:47:49.318] [INFO] access - ::1 - - "GET /stu/findAllCourseType HTTP/1.1" 200 83 "http://localhost:3000/student/addStudent" "Mozilla/5.0 (Macintosh; Intel Mac OS X 10_13_2) AppleWebKit/537.36 (KHTML, like Gecko) Chrome/80.0.3987.149 Safari/537.36"
[2020-04-09T12:47:49.321] [INFO] access - ::1 - - "GET /course/allCourseType HTTP/1.1" 200 459 "http://localhost:3000/student/addStudent" "Mozilla/5.0 (Macintosh; Intel Mac OS X 10_13_2) AppleWebKit/537.36 (KHTML, like Gecko) Chrome/80.0.3987.149 Safari/537.36"
[2020-04-09T12:47:49.322] [INFO] access - ::1 - - "GET /course/findAllCourseList HTTP/1.1" 200 2967 "http://localhost:3000/student/addStudent" "Mozilla/5.0 (Macintosh; Intel Mac OS X 10_13_2) AppleWebKit/537.36 (KHTML, like Gecko) Chrome/80.0.3987.149 Safari/537.36"
[2020-04-09T12:47:50.461] [INFO] access - ::1 - - "GET /course/allCourseType HTTP/1.1" 200 459 "http://localhost:3000/course/courseList" "Mozilla/5.0 (Macintosh; Intel Mac OS X 10_13_2) AppleWebKit/537.36 (KHTML, like Gecko) Chrome/80.0.3987.149 Safari/537.36"
[2020-04-09T12:47:50.462] [INFO] access - ::1 - - "GET /course/findAllCourseList HTTP/1.1" 200 2967 "http://localhost:3000/course/courseList" "Mozilla/5.0 (Macintosh; Intel Mac OS X 10_13_2) AppleWebKit/537.36 (KHTML, like Gecko) Chrome/80.0.3987.149 Safari/537.36"
[2020-04-09T12:47:51.885] [INFO] access - ::1 - - "GET /course/allCourseType HTTP/1.1" 200 459 "http://localhost:3000/course/addCourse" "Mozilla/5.0 (Macintosh; Intel Mac OS X 10_13_2) AppleWebKit/537.36 (KHTML, like Gecko) Chrome/80.0.3987.149 Safari/537.36"
[2020-04-09T12:47:52.626] [INFO] access - ::1 - - "GET /course/allCourseType HTTP/1.1" 200 459 "http://localhost:3000/course/courseType" "Mozilla/5.0 (Macintosh; Intel Mac OS X 10_13_2) AppleWebKit/537.36 (KHTML, like Gecko) Chrome/80.0.3987.149 Safari/537.36"
[2020-04-09T12:47:54.412] [INFO] access - ::1 - - "GET /course/allCourseType HTTP/1.1" 200 459 "http://localhost:3000/course/courseType" "Mozilla/5.0 (Macintosh; Intel Mac OS X 10_13_2) AppleWebKit/537.36 (KHTML, like Gecko) Chrome/80.0.3987.149 Safari/537.36"
[2020-04-09T12:47:55.845] [INFO] access - ::1 - - "GET /stu/allStudent HTTP/1.1" 200 3470 "http://localhost:3000/interview/index" "Mozilla/5.0 (Macintosh; Intel Mac OS X 10_13_2) AppleWebKit/537.36 (KHTML, like Gecko) Chrome/80.0.3987.149 Safari/537.36"
[2020-04-09T12:47:55.963] [INFO] access - ::1 - - "POST /inter/findInterviewsByMonth HTTP/1.1" 200 286 "http://localhost:3000/interview/index" "Mozilla/5.0 (Macintosh; Intel Mac OS X 10_13_2) AppleWebKit/537.36 (KHTML, like Gecko) Chrome/80.0.3987.149 Safari/537.36"
[2020-04-09T12:47:58.758] [INFO] access - ::1 - - "GET /teacher/getAllTeacher HTTP/1.1" 200 164 "http://localhost:3000/teacher/teacherList" "Mozilla/5.0 (Macintosh; Intel Mac OS X 10_13_2) AppleWebKit/537.36 (KHTML, like Gecko) Chrome/80.0.3987.149 Safari/537.36"
[2020-04-09T12:48:00.233] [INFO] access - ::1 - - "GET /teacher/getAllTeacher HTTP/1.1" 200 164 "http://localhost:3000/teacher/teacherList" "Mozilla/5.0 (Macintosh; Intel Mac OS X 10_13_2) AppleWebKit/537.36 (KHTML, like Gecko) Chrome/80.0.3987.149 Safari/537.36"
