[2020-04-30T13:03:13.151] [INFO] access - ::1 - - "POST /teacher/teaLogin HTTP/1.1" 200 95 "http://localhost:3000/" "Mozilla/5.0 (Macintosh; Intel Mac OS X 10_13_2) AppleWebKit/537.36 (KHTML, like Gecko) Chrome/81.0.4044.122 Safari/537.36"
[2020-04-30T13:03:13.278] [INFO] access - ::1 - - "GET /teacher/systemUserInfo HTTP/1.1" 200 95 "http://localhost:3000/home" "Mozilla/5.0 (Macintosh; Intel Mac OS X 10_13_2) AppleWebKit/537.36 (KHTML, like Gecko) Chrome/81.0.4044.122 Safari/537.36"
[2020-04-30T13:03:13.651] [INFO] access - ::1 - - "GET /stu/allStudent HTTP/1.1" 200 3470 "http://localhost:3000/home" "Mozilla/5.0 (Macintosh; Intel Mac OS X 10_13_2) AppleWebKit/537.36 (KHTML, like Gecko) Chrome/81.0.4044.122 Safari/537.36"
[2020-04-30T13:03:13.652] [INFO] access - ::1 - - "GET /course/findAllCourseList HTTP/1.1" 200 2967 "http://localhost:3000/home" "Mozilla/5.0 (Macintosh; Intel Mac OS X 10_13_2) AppleWebKit/537.36 (KHTML, like Gecko) Chrome/81.0.4044.122 Safari/537.36"
[2020-04-30T13:03:13.653] [INFO] access - ::1 - - "GET /course/allCourseType HTTP/1.1" 200 459 "http://localhost:3000/home" "Mozilla/5.0 (Macintosh; Intel Mac OS X 10_13_2) AppleWebKit/537.36 (KHTML, like Gecko) Chrome/81.0.4044.122 Safari/537.36"
[2020-04-30T13:03:13.654] [INFO] access - ::1 - - "GET /stu/getActiveStu HTTP/1.1" 200 207 "http://localhost:3000/home" "Mozilla/5.0 (Macintosh; Intel Mac OS X 10_13_2) AppleWebKit/537.36 (KHTML, like Gecko) Chrome/81.0.4044.122 Safari/537.36"
[2020-04-30T13:03:13.655] [INFO] access - ::1 - - "GET /inter/findNextInterview HTTP/1.1" 200 154 "http://localhost:3000/home" "Mozilla/5.0 (Macintosh; Intel Mac OS X 10_13_2) AppleWebKit/537.36 (KHTML, like Gecko) Chrome/81.0.4044.122 Safari/537.36"
[2020-04-30T13:03:13.659] [INFO] access - ::1 - - "GET /course/findAllCourseList HTTP/1.1" 200 2967 "http://localhost:3000/home" "Mozilla/5.0 (Macintosh; Intel Mac OS X 10_13_2) AppleWebKit/537.36 (KHTML, like Gecko) Chrome/81.0.4044.122 Safari/537.36"
[2020-04-30T13:03:13.660] [INFO] access - ::1 - - "GET /stu/allStudent HTTP/1.1" 200 3470 "http://localhost:3000/home" "Mozilla/5.0 (Macintosh; Intel Mac OS X 10_13_2) AppleWebKit/537.36 (KHTML, like Gecko) Chrome/81.0.4044.122 Safari/537.36"
[2020-04-30T13:03:20.990] [INFO] access - ::1 - - "GET /stu/allStudent HTTP/1.1" 200 3470 "http://localhost:3000/student/studentList" "Mozilla/5.0 (Macintosh; Intel Mac OS X 10_13_2) AppleWebKit/537.36 (KHTML, like Gecko) Chrome/81.0.4044.122 Safari/537.36"
[2020-04-30T13:03:21.564] [INFO] access - ::1 - - "GET /stu/findAllCourseType HTTP/1.1" 200 83 "http://localhost:3000/student/addStudent" "Mozilla/5.0 (Macintosh; Intel Mac OS X 10_13_2) AppleWebKit/537.36 (KHTML, like Gecko) Chrome/81.0.4044.122 Safari/537.36"
[2020-04-30T13:03:21.565] [INFO] access - ::1 - - "GET /course/allCourseType HTTP/1.1" 200 459 "http://localhost:3000/student/addStudent" "Mozilla/5.0 (Macintosh; Intel Mac OS X 10_13_2) AppleWebKit/537.36 (KHTML, like Gecko) Chrome/81.0.4044.122 Safari/537.36"
[2020-04-30T13:03:21.566] [INFO] access - ::1 - - "GET /course/findAllCourseList HTTP/1.1" 200 2967 "http://localhost:3000/student/addStudent" "Mozilla/5.0 (Macintosh; Intel Mac OS X 10_13_2) AppleWebKit/537.36 (KHTML, like Gecko) Chrome/81.0.4044.122 Safari/537.36"
[2020-04-30T13:03:24.175] [INFO] access - ::1 - - "GET /course/allCourseType HTTP/1.1" 200 459 "http://localhost:3000/course/courseList" "Mozilla/5.0 (Macintosh; Intel Mac OS X 10_13_2) AppleWebKit/537.36 (KHTML, like Gecko) Chrome/81.0.4044.122 Safari/537.36"
[2020-04-30T13:03:24.176] [INFO] access - ::1 - - "GET /course/findAllCourseList HTTP/1.1" 200 2967 "http://localhost:3000/course/courseList" "Mozilla/5.0 (Macintosh; Intel Mac OS X 10_13_2) AppleWebKit/537.36 (KHTML, like Gecko) Chrome/81.0.4044.122 Safari/537.36"
[2020-04-30T13:03:24.825] [INFO] access - ::1 - - "GET /course/allCourseType HTTP/1.1" 200 459 "http://localhost:3000/course/addCourse" "Mozilla/5.0 (Macintosh; Intel Mac OS X 10_13_2) AppleWebKit/537.36 (KHTML, like Gecko) Chrome/81.0.4044.122 Safari/537.36"
[2020-04-30T13:03:25.319] [INFO] access - ::1 - - "GET /course/allCourseType HTTP/1.1" 200 459 "http://localhost:3000/course/courseType" "Mozilla/5.0 (Macintosh; Intel Mac OS X 10_13_2) AppleWebKit/537.36 (KHTML, like Gecko) Chrome/81.0.4044.122 Safari/537.36"
[2020-04-30T13:03:28.186] [INFO] access - ::1 - - "GET /course/findAllCourseList HTTP/1.1" 200 2967 "http://localhost:3000/course/courseList" "Mozilla/5.0 (Macintosh; Intel Mac OS X 10_13_2) AppleWebKit/537.36 (KHTML, like Gecko) Chrome/81.0.4044.122 Safari/537.36"
[2020-04-30T13:03:28.187] [INFO] access - ::1 - - "GET /course/allCourseType HTTP/1.1" 200 459 "http://localhost:3000/course/courseList" "Mozilla/5.0 (Macintosh; Intel Mac OS X 10_13_2) AppleWebKit/537.36 (KHTML, like Gecko) Chrome/81.0.4044.122 Safari/537.36"
[2020-04-30T13:03:28.689] [INFO] access - ::1 - - "GET /course/allCourseType HTTP/1.1" 200 459 "http://localhost:3000/course/addCourse" "Mozilla/5.0 (Macintosh; Intel Mac OS X 10_13_2) AppleWebKit/537.36 (KHTML, like Gecko) Chrome/81.0.4044.122 Safari/537.36"
[2020-04-30T13:03:29.154] [INFO] access - ::1 - - "GET /course/allCourseType HTTP/1.1" 200 459 "http://localhost:3000/course/courseType" "Mozilla/5.0 (Macintosh; Intel Mac OS X 10_13_2) AppleWebKit/537.36 (KHTML, like Gecko) Chrome/81.0.4044.122 Safari/537.36"
[2020-04-30T13:03:31.811] [INFO] access - ::1 - - "GET /stu/allStudent HTTP/1.1" 200 3470 "http://localhost:3000/interview/index" "Mozilla/5.0 (Macintosh; Intel Mac OS X 10_13_2) AppleWebKit/537.36 (KHTML, like Gecko) Chrome/81.0.4044.122 Safari/537.36"
[2020-04-30T13:03:31.929] [INFO] access - ::1 - - "POST /inter/findInterviewsByMonth HTTP/1.1" 200 588 "http://localhost:3000/interview/index" "Mozilla/5.0 (Macintosh; Intel Mac OS X 10_13_2) AppleWebKit/537.36 (KHTML, like Gecko) Chrome/81.0.4044.122 Safari/537.36"
[2020-04-30T13:03:33.766] [INFO] access - ::1 - - "GET /teacher/getAllTeacher HTTP/1.1" 200 164 "http://localhost:3000/teacher/teacherList" "Mozilla/5.0 (Macintosh; Intel Mac OS X 10_13_2) AppleWebKit/537.36 (KHTML, like Gecko) Chrome/81.0.4044.122 Safari/537.36"
[2020-04-30T13:03:34.899] [INFO] access - ::1 - - "GET /stu/allStudent HTTP/1.1" 200 3470 "http://localhost:3000/interview/index" "Mozilla/5.0 (Macintosh; Intel Mac OS X 10_13_2) AppleWebKit/537.36 (KHTML, like Gecko) Chrome/81.0.4044.122 Safari/537.36"
[2020-04-30T13:03:35.014] [INFO] access - ::1 - - "POST /inter/findInterviewsByMonth HTTP/1.1" 200 588 "http://localhost:3000/interview/index" "Mozilla/5.0 (Macintosh; Intel Mac OS X 10_13_2) AppleWebKit/537.36 (KHTML, like Gecko) Chrome/81.0.4044.122 Safari/537.36"
[2020-04-30T13:03:36.502] [INFO] access - ::1 - - "GET /stu/allStudent HTTP/1.1" 200 3470 "http://localhost:3000/home" "Mozilla/5.0 (Macintosh; Intel Mac OS X 10_13_2) AppleWebKit/537.36 (KHTML, like Gecko) Chrome/81.0.4044.122 Safari/537.36"
[2020-04-30T13:03:36.508] [INFO] access - ::1 - - "GET /course/findAllCourseList HTTP/1.1" 200 2967 "http://localhost:3000/home" "Mozilla/5.0 (Macintosh; Intel Mac OS X 10_13_2) AppleWebKit/537.36 (KHTML, like Gecko) Chrome/81.0.4044.122 Safari/537.36"
[2020-04-30T13:03:36.509] [INFO] access - ::1 - - "GET /stu/getActiveStu HTTP/1.1" 200 207 "http://localhost:3000/home" "Mozilla/5.0 (Macintosh; Intel Mac OS X 10_13_2) AppleWebKit/537.36 (KHTML, like Gecko) Chrome/81.0.4044.122 Safari/537.36"
[2020-04-30T13:03:36.511] [INFO] access - ::1 - - "GET /inter/findNextInterview HTTP/1.1" 200 154 "http://localhost:3000/home" "Mozilla/5.0 (Macintosh; Intel Mac OS X 10_13_2) AppleWebKit/537.36 (KHTML, like Gecko) Chrome/81.0.4044.122 Safari/537.36"
[2020-04-30T13:03:36.512] [INFO] access - ::1 - - "GET /stu/allStudent HTTP/1.1" 200 3470 "http://localhost:3000/home" "Mozilla/5.0 (Macintosh; Intel Mac OS X 10_13_2) AppleWebKit/537.36 (KHTML, like Gecko) Chrome/81.0.4044.122 Safari/537.36"
[2020-04-30T13:03:36.514] [INFO] access - ::1 - - "GET /course/allCourseType HTTP/1.1" 200 459 "http://localhost:3000/home" "Mozilla/5.0 (Macintosh; Intel Mac OS X 10_13_2) AppleWebKit/537.36 (KHTML, like Gecko) Chrome/81.0.4044.122 Safari/537.36"
[2020-04-30T13:03:36.515] [INFO] access - ::1 - - "GET /course/findAllCourseList HTTP/1.1" 200 2967 "http://localhost:3000/home" "Mozilla/5.0 (Macintosh; Intel Mac OS X 10_13_2) AppleWebKit/537.36 (KHTML, like Gecko) Chrome/81.0.4044.122 Safari/537.36"
[2020-04-30T13:43:50.954] [INFO] access - ::1 - - "GET /course/findAllCourseList HTTP/1.1" 200 2967 "http://localhost:3000/course/courseList" "Mozilla/5.0 (Macintosh; Intel Mac OS X 10_13_2) AppleWebKit/537.36 (KHTML, like Gecko) Chrome/81.0.4044.122 Safari/537.36"
[2020-04-30T13:43:50.957] [INFO] access - ::1 - - "GET /course/allCourseType HTTP/1.1" 200 459 "http://localhost:3000/course/courseList" "Mozilla/5.0 (Macintosh; Intel Mac OS X 10_13_2) AppleWebKit/537.36 (KHTML, like Gecko) Chrome/81.0.4044.122 Safari/537.36"
[2020-04-30T13:43:51.708] [INFO] access - ::1 - - "GET /course/allCourseType HTTP/1.1" 200 459 "http://localhost:3000/course/addCourse" "Mozilla/5.0 (Macintosh; Intel Mac OS X 10_13_2) AppleWebKit/537.36 (KHTML, like Gecko) Chrome/81.0.4044.122 Safari/537.36"
[2020-04-30T13:43:52.828] [INFO] access - ::1 - - "GET /course/allCourseType HTTP/1.1" 200 459 "http://localhost:3000/course/courseList" "Mozilla/5.0 (Macintosh; Intel Mac OS X 10_13_2) AppleWebKit/537.36 (KHTML, like Gecko) Chrome/81.0.4044.122 Safari/537.36"
[2020-04-30T13:43:52.829] [INFO] access - ::1 - - "GET /course/findAllCourseList HTTP/1.1" 200 2967 "http://localhost:3000/course/courseList" "Mozilla/5.0 (Macintosh; Intel Mac OS X 10_13_2) AppleWebKit/537.36 (KHTML, like Gecko) Chrome/81.0.4044.122 Safari/537.36"
