[2020-04-28T03:12:16.241] [INFO] access - ::1 - - "POST /teacher/teaLogin HTTP/1.1" 200 95 "http://localhost:3000/login/" "Mozilla/5.0 (Macintosh; Intel Mac OS X 10_13_2) AppleWebKit/537.36 (KHTML, like Gecko) Chrome/80.0.3987.163 Safari/537.36"
[2020-04-28T03:12:16.307] [INFO] access - ::1 - - "GET /teacher/systemUserInfo HTTP/1.1" 200 95 "http://localhost:3000/" "Mozilla/5.0 (Macintosh; Intel Mac OS X 10_13_2) AppleWebKit/537.36 (KHTML, like Gecko) Chrome/80.0.3987.163 Safari/537.36"
[2020-04-28T03:12:16.424] [INFO] access - ::1 - - "GET /course/allCourseType HTTP/1.1" 200 459 "http://localhost:3000/" "Mozilla/5.0 (Macintosh; Intel Mac OS X 10_13_2) AppleWebKit/537.36 (KHTML, like Gecko) Chrome/80.0.3987.163 Safari/537.36"
[2020-04-28T03:12:16.428] [INFO] access - ::1 - - "GET /course/findAllCourseList HTTP/1.1" 200 2967 "http://localhost:3000/" "Mozilla/5.0 (Macintosh; Intel Mac OS X 10_13_2) AppleWebKit/537.36 (KHTML, like Gecko) Chrome/80.0.3987.163 Safari/537.36"
[2020-04-28T03:12:16.431] [INFO] access - ::1 - - "GET /stu/getActiveStu HTTP/1.1" 200 34 "http://localhost:3000/" "Mozilla/5.0 (Macintosh; Intel Mac OS X 10_13_2) AppleWebKit/537.36 (KHTML, like Gecko) Chrome/80.0.3987.163 Safari/537.36"
[2020-04-28T03:12:16.432] [INFO] access - ::1 - - "GET /inter/findNextInterview HTTP/1.1" 200 34 "http://localhost:3000/" "Mozilla/5.0 (Macintosh; Intel Mac OS X 10_13_2) AppleWebKit/537.36 (KHTML, like Gecko) Chrome/80.0.3987.163 Safari/537.36"
[2020-04-28T03:12:16.435] [INFO] access - ::1 - - "GET /stu/allStudent HTTP/1.1" 200 3470 "http://localhost:3000/" "Mozilla/5.0 (Macintosh; Intel Mac OS X 10_13_2) AppleWebKit/537.36 (KHTML, like Gecko) Chrome/80.0.3987.163 Safari/537.36"
[2020-04-28T03:12:16.437] [INFO] access - ::1 - - "GET /course/findAllCourseList HTTP/1.1" 200 2967 "http://localhost:3000/" "Mozilla/5.0 (Macintosh; Intel Mac OS X 10_13_2) AppleWebKit/537.36 (KHTML, like Gecko) Chrome/80.0.3987.163 Safari/537.36"
[2020-04-28T03:12:16.442] [INFO] access - ::1 - - "GET /stu/allStudent HTTP/1.1" 200 3470 "http://localhost:3000/" "Mozilla/5.0 (Macintosh; Intel Mac OS X 10_13_2) AppleWebKit/537.36 (KHTML, like Gecko) Chrome/80.0.3987.163 Safari/537.36"
[2020-04-28T03:12:23.559] [INFO] access - ::1 - - "GET /stu/allStudent HTTP/1.1" 200 3470 "http://localhost:3000/interview/index" "Mozilla/5.0 (Macintosh; Intel Mac OS X 10_13_2) AppleWebKit/537.36 (KHTML, like Gecko) Chrome/80.0.3987.163 Safari/537.36"
[2020-04-28T03:12:23.675] [INFO] access - ::1 - - "POST /inter/findInterviewsByMonth HTTP/1.1" 200 286 "http://localhost:3000/interview/index" "Mozilla/5.0 (Macintosh; Intel Mac OS X 10_13_2) AppleWebKit/537.36 (KHTML, like Gecko) Chrome/80.0.3987.163 Safari/537.36"
[2020-04-28T03:12:25.009] [INFO] access - ::1 - - "GET /teacher/getAllTeacher HTTP/1.1" 200 164 "http://localhost:3000/teacher/teacherList" "Mozilla/5.0 (Macintosh; Intel Mac OS X 10_13_2) AppleWebKit/537.36 (KHTML, like Gecko) Chrome/80.0.3987.163 Safari/537.36"
[2020-04-28T03:12:29.013] [INFO] access - ::1 - - "GET /stu/allStudent HTTP/1.1" 200 3470 "http://localhost:3000/student/studentList" "Mozilla/5.0 (Macintosh; Intel Mac OS X 10_13_2) AppleWebKit/537.36 (KHTML, like Gecko) Chrome/80.0.3987.163 Safari/537.36"
[2020-04-28T03:12:31.954] [INFO] access - ::1 - - "GET /stu/allStudent HTTP/1.1" 200 3470 "http://localhost:3000/interview/index" "Mozilla/5.0 (Macintosh; Intel Mac OS X 10_13_2) AppleWebKit/537.36 (KHTML, like Gecko) Chrome/80.0.3987.163 Safari/537.36"
[2020-04-28T03:12:32.070] [INFO] access - ::1 - - "POST /inter/findInterviewsByMonth HTTP/1.1" 200 286 "http://localhost:3000/interview/index" "Mozilla/5.0 (Macintosh; Intel Mac OS X 10_13_2) AppleWebKit/537.36 (KHTML, like Gecko) Chrome/80.0.3987.163 Safari/537.36"
[2020-04-28T03:13:11.561] [INFO] access - ::1 - - "POST /inter/addInterview HTTP/1.1" 200 49 "http://localhost:3000/interview/index" "Mozilla/5.0 (Macintosh; Intel Mac OS X 10_13_2) AppleWebKit/537.36 (KHTML, like Gecko) Chrome/80.0.3987.163 Safari/537.36"
[2020-04-28T03:13:11.602] [INFO] access - ::1 - - "POST /inter/findInterviewsByMonth HTTP/1.1" 200 437 "http://localhost:3000/interview/index" "Mozilla/5.0 (Macintosh; Intel Mac OS X 10_13_2) AppleWebKit/537.36 (KHTML, like Gecko) Chrome/80.0.3987.163 Safari/537.36"
[2020-04-28T03:13:12.746] [INFO] access - ::1 - - "GET /stu/getActiveStu HTTP/1.1" 200 34 "http://localhost:3000/home" "Mozilla/5.0 (Macintosh; Intel Mac OS X 10_13_2) AppleWebKit/537.36 (KHTML, like Gecko) Chrome/80.0.3987.163 Safari/537.36"
[2020-04-28T03:13:12.748] [INFO] access - ::1 - - "GET /stu/allStudent HTTP/1.1" 200 3470 "http://localhost:3000/home" "Mozilla/5.0 (Macintosh; Intel Mac OS X 10_13_2) AppleWebKit/537.36 (KHTML, like Gecko) Chrome/80.0.3987.163 Safari/537.36"
[2020-04-28T03:13:12.752] [INFO] access - ::1 - - "GET /inter/findNextInterview HTTP/1.1" 200 34 "http://localhost:3000/home" "Mozilla/5.0 (Macintosh; Intel Mac OS X 10_13_2) AppleWebKit/537.36 (KHTML, like Gecko) Chrome/80.0.3987.163 Safari/537.36"
[2020-04-28T03:13:12.752] [INFO] access - ::1 - - "GET /course/allCourseType HTTP/1.1" 200 459 "http://localhost:3000/home" "Mozilla/5.0 (Macintosh; Intel Mac OS X 10_13_2) AppleWebKit/537.36 (KHTML, like Gecko) Chrome/80.0.3987.163 Safari/537.36"
[2020-04-28T03:13:12.754] [INFO] access - ::1 - - "GET /course/findAllCourseList HTTP/1.1" 200 2967 "http://localhost:3000/home" "Mozilla/5.0 (Macintosh; Intel Mac OS X 10_13_2) AppleWebKit/537.36 (KHTML, like Gecko) Chrome/80.0.3987.163 Safari/537.36"
[2020-04-28T03:13:12.756] [INFO] access - ::1 - - "GET /stu/allStudent HTTP/1.1" 200 3470 "http://localhost:3000/home" "Mozilla/5.0 (Macintosh; Intel Mac OS X 10_13_2) AppleWebKit/537.36 (KHTML, like Gecko) Chrome/80.0.3987.163 Safari/537.36"
[2020-04-28T03:13:12.759] [INFO] access - ::1 - - "GET /course/findAllCourseList HTTP/1.1" 200 2967 "http://localhost:3000/home" "Mozilla/5.0 (Macintosh; Intel Mac OS X 10_13_2) AppleWebKit/537.36 (KHTML, like Gecko) Chrome/80.0.3987.163 Safari/537.36"
[2020-04-28T03:13:14.826] [INFO] access - ::1 - - "GET /stu/allStudent HTTP/1.1" 200 3470 "http://localhost:3000/interview/index" "Mozilla/5.0 (Macintosh; Intel Mac OS X 10_13_2) AppleWebKit/537.36 (KHTML, like Gecko) Chrome/80.0.3987.163 Safari/537.36"
[2020-04-28T03:13:14.934] [INFO] access - ::1 - - "POST /inter/findInterviewsByMonth HTTP/1.1" 200 437 "http://localhost:3000/interview/index" "Mozilla/5.0 (Macintosh; Intel Mac OS X 10_13_2) AppleWebKit/537.36 (KHTML, like Gecko) Chrome/80.0.3987.163 Safari/537.36"
[2020-04-28T03:13:16.639] [INFO] access - ::1 - - "POST /inter/findInterviewsByMonth HTTP/1.1" 200 437 "http://localhost:3000/interview/index" "Mozilla/5.0 (Macintosh; Intel Mac OS X 10_13_2) AppleWebKit/537.36 (KHTML, like Gecko) Chrome/80.0.3987.163 Safari/537.36"
[2020-04-28T03:13:35.463] [INFO] access - ::1 - - "POST /inter/addInterview HTTP/1.1" 200 49 "http://localhost:3000/interview/index" "Mozilla/5.0 (Macintosh; Intel Mac OS X 10_13_2) AppleWebKit/537.36 (KHTML, like Gecko) Chrome/80.0.3987.163 Safari/537.36"
[2020-04-28T03:13:35.502] [INFO] access - ::1 - - "POST /inter/findInterviewsByMonth HTTP/1.1" 200 588 "http://localhost:3000/interview/index" "Mozilla/5.0 (Macintosh; Intel Mac OS X 10_13_2) AppleWebKit/537.36 (KHTML, like Gecko) Chrome/80.0.3987.163 Safari/537.36"
[2020-04-28T03:13:37.122] [INFO] access - ::1 - - "GET /stu/allStudent HTTP/1.1" 200 3470 "http://localhost:3000/home" "Mozilla/5.0 (Macintosh; Intel Mac OS X 10_13_2) AppleWebKit/537.36 (KHTML, like Gecko) Chrome/80.0.3987.163 Safari/537.36"
[2020-04-28T03:13:37.124] [INFO] access - ::1 - - "GET /stu/getActiveStu HTTP/1.1" 200 34 "http://localhost:3000/home" "Mozilla/5.0 (Macintosh; Intel Mac OS X 10_13_2) AppleWebKit/537.36 (KHTML, like Gecko) Chrome/80.0.3987.163 Safari/537.36"
[2020-04-28T03:13:37.125] [INFO] access - ::1 - - "GET /course/findAllCourseList HTTP/1.1" 200 2967 "http://localhost:3000/home" "Mozilla/5.0 (Macintosh; Intel Mac OS X 10_13_2) AppleWebKit/537.36 (KHTML, like Gecko) Chrome/80.0.3987.163 Safari/537.36"
[2020-04-28T03:13:37.129] [INFO] access - ::1 - - "GET /course/allCourseType HTTP/1.1" 200 459 "http://localhost:3000/home" "Mozilla/5.0 (Macintosh; Intel Mac OS X 10_13_2) AppleWebKit/537.36 (KHTML, like Gecko) Chrome/80.0.3987.163 Safari/537.36"
[2020-04-28T03:13:37.129] [INFO] access - ::1 - - "GET /inter/findNextInterview HTTP/1.1" 200 184 "http://localhost:3000/home" "Mozilla/5.0 (Macintosh; Intel Mac OS X 10_13_2) AppleWebKit/537.36 (KHTML, like Gecko) Chrome/80.0.3987.163 Safari/537.36"
[2020-04-28T03:13:37.131] [INFO] access - ::1 - - "GET /stu/allStudent HTTP/1.1" 200 3470 "http://localhost:3000/home" "Mozilla/5.0 (Macintosh; Intel Mac OS X 10_13_2) AppleWebKit/537.36 (KHTML, like Gecko) Chrome/80.0.3987.163 Safari/537.36"
[2020-04-28T03:13:37.133] [INFO] access - ::1 - - "GET /course/findAllCourseList HTTP/1.1" 200 2967 "http://localhost:3000/home" "Mozilla/5.0 (Macintosh; Intel Mac OS X 10_13_2) AppleWebKit/537.36 (KHTML, like Gecko) Chrome/80.0.3987.163 Safari/537.36"
[2020-04-28T03:14:28.069] [INFO] access - ::1 - - "GET /teacher/systemUserInfo HTTP/1.1" 200 95 "http://localhost:3000/home" "Mozilla/5.0 (Macintosh; Intel Mac OS X 10_13_2) AppleWebKit/537.36 (KHTML, like Gecko) Chrome/80.0.3987.163 Safari/537.36"
[2020-04-28T03:14:28.194] [INFO] access - ::1 - - "GET /stu/allStudent HTTP/1.1" 200 3470 "http://localhost:3000/home" "Mozilla/5.0 (Macintosh; Intel Mac OS X 10_13_2) AppleWebKit/537.36 (KHTML, like Gecko) Chrome/80.0.3987.163 Safari/537.36"
[2020-04-28T03:14:28.198] [INFO] access - ::1 - - "GET /course/findAllCourseList HTTP/1.1" 200 2967 "http://localhost:3000/home" "Mozilla/5.0 (Macintosh; Intel Mac OS X 10_13_2) AppleWebKit/537.36 (KHTML, like Gecko) Chrome/80.0.3987.163 Safari/537.36"
[2020-04-28T03:14:28.200] [INFO] access - ::1 - - "GET /course/allCourseType HTTP/1.1" 200 459 "http://localhost:3000/home" "Mozilla/5.0 (Macintosh; Intel Mac OS X 10_13_2) AppleWebKit/537.36 (KHTML, like Gecko) Chrome/80.0.3987.163 Safari/537.36"
[2020-04-28T03:14:28.201] [INFO] access - ::1 - - "GET /inter/findNextInterview HTTP/1.1" 200 184 "http://localhost:3000/home" "Mozilla/5.0 (Macintosh; Intel Mac OS X 10_13_2) AppleWebKit/537.36 (KHTML, like Gecko) Chrome/80.0.3987.163 Safari/537.36"
[2020-04-28T03:14:28.203] [INFO] access - ::1 - - "GET /stu/getActiveStu HTTP/1.1" 200 34 "http://localhost:3000/home" "Mozilla/5.0 (Macintosh; Intel Mac OS X 10_13_2) AppleWebKit/537.36 (KHTML, like Gecko) Chrome/80.0.3987.163 Safari/537.36"
[2020-04-28T03:14:28.204] [INFO] access - ::1 - - "GET /stu/allStudent HTTP/1.1" 200 3470 "http://localhost:3000/home" "Mozilla/5.0 (Macintosh; Intel Mac OS X 10_13_2) AppleWebKit/537.36 (KHTML, like Gecko) Chrome/80.0.3987.163 Safari/537.36"
[2020-04-28T03:14:28.206] [INFO] access - ::1 - - "GET /course/findAllCourseList HTTP/1.1" 200 2967 "http://localhost:3000/home" "Mozilla/5.0 (Macintosh; Intel Mac OS X 10_13_2) AppleWebKit/537.36 (KHTML, like Gecko) Chrome/80.0.3987.163 Safari/537.36"
[2020-04-28T03:14:36.623] [INFO] access - ::1 - - "GET /teacher/systemUserInfo HTTP/1.1" 200 95 "http://localhost:3000/home" "Mozilla/5.0 (Macintosh; Intel Mac OS X 10_13_2) AppleWebKit/537.36 (KHTML, like Gecko) Chrome/80.0.3987.163 Safari/537.36"
[2020-04-28T03:14:36.712] [INFO] access - ::1 - - "GET /stu/allStudent HTTP/1.1" 200 3470 "http://localhost:3000/home" "Mozilla/5.0 (Macintosh; Intel Mac OS X 10_13_2) AppleWebKit/537.36 (KHTML, like Gecko) Chrome/80.0.3987.163 Safari/537.36"
[2020-04-28T03:14:36.717] [INFO] access - ::1 - - "GET /stu/getActiveStu HTTP/1.1" 200 34 "http://localhost:3000/home" "Mozilla/5.0 (Macintosh; Intel Mac OS X 10_13_2) AppleWebKit/537.36 (KHTML, like Gecko) Chrome/80.0.3987.163 Safari/537.36"
[2020-04-28T03:14:36.720] [INFO] access - ::1 - - "GET /inter/findNextInterview HTTP/1.1" 200 184 "http://localhost:3000/home" "Mozilla/5.0 (Macintosh; Intel Mac OS X 10_13_2) AppleWebKit/537.36 (KHTML, like Gecko) Chrome/80.0.3987.163 Safari/537.36"
[2020-04-28T03:14:36.721] [INFO] access - ::1 - - "GET /course/findAllCourseList HTTP/1.1" 200 2967 "http://localhost:3000/home" "Mozilla/5.0 (Macintosh; Intel Mac OS X 10_13_2) AppleWebKit/537.36 (KHTML, like Gecko) Chrome/80.0.3987.163 Safari/537.36"
[2020-04-28T03:14:36.723] [INFO] access - ::1 - - "GET /course/allCourseType HTTP/1.1" 200 459 "http://localhost:3000/home" "Mozilla/5.0 (Macintosh; Intel Mac OS X 10_13_2) AppleWebKit/537.36 (KHTML, like Gecko) Chrome/80.0.3987.163 Safari/537.36"
[2020-04-28T03:14:36.726] [INFO] access - ::1 - - "GET /stu/allStudent HTTP/1.1" 200 3470 "http://localhost:3000/home" "Mozilla/5.0 (Macintosh; Intel Mac OS X 10_13_2) AppleWebKit/537.36 (KHTML, like Gecko) Chrome/80.0.3987.163 Safari/537.36"
[2020-04-28T03:14:36.730] [INFO] access - ::1 - - "GET /course/findAllCourseList HTTP/1.1" 200 2967 "http://localhost:3000/home" "Mozilla/5.0 (Macintosh; Intel Mac OS X 10_13_2) AppleWebKit/537.36 (KHTML, like Gecko) Chrome/80.0.3987.163 Safari/537.36"
[2020-04-28T03:14:46.419] [INFO] access - ::1 - - "GET /teacher/systemUserInfo HTTP/1.1" 200 95 "http://localhost:3000/home" "Mozilla/5.0 (Macintosh; Intel Mac OS X 10_13_2) AppleWebKit/537.36 (KHTML, like Gecko) Chrome/80.0.3987.163 Safari/537.36"
[2020-04-28T03:14:47.024] [INFO] access - ::1 - - "GET /stu/allStudent HTTP/1.1" 200 3470 "http://localhost:3000/home" "Mozilla/5.0 (Macintosh; Intel Mac OS X 10_13_2) AppleWebKit/537.36 (KHTML, like Gecko) Chrome/80.0.3987.163 Safari/537.36"
[2020-04-28T03:14:47.031] [INFO] access -  - - "GET /stu/getActiveStu HTTP/1.1" 200 34 "http://localhost:3000/home" "Mozilla/5.0 (Macintosh; Intel Mac OS X 10_13_2) AppleWebKit/537.36 (KHTML, like Gecko) Chrome/80.0.3987.163 Safari/537.36"
[2020-04-28T03:14:47.214] [INFO] access - ::1 - - "GET /teacher/systemUserInfo HTTP/1.1" 200 95 "http://localhost:3000/home" "Mozilla/5.0 (Macintosh; Intel Mac OS X 10_13_2) AppleWebKit/537.36 (KHTML, like Gecko) Chrome/80.0.3987.163 Safari/537.36"
[2020-04-28T03:14:47.274] [INFO] access - ::1 - - "GET /stu/getActiveStu HTTP/1.1" 200 34 "http://localhost:3000/home" "Mozilla/5.0 (Macintosh; Intel Mac OS X 10_13_2) AppleWebKit/537.36 (KHTML, like Gecko) Chrome/80.0.3987.163 Safari/537.36"
[2020-04-28T03:14:47.276] [INFO] access - ::1 - - "GET /stu/allStudent HTTP/1.1" 200 3470 "http://localhost:3000/home" "Mozilla/5.0 (Macintosh; Intel Mac OS X 10_13_2) AppleWebKit/537.36 (KHTML, like Gecko) Chrome/80.0.3987.163 Safari/537.36"
[2020-04-28T03:14:47.279] [INFO] access - ::1 - - "GET /course/findAllCourseList HTTP/1.1" 200 2967 "http://localhost:3000/home" "Mozilla/5.0 (Macintosh; Intel Mac OS X 10_13_2) AppleWebKit/537.36 (KHTML, like Gecko) Chrome/80.0.3987.163 Safari/537.36"
[2020-04-28T03:14:47.286] [INFO] access - ::1 - - "GET /stu/allStudent HTTP/1.1" 200 3470 "http://localhost:3000/home" "Mozilla/5.0 (Macintosh; Intel Mac OS X 10_13_2) AppleWebKit/537.36 (KHTML, like Gecko) Chrome/80.0.3987.163 Safari/537.36"
[2020-04-28T03:14:47.287] [INFO] access - ::1 - - "GET /inter/findNextInterview HTTP/1.1" 200 184 "http://localhost:3000/home" "Mozilla/5.0 (Macintosh; Intel Mac OS X 10_13_2) AppleWebKit/537.36 (KHTML, like Gecko) Chrome/80.0.3987.163 Safari/537.36"
[2020-04-28T03:14:47.290] [INFO] access - ::1 - - "GET /course/findAllCourseList HTTP/1.1" 200 2967 "http://localhost:3000/home" "Mozilla/5.0 (Macintosh; Intel Mac OS X 10_13_2) AppleWebKit/537.36 (KHTML, like Gecko) Chrome/80.0.3987.163 Safari/537.36"
[2020-04-28T03:14:47.291] [INFO] access - ::1 - - "GET /course/allCourseType HTTP/1.1" 200 459 "http://localhost:3000/home" "Mozilla/5.0 (Macintosh; Intel Mac OS X 10_13_2) AppleWebKit/537.36 (KHTML, like Gecko) Chrome/80.0.3987.163 Safari/537.36"
[2020-04-28T03:14:53.987] [INFO] access - ::1 - - "GET /teacher/systemUserInfo HTTP/1.1" 200 95 "http://localhost:3000/home" "Mozilla/5.0 (Macintosh; Intel Mac OS X 10_13_2) AppleWebKit/537.36 (KHTML, like Gecko) Chrome/80.0.3987.163 Safari/537.36"
[2020-04-28T03:14:54.081] [INFO] access - ::1 - - "GET /stu/allStudent HTTP/1.1" 200 3470 "http://localhost:3000/home" "Mozilla/5.0 (Macintosh; Intel Mac OS X 10_13_2) AppleWebKit/537.36 (KHTML, like Gecko) Chrome/80.0.3987.163 Safari/537.36"
[2020-04-28T03:14:54.082] [INFO] access - ::1 - - "GET /stu/getActiveStu HTTP/1.1" 200 34 "http://localhost:3000/home" "Mozilla/5.0 (Macintosh; Intel Mac OS X 10_13_2) AppleWebKit/537.36 (KHTML, like Gecko) Chrome/80.0.3987.163 Safari/537.36"
[2020-04-28T03:14:54.085] [INFO] access - ::1 - - "GET /course/findAllCourseList HTTP/1.1" 200 2967 "http://localhost:3000/home" "Mozilla/5.0 (Macintosh; Intel Mac OS X 10_13_2) AppleWebKit/537.36 (KHTML, like Gecko) Chrome/80.0.3987.163 Safari/537.36"
[2020-04-28T03:14:54.087] [INFO] access - ::1 - - "GET /course/allCourseType HTTP/1.1" 200 459 "http://localhost:3000/home" "Mozilla/5.0 (Macintosh; Intel Mac OS X 10_13_2) AppleWebKit/537.36 (KHTML, like Gecko) Chrome/80.0.3987.163 Safari/537.36"
[2020-04-28T03:14:54.089] [INFO] access - ::1 - - "GET /inter/findNextInterview HTTP/1.1" 200 184 "http://localhost:3000/home" "Mozilla/5.0 (Macintosh; Intel Mac OS X 10_13_2) AppleWebKit/537.36 (KHTML, like Gecko) Chrome/80.0.3987.163 Safari/537.36"
[2020-04-28T03:14:54.091] [INFO] access - ::1 - - "GET /course/findAllCourseList HTTP/1.1" 200 2967 "http://localhost:3000/home" "Mozilla/5.0 (Macintosh; Intel Mac OS X 10_13_2) AppleWebKit/537.36 (KHTML, like Gecko) Chrome/80.0.3987.163 Safari/537.36"
[2020-04-28T03:14:54.093] [INFO] access - ::1 - - "GET /stu/allStudent HTTP/1.1" 200 3470 "http://localhost:3000/home" "Mozilla/5.0 (Macintosh; Intel Mac OS X 10_13_2) AppleWebKit/537.36 (KHTML, like Gecko) Chrome/80.0.3987.163 Safari/537.36"
[2020-04-28T03:15:00.744] [INFO] access - ::1 - - "GET /teacher/systemUserInfo HTTP/1.1" 200 95 "http://localhost:3000/home" "Mozilla/5.0 (Macintosh; Intel Mac OS X 10_13_2) AppleWebKit/537.36 (KHTML, like Gecko) Chrome/80.0.3987.163 Safari/537.36"
[2020-04-28T03:15:00.842] [INFO] access - ::1 - - "GET /stu/allStudent HTTP/1.1" 200 3470 "http://localhost:3000/home" "Mozilla/5.0 (Macintosh; Intel Mac OS X 10_13_2) AppleWebKit/537.36 (KHTML, like Gecko) Chrome/80.0.3987.163 Safari/537.36"
[2020-04-28T03:15:00.847] [INFO] access - ::1 - - "GET /stu/getActiveStu HTTP/1.1" 200 34 "http://localhost:3000/home" "Mozilla/5.0 (Macintosh; Intel Mac OS X 10_13_2) AppleWebKit/537.36 (KHTML, like Gecko) Chrome/80.0.3987.163 Safari/537.36"
[2020-04-28T03:15:00.848] [INFO] access - ::1 - - "GET /course/findAllCourseList HTTP/1.1" 200 2967 "http://localhost:3000/home" "Mozilla/5.0 (Macintosh; Intel Mac OS X 10_13_2) AppleWebKit/537.36 (KHTML, like Gecko) Chrome/80.0.3987.163 Safari/537.36"
[2020-04-28T03:15:00.850] [INFO] access - ::1 - - "GET /course/allCourseType HTTP/1.1" 200 459 "http://localhost:3000/home" "Mozilla/5.0 (Macintosh; Intel Mac OS X 10_13_2) AppleWebKit/537.36 (KHTML, like Gecko) Chrome/80.0.3987.163 Safari/537.36"
[2020-04-28T03:15:00.851] [INFO] access - ::1 - - "GET /inter/findNextInterview HTTP/1.1" 200 184 "http://localhost:3000/home" "Mozilla/5.0 (Macintosh; Intel Mac OS X 10_13_2) AppleWebKit/537.36 (KHTML, like Gecko) Chrome/80.0.3987.163 Safari/537.36"
[2020-04-28T03:15:00.852] [INFO] access - ::1 - - "GET /stu/allStudent HTTP/1.1" 200 3470 "http://localhost:3000/home" "Mozilla/5.0 (Macintosh; Intel Mac OS X 10_13_2) AppleWebKit/537.36 (KHTML, like Gecko) Chrome/80.0.3987.163 Safari/537.36"
[2020-04-28T03:15:00.854] [INFO] access - ::1 - - "GET /course/findAllCourseList HTTP/1.1" 200 2967 "http://localhost:3000/home" "Mozilla/5.0 (Macintosh; Intel Mac OS X 10_13_2) AppleWebKit/537.36 (KHTML, like Gecko) Chrome/80.0.3987.163 Safari/537.36"
[2020-04-28T03:15:06.680] [INFO] access - ::1 - - "GET /teacher/systemUserInfo HTTP/1.1" 200 95 "http://localhost:3000/home" "Mozilla/5.0 (Macintosh; Intel Mac OS X 10_13_2) AppleWebKit/537.36 (KHTML, like Gecko) Chrome/80.0.3987.163 Safari/537.36"
[2020-04-28T03:15:06.774] [INFO] access - ::1 - - "GET /stu/allStudent HTTP/1.1" 200 3470 "http://localhost:3000/home" "Mozilla/5.0 (Macintosh; Intel Mac OS X 10_13_2) AppleWebKit/537.36 (KHTML, like Gecko) Chrome/80.0.3987.163 Safari/537.36"
[2020-04-28T03:15:06.778] [INFO] access - ::1 - - "GET /stu/getActiveStu HTTP/1.1" 200 34 "http://localhost:3000/home" "Mozilla/5.0 (Macintosh; Intel Mac OS X 10_13_2) AppleWebKit/537.36 (KHTML, like Gecko) Chrome/80.0.3987.163 Safari/537.36"
[2020-04-28T03:15:06.779] [INFO] access - ::1 - - "GET /course/findAllCourseList HTTP/1.1" 200 2967 "http://localhost:3000/home" "Mozilla/5.0 (Macintosh; Intel Mac OS X 10_13_2) AppleWebKit/537.36 (KHTML, like Gecko) Chrome/80.0.3987.163 Safari/537.36"
[2020-04-28T03:15:06.782] [INFO] access - ::1 - - "GET /course/allCourseType HTTP/1.1" 200 459 "http://localhost:3000/home" "Mozilla/5.0 (Macintosh; Intel Mac OS X 10_13_2) AppleWebKit/537.36 (KHTML, like Gecko) Chrome/80.0.3987.163 Safari/537.36"
[2020-04-28T03:15:06.782] [INFO] access - ::1 - - "GET /inter/findNextInterview HTTP/1.1" 200 184 "http://localhost:3000/home" "Mozilla/5.0 (Macintosh; Intel Mac OS X 10_13_2) AppleWebKit/537.36 (KHTML, like Gecko) Chrome/80.0.3987.163 Safari/537.36"
[2020-04-28T03:15:06.785] [INFO] access - ::1 - - "GET /stu/allStudent HTTP/1.1" 200 3470 "http://localhost:3000/home" "Mozilla/5.0 (Macintosh; Intel Mac OS X 10_13_2) AppleWebKit/537.36 (KHTML, like Gecko) Chrome/80.0.3987.163 Safari/537.36"
[2020-04-28T03:15:06.786] [INFO] access - ::1 - - "GET /course/findAllCourseList HTTP/1.1" 200 2967 "http://localhost:3000/home" "Mozilla/5.0 (Macintosh; Intel Mac OS X 10_13_2) AppleWebKit/537.36 (KHTML, like Gecko) Chrome/80.0.3987.163 Safari/537.36"
[2020-04-28T03:15:07.509] [INFO] access - ::1 - - "GET /teacher/systemUserInfo HTTP/1.1" 200 95 "http://localhost:3000/home" "Mozilla/5.0 (Macintosh; Intel Mac OS X 10_13_2) AppleWebKit/537.36 (KHTML, like Gecko) Chrome/80.0.3987.163 Safari/537.36"
[2020-04-28T03:15:07.599] [INFO] access - ::1 - - "GET /stu/getActiveStu HTTP/1.1" 200 34 "http://localhost:3000/home" "Mozilla/5.0 (Macintosh; Intel Mac OS X 10_13_2) AppleWebKit/537.36 (KHTML, like Gecko) Chrome/80.0.3987.163 Safari/537.36"
[2020-04-28T03:15:07.601] [INFO] access - ::1 - - "GET /stu/allStudent HTTP/1.1" 200 3470 "http://localhost:3000/home" "Mozilla/5.0 (Macintosh; Intel Mac OS X 10_13_2) AppleWebKit/537.36 (KHTML, like Gecko) Chrome/80.0.3987.163 Safari/537.36"
[2020-04-28T03:15:07.603] [INFO] access - ::1 - - "GET /course/findAllCourseList HTTP/1.1" 200 2967 "http://localhost:3000/home" "Mozilla/5.0 (Macintosh; Intel Mac OS X 10_13_2) AppleWebKit/537.36 (KHTML, like Gecko) Chrome/80.0.3987.163 Safari/537.36"
[2020-04-28T03:15:07.606] [INFO] access - ::1 - - "GET /inter/findNextInterview HTTP/1.1" 200 184 "http://localhost:3000/home" "Mozilla/5.0 (Macintosh; Intel Mac OS X 10_13_2) AppleWebKit/537.36 (KHTML, like Gecko) Chrome/80.0.3987.163 Safari/537.36"
[2020-04-28T03:15:07.608] [INFO] access - ::1 - - "GET /course/allCourseType HTTP/1.1" 200 459 "http://localhost:3000/home" "Mozilla/5.0 (Macintosh; Intel Mac OS X 10_13_2) AppleWebKit/537.36 (KHTML, like Gecko) Chrome/80.0.3987.163 Safari/537.36"
[2020-04-28T03:15:07.610] [INFO] access - ::1 - - "GET /stu/allStudent HTTP/1.1" 200 3470 "http://localhost:3000/home" "Mozilla/5.0 (Macintosh; Intel Mac OS X 10_13_2) AppleWebKit/537.36 (KHTML, like Gecko) Chrome/80.0.3987.163 Safari/537.36"
[2020-04-28T03:15:07.611] [INFO] access - ::1 - - "GET /course/findAllCourseList HTTP/1.1" 200 2967 "http://localhost:3000/home" "Mozilla/5.0 (Macintosh; Intel Mac OS X 10_13_2) AppleWebKit/537.36 (KHTML, like Gecko) Chrome/80.0.3987.163 Safari/537.36"
[2020-04-28T03:15:12.562] [INFO] access - ::1 - - "GET /teacher/systemUserInfo HTTP/1.1" 200 95 "http://localhost:3000/home" "Mozilla/5.0 (Macintosh; Intel Mac OS X 10_13_2) AppleWebKit/537.36 (KHTML, like Gecko) Chrome/80.0.3987.163 Safari/537.36"
[2020-04-28T03:15:12.659] [INFO] access - ::1 - - "GET /stu/allStudent HTTP/1.1" 200 3470 "http://localhost:3000/home" "Mozilla/5.0 (Macintosh; Intel Mac OS X 10_13_2) AppleWebKit/537.36 (KHTML, like Gecko) Chrome/80.0.3987.163 Safari/537.36"
[2020-04-28T03:15:12.663] [INFO] access - ::1 - - "GET /stu/getActiveStu HTTP/1.1" 200 34 "http://localhost:3000/home" "Mozilla/5.0 (Macintosh; Intel Mac OS X 10_13_2) AppleWebKit/537.36 (KHTML, like Gecko) Chrome/80.0.3987.163 Safari/537.36"
[2020-04-28T03:15:12.664] [INFO] access - ::1 - - "GET /course/findAllCourseList HTTP/1.1" 200 2967 "http://localhost:3000/home" "Mozilla/5.0 (Macintosh; Intel Mac OS X 10_13_2) AppleWebKit/537.36 (KHTML, like Gecko) Chrome/80.0.3987.163 Safari/537.36"
[2020-04-28T03:15:12.667] [INFO] access - ::1 - - "GET /inter/findNextInterview HTTP/1.1" 200 184 "http://localhost:3000/home" "Mozilla/5.0 (Macintosh; Intel Mac OS X 10_13_2) AppleWebKit/537.36 (KHTML, like Gecko) Chrome/80.0.3987.163 Safari/537.36"
[2020-04-28T03:15:12.670] [INFO] access - ::1 - - "GET /stu/allStudent HTTP/1.1" 200 3470 "http://localhost:3000/home" "Mozilla/5.0 (Macintosh; Intel Mac OS X 10_13_2) AppleWebKit/537.36 (KHTML, like Gecko) Chrome/80.0.3987.163 Safari/537.36"
[2020-04-28T03:15:12.671] [INFO] access - ::1 - - "GET /course/allCourseType HTTP/1.1" 200 459 "http://localhost:3000/home" "Mozilla/5.0 (Macintosh; Intel Mac OS X 10_13_2) AppleWebKit/537.36 (KHTML, like Gecko) Chrome/80.0.3987.163 Safari/537.36"
[2020-04-28T03:15:12.673] [INFO] access - ::1 - - "GET /course/findAllCourseList HTTP/1.1" 200 2967 "http://localhost:3000/home" "Mozilla/5.0 (Macintosh; Intel Mac OS X 10_13_2) AppleWebKit/537.36 (KHTML, like Gecko) Chrome/80.0.3987.163 Safari/537.36"
[2020-04-28T03:15:22.287] [INFO] access - ::1 - - "GET /teacher/systemUserInfo HTTP/1.1" 200 95 "http://localhost:3000/home" "Mozilla/5.0 (Macintosh; Intel Mac OS X 10_13_2) AppleWebKit/537.36 (KHTML, like Gecko) Chrome/80.0.3987.163 Safari/537.36"
[2020-04-28T03:15:22.385] [INFO] access - ::1 - - "GET /stu/allStudent HTTP/1.1" 200 3470 "http://localhost:3000/home" "Mozilla/5.0 (Macintosh; Intel Mac OS X 10_13_2) AppleWebKit/537.36 (KHTML, like Gecko) Chrome/80.0.3987.163 Safari/537.36"
[2020-04-28T03:15:22.386] [INFO] access - ::1 - - "GET /stu/getActiveStu HTTP/1.1" 200 34 "http://localhost:3000/home" "Mozilla/5.0 (Macintosh; Intel Mac OS X 10_13_2) AppleWebKit/537.36 (KHTML, like Gecko) Chrome/80.0.3987.163 Safari/537.36"
[2020-04-28T03:15:22.390] [INFO] access - ::1 - - "GET /course/findAllCourseList HTTP/1.1" 200 2967 "http://localhost:3000/home" "Mozilla/5.0 (Macintosh; Intel Mac OS X 10_13_2) AppleWebKit/537.36 (KHTML, like Gecko) Chrome/80.0.3987.163 Safari/537.36"
[2020-04-28T03:15:22.391] [INFO] access - ::1 - - "GET /inter/findNextInterview HTTP/1.1" 200 184 "http://localhost:3000/home" "Mozilla/5.0 (Macintosh; Intel Mac OS X 10_13_2) AppleWebKit/537.36 (KHTML, like Gecko) Chrome/80.0.3987.163 Safari/537.36"
[2020-04-28T03:15:22.393] [INFO] access - ::1 - - "GET /course/allCourseType HTTP/1.1" 200 459 "http://localhost:3000/home" "Mozilla/5.0 (Macintosh; Intel Mac OS X 10_13_2) AppleWebKit/537.36 (KHTML, like Gecko) Chrome/80.0.3987.163 Safari/537.36"
[2020-04-28T03:15:22.395] [INFO] access - ::1 - - "GET /stu/allStudent HTTP/1.1" 200 3470 "http://localhost:3000/home" "Mozilla/5.0 (Macintosh; Intel Mac OS X 10_13_2) AppleWebKit/537.36 (KHTML, like Gecko) Chrome/80.0.3987.163 Safari/537.36"
[2020-04-28T03:15:22.400] [INFO] access - ::1 - - "GET /course/findAllCourseList HTTP/1.1" 200 2967 "http://localhost:3000/home" "Mozilla/5.0 (Macintosh; Intel Mac OS X 10_13_2) AppleWebKit/537.36 (KHTML, like Gecko) Chrome/80.0.3987.163 Safari/537.36"
