[2020-05-13T15:32:05.815] [INFO] access - ::1 - - "POST /teacher/teaLogin HTTP/1.1" 200 95 "http://localhost:3000/" "Mozilla/5.0 (Macintosh; Intel Mac OS X 10_13_2) AppleWebKit/537.36 (KHTML, like Gecko) Chrome/81.0.4044.138 Safari/537.36"
[2020-05-13T15:32:05.933] [INFO] access - ::1 - - "GET /teacher/systemUserInfo HTTP/1.1" 200 95 "http://localhost:3000/home" "Mozilla/5.0 (Macintosh; Intel Mac OS X 10_13_2) AppleWebKit/537.36 (KHTML, like Gecko) Chrome/81.0.4044.138 Safari/537.36"
[2020-05-13T15:32:06.095] [INFO] access - ::1 - - "GET /stu/allStudent HTTP/1.1" 200 3470 "http://localhost:3000/home" "Mozilla/5.0 (Macintosh; Intel Mac OS X 10_13_2) AppleWebKit/537.36 (KHTML, like Gecko) Chrome/81.0.4044.138 Safari/537.36"
[2020-05-13T15:32:06.099] [INFO] access - ::1 - - "GET /course/findAllCourseList HTTP/1.1" 200 2967 "http://localhost:3000/home" "Mozilla/5.0 (Macintosh; Intel Mac OS X 10_13_2) AppleWebKit/537.36 (KHTML, like Gecko) Chrome/81.0.4044.138 Safari/537.36"
[2020-05-13T15:32:06.103] [INFO] access - ::1 - - "GET /stu/allStudent HTTP/1.1" 200 3470 "http://localhost:3000/home" "Mozilla/5.0 (Macintosh; Intel Mac OS X 10_13_2) AppleWebKit/537.36 (KHTML, like Gecko) Chrome/81.0.4044.138 Safari/537.36"
[2020-05-13T15:32:06.106] [INFO] access - ::1 - - "GET /course/allCourseType HTTP/1.1" 200 459 "http://localhost:3000/home" "Mozilla/5.0 (Macintosh; Intel Mac OS X 10_13_2) AppleWebKit/537.36 (KHTML, like Gecko) Chrome/81.0.4044.138 Safari/537.36"
[2020-05-13T15:32:06.108] [INFO] access - ::1 - - "GET /stu/getActiveStu HTTP/1.1" 200 34 "http://localhost:3000/home" "Mozilla/5.0 (Macintosh; Intel Mac OS X 10_13_2) AppleWebKit/537.36 (KHTML, like Gecko) Chrome/81.0.4044.138 Safari/537.36"
[2020-05-13T15:32:06.109] [INFO] access - ::1 - - "GET /inter/findNextInterview HTTP/1.1" 200 34 "http://localhost:3000/home" "Mozilla/5.0 (Macintosh; Intel Mac OS X 10_13_2) AppleWebKit/537.36 (KHTML, like Gecko) Chrome/81.0.4044.138 Safari/537.36"
[2020-05-13T15:32:06.111] [INFO] access - ::1 - - "GET /course/findAllCourseList HTTP/1.1" 200 2967 "http://localhost:3000/home" "Mozilla/5.0 (Macintosh; Intel Mac OS X 10_13_2) AppleWebKit/537.36 (KHTML, like Gecko) Chrome/81.0.4044.138 Safari/537.36"
[2020-05-13T15:34:58.028] [INFO] access - ::1 - - "GET /stu/allStudent HTTP/1.1" 200 3470 "http://localhost:3000/student/studentList" "Mozilla/5.0 (Macintosh; Intel Mac OS X 10_13_2) AppleWebKit/537.36 (KHTML, like Gecko) Chrome/81.0.4044.138 Safari/537.36"
[2020-05-13T15:34:58.761] [INFO] access - ::1 - - "GET /stu/findAllCourseType HTTP/1.1" 200 83 "http://localhost:3000/student/addStudent" "Mozilla/5.0 (Macintosh; Intel Mac OS X 10_13_2) AppleWebKit/537.36 (KHTML, like Gecko) Chrome/81.0.4044.138 Safari/537.36"
[2020-05-13T15:34:58.764] [INFO] access - ::1 - - "GET /course/allCourseType HTTP/1.1" 200 459 "http://localhost:3000/student/addStudent" "Mozilla/5.0 (Macintosh; Intel Mac OS X 10_13_2) AppleWebKit/537.36 (KHTML, like Gecko) Chrome/81.0.4044.138 Safari/537.36"
[2020-05-13T15:34:58.765] [INFO] access - ::1 - - "GET /course/findAllCourseList HTTP/1.1" 200 2967 "http://localhost:3000/student/addStudent" "Mozilla/5.0 (Macintosh; Intel Mac OS X 10_13_2) AppleWebKit/537.36 (KHTML, like Gecko) Chrome/81.0.4044.138 Safari/537.36"
[2020-05-13T15:35:03.035] [INFO] access - ::1 - - "GET /course/allCourseType HTTP/1.1" 200 459 "http://localhost:3000/course/courseList" "Mozilla/5.0 (Macintosh; Intel Mac OS X 10_13_2) AppleWebKit/537.36 (KHTML, like Gecko) Chrome/81.0.4044.138 Safari/537.36"
[2020-05-13T15:35:03.036] [INFO] access - ::1 - - "GET /course/findAllCourseList HTTP/1.1" 200 2967 "http://localhost:3000/course/courseList" "Mozilla/5.0 (Macintosh; Intel Mac OS X 10_13_2) AppleWebKit/537.36 (KHTML, like Gecko) Chrome/81.0.4044.138 Safari/537.36"
[2020-05-13T15:35:03.750] [INFO] access - ::1 - - "GET /course/allCourseType HTTP/1.1" 200 459 "http://localhost:3000/course/addCourse" "Mozilla/5.0 (Macintosh; Intel Mac OS X 10_13_2) AppleWebKit/537.36 (KHTML, like Gecko) Chrome/81.0.4044.138 Safari/537.36"
[2020-05-13T15:49:52.069] [INFO] access - ::1 - - "GET /teacher/systemUserInfo HTTP/1.1" 200 95 "http://localhost:3000/course/addCourse" "Mozilla/5.0 (Macintosh; Intel Mac OS X 10_13_2) AppleWebKit/537.36 (KHTML, like Gecko) Chrome/81.0.4044.138 Safari/537.36"
[2020-05-13T15:49:52.176] [INFO] access - ::1 - - "GET /course/allCourseType HTTP/1.1" 200 459 "http://localhost:3000/course/addCourse" "Mozilla/5.0 (Macintosh; Intel Mac OS X 10_13_2) AppleWebKit/537.36 (KHTML, like Gecko) Chrome/81.0.4044.138 Safari/537.36"
[2020-05-13T17:17:28.213] [INFO] access - ::1 - - "POST /teacher/teaLogin HTTP/1.1" 200 95 "http://localhost:3000/login/" "Mozilla/5.0 (Macintosh; Intel Mac OS X 10_13_2) AppleWebKit/537.36 (KHTML, like Gecko) Chrome/81.0.4044.138 Safari/537.36"
[2020-05-13T17:17:28.275] [INFO] access - ::1 - - "GET /teacher/systemUserInfo HTTP/1.1" 200 95 "http://localhost:3000/home" "Mozilla/5.0 (Macintosh; Intel Mac OS X 10_13_2) AppleWebKit/537.36 (KHTML, like Gecko) Chrome/81.0.4044.138 Safari/537.36"
[2020-05-13T17:17:28.391] [INFO] access - ::1 - - "GET /stu/allStudent HTTP/1.1" 200 3470 "http://localhost:3000/home" "Mozilla/5.0 (Macintosh; Intel Mac OS X 10_13_2) AppleWebKit/537.36 (KHTML, like Gecko) Chrome/81.0.4044.138 Safari/537.36"
[2020-05-13T17:17:28.393] [INFO] access - ::1 - - "GET /stu/getActiveStu HTTP/1.1" 200 34 "http://localhost:3000/home" "Mozilla/5.0 (Macintosh; Intel Mac OS X 10_13_2) AppleWebKit/537.36 (KHTML, like Gecko) Chrome/81.0.4044.138 Safari/537.36"
[2020-05-13T17:17:28.394] [INFO] access - ::1 - - "GET /course/findAllCourseList HTTP/1.1" 200 2967 "http://localhost:3000/home" "Mozilla/5.0 (Macintosh; Intel Mac OS X 10_13_2) AppleWebKit/537.36 (KHTML, like Gecko) Chrome/81.0.4044.138 Safari/537.36"
[2020-05-13T17:17:28.397] [INFO] access - ::1 - - "GET /course/allCourseType HTTP/1.1" 200 459 "http://localhost:3000/home" "Mozilla/5.0 (Macintosh; Intel Mac OS X 10_13_2) AppleWebKit/537.36 (KHTML, like Gecko) Chrome/81.0.4044.138 Safari/537.36"
[2020-05-13T17:17:28.399] [INFO] access - ::1 - - "GET /inter/findNextInterview HTTP/1.1" 200 34 "http://localhost:3000/home" "Mozilla/5.0 (Macintosh; Intel Mac OS X 10_13_2) AppleWebKit/537.36 (KHTML, like Gecko) Chrome/81.0.4044.138 Safari/537.36"
[2020-05-13T17:17:28.401] [INFO] access - ::1 - - "GET /stu/allStudent HTTP/1.1" 200 3470 "http://localhost:3000/home" "Mozilla/5.0 (Macintosh; Intel Mac OS X 10_13_2) AppleWebKit/537.36 (KHTML, like Gecko) Chrome/81.0.4044.138 Safari/537.36"
[2020-05-13T17:17:28.405] [INFO] access - ::1 - - "GET /course/findAllCourseList HTTP/1.1" 200 2967 "http://localhost:3000/home" "Mozilla/5.0 (Macintosh; Intel Mac OS X 10_13_2) AppleWebKit/537.36 (KHTML, like Gecko) Chrome/81.0.4044.138 Safari/537.36"
[2020-05-13T17:17:29.805] [INFO] access - ::1 - - "GET /course/allCourseType HTTP/1.1" 200 459 "http://localhost:3000/course/courseList" "Mozilla/5.0 (Macintosh; Intel Mac OS X 10_13_2) AppleWebKit/537.36 (KHTML, like Gecko) Chrome/81.0.4044.138 Safari/537.36"
[2020-05-13T17:17:29.806] [INFO] access - ::1 - - "GET /course/findAllCourseList HTTP/1.1" 200 2967 "http://localhost:3000/course/courseList" "Mozilla/5.0 (Macintosh; Intel Mac OS X 10_13_2) AppleWebKit/537.36 (KHTML, like Gecko) Chrome/81.0.4044.138 Safari/537.36"
[2020-05-13T17:21:55.427] [INFO] access - ::1 - - "GET /stu/findAllCourseType HTTP/1.1" 200 83 "http://localhost:3000/student/addStudent" "Mozilla/5.0 (Macintosh; Intel Mac OS X 10_13_2) AppleWebKit/537.36 (KHTML, like Gecko) Chrome/81.0.4044.138 Safari/537.36"
[2020-05-13T17:21:55.429] [INFO] access - ::1 - - "GET /course/allCourseType HTTP/1.1" 200 459 "http://localhost:3000/student/addStudent" "Mozilla/5.0 (Macintosh; Intel Mac OS X 10_13_2) AppleWebKit/537.36 (KHTML, like Gecko) Chrome/81.0.4044.138 Safari/537.36"
[2020-05-13T17:21:55.430] [INFO] access - ::1 - - "GET /course/findAllCourseList HTTP/1.1" 200 2967 "http://localhost:3000/student/addStudent" "Mozilla/5.0 (Macintosh; Intel Mac OS X 10_13_2) AppleWebKit/537.36 (KHTML, like Gecko) Chrome/81.0.4044.138 Safari/537.36"
[2020-05-13T17:22:33.219] [INFO] access - ::1 - - "GET /stu/allStudent HTTP/1.1" 200 3470 "http://localhost:3000/student/studentList" "Mozilla/5.0 (Macintosh; Intel Mac OS X 10_13_2) AppleWebKit/537.36 (KHTML, like Gecko) Chrome/81.0.4044.138 Safari/537.36"
[2020-05-13T17:22:34.496] [INFO] access - ::1 - - "GET /stu/findAllCourseType HTTP/1.1" 200 83 "http://localhost:3000/student/addStudent" "Mozilla/5.0 (Macintosh; Intel Mac OS X 10_13_2) AppleWebKit/537.36 (KHTML, like Gecko) Chrome/81.0.4044.138 Safari/537.36"
[2020-05-13T17:22:34.497] [INFO] access - ::1 - - "GET /course/allCourseType HTTP/1.1" 200 459 "http://localhost:3000/student/addStudent" "Mozilla/5.0 (Macintosh; Intel Mac OS X 10_13_2) AppleWebKit/537.36 (KHTML, like Gecko) Chrome/81.0.4044.138 Safari/537.36"
[2020-05-13T17:22:34.499] [INFO] access - ::1 - - "GET /course/findAllCourseList HTTP/1.1" 200 2967 "http://localhost:3000/student/addStudent" "Mozilla/5.0 (Macintosh; Intel Mac OS X 10_13_2) AppleWebKit/537.36 (KHTML, like Gecko) Chrome/81.0.4044.138 Safari/537.36"
[2020-05-13T17:22:35.219] [INFO] access - ::1 - - "GET /course/allCourseType HTTP/1.1" 200 459 "http://localhost:3000/course/courseList" "Mozilla/5.0 (Macintosh; Intel Mac OS X 10_13_2) AppleWebKit/537.36 (KHTML, like Gecko) Chrome/81.0.4044.138 Safari/537.36"
[2020-05-13T17:22:35.220] [INFO] access - ::1 - - "GET /course/findAllCourseList HTTP/1.1" 200 2967 "http://localhost:3000/course/courseList" "Mozilla/5.0 (Macintosh; Intel Mac OS X 10_13_2) AppleWebKit/537.36 (KHTML, like Gecko) Chrome/81.0.4044.138 Safari/537.36"
[2020-05-13T17:22:36.061] [INFO] access - ::1 - - "GET /course/allCourseType HTTP/1.1" 200 459 "http://localhost:3000/course/addCourse" "Mozilla/5.0 (Macintosh; Intel Mac OS X 10_13_2) AppleWebKit/537.36 (KHTML, like Gecko) Chrome/81.0.4044.138 Safari/537.36"
[2020-05-13T17:22:38.608] [INFO] access - ::1 - - "GET /course/allCourseType HTTP/1.1" 200 459 "http://localhost:3000/course/courseType" "Mozilla/5.0 (Macintosh; Intel Mac OS X 10_13_2) AppleWebKit/537.36 (KHTML, like Gecko) Chrome/81.0.4044.138 Safari/537.36"
[2020-05-13T17:22:40.710] [INFO] access - ::1 - - "GET /stu/allStudent HTTP/1.1" 200 3470 "http://localhost:3000/interview/index" "Mozilla/5.0 (Macintosh; Intel Mac OS X 10_13_2) AppleWebKit/537.36 (KHTML, like Gecko) Chrome/81.0.4044.138 Safari/537.36"
[2020-05-13T17:22:40.829] [INFO] access - ::1 - - "POST /inter/findInterviewsByMonth HTTP/1.1" 200 154 "http://localhost:3000/interview/index" "Mozilla/5.0 (Macintosh; Intel Mac OS X 10_13_2) AppleWebKit/537.36 (KHTML, like Gecko) Chrome/81.0.4044.138 Safari/537.36"
[2020-05-13T17:22:42.226] [INFO] access - ::1 - - "GET /stu/allStudent HTTP/1.1" 200 3470 "http://localhost:3000/student/studentList" "Mozilla/5.0 (Macintosh; Intel Mac OS X 10_13_2) AppleWebKit/537.36 (KHTML, like Gecko) Chrome/81.0.4044.138 Safari/537.36"
[2020-05-13T17:22:43.637] [INFO] access - ::1 - - "GET /stu/findAllCourseType HTTP/1.1" 200 83 "http://localhost:3000/student/addStudent" "Mozilla/5.0 (Macintosh; Intel Mac OS X 10_13_2) AppleWebKit/537.36 (KHTML, like Gecko) Chrome/81.0.4044.138 Safari/537.36"
[2020-05-13T17:22:43.640] [INFO] access - ::1 - - "GET /course/allCourseType HTTP/1.1" 200 459 "http://localhost:3000/student/addStudent" "Mozilla/5.0 (Macintosh; Intel Mac OS X 10_13_2) AppleWebKit/537.36 (KHTML, like Gecko) Chrome/81.0.4044.138 Safari/537.36"
[2020-05-13T17:22:43.641] [INFO] access - ::1 - - "GET /course/findAllCourseList HTTP/1.1" 200 2967 "http://localhost:3000/student/addStudent" "Mozilla/5.0 (Macintosh; Intel Mac OS X 10_13_2) AppleWebKit/537.36 (KHTML, like Gecko) Chrome/81.0.4044.138 Safari/537.36"
[2020-05-13T17:23:37.268] [INFO] access - ::1 - - "GET /stu/allStudent HTTP/1.1" 200 3470 "http://localhost:3000/student/studentList" "Mozilla/5.0 (Macintosh; Intel Mac OS X 10_13_2) AppleWebKit/537.36 (KHTML, like Gecko) Chrome/81.0.4044.138 Safari/537.36"
[2020-05-13T17:23:37.746] [INFO] access - ::1 - - "GET /stu/findAllCourseType HTTP/1.1" 200 83 "http://localhost:3000/student/addStudent" "Mozilla/5.0 (Macintosh; Intel Mac OS X 10_13_2) AppleWebKit/537.36 (KHTML, like Gecko) Chrome/81.0.4044.138 Safari/537.36"
[2020-05-13T17:23:37.749] [INFO] access - ::1 - - "GET /course/findAllCourseList HTTP/1.1" 200 2967 "http://localhost:3000/student/addStudent" "Mozilla/5.0 (Macintosh; Intel Mac OS X 10_13_2) AppleWebKit/537.36 (KHTML, like Gecko) Chrome/81.0.4044.138 Safari/537.36"
[2020-05-13T17:23:37.750] [INFO] access - ::1 - - "GET /course/allCourseType HTTP/1.1" 200 459 "http://localhost:3000/student/addStudent" "Mozilla/5.0 (Macintosh; Intel Mac OS X 10_13_2) AppleWebKit/537.36 (KHTML, like Gecko) Chrome/81.0.4044.138 Safari/537.36"
[2020-05-13T17:23:41.510] [INFO] access - ::1 - - "GET /stu/allStudent HTTP/1.1" 200 3470 "http://localhost:3000/student/studentList" "Mozilla/5.0 (Macintosh; Intel Mac OS X 10_13_2) AppleWebKit/537.36 (KHTML, like Gecko) Chrome/81.0.4044.138 Safari/537.36"
[2020-05-13T17:23:42.780] [INFO] access - ::1 - - "GET /stu/findAllCourseType HTTP/1.1" 200 83 "http://localhost:3000/student/addStudent/64" "Mozilla/5.0 (Macintosh; Intel Mac OS X 10_13_2) AppleWebKit/537.36 (KHTML, like Gecko) Chrome/81.0.4044.138 Safari/537.36"
[2020-05-13T17:23:42.783] [INFO] access - ::1 - - "GET /course/allCourseType HTTP/1.1" 200 459 "http://localhost:3000/student/addStudent/64" "Mozilla/5.0 (Macintosh; Intel Mac OS X 10_13_2) AppleWebKit/537.36 (KHTML, like Gecko) Chrome/81.0.4044.138 Safari/537.36"
[2020-05-13T17:23:42.783] [INFO] access - ::1 - - "GET /course/findAllCourseList HTTP/1.1" 200 2967 "http://localhost:3000/student/addStudent/64" "Mozilla/5.0 (Macintosh; Intel Mac OS X 10_13_2) AppleWebKit/537.36 (KHTML, like Gecko) Chrome/81.0.4044.138 Safari/537.36"
[2020-05-13T17:23:42.784] [INFO] access - ::1 - - "GET /stu/getStudentById/?id=64 HTTP/1.1" 200 225 "http://localhost:3000/student/addStudent/64" "Mozilla/5.0 (Macintosh; Intel Mac OS X 10_13_2) AppleWebKit/537.36 (KHTML, like Gecko) Chrome/81.0.4044.138 Safari/537.36"
[2020-05-13T17:23:48.846] [INFO] access - ::1 - - "GET /stu/allStudent HTTP/1.1" 200 3470 "http://localhost:3000/student/studentList" "Mozilla/5.0 (Macintosh; Intel Mac OS X 10_13_2) AppleWebKit/537.36 (KHTML, like Gecko) Chrome/81.0.4044.138 Safari/537.36"
[2020-05-13T17:23:51.206] [INFO] access - ::1 - - "GET /stu/findAllCourseType HTTP/1.1" 200 83 "http://localhost:3000/student/addStudent" "Mozilla/5.0 (Macintosh; Intel Mac OS X 10_13_2) AppleWebKit/537.36 (KHTML, like Gecko) Chrome/81.0.4044.138 Safari/537.36"
[2020-05-13T17:23:51.208] [INFO] access - ::1 - - "GET /course/allCourseType HTTP/1.1" 200 459 "http://localhost:3000/student/addStudent" "Mozilla/5.0 (Macintosh; Intel Mac OS X 10_13_2) AppleWebKit/537.36 (KHTML, like Gecko) Chrome/81.0.4044.138 Safari/537.36"
[2020-05-13T17:23:51.209] [INFO] access - ::1 - - "GET /course/findAllCourseList HTTP/1.1" 200 2967 "http://localhost:3000/student/addStudent" "Mozilla/5.0 (Macintosh; Intel Mac OS X 10_13_2) AppleWebKit/537.36 (KHTML, like Gecko) Chrome/81.0.4044.138 Safari/537.36"
[2020-05-13T17:25:59.442] [INFO] access - ::1 - - "GET /stu/allStudent HTTP/1.1" 200 3470 "http://localhost:3000/home" "Mozilla/5.0 (Macintosh; Intel Mac OS X 10_13_2) AppleWebKit/537.36 (KHTML, like Gecko) Chrome/81.0.4044.138 Safari/537.36"
[2020-05-13T17:25:59.445] [INFO] access - ::1 - - "GET /inter/findNextInterview HTTP/1.1" 200 34 "http://localhost:3000/home" "Mozilla/5.0 (Macintosh; Intel Mac OS X 10_13_2) AppleWebKit/537.36 (KHTML, like Gecko) Chrome/81.0.4044.138 Safari/537.36"
[2020-05-13T17:25:59.445] [INFO] access - ::1 - - "GET /stu/getActiveStu HTTP/1.1" 200 34 "http://localhost:3000/home" "Mozilla/5.0 (Macintosh; Intel Mac OS X 10_13_2) AppleWebKit/537.36 (KHTML, like Gecko) Chrome/81.0.4044.138 Safari/537.36"
[2020-05-13T17:25:59.446] [INFO] access - ::1 - - "GET /course/findAllCourseList HTTP/1.1" 200 2967 "http://localhost:3000/home" "Mozilla/5.0 (Macintosh; Intel Mac OS X 10_13_2) AppleWebKit/537.36 (KHTML, like Gecko) Chrome/81.0.4044.138 Safari/537.36"
[2020-05-13T17:25:59.448] [INFO] access - ::1 - - "GET /course/allCourseType HTTP/1.1" 200 459 "http://localhost:3000/home" "Mozilla/5.0 (Macintosh; Intel Mac OS X 10_13_2) AppleWebKit/537.36 (KHTML, like Gecko) Chrome/81.0.4044.138 Safari/537.36"
[2020-05-13T17:25:59.454] [INFO] access - ::1 - - "GET /stu/allStudent HTTP/1.1" 200 3470 "http://localhost:3000/home" "Mozilla/5.0 (Macintosh; Intel Mac OS X 10_13_2) AppleWebKit/537.36 (KHTML, like Gecko) Chrome/81.0.4044.138 Safari/537.36"
[2020-05-13T17:25:59.456] [INFO] access - ::1 - - "GET /course/findAllCourseList HTTP/1.1" 200 2967 "http://localhost:3000/home" "Mozilla/5.0 (Macintosh; Intel Mac OS X 10_13_2) AppleWebKit/537.36 (KHTML, like Gecko) Chrome/81.0.4044.138 Safari/537.36"
[2020-05-13T17:26:05.807] [INFO] access - ::1 - - "GET /stu/allStudent HTTP/1.1" 200 3470 "http://localhost:3000/student/studentList" "Mozilla/5.0 (Macintosh; Intel Mac OS X 10_13_2) AppleWebKit/537.36 (KHTML, like Gecko) Chrome/81.0.4044.138 Safari/537.36"
[2020-05-13T17:26:08.641] [INFO] access - ::1 - - "GET /stu/allStudent HTTP/1.1" 200 3470 "http://localhost:3000/home" "Mozilla/5.0 (Macintosh; Intel Mac OS X 10_13_2) AppleWebKit/537.36 (KHTML, like Gecko) Chrome/81.0.4044.138 Safari/537.36"
[2020-05-13T17:26:08.645] [INFO] access - ::1 - - "GET /stu/getActiveStu HTTP/1.1" 200 34 "http://localhost:3000/home" "Mozilla/5.0 (Macintosh; Intel Mac OS X 10_13_2) AppleWebKit/537.36 (KHTML, like Gecko) Chrome/81.0.4044.138 Safari/537.36"
[2020-05-13T17:26:08.652] [INFO] access - ::1 - - "GET /inter/findNextInterview HTTP/1.1" 200 34 "http://localhost:3000/home" "Mozilla/5.0 (Macintosh; Intel Mac OS X 10_13_2) AppleWebKit/537.36 (KHTML, like Gecko) Chrome/81.0.4044.138 Safari/537.36"
[2020-05-13T17:26:08.652] [INFO] access - ::1 - - "GET /course/findAllCourseList HTTP/1.1" 200 2967 "http://localhost:3000/home" "Mozilla/5.0 (Macintosh; Intel Mac OS X 10_13_2) AppleWebKit/537.36 (KHTML, like Gecko) Chrome/81.0.4044.138 Safari/537.36"
[2020-05-13T17:26:08.654] [INFO] access - ::1 - - "GET /course/allCourseType HTTP/1.1" 200 459 "http://localhost:3000/home" "Mozilla/5.0 (Macintosh; Intel Mac OS X 10_13_2) AppleWebKit/537.36 (KHTML, like Gecko) Chrome/81.0.4044.138 Safari/537.36"
[2020-05-13T17:26:08.657] [INFO] access - ::1 - - "GET /stu/allStudent HTTP/1.1" 200 3470 "http://localhost:3000/home" "Mozilla/5.0 (Macintosh; Intel Mac OS X 10_13_2) AppleWebKit/537.36 (KHTML, like Gecko) Chrome/81.0.4044.138 Safari/537.36"
[2020-05-13T17:26:08.659] [INFO] access - ::1 - - "GET /course/findAllCourseList HTTP/1.1" 200 2967 "http://localhost:3000/home" "Mozilla/5.0 (Macintosh; Intel Mac OS X 10_13_2) AppleWebKit/537.36 (KHTML, like Gecko) Chrome/81.0.4044.138 Safari/537.36"
[2020-05-13T17:26:20.068] [INFO] access - ::1 - - "GET /stu/allStudent HTTP/1.1" 200 3470 "http://localhost:3000/student/studentList" "Mozilla/5.0 (Macintosh; Intel Mac OS X 10_13_2) AppleWebKit/537.36 (KHTML, like Gecko) Chrome/81.0.4044.138 Safari/537.36"
[2020-05-13T17:42:04.408] [INFO] access - ::1 - - "GET /teacher/systemUserInfo HTTP/1.1" 200 95 "http://localhost:3000/student/studentList" "Mozilla/5.0 (Macintosh; Intel Mac OS X 10_13_2) AppleWebKit/537.36 (KHTML, like Gecko) Chrome/81.0.4044.138 Safari/537.36"
[2020-05-13T17:42:04.487] [INFO] access - ::1 - - "GET /stu/allStudent HTTP/1.1" 200 3470 "http://localhost:3000/student/studentList" "Mozilla/5.0 (Macintosh; Intel Mac OS X 10_13_2) AppleWebKit/537.36 (KHTML, like Gecko) Chrome/81.0.4044.138 Safari/537.36"
[2020-05-13T17:44:52.605] [INFO] access - ::1 - - "GET /teacher/systemUserInfo HTTP/1.1" 200 95 "http://localhost:3000/student/studentList" "Mozilla/5.0 (Macintosh; Intel Mac OS X 10_13_2) AppleWebKit/537.36 (KHTML, like Gecko) Chrome/81.0.4044.138 Safari/537.36"
[2020-05-13T17:44:52.749] [INFO] access - ::1 - - "GET /stu/allStudent HTTP/1.1" 200 3470 "http://localhost:3000/student/studentList" "Mozilla/5.0 (Macintosh; Intel Mac OS X 10_13_2) AppleWebKit/537.36 (KHTML, like Gecko) Chrome/81.0.4044.138 Safari/537.36"
[2020-05-13T17:46:37.496] [INFO] access - ::1 - - "GET /teacher/systemUserInfo HTTP/1.1" 200 95 "http://localhost:3000/student/studentList" "Mozilla/5.0 (Macintosh; Intel Mac OS X 10_13_2) AppleWebKit/537.36 (KHTML, like Gecko) Chrome/81.0.4044.138 Safari/537.36"
[2020-05-13T17:46:37.617] [INFO] access - ::1 - - "GET /stu/allStudent HTTP/1.1" 200 3470 "http://localhost:3000/student/studentList" "Mozilla/5.0 (Macintosh; Intel Mac OS X 10_13_2) AppleWebKit/537.36 (KHTML, like Gecko) Chrome/81.0.4044.138 Safari/537.36"
