[2020-05-04T18:39:43.948] [INFO] access - ::1 - - "POST /teacher/teaLogin HTTP/1.1" 200 95 "http://localhost:3000/" "Mozilla/5.0 (Macintosh; Intel Mac OS X 10_13_2) AppleWebKit/537.36 (KHTML, like Gecko) Chrome/81.0.4044.122 Safari/537.36"
[2020-05-04T18:39:44.090] [INFO] access - ::1 - - "GET /teacher/systemUserInfo HTTP/1.1" 200 95 "http://localhost:3000/home" "Mozilla/5.0 (Macintosh; Intel Mac OS X 10_13_2) AppleWebKit/537.36 (KHTML, like Gecko) Chrome/81.0.4044.122 Safari/537.36"
[2020-05-04T18:39:44.262] [INFO] access - ::1 - - "GET /course/allCourseType HTTP/1.1" 200 459 "http://localhost:3000/home" "Mozilla/5.0 (Macintosh; Intel Mac OS X 10_13_2) AppleWebKit/537.36 (KHTML, like Gecko) Chrome/81.0.4044.122 Safari/537.36"
[2020-05-04T18:39:44.267] [INFO] access - ::1 - - "GET /course/findAllCourseList HTTP/1.1" 200 2967 "http://localhost:3000/home" "Mozilla/5.0 (Macintosh; Intel Mac OS X 10_13_2) AppleWebKit/537.36 (KHTML, like Gecko) Chrome/81.0.4044.122 Safari/537.36"
[2020-05-04T18:39:44.273] [INFO] access - ::1 - - "GET /stu/getActiveStu HTTP/1.1" 200 207 "http://localhost:3000/home" "Mozilla/5.0 (Macintosh; Intel Mac OS X 10_13_2) AppleWebKit/537.36 (KHTML, like Gecko) Chrome/81.0.4044.122 Safari/537.36"
[2020-05-04T18:39:44.274] [INFO] access - ::1 - - "GET /stu/allStudent HTTP/1.1" 200 3470 "http://localhost:3000/home" "Mozilla/5.0 (Macintosh; Intel Mac OS X 10_13_2) AppleWebKit/537.36 (KHTML, like Gecko) Chrome/81.0.4044.122 Safari/537.36"
[2020-05-04T18:39:44.275] [INFO] access - ::1 - - "GET /inter/findNextInterview HTTP/1.1" 200 34 "http://localhost:3000/home" "Mozilla/5.0 (Macintosh; Intel Mac OS X 10_13_2) AppleWebKit/537.36 (KHTML, like Gecko) Chrome/81.0.4044.122 Safari/537.36"
[2020-05-04T18:39:44.276] [INFO] access - ::1 - - "GET /course/findAllCourseList HTTP/1.1" 200 2967 "http://localhost:3000/home" "Mozilla/5.0 (Macintosh; Intel Mac OS X 10_13_2) AppleWebKit/537.36 (KHTML, like Gecko) Chrome/81.0.4044.122 Safari/537.36"
[2020-05-04T18:39:44.281] [INFO] access - ::1 - - "GET /stu/allStudent HTTP/1.1" 200 3470 "http://localhost:3000/home" "Mozilla/5.0 (Macintosh; Intel Mac OS X 10_13_2) AppleWebKit/537.36 (KHTML, like Gecko) Chrome/81.0.4044.122 Safari/537.36"
[2020-05-04T18:39:52.167] [INFO] access - ::1 - - "GET /stu/allStudent HTTP/1.1" 200 3470 "http://localhost:3000/student/studentList" "Mozilla/5.0 (Macintosh; Intel Mac OS X 10_13_2) AppleWebKit/537.36 (KHTML, like Gecko) Chrome/81.0.4044.122 Safari/537.36"
[2020-05-04T18:39:53.729] [INFO] access - ::1 - - "GET /stu/allStudent HTTP/1.1" 200 3470 "http://localhost:3000/home" "Mozilla/5.0 (Macintosh; Intel Mac OS X 10_13_2) AppleWebKit/537.36 (KHTML, like Gecko) Chrome/81.0.4044.122 Safari/537.36"
[2020-05-04T18:39:53.738] [INFO] access - ::1 - - "GET /stu/getActiveStu HTTP/1.1" 200 207 "http://localhost:3000/home" "Mozilla/5.0 (Macintosh; Intel Mac OS X 10_13_2) AppleWebKit/537.36 (KHTML, like Gecko) Chrome/81.0.4044.122 Safari/537.36"
[2020-05-04T18:39:53.739] [INFO] access - ::1 - - "GET /course/findAllCourseList HTTP/1.1" 200 2967 "http://localhost:3000/home" "Mozilla/5.0 (Macintosh; Intel Mac OS X 10_13_2) AppleWebKit/537.36 (KHTML, like Gecko) Chrome/81.0.4044.122 Safari/537.36"
[2020-05-04T18:39:53.741] [INFO] access - ::1 - - "GET /inter/findNextInterview HTTP/1.1" 200 34 "http://localhost:3000/home" "Mozilla/5.0 (Macintosh; Intel Mac OS X 10_13_2) AppleWebKit/537.36 (KHTML, like Gecko) Chrome/81.0.4044.122 Safari/537.36"
[2020-05-04T18:39:53.743] [INFO] access - ::1 - - "GET /course/allCourseType HTTP/1.1" 200 459 "http://localhost:3000/home" "Mozilla/5.0 (Macintosh; Intel Mac OS X 10_13_2) AppleWebKit/537.36 (KHTML, like Gecko) Chrome/81.0.4044.122 Safari/537.36"
[2020-05-04T18:39:53.744] [INFO] access - ::1 - - "GET /stu/allStudent HTTP/1.1" 200 3470 "http://localhost:3000/home" "Mozilla/5.0 (Macintosh; Intel Mac OS X 10_13_2) AppleWebKit/537.36 (KHTML, like Gecko) Chrome/81.0.4044.122 Safari/537.36"
[2020-05-04T18:39:53.747] [INFO] access - ::1 - - "GET /course/findAllCourseList HTTP/1.1" 200 2967 "http://localhost:3000/home" "Mozilla/5.0 (Macintosh; Intel Mac OS X 10_13_2) AppleWebKit/537.36 (KHTML, like Gecko) Chrome/81.0.4044.122 Safari/537.36"
[2020-05-04T21:00:18.794] [INFO] access - ::1 - - "POST /teacher/teaLogin HTTP/1.1" 200 95 "http://localhost:3000/" "Mozilla/5.0 (Macintosh; Intel Mac OS X 10_13_2) AppleWebKit/537.36 (KHTML, like Gecko) Chrome/81.0.4044.122 Safari/537.36"
[2020-05-04T21:00:18.904] [INFO] access - ::1 - - "GET /teacher/systemUserInfo HTTP/1.1" 200 95 "http://localhost:3000/home" "Mozilla/5.0 (Macintosh; Intel Mac OS X 10_13_2) AppleWebKit/537.36 (KHTML, like Gecko) Chrome/81.0.4044.122 Safari/537.36"
[2020-05-04T21:00:19.052] [INFO] access - ::1 - - "GET /course/findAllCourseList HTTP/1.1" 200 2967 "http://localhost:3000/home" "Mozilla/5.0 (Macintosh; Intel Mac OS X 10_13_2) AppleWebKit/537.36 (KHTML, like Gecko) Chrome/81.0.4044.122 Safari/537.36"
[2020-05-04T21:00:19.053] [INFO] access - ::1 - - "GET /course/allCourseType HTTP/1.1" 200 459 "http://localhost:3000/home" "Mozilla/5.0 (Macintosh; Intel Mac OS X 10_13_2) AppleWebKit/537.36 (KHTML, like Gecko) Chrome/81.0.4044.122 Safari/537.36"
[2020-05-04T21:00:19.055] [INFO] access - ::1 - - "GET /inter/findNextInterview HTTP/1.1" 200 34 "http://localhost:3000/home" "Mozilla/5.0 (Macintosh; Intel Mac OS X 10_13_2) AppleWebKit/537.36 (KHTML, like Gecko) Chrome/81.0.4044.122 Safari/537.36"
[2020-05-04T21:00:19.057] [INFO] access - ::1 - - "GET /stu/allStudent HTTP/1.1" 200 3470 "http://localhost:3000/home" "Mozilla/5.0 (Macintosh; Intel Mac OS X 10_13_2) AppleWebKit/537.36 (KHTML, like Gecko) Chrome/81.0.4044.122 Safari/537.36"
[2020-05-04T21:00:19.064] [INFO] access - ::1 - - "GET /course/findAllCourseList HTTP/1.1" 200 2967 "http://localhost:3000/home" "Mozilla/5.0 (Macintosh; Intel Mac OS X 10_13_2) AppleWebKit/537.36 (KHTML, like Gecko) Chrome/81.0.4044.122 Safari/537.36"
[2020-05-04T21:00:19.066] [INFO] access - ::1 - - "GET /stu/getActiveStu HTTP/1.1" 200 207 "http://localhost:3000/home" "Mozilla/5.0 (Macintosh; Intel Mac OS X 10_13_2) AppleWebKit/537.36 (KHTML, like Gecko) Chrome/81.0.4044.122 Safari/537.36"
[2020-05-04T21:00:19.068] [INFO] access - ::1 - - "GET /stu/allStudent HTTP/1.1" 200 3470 "http://localhost:3000/home" "Mozilla/5.0 (Macintosh; Intel Mac OS X 10_13_2) AppleWebKit/537.36 (KHTML, like Gecko) Chrome/81.0.4044.122 Safari/537.36"
[2020-05-04T21:00:28.073] [INFO] access - ::1 - - "GET /stu/findAllCourseType HTTP/1.1" 200 83 "http://localhost:3000/student/addStudent" "Mozilla/5.0 (Macintosh; Intel Mac OS X 10_13_2) AppleWebKit/537.36 (KHTML, like Gecko) Chrome/81.0.4044.122 Safari/537.36"
[2020-05-04T21:00:28.075] [INFO] access - ::1 - - "GET /course/allCourseType HTTP/1.1" 200 459 "http://localhost:3000/student/addStudent" "Mozilla/5.0 (Macintosh; Intel Mac OS X 10_13_2) AppleWebKit/537.36 (KHTML, like Gecko) Chrome/81.0.4044.122 Safari/537.36"
[2020-05-04T21:00:28.076] [INFO] access - ::1 - - "GET /course/findAllCourseList HTTP/1.1" 200 2967 "http://localhost:3000/student/addStudent" "Mozilla/5.0 (Macintosh; Intel Mac OS X 10_13_2) AppleWebKit/537.36 (KHTML, like Gecko) Chrome/81.0.4044.122 Safari/537.36"
[2020-05-04T21:00:28.594] [INFO] access - ::1 - - "GET /stu/allStudent HTTP/1.1" 200 3470 "http://localhost:3000/student/studentList" "Mozilla/5.0 (Macintosh; Intel Mac OS X 10_13_2) AppleWebKit/537.36 (KHTML, like Gecko) Chrome/81.0.4044.122 Safari/537.36"
[2020-05-04T21:00:33.707] [INFO] access - ::1 - - "GET /course/findAllCourseList HTTP/1.1" 200 2967 "http://localhost:3000/course/courseList" "Mozilla/5.0 (Macintosh; Intel Mac OS X 10_13_2) AppleWebKit/537.36 (KHTML, like Gecko) Chrome/81.0.4044.122 Safari/537.36"
[2020-05-04T21:00:33.708] [INFO] access - ::1 - - "GET /course/allCourseType HTTP/1.1" 200 459 "http://localhost:3000/course/courseList" "Mozilla/5.0 (Macintosh; Intel Mac OS X 10_13_2) AppleWebKit/537.36 (KHTML, like Gecko) Chrome/81.0.4044.122 Safari/537.36"
[2020-05-04T21:00:34.098] [INFO] access - ::1 - - "GET /course/allCourseType HTTP/1.1" 200 459 "http://localhost:3000/course/addCourse" "Mozilla/5.0 (Macintosh; Intel Mac OS X 10_13_2) AppleWebKit/537.36 (KHTML, like Gecko) Chrome/81.0.4044.122 Safari/537.36"
[2020-05-04T21:00:34.831] [INFO] access - ::1 - - "GET /course/allCourseType HTTP/1.1" 200 459 "http://localhost:3000/course/courseType" "Mozilla/5.0 (Macintosh; Intel Mac OS X 10_13_2) AppleWebKit/537.36 (KHTML, like Gecko) Chrome/81.0.4044.122 Safari/537.36"
[2020-05-04T21:00:35.891] [INFO] access - ::1 - - "GET /stu/allStudent HTTP/1.1" 200 3470 "http://localhost:3000/interview/index" "Mozilla/5.0 (Macintosh; Intel Mac OS X 10_13_2) AppleWebKit/537.36 (KHTML, like Gecko) Chrome/81.0.4044.122 Safari/537.36"
[2020-05-04T21:00:36.009] [INFO] access - ::1 - - "POST /inter/findInterviewsByMonth HTTP/1.1" 200 154 "http://localhost:3000/interview/index" "Mozilla/5.0 (Macintosh; Intel Mac OS X 10_13_2) AppleWebKit/537.36 (KHTML, like Gecko) Chrome/81.0.4044.122 Safari/537.36"
[2020-05-04T21:00:37.285] [INFO] access - ::1 - - "GET /teacher/getAllTeacher HTTP/1.1" 200 164 "http://localhost:3000/teacher/teacherList" "Mozilla/5.0 (Macintosh; Intel Mac OS X 10_13_2) AppleWebKit/537.36 (KHTML, like Gecko) Chrome/81.0.4044.122 Safari/537.36"
[2020-05-04T21:00:38.809] [INFO] access - ::1 - - "GET /stu/allStudent HTTP/1.1" 200 3470 "http://localhost:3000/home" "Mozilla/5.0 (Macintosh; Intel Mac OS X 10_13_2) AppleWebKit/537.36 (KHTML, like Gecko) Chrome/81.0.4044.122 Safari/537.36"
[2020-05-04T21:00:38.815] [INFO] access - ::1 - - "GET /stu/getActiveStu HTTP/1.1" 200 207 "http://localhost:3000/home" "Mozilla/5.0 (Macintosh; Intel Mac OS X 10_13_2) AppleWebKit/537.36 (KHTML, like Gecko) Chrome/81.0.4044.122 Safari/537.36"
[2020-05-04T21:00:38.818] [INFO] access - ::1 - - "GET /course/allCourseType HTTP/1.1" 200 459 "http://localhost:3000/home" "Mozilla/5.0 (Macintosh; Intel Mac OS X 10_13_2) AppleWebKit/537.36 (KHTML, like Gecko) Chrome/81.0.4044.122 Safari/537.36"
[2020-05-04T21:00:38.820] [INFO] access - ::1 - - "GET /stu/allStudent HTTP/1.1" 200 3470 "http://localhost:3000/home" "Mozilla/5.0 (Macintosh; Intel Mac OS X 10_13_2) AppleWebKit/537.36 (KHTML, like Gecko) Chrome/81.0.4044.122 Safari/537.36"
[2020-05-04T21:00:38.821] [INFO] access - ::1 - - "GET /course/findAllCourseList HTTP/1.1" 200 2967 "http://localhost:3000/home" "Mozilla/5.0 (Macintosh; Intel Mac OS X 10_13_2) AppleWebKit/537.36 (KHTML, like Gecko) Chrome/81.0.4044.122 Safari/537.36"
[2020-05-04T21:00:38.822] [INFO] access - ::1 - - "GET /inter/findNextInterview HTTP/1.1" 200 34 "http://localhost:3000/home" "Mozilla/5.0 (Macintosh; Intel Mac OS X 10_13_2) AppleWebKit/537.36 (KHTML, like Gecko) Chrome/81.0.4044.122 Safari/537.36"
[2020-05-04T21:00:38.826] [INFO] access - ::1 - - "GET /course/findAllCourseList HTTP/1.1" 200 2967 "http://localhost:3000/home" "Mozilla/5.0 (Macintosh; Intel Mac OS X 10_13_2) AppleWebKit/537.36 (KHTML, like Gecko) Chrome/81.0.4044.122 Safari/537.36"
