[2020-03-18T01:54:54.804] [INFO] access - ::1 - - "POST /teacher/teaLogin HTTP/1.1" 200 91 "http://localhost:3000/login" "Mozilla/5.0 (Linux; Android 4.4.2; Nexus 4 Build/KOT49H) AppleWebKit/537.36 (KHTML, like Gecko) Chrome/80.0.3987.122 Mobile Safari/537.36"
[2020-03-18T01:54:54.916] [INFO] access - ::1 - - "GET /teacher/systemUserInfo HTTP/1.1" 200 91 "http://localhost:3000/" "Mozilla/5.0 (Linux; Android 4.4.2; Nexus 4 Build/KOT49H) AppleWebKit/537.36 (KHTML, like Gecko) Chrome/80.0.3987.122 Mobile Safari/537.36"
[2020-03-18T01:54:55.089] [INFO] access - ::1 - - "GET /stu/getActiveStu HTTP/1.1" 200 1005 "http://localhost:3000/" "Mozilla/5.0 (Linux; Android 4.4.2; Nexus 4 Build/KOT49H) AppleWebKit/537.36 (KHTML, like Gecko) Chrome/80.0.3987.122 Mobile Safari/537.36"
[2020-03-18T01:54:55.090] [INFO] access - ::1 - - "GET /stu/allStudent HTTP/1.1" 200 2398 "http://localhost:3000/" "Mozilla/5.0 (Linux; Android 4.4.2; Nexus 4 Build/KOT49H) AppleWebKit/537.36 (KHTML, like Gecko) Chrome/80.0.3987.122 Mobile Safari/537.36"
[2020-03-18T01:54:55.095] [INFO] access - ::1 - - "GET /stu/allStudent HTTP/1.1" 200 2398 "http://localhost:3000/" "Mozilla/5.0 (Linux; Android 4.4.2; Nexus 4 Build/KOT49H) AppleWebKit/537.36 (KHTML, like Gecko) Chrome/80.0.3987.122 Mobile Safari/537.36"
[2020-03-18T01:54:55.097] [INFO] access - ::1 - - "GET /course/findAllCourseList HTTP/1.1" 200 1458 "http://localhost:3000/" "Mozilla/5.0 (Linux; Android 4.4.2; Nexus 4 Build/KOT49H) AppleWebKit/537.36 (KHTML, like Gecko) Chrome/80.0.3987.122 Mobile Safari/537.36"
[2020-03-18T01:54:55.098] [INFO] access - ::1 - - "GET /inter/findNextInterview HTTP/1.1" 200 158 "http://localhost:3000/" "Mozilla/5.0 (Linux; Android 4.4.2; Nexus 4 Build/KOT49H) AppleWebKit/537.36 (KHTML, like Gecko) Chrome/80.0.3987.122 Mobile Safari/537.36"
[2020-03-18T01:54:55.099] [INFO] access - ::1 - - "GET /course/allCourseType HTTP/1.1" 200 465 "http://localhost:3000/" "Mozilla/5.0 (Linux; Android 4.4.2; Nexus 4 Build/KOT49H) AppleWebKit/537.36 (KHTML, like Gecko) Chrome/80.0.3987.122 Mobile Safari/537.36"
[2020-03-18T01:54:55.100] [INFO] access - ::1 - - "GET /course/findAllCourseList HTTP/1.1" 200 1458 "http://localhost:3000/" "Mozilla/5.0 (Linux; Android 4.4.2; Nexus 4 Build/KOT49H) AppleWebKit/537.36 (KHTML, like Gecko) Chrome/80.0.3987.122 Mobile Safari/537.36"
[2020-03-18T01:55:00.740] [INFO] access - ::1 - - "GET /stu/allStudent HTTP/1.1" 200 2398 "http://localhost:3000/student/studentList" "Mozilla/5.0 (Linux; Android 4.4.2; Nexus 4 Build/KOT49H) AppleWebKit/537.36 (KHTML, like Gecko) Chrome/80.0.3987.122 Mobile Safari/537.36"
[2020-03-18T01:55:03.865] [INFO] access - ::1 - - "GET /stu/findAllCourseType HTTP/1.1" 200 83 "http://localhost:3000/student/addStudent" "Mozilla/5.0 (Linux; Android 4.4.2; Nexus 4 Build/KOT49H) AppleWebKit/537.36 (KHTML, like Gecko) Chrome/80.0.3987.122 Mobile Safari/537.36"
[2020-03-18T01:55:17.609] [INFO] access - ::1 - - "GET /stu/allStudent HTTP/1.1" 200 2398 "http://localhost:3000/home" "Mozilla/5.0 (iPad; CPU OS 11_0 like Mac OS X) AppleWebKit/604.1.34 (KHTML, like Gecko) Version/11.0 Mobile/15A5341f Safari/604.1"
[2020-03-18T01:55:17.614] [INFO] access - ::1 - - "GET /stu/getActiveStu HTTP/1.1" 200 1005 "http://localhost:3000/home" "Mozilla/5.0 (iPad; CPU OS 11_0 like Mac OS X) AppleWebKit/604.1.34 (KHTML, like Gecko) Version/11.0 Mobile/15A5341f Safari/604.1"
[2020-03-18T01:55:17.616] [INFO] access - ::1 - - "GET /course/findAllCourseList HTTP/1.1" 200 1458 "http://localhost:3000/home" "Mozilla/5.0 (iPad; CPU OS 11_0 like Mac OS X) AppleWebKit/604.1.34 (KHTML, like Gecko) Version/11.0 Mobile/15A5341f Safari/604.1"
[2020-03-18T01:55:17.618] [INFO] access - ::1 - - "GET /inter/findNextInterview HTTP/1.1" 200 158 "http://localhost:3000/home" "Mozilla/5.0 (iPad; CPU OS 11_0 like Mac OS X) AppleWebKit/604.1.34 (KHTML, like Gecko) Version/11.0 Mobile/15A5341f Safari/604.1"
[2020-03-18T01:55:17.621] [INFO] access - ::1 - - "GET /stu/allStudent HTTP/1.1" 200 2398 "http://localhost:3000/home" "Mozilla/5.0 (iPad; CPU OS 11_0 like Mac OS X) AppleWebKit/604.1.34 (KHTML, like Gecko) Version/11.0 Mobile/15A5341f Safari/604.1"
[2020-03-18T01:55:17.624] [INFO] access - ::1 - - "GET /course/findAllCourseList HTTP/1.1" 200 1458 "http://localhost:3000/home" "Mozilla/5.0 (iPad; CPU OS 11_0 like Mac OS X) AppleWebKit/604.1.34 (KHTML, like Gecko) Version/11.0 Mobile/15A5341f Safari/604.1"
[2020-03-18T01:55:17.629] [INFO] access - ::1 - - "GET /course/allCourseType HTTP/1.1" 200 465 "http://localhost:3000/home" "Mozilla/5.0 (iPad; CPU OS 11_0 like Mac OS X) AppleWebKit/604.1.34 (KHTML, like Gecko) Version/11.0 Mobile/15A5341f Safari/604.1"
[2020-03-18T01:56:18.788] [INFO] access - ::1 - - "GET /stu/findAllCourseType HTTP/1.1" 200 83 "http://localhost:3000/student/addStudent" "Mozilla/5.0 (iPad; CPU OS 11_0 like Mac OS X) AppleWebKit/604.1.34 (KHTML, like Gecko) Version/11.0 Mobile/15A5341f Safari/604.1"
[2020-03-18T01:56:20.911] [INFO] access - ::1 - - "GET /stu/allStudent HTTP/1.1" 200 2398 "http://localhost:3000/student/studentList" "Mozilla/5.0 (iPad; CPU OS 11_0 like Mac OS X) AppleWebKit/604.1.34 (KHTML, like Gecko) Version/11.0 Mobile/15A5341f Safari/604.1"
[2020-03-18T01:56:21.680] [INFO] access - ::1 - - "GET /stu/findAllCourseType HTTP/1.1" 200 83 "http://localhost:3000/student/addStudent" "Mozilla/5.0 (iPad; CPU OS 11_0 like Mac OS X) AppleWebKit/604.1.34 (KHTML, like Gecko) Version/11.0 Mobile/15A5341f Safari/604.1"
[2020-03-18T01:56:30.510] [INFO] access - ::1 - - "GET /stu/allStudent HTTP/1.1" 200 2398 "http://localhost:3000/home" "Mozilla/5.0 (iPad; CPU OS 11_0 like Mac OS X) AppleWebKit/604.1.34 (KHTML, like Gecko) Version/11.0 Mobile/15A5341f Safari/604.1"
[2020-03-18T01:56:30.515] [INFO] access - ::1 - - "GET /stu/getActiveStu HTTP/1.1" 200 1005 "http://localhost:3000/home" "Mozilla/5.0 (iPad; CPU OS 11_0 like Mac OS X) AppleWebKit/604.1.34 (KHTML, like Gecko) Version/11.0 Mobile/15A5341f Safari/604.1"
[2020-03-18T01:56:30.519] [INFO] access - ::1 - - "GET /course/findAllCourseList HTTP/1.1" 200 1458 "http://localhost:3000/home" "Mozilla/5.0 (iPad; CPU OS 11_0 like Mac OS X) AppleWebKit/604.1.34 (KHTML, like Gecko) Version/11.0 Mobile/15A5341f Safari/604.1"
[2020-03-18T01:56:30.520] [INFO] access - ::1 - - "GET /course/allCourseType HTTP/1.1" 200 465 "http://localhost:3000/home" "Mozilla/5.0 (iPad; CPU OS 11_0 like Mac OS X) AppleWebKit/604.1.34 (KHTML, like Gecko) Version/11.0 Mobile/15A5341f Safari/604.1"
[2020-03-18T01:56:30.522] [INFO] access - ::1 - - "GET /stu/allStudent HTTP/1.1" 200 2398 "http://localhost:3000/home" "Mozilla/5.0 (iPad; CPU OS 11_0 like Mac OS X) AppleWebKit/604.1.34 (KHTML, like Gecko) Version/11.0 Mobile/15A5341f Safari/604.1"
[2020-03-18T01:56:30.523] [INFO] access - ::1 - - "GET /inter/findNextInterview HTTP/1.1" 200 158 "http://localhost:3000/home" "Mozilla/5.0 (iPad; CPU OS 11_0 like Mac OS X) AppleWebKit/604.1.34 (KHTML, like Gecko) Version/11.0 Mobile/15A5341f Safari/604.1"
[2020-03-18T01:56:30.525] [INFO] access - ::1 - - "GET /course/findAllCourseList HTTP/1.1" 200 1458 "http://localhost:3000/home" "Mozilla/5.0 (iPad; CPU OS 11_0 like Mac OS X) AppleWebKit/604.1.34 (KHTML, like Gecko) Version/11.0 Mobile/15A5341f Safari/604.1"
[2020-03-18T01:58:27.503] [INFO] access - ::1 - - "GET /teacher/systemUserInfo HTTP/1.1" 200 91 "http://localhost:3000/home" "Mozilla/5.0 (Macintosh; Intel Mac OS X 10_13_2) AppleWebKit/537.36 (KHTML, like Gecko) Chrome/80.0.3987.122 Safari/537.36"
[2020-03-18T01:58:27.600] [INFO] access - ::1 - - "GET /stu/allStudent HTTP/1.1" 200 2398 "http://localhost:3000/home" "Mozilla/5.0 (Macintosh; Intel Mac OS X 10_13_2) AppleWebKit/537.36 (KHTML, like Gecko) Chrome/80.0.3987.122 Safari/537.36"
[2020-03-18T01:58:27.609] [INFO] access - ::1 - - "GET /stu/getActiveStu HTTP/1.1" 200 1005 "http://localhost:3000/home" "Mozilla/5.0 (Macintosh; Intel Mac OS X 10_13_2) AppleWebKit/537.36 (KHTML, like Gecko) Chrome/80.0.3987.122 Safari/537.36"
[2020-03-18T01:58:27.611] [INFO] access - ::1 - - "GET /course/findAllCourseList HTTP/1.1" 200 1458 "http://localhost:3000/home" "Mozilla/5.0 (Macintosh; Intel Mac OS X 10_13_2) AppleWebKit/537.36 (KHTML, like Gecko) Chrome/80.0.3987.122 Safari/537.36"
[2020-03-18T01:58:27.612] [INFO] access - ::1 - - "GET /stu/allStudent HTTP/1.1" 200 2398 "http://localhost:3000/home" "Mozilla/5.0 (Macintosh; Intel Mac OS X 10_13_2) AppleWebKit/537.36 (KHTML, like Gecko) Chrome/80.0.3987.122 Safari/537.36"
[2020-03-18T01:58:27.614] [INFO] access - ::1 - - "GET /course/allCourseType HTTP/1.1" 200 465 "http://localhost:3000/home" "Mozilla/5.0 (Macintosh; Intel Mac OS X 10_13_2) AppleWebKit/537.36 (KHTML, like Gecko) Chrome/80.0.3987.122 Safari/537.36"
[2020-03-18T01:58:27.614] [INFO] access - ::1 - - "GET /inter/findNextInterview HTTP/1.1" 200 158 "http://localhost:3000/home" "Mozilla/5.0 (Macintosh; Intel Mac OS X 10_13_2) AppleWebKit/537.36 (KHTML, like Gecko) Chrome/80.0.3987.122 Safari/537.36"
[2020-03-18T01:58:27.617] [INFO] access - ::1 - - "GET /course/findAllCourseList HTTP/1.1" 200 1458 "http://localhost:3000/home" "Mozilla/5.0 (Macintosh; Intel Mac OS X 10_13_2) AppleWebKit/537.36 (KHTML, like Gecko) Chrome/80.0.3987.122 Safari/537.36"
[2020-03-18T01:58:50.062] [INFO] access - ::1 - - "GET /stu/allStudent HTTP/1.1" 200 2398 "http://localhost:3000/interview/index" "Mozilla/5.0 (Macintosh; Intel Mac OS X 10_13_2) AppleWebKit/537.36 (KHTML, like Gecko) Chrome/80.0.3987.122 Safari/537.36"
[2020-03-18T01:58:50.181] [INFO] access - ::1 - - "POST /inter/findInterviewsByMonth HTTP/1.1" 200 905 "http://localhost:3000/interview/index" "Mozilla/5.0 (Macintosh; Intel Mac OS X 10_13_2) AppleWebKit/537.36 (KHTML, like Gecko) Chrome/80.0.3987.122 Safari/537.36"
[2020-03-18T01:58:51.303] [INFO] access - ::1 - - "POST /inter/findInterviewsByMonth HTTP/1.1" 200 905 "http://localhost:3000/interview/index" "Mozilla/5.0 (Macintosh; Intel Mac OS X 10_13_2) AppleWebKit/537.36 (KHTML, like Gecko) Chrome/80.0.3987.122 Safari/537.36"
[2020-03-18T01:59:03.031] [INFO] access - ::1 - - "POST /inter/addInterview HTTP/1.1" 200 49 "http://localhost:3000/interview/index" "Mozilla/5.0 (Macintosh; Intel Mac OS X 10_13_2) AppleWebKit/537.36 (KHTML, like Gecko) Chrome/80.0.3987.122 Safari/537.36"
[2020-03-18T01:59:03.067] [INFO] access - ::1 - - "POST /inter/findInterviewsByMonth HTTP/1.1" 200 1027 "http://localhost:3000/interview/index" "Mozilla/5.0 (Macintosh; Intel Mac OS X 10_13_2) AppleWebKit/537.36 (KHTML, like Gecko) Chrome/80.0.3987.122 Safari/537.36"
[2020-03-18T01:59:05.140] [INFO] access - ::1 - - "POST /inter/findInterviewsByMonth HTTP/1.1" 200 1027 "http://localhost:3000/interview/index" "Mozilla/5.0 (Macintosh; Intel Mac OS X 10_13_2) AppleWebKit/537.36 (KHTML, like Gecko) Chrome/80.0.3987.122 Safari/537.36"
[2020-03-18T01:59:13.984] [INFO] access - ::1 - - "POST /inter/addInterview HTTP/1.1" 200 49 "http://localhost:3000/interview/index" "Mozilla/5.0 (Macintosh; Intel Mac OS X 10_13_2) AppleWebKit/537.36 (KHTML, like Gecko) Chrome/80.0.3987.122 Safari/537.36"
[2020-03-18T01:59:14.020] [INFO] access - ::1 - - "POST /inter/findInterviewsByMonth HTTP/1.1" 200 1147 "http://localhost:3000/interview/index" "Mozilla/5.0 (Macintosh; Intel Mac OS X 10_13_2) AppleWebKit/537.36 (KHTML, like Gecko) Chrome/80.0.3987.122 Safari/537.36"
[2020-03-18T01:59:15.491] [INFO] access - ::1 - - "POST /inter/findInterviewsByMonth HTTP/1.1" 200 1147 "http://localhost:3000/interview/index" "Mozilla/5.0 (Macintosh; Intel Mac OS X 10_13_2) AppleWebKit/537.36 (KHTML, like Gecko) Chrome/80.0.3987.122 Safari/537.36"
[2020-03-18T01:59:17.854] [INFO] access - ::1 - - "POST /inter/findInterviewsByMonth HTTP/1.1" 200 1147 "http://localhost:3000/interview/index" "Mozilla/5.0 (Macintosh; Intel Mac OS X 10_13_2) AppleWebKit/537.36 (KHTML, like Gecko) Chrome/80.0.3987.122 Safari/537.36"
[2020-03-18T01:59:32.037] [INFO] access - ::1 - - "POST /inter/addInterview HTTP/1.1" 200 49 "http://localhost:3000/interview/index" "Mozilla/5.0 (Macintosh; Intel Mac OS X 10_13_2) AppleWebKit/537.36 (KHTML, like Gecko) Chrome/80.0.3987.122 Safari/537.36"
[2020-03-18T01:59:32.084] [INFO] access - ::1 - - "POST /inter/findInterviewsByMonth HTTP/1.1" 200 1265 "http://localhost:3000/interview/index" "Mozilla/5.0 (Macintosh; Intel Mac OS X 10_13_2) AppleWebKit/537.36 (KHTML, like Gecko) Chrome/80.0.3987.122 Safari/537.36"
[2020-03-18T01:59:33.273] [INFO] access - ::1 - - "GET /stu/allStudent HTTP/1.1" 200 2398 "http://localhost:3000/home" "Mozilla/5.0 (Macintosh; Intel Mac OS X 10_13_2) AppleWebKit/537.36 (KHTML, like Gecko) Chrome/80.0.3987.122 Safari/537.36"
[2020-03-18T01:59:33.276] [INFO] access - ::1 - - "GET /course/findAllCourseList HTTP/1.1" 200 1458 "http://localhost:3000/home" "Mozilla/5.0 (Macintosh; Intel Mac OS X 10_13_2) AppleWebKit/537.36 (KHTML, like Gecko) Chrome/80.0.3987.122 Safari/537.36"
[2020-03-18T01:59:33.278] [INFO] access - ::1 - - "GET /stu/getActiveStu HTTP/1.1" 200 1005 "http://localhost:3000/home" "Mozilla/5.0 (Macintosh; Intel Mac OS X 10_13_2) AppleWebKit/537.36 (KHTML, like Gecko) Chrome/80.0.3987.122 Safari/537.36"
[2020-03-18T01:59:33.280] [INFO] access - ::1 - - "GET /inter/findNextInterview HTTP/1.1" 200 400 "http://localhost:3000/home" "Mozilla/5.0 (Macintosh; Intel Mac OS X 10_13_2) AppleWebKit/537.36 (KHTML, like Gecko) Chrome/80.0.3987.122 Safari/537.36"
[2020-03-18T01:59:33.281] [INFO] access - ::1 - - "GET /stu/allStudent HTTP/1.1" 200 2398 "http://localhost:3000/home" "Mozilla/5.0 (Macintosh; Intel Mac OS X 10_13_2) AppleWebKit/537.36 (KHTML, like Gecko) Chrome/80.0.3987.122 Safari/537.36"
[2020-03-18T01:59:33.283] [INFO] access - ::1 - - "GET /course/allCourseType HTTP/1.1" 200 465 "http://localhost:3000/home" "Mozilla/5.0 (Macintosh; Intel Mac OS X 10_13_2) AppleWebKit/537.36 (KHTML, like Gecko) Chrome/80.0.3987.122 Safari/537.36"
[2020-03-18T01:59:33.285] [INFO] access - ::1 - - "GET /course/findAllCourseList HTTP/1.1" 200 1458 "http://localhost:3000/home" "Mozilla/5.0 (Macintosh; Intel Mac OS X 10_13_2) AppleWebKit/537.36 (KHTML, like Gecko) Chrome/80.0.3987.122 Safari/537.36"
[2020-03-18T02:00:01.879] [INFO] access - ::1 - - "GET /stu/allStudent HTTP/1.1" 200 2398 "http://localhost:3000/interview/index" "Mozilla/5.0 (Macintosh; Intel Mac OS X 10_13_2) AppleWebKit/537.36 (KHTML, like Gecko) Chrome/80.0.3987.122 Safari/537.36"
[2020-03-18T02:00:01.989] [INFO] access - ::1 - - "POST /inter/findInterviewsByMonth HTTP/1.1" 200 1265 "http://localhost:3000/interview/index" "Mozilla/5.0 (Macintosh; Intel Mac OS X 10_13_2) AppleWebKit/537.36 (KHTML, like Gecko) Chrome/80.0.3987.122 Safari/537.36"
[2020-03-18T02:00:04.036] [INFO] access - ::1 - - "GET /stu/allStudent HTTP/1.1" 200 2398 "http://localhost:3000/home" "Mozilla/5.0 (Macintosh; Intel Mac OS X 10_13_2) AppleWebKit/537.36 (KHTML, like Gecko) Chrome/80.0.3987.122 Safari/537.36"
[2020-03-18T02:00:04.040] [INFO] access - ::1 - - "GET /stu/getActiveStu HTTP/1.1" 200 1005 "http://localhost:3000/home" "Mozilla/5.0 (Macintosh; Intel Mac OS X 10_13_2) AppleWebKit/537.36 (KHTML, like Gecko) Chrome/80.0.3987.122 Safari/537.36"
[2020-03-18T02:00:04.045] [INFO] access - ::1 - - "GET /stu/allStudent HTTP/1.1" 200 2398 "http://localhost:3000/home" "Mozilla/5.0 (Macintosh; Intel Mac OS X 10_13_2) AppleWebKit/537.36 (KHTML, like Gecko) Chrome/80.0.3987.122 Safari/537.36"
[2020-03-18T02:00:04.047] [INFO] access - ::1 - - "GET /course/findAllCourseList HTTP/1.1" 200 1458 "http://localhost:3000/home" "Mozilla/5.0 (Macintosh; Intel Mac OS X 10_13_2) AppleWebKit/537.36 (KHTML, like Gecko) Chrome/80.0.3987.122 Safari/537.36"
[2020-03-18T02:00:04.048] [INFO] access - ::1 - - "GET /inter/findNextInterview HTTP/1.1" 200 400 "http://localhost:3000/home" "Mozilla/5.0 (Macintosh; Intel Mac OS X 10_13_2) AppleWebKit/537.36 (KHTML, like Gecko) Chrome/80.0.3987.122 Safari/537.36"
[2020-03-18T02:00:04.049] [INFO] access - ::1 - - "GET /course/allCourseType HTTP/1.1" 200 465 "http://localhost:3000/home" "Mozilla/5.0 (Macintosh; Intel Mac OS X 10_13_2) AppleWebKit/537.36 (KHTML, like Gecko) Chrome/80.0.3987.122 Safari/537.36"
[2020-03-18T02:00:04.051] [INFO] access - ::1 - - "GET /course/findAllCourseList HTTP/1.1" 200 1458 "http://localhost:3000/home" "Mozilla/5.0 (Macintosh; Intel Mac OS X 10_13_2) AppleWebKit/537.36 (KHTML, like Gecko) Chrome/80.0.3987.122 Safari/537.36"
[2020-03-18T02:00:56.950] [INFO] access - ::1 - - "GET /stu/allStudent HTTP/1.1" 200 2398 "http://localhost:3000/student/studentList" "Mozilla/5.0 (Macintosh; Intel Mac OS X 10_13_2) AppleWebKit/537.36 (KHTML, like Gecko) Chrome/80.0.3987.122 Safari/537.36"
[2020-03-18T02:00:57.785] [INFO] access - ::1 - - "GET /stu/findAllCourseType HTTP/1.1" 200 83 "http://localhost:3000/student/addStudent" "Mozilla/5.0 (Macintosh; Intel Mac OS X 10_13_2) AppleWebKit/537.36 (KHTML, like Gecko) Chrome/80.0.3987.122 Safari/537.36"
[2020-03-18T02:01:37.667] [INFO] access - ::1 - - "GET /teacher/systemUserInfo HTTP/1.1" 200 91 "http://localhost:3000/student/addStudent" "Mozilla/5.0 (Macintosh; Intel Mac OS X 10_13_2) AppleWebKit/537.36 (KHTML, like Gecko) Chrome/80.0.3987.122 Safari/537.36"
[2020-03-18T02:01:37.780] [INFO] access - ::1 - - "GET /stu/findAllCourseType HTTP/1.1" 200 83 "http://localhost:3000/student/addStudent" "Mozilla/5.0 (Macintosh; Intel Mac OS X 10_13_2) AppleWebKit/537.36 (KHTML, like Gecko) Chrome/80.0.3987.122 Safari/537.36"
[2020-03-18T02:01:46.161] [INFO] access - ::1 - - "GET /teacher/systemUserInfo HTTP/1.1" 200 91 "http://localhost:3000/student/addStudent" "Mozilla/5.0 (Macintosh; Intel Mac OS X 10_13_2) AppleWebKit/537.36 (KHTML, like Gecko) Chrome/80.0.3987.122 Safari/537.36"
[2020-03-18T02:01:46.279] [INFO] access - ::1 - - "GET /stu/findAllCourseType HTTP/1.1" 200 83 "http://localhost:3000/student/addStudent" "Mozilla/5.0 (Macintosh; Intel Mac OS X 10_13_2) AppleWebKit/537.36 (KHTML, like Gecko) Chrome/80.0.3987.122 Safari/537.36"
[2020-03-18T02:09:49.575] [INFO] access - ::1 - - "GET /stu/allStudent HTTP/1.1" 200 2398 "http://localhost:3000/home" "Mozilla/5.0 (Macintosh; Intel Mac OS X 10_13_2) AppleWebKit/537.36 (KHTML, like Gecko) Chrome/80.0.3987.122 Safari/537.36"
[2020-03-18T02:09:49.582] [INFO] access - ::1 - - "GET /stu/getActiveStu HTTP/1.1" 200 1005 "http://localhost:3000/home" "Mozilla/5.0 (Macintosh; Intel Mac OS X 10_13_2) AppleWebKit/537.36 (KHTML, like Gecko) Chrome/80.0.3987.122 Safari/537.36"
[2020-03-18T02:09:49.583] [INFO] access - ::1 - - "GET /course/findAllCourseList HTTP/1.1" 200 1458 "http://localhost:3000/home" "Mozilla/5.0 (Macintosh; Intel Mac OS X 10_13_2) AppleWebKit/537.36 (KHTML, like Gecko) Chrome/80.0.3987.122 Safari/537.36"
[2020-03-18T02:09:49.591] [INFO] access - ::1 - - "GET /inter/findNextInterview HTTP/1.1" 200 400 "http://localhost:3000/home" "Mozilla/5.0 (Macintosh; Intel Mac OS X 10_13_2) AppleWebKit/537.36 (KHTML, like Gecko) Chrome/80.0.3987.122 Safari/537.36"
[2020-03-18T02:09:49.599] [INFO] access - ::1 - - "GET /stu/allStudent HTTP/1.1" 200 2398 "http://localhost:3000/home" "Mozilla/5.0 (Macintosh; Intel Mac OS X 10_13_2) AppleWebKit/537.36 (KHTML, like Gecko) Chrome/80.0.3987.122 Safari/537.36"
[2020-03-18T02:09:49.600] [INFO] access - ::1 - - "GET /course/allCourseType HTTP/1.1" 200 465 "http://localhost:3000/home" "Mozilla/5.0 (Macintosh; Intel Mac OS X 10_13_2) AppleWebKit/537.36 (KHTML, like Gecko) Chrome/80.0.3987.122 Safari/537.36"
[2020-03-18T02:09:49.603] [INFO] access - ::1 - - "GET /course/findAllCourseList HTTP/1.1" 200 1458 "http://localhost:3000/home" "Mozilla/5.0 (Macintosh; Intel Mac OS X 10_13_2) AppleWebKit/537.36 (KHTML, like Gecko) Chrome/80.0.3987.122 Safari/537.36"
[2020-03-18T02:10:12.510] [INFO] access - ::1 - - "GET /stu/allStudent HTTP/1.1" 200 2398 "http://localhost:3000/student/studentList" "Mozilla/5.0 (Macintosh; Intel Mac OS X 10_13_2) AppleWebKit/537.36 (KHTML, like Gecko) Chrome/80.0.3987.122 Safari/537.36"
[2020-03-18T02:10:17.642] [INFO] access - ::1 - - "GET /stu/findAllCourseType HTTP/1.1" 200 83 "http://localhost:3000/student/addStudent/56" "Mozilla/5.0 (Macintosh; Intel Mac OS X 10_13_2) AppleWebKit/537.36 (KHTML, like Gecko) Chrome/80.0.3987.122 Safari/537.36"
[2020-03-18T02:10:17.647] [INFO] access - ::1 - - "GET /stu/getStudentById/?id=56 HTTP/1.1" 200 215 "http://localhost:3000/student/addStudent/56" "Mozilla/5.0 (Macintosh; Intel Mac OS X 10_13_2) AppleWebKit/537.36 (KHTML, like Gecko) Chrome/80.0.3987.122 Safari/537.36"
[2020-03-18T02:10:19.898] [INFO] access - ::1 - - "POST /stu/updateStu HTTP/1.1" 200 52 "http://localhost:3000/student/addStudent/56" "Mozilla/5.0 (Macintosh; Intel Mac OS X 10_13_2) AppleWebKit/537.36 (KHTML, like Gecko) Chrome/80.0.3987.122 Safari/537.36"
[2020-03-18T02:10:19.938] [INFO] access - ::1 - - "GET /stu/allStudent HTTP/1.1" 200 2398 "http://localhost:3000/student/studentList" "Mozilla/5.0 (Macintosh; Intel Mac OS X 10_13_2) AppleWebKit/537.36 (KHTML, like Gecko) Chrome/80.0.3987.122 Safari/537.36"
[2020-03-18T02:10:43.785] [INFO] access - ::1 - - "GET /stu/findAllCourseType HTTP/1.1" 200 83 "http://localhost:3000/student/addStudent" "Mozilla/5.0 (Macintosh; Intel Mac OS X 10_13_2) AppleWebKit/537.36 (KHTML, like Gecko) Chrome/80.0.3987.122 Safari/537.36"
[2020-03-18T02:10:47.604] [INFO] access - ::1 - - "GET /course/findAllCourseList HTTP/1.1" 200 1458 "http://localhost:3000/course/courseList" "Mozilla/5.0 (Macintosh; Intel Mac OS X 10_13_2) AppleWebKit/537.36 (KHTML, like Gecko) Chrome/80.0.3987.122 Safari/537.36"
[2020-03-18T02:10:54.620] [INFO] access - ::1 - - "GET /course/allCourseType HTTP/1.1" 200 465 "http://localhost:3000/course/courseType" "Mozilla/5.0 (Macintosh; Intel Mac OS X 10_13_2) AppleWebKit/537.36 (KHTML, like Gecko) Chrome/80.0.3987.122 Safari/537.36"
[2020-03-18T02:11:02.489] [INFO] access - ::1 - - "GET /stu/allStudent HTTP/1.1" 200 2398 "http://localhost:3000/interview/index" "Mozilla/5.0 (Macintosh; Intel Mac OS X 10_13_2) AppleWebKit/537.36 (KHTML, like Gecko) Chrome/80.0.3987.122 Safari/537.36"
[2020-03-18T02:11:02.611] [INFO] access - ::1 - - "POST /inter/findInterviewsByMonth HTTP/1.1" 200 1265 "http://localhost:3000/interview/index" "Mozilla/5.0 (Macintosh; Intel Mac OS X 10_13_2) AppleWebKit/537.36 (KHTML, like Gecko) Chrome/80.0.3987.122 Safari/537.36"
[2020-03-18T02:11:06.888] [INFO] access - ::1 - - "GET /teacher/getAllTeacher HTTP/1.1" 200 195 "http://localhost:3000/teacher/teacherList" "Mozilla/5.0 (Macintosh; Intel Mac OS X 10_13_2) AppleWebKit/537.36 (KHTML, like Gecko) Chrome/80.0.3987.122 Safari/537.36"
[2020-03-18T02:11:12.213] [INFO] access - ::1 - - "GET /teacher/getAllTeacher HTTP/1.1" 200 195 "http://localhost:3000/teacher/teacherList" "Mozilla/5.0 (Macintosh; Intel Mac OS X 10_13_2) AppleWebKit/537.36 (KHTML, like Gecko) Chrome/80.0.3987.122 Safari/537.36"
[2020-03-18T02:11:23.400] [INFO] access - ::1 - - "GET /course/allCourseType HTTP/1.1" 200 465 "http://localhost:3000/course/courseType" "Mozilla/5.0 (Macintosh; Intel Mac OS X 10_13_2) AppleWebKit/537.36 (KHTML, like Gecko) Chrome/80.0.3987.122 Safari/537.36"
[2020-03-18T02:11:29.414] [INFO] access - ::1 - - "GET /course/findAllCourseList HTTP/1.1" 200 1458 "http://localhost:3000/course/courseList" "Mozilla/5.0 (Macintosh; Intel Mac OS X 10_13_2) AppleWebKit/537.36 (KHTML, like Gecko) Chrome/80.0.3987.122 Safari/537.36"
[2020-03-18T02:11:33.065] [INFO] access - ::1 - - "GET /course/findAllCourseList HTTP/1.1" 200 1458 "http://localhost:3000/course/courseList" "Mozilla/5.0 (Macintosh; Intel Mac OS X 10_13_2) AppleWebKit/537.36 (KHTML, like Gecko) Chrome/80.0.3987.122 Safari/537.36"
[2020-03-18T02:11:36.996] [INFO] access - ::1 - - "GET /course/findAllCourseList HTTP/1.1" 200 1458 "http://localhost:3000/course/courseList" "Mozilla/5.0 (Macintosh; Intel Mac OS X 10_13_2) AppleWebKit/537.36 (KHTML, like Gecko) Chrome/80.0.3987.122 Safari/537.36"
[2020-03-18T02:11:40.392] [INFO] access - ::1 - - "GET /course/queryCourseById?id=24 HTTP/1.1" 200 106 "http://localhost:3000/course/addCourse/24" "Mozilla/5.0 (Macintosh; Intel Mac OS X 10_13_2) AppleWebKit/537.36 (KHTML, like Gecko) Chrome/80.0.3987.122 Safari/537.36"
[2020-03-18T02:11:44.713] [INFO] access - ::1 - - "GET /course/findAllCourseList HTTP/1.1" 200 1458 "http://localhost:3000/course/courseList" "Mozilla/5.0 (Macintosh; Intel Mac OS X 10_13_2) AppleWebKit/537.36 (KHTML, like Gecko) Chrome/80.0.3987.122 Safari/537.36"
[2020-03-18T02:11:50.164] [INFO] access - ::1 - - "GET /stu/allStudent HTTP/1.1" 200 2398 "http://localhost:3000/student/studentList" "Mozilla/5.0 (Macintosh; Intel Mac OS X 10_13_2) AppleWebKit/537.36 (KHTML, like Gecko) Chrome/80.0.3987.122 Safari/537.36"
[2020-03-18T02:11:57.700] [INFO] access - ::1 - - "GET /course/allCourseType HTTP/1.1" 200 465 "http://localhost:3000/course/courseType" "Mozilla/5.0 (Macintosh; Intel Mac OS X 10_13_2) AppleWebKit/537.36 (KHTML, like Gecko) Chrome/80.0.3987.122 Safari/537.36"
[2020-03-18T02:12:00.081] [INFO] access - ::1 - - "GET /stu/findAllCourseType HTTP/1.1" 200 83 "http://localhost:3000/student/addStudent" "Mozilla/5.0 (Macintosh; Intel Mac OS X 10_13_2) AppleWebKit/537.36 (KHTML, like Gecko) Chrome/80.0.3987.122 Safari/537.36"
[2020-03-18T02:12:04.780] [INFO] access - ::1 - - "GET /stu/allStudent HTTP/1.1" 200 2398 "http://localhost:3000/student/studentList" "Mozilla/5.0 (Macintosh; Intel Mac OS X 10_13_2) AppleWebKit/537.36 (KHTML, like Gecko) Chrome/80.0.3987.122 Safari/537.36"
[2020-03-18T02:12:15.366] [INFO] access - ::1 - - "GET /stu/findAllCourseType HTTP/1.1" 200 83 "http://localhost:3000/student/addStudent/56" "Mozilla/5.0 (Macintosh; Intel Mac OS X 10_13_2) AppleWebKit/537.36 (KHTML, like Gecko) Chrome/80.0.3987.122 Safari/537.36"
[2020-03-18T02:12:15.368] [INFO] access - ::1 - - "GET /stu/getStudentById/?id=56 HTTP/1.1" 200 215 "http://localhost:3000/student/addStudent/56" "Mozilla/5.0 (Macintosh; Intel Mac OS X 10_13_2) AppleWebKit/537.36 (KHTML, like Gecko) Chrome/80.0.3987.122 Safari/537.36"
[2020-03-18T02:12:16.915] [INFO] access - ::1 - - "GET /stu/allStudent HTTP/1.1" 200 2398 "http://localhost:3000/student/studentList" "Mozilla/5.0 (Macintosh; Intel Mac OS X 10_13_2) AppleWebKit/537.36 (KHTML, like Gecko) Chrome/80.0.3987.122 Safari/537.36"
[2020-03-18T02:12:17.437] [INFO] access - ::1 - - "GET /stu/findAllCourseType HTTP/1.1" 200 83 "http://localhost:3000/student/addStudent" "Mozilla/5.0 (Macintosh; Intel Mac OS X 10_13_2) AppleWebKit/537.36 (KHTML, like Gecko) Chrome/80.0.3987.122 Safari/537.36"
[2020-03-18T02:12:17.983] [INFO] access - ::1 - - "GET /stu/allStudent HTTP/1.1" 200 2398 "http://localhost:3000/student/studentList" "Mozilla/5.0 (Macintosh; Intel Mac OS X 10_13_2) AppleWebKit/537.36 (KHTML, like Gecko) Chrome/80.0.3987.122 Safari/537.36"
[2020-03-18T02:12:18.798] [INFO] access - ::1 - - "GET /stu/findAllCourseType HTTP/1.1" 200 83 "http://localhost:3000/student/addStudent" "Mozilla/5.0 (Macintosh; Intel Mac OS X 10_13_2) AppleWebKit/537.36 (KHTML, like Gecko) Chrome/80.0.3987.122 Safari/537.36"
[2020-03-18T02:12:19.244] [INFO] access - ::1 - - "GET /stu/allStudent HTTP/1.1" 200 2398 "http://localhost:3000/student/studentList" "Mozilla/5.0 (Macintosh; Intel Mac OS X 10_13_2) AppleWebKit/537.36 (KHTML, like Gecko) Chrome/80.0.3987.122 Safari/537.36"
[2020-03-18T02:12:19.831] [INFO] access - ::1 - - "GET /stu/findAllCourseType HTTP/1.1" 200 83 "http://localhost:3000/student/addStudent" "Mozilla/5.0 (Macintosh; Intel Mac OS X 10_13_2) AppleWebKit/537.36 (KHTML, like Gecko) Chrome/80.0.3987.122 Safari/537.36"
[2020-03-18T02:12:20.303] [INFO] access - ::1 - - "GET /stu/allStudent HTTP/1.1" 200 2398 "http://localhost:3000/student/studentList" "Mozilla/5.0 (Macintosh; Intel Mac OS X 10_13_2) AppleWebKit/537.36 (KHTML, like Gecko) Chrome/80.0.3987.122 Safari/537.36"
[2020-03-18T02:12:22.004] [INFO] access - ::1 - - "GET /course/allCourseType HTTP/1.1" 200 465 "http://localhost:3000/course/courseType" "Mozilla/5.0 (Macintosh; Intel Mac OS X 10_13_2) AppleWebKit/537.36 (KHTML, like Gecko) Chrome/80.0.3987.122 Safari/537.36"
[2020-03-18T02:12:23.039] [INFO] access - ::1 - - "GET /stu/allStudent HTTP/1.1" 200 2398 "http://localhost:3000/interview/index" "Mozilla/5.0 (Macintosh; Intel Mac OS X 10_13_2) AppleWebKit/537.36 (KHTML, like Gecko) Chrome/80.0.3987.122 Safari/537.36"
[2020-03-18T02:12:23.150] [INFO] access - ::1 - - "POST /inter/findInterviewsByMonth HTTP/1.1" 200 1265 "http://localhost:3000/interview/index" "Mozilla/5.0 (Macintosh; Intel Mac OS X 10_13_2) AppleWebKit/537.36 (KHTML, like Gecko) Chrome/80.0.3987.122 Safari/537.36"
[2020-03-18T02:12:24.218] [INFO] access - ::1 - - "GET /teacher/getAllTeacher HTTP/1.1" 200 195 "http://localhost:3000/teacher/teacherList" "Mozilla/5.0 (Macintosh; Intel Mac OS X 10_13_2) AppleWebKit/537.36 (KHTML, like Gecko) Chrome/80.0.3987.122 Safari/537.36"
[2020-03-18T02:12:25.248] [INFO] access - ::1 - - "GET /teacher/getAllTeacher HTTP/1.1" 200 195 "http://localhost:3000/teacher/teacherList" "Mozilla/5.0 (Macintosh; Intel Mac OS X 10_13_2) AppleWebKit/537.36 (KHTML, like Gecko) Chrome/80.0.3987.122 Safari/537.36"
[2020-03-18T02:12:27.799] [INFO] access - ::1 - - "GET /stu/allStudent HTTP/1.1" 200 2398 "http://localhost:3000/interview/index" "Mozilla/5.0 (Macintosh; Intel Mac OS X 10_13_2) AppleWebKit/537.36 (KHTML, like Gecko) Chrome/80.0.3987.122 Safari/537.36"
[2020-03-18T02:12:27.907] [INFO] access - ::1 - - "POST /inter/findInterviewsByMonth HTTP/1.1" 200 1265 "http://localhost:3000/interview/index" "Mozilla/5.0 (Macintosh; Intel Mac OS X 10_13_2) AppleWebKit/537.36 (KHTML, like Gecko) Chrome/80.0.3987.122 Safari/537.36"
[2020-03-18T02:12:29.060] [INFO] access - ::1 - - "GET /course/allCourseType HTTP/1.1" 200 465 "http://localhost:3000/course/courseType" "Mozilla/5.0 (Macintosh; Intel Mac OS X 10_13_2) AppleWebKit/537.36 (KHTML, like Gecko) Chrome/80.0.3987.122 Safari/537.36"
[2020-03-18T02:12:41.938] [INFO] access - ::1 - - "POST /course/addCourseType HTTP/1.1" 200 46 "http://localhost:3000/course/courseType" "Mozilla/5.0 (Macintosh; Intel Mac OS X 10_13_2) AppleWebKit/537.36 (KHTML, like Gecko) Chrome/80.0.3987.122 Safari/537.36"
[2020-03-18T02:12:42.002] [INFO] access - ::1 - - "GET /course/allCourseType HTTP/1.1" 200 493 "http://localhost:3000/course/courseType" "Mozilla/5.0 (Macintosh; Intel Mac OS X 10_13_2) AppleWebKit/537.36 (KHTML, like Gecko) Chrome/80.0.3987.122 Safari/537.36"
[2020-03-18T02:12:51.398] [INFO] access - ::1 - - "POST /course/updateCourseType HTTP/1.1" 200 200 "http://localhost:3000/course/courseType" "Mozilla/5.0 (Macintosh; Intel Mac OS X 10_13_2) AppleWebKit/537.36 (KHTML, like Gecko) Chrome/80.0.3987.122 Safari/537.36"
[2020-03-18T02:12:51.463] [INFO] access - ::1 - - "GET /course/allCourseType HTTP/1.1" 200 492 "http://localhost:3000/course/courseType" "Mozilla/5.0 (Macintosh; Intel Mac OS X 10_13_2) AppleWebKit/537.36 (KHTML, like Gecko) Chrome/80.0.3987.122 Safari/537.36"
[2020-03-18T02:13:00.589] [INFO] access - ::1 - - "GET /stu/allStudent HTTP/1.1" 200 2398 "http://localhost:3000/student/studentList" "Mozilla/5.0 (Macintosh; Intel Mac OS X 10_13_2) AppleWebKit/537.36 (KHTML, like Gecko) Chrome/80.0.3987.122 Safari/537.36"
[2020-03-18T02:13:01.183] [INFO] access - ::1 - - "GET /stu/findAllCourseType HTTP/1.1" 200 83 "http://localhost:3000/student/addStudent" "Mozilla/5.0 (Macintosh; Intel Mac OS X 10_13_2) AppleWebKit/537.36 (KHTML, like Gecko) Chrome/80.0.3987.122 Safari/537.36"
[2020-03-18T02:13:02.541] [INFO] access - ::1 - - "GET /course/findAllCourseList HTTP/1.1" 200 1458 "http://localhost:3000/course/courseList" "Mozilla/5.0 (Macintosh; Intel Mac OS X 10_13_2) AppleWebKit/537.36 (KHTML, like Gecko) Chrome/80.0.3987.122 Safari/537.36"
[2020-03-18T02:13:03.719] [INFO] access - ::1 - - "GET /course/allCourseType HTTP/1.1" 200 492 "http://localhost:3000/course/courseType" "Mozilla/5.0 (Macintosh; Intel Mac OS X 10_13_2) AppleWebKit/537.36 (KHTML, like Gecko) Chrome/80.0.3987.122 Safari/537.36"
[2020-03-18T22:22:59.947] [INFO] access - ::1 - - "POST /teacher/teaLogin HTTP/1.1" 200 60 "http://localhost:3001/login" "Mozilla/5.0 (Macintosh; Intel Mac OS X 10_13_2) AppleWebKit/537.36 (KHTML, like Gecko) Chrome/80.0.3987.122 Safari/537.36"
[2020-03-18T22:23:04.056] [INFO] access - ::1 - - "POST /teacher/teaLogin HTTP/1.1" 200 91 "http://localhost:3001/login" "Mozilla/5.0 (Macintosh; Intel Mac OS X 10_13_2) AppleWebKit/537.36 (KHTML, like Gecko) Chrome/80.0.3987.122 Safari/537.36"
[2020-03-18T22:23:04.151] [INFO] access - ::1 - - "GET /teacher/systemUserInfo HTTP/1.1" 200 91 "http://localhost:3001/" "Mozilla/5.0 (Macintosh; Intel Mac OS X 10_13_2) AppleWebKit/537.36 (KHTML, like Gecko) Chrome/80.0.3987.122 Safari/537.36"
[2020-03-18T22:23:04.259] [INFO] access - ::1 - - "GET /stu/allStudent HTTP/1.1" 200 2398 "http://localhost:3001/" "Mozilla/5.0 (Macintosh; Intel Mac OS X 10_13_2) AppleWebKit/537.36 (KHTML, like Gecko) Chrome/80.0.3987.122 Safari/537.36"
[2020-03-18T22:23:04.260] [INFO] access - ::1 - - "GET /course/findAllCourseList HTTP/1.1" 200 1458 "http://localhost:3001/" "Mozilla/5.0 (Macintosh; Intel Mac OS X 10_13_2) AppleWebKit/537.36 (KHTML, like Gecko) Chrome/80.0.3987.122 Safari/537.36"
[2020-03-18T22:23:04.261] [INFO] access - ::1 - - "GET /course/allCourseType HTTP/1.1" 200 492 "http://localhost:3001/" "Mozilla/5.0 (Macintosh; Intel Mac OS X 10_13_2) AppleWebKit/537.36 (KHTML, like Gecko) Chrome/80.0.3987.122 Safari/537.36"
[2020-03-18T22:23:04.262] [INFO] access - ::1 - - "GET /stu/getActiveStu HTTP/1.1" 200 1005 "http://localhost:3001/" "Mozilla/5.0 (Macintosh; Intel Mac OS X 10_13_2) AppleWebKit/537.36 (KHTML, like Gecko) Chrome/80.0.3987.122 Safari/537.36"
[2020-03-18T22:23:04.263] [INFO] access - ::1 - - "GET /inter/findNextInterview HTTP/1.1" 200 275 "http://localhost:3001/" "Mozilla/5.0 (Macintosh; Intel Mac OS X 10_13_2) AppleWebKit/537.36 (KHTML, like Gecko) Chrome/80.0.3987.122 Safari/537.36"
[2020-03-18T22:23:04.269] [INFO] access - ::1 - - "GET /stu/allStudent HTTP/1.1" 200 2398 "http://localhost:3001/" "Mozilla/5.0 (Macintosh; Intel Mac OS X 10_13_2) AppleWebKit/537.36 (KHTML, like Gecko) Chrome/80.0.3987.122 Safari/537.36"
[2020-03-18T22:23:04.272] [INFO] access - ::1 - - "GET /course/findAllCourseList HTTP/1.1" 200 1458 "http://localhost:3001/" "Mozilla/5.0 (Macintosh; Intel Mac OS X 10_13_2) AppleWebKit/537.36 (KHTML, like Gecko) Chrome/80.0.3987.122 Safari/537.36"
[2020-03-18T22:23:06.458] [INFO] access - ::1 - - "GET /stu/allStudent HTTP/1.1" 200 2398 "http://localhost:3001/student/studentList" "Mozilla/5.0 (Macintosh; Intel Mac OS X 10_13_2) AppleWebKit/537.36 (KHTML, like Gecko) Chrome/80.0.3987.122 Safari/537.36"
[2020-03-18T22:23:07.595] [INFO] access - ::1 - - "GET /stu/findAllCourseType HTTP/1.1" 200 83 "http://localhost:3001/student/addStudent" "Mozilla/5.0 (Macintosh; Intel Mac OS X 10_13_2) AppleWebKit/537.36 (KHTML, like Gecko) Chrome/80.0.3987.122 Safari/537.36"
[2020-03-18T22:23:09.832] [INFO] access - ::1 - - "GET /course/findAllCourseList HTTP/1.1" 200 1458 "http://localhost:3001/home" "Mozilla/5.0 (Macintosh; Intel Mac OS X 10_13_2) AppleWebKit/537.36 (KHTML, like Gecko) Chrome/80.0.3987.122 Safari/537.36"
[2020-03-18T22:23:09.832] [INFO] access - ::1 - - "GET /stu/getActiveStu HTTP/1.1" 200 1005 "http://localhost:3001/home" "Mozilla/5.0 (Macintosh; Intel Mac OS X 10_13_2) AppleWebKit/537.36 (KHTML, like Gecko) Chrome/80.0.3987.122 Safari/537.36"
[2020-03-18T22:23:09.834] [INFO] access - ::1 - - "GET /stu/allStudent HTTP/1.1" 200 2398 "http://localhost:3001/home" "Mozilla/5.0 (Macintosh; Intel Mac OS X 10_13_2) AppleWebKit/537.36 (KHTML, like Gecko) Chrome/80.0.3987.122 Safari/537.36"
[2020-03-18T22:23:09.835] [INFO] access - ::1 - - "GET /inter/findNextInterview HTTP/1.1" 200 275 "http://localhost:3001/home" "Mozilla/5.0 (Macintosh; Intel Mac OS X 10_13_2) AppleWebKit/537.36 (KHTML, like Gecko) Chrome/80.0.3987.122 Safari/537.36"
[2020-03-18T22:23:09.836] [INFO] access - ::1 - - "GET /course/allCourseType HTTP/1.1" 200 492 "http://localhost:3001/home" "Mozilla/5.0 (Macintosh; Intel Mac OS X 10_13_2) AppleWebKit/537.36 (KHTML, like Gecko) Chrome/80.0.3987.122 Safari/537.36"
[2020-03-18T22:23:09.839] [INFO] access - ::1 - - "GET /course/findAllCourseList HTTP/1.1" 200 1458 "http://localhost:3001/home" "Mozilla/5.0 (Macintosh; Intel Mac OS X 10_13_2) AppleWebKit/537.36 (KHTML, like Gecko) Chrome/80.0.3987.122 Safari/537.36"
[2020-03-18T22:23:09.842] [INFO] access - ::1 - - "GET /stu/allStudent HTTP/1.1" 200 2398 "http://localhost:3001/home" "Mozilla/5.0 (Macintosh; Intel Mac OS X 10_13_2) AppleWebKit/537.36 (KHTML, like Gecko) Chrome/80.0.3987.122 Safari/537.36"
[2020-03-18T22:23:13.479] [INFO] access - ::1 - - "GET /course/findAllCourseList HTTP/1.1" 200 1458 "http://localhost:3001/course/courseList" "Mozilla/5.0 (Macintosh; Intel Mac OS X 10_13_2) AppleWebKit/537.36 (KHTML, like Gecko) Chrome/80.0.3987.122 Safari/537.36"
[2020-03-18T22:23:17.189] [INFO] access - ::1 - - "GET /stu/allStudent HTTP/1.1" 200 2398 "http://localhost:3001/student/studentList" "Mozilla/5.0 (Macintosh; Intel Mac OS X 10_13_2) AppleWebKit/537.36 (KHTML, like Gecko) Chrome/80.0.3987.122 Safari/537.36"
[2020-03-18T22:25:47.520] [INFO] access - ::1 - - "GET /stu/findAllCourseType HTTP/1.1" 200 83 "http://localhost:3001/student/addStudent" "Mozilla/5.0 (Macintosh; Intel Mac OS X 10_13_2) AppleWebKit/537.36 (KHTML, like Gecko) Chrome/80.0.3987.122 Safari/537.36"
[2020-03-18T22:25:55.564] [INFO] access - ::1 - - "GET /teacher/systemUserInfo HTTP/1.1" 200 91 "http://localhost:3001/student/addStudent" "Mozilla/5.0 (Macintosh; Intel Mac OS X 10_13_2) AppleWebKit/537.36 (KHTML, like Gecko) Chrome/80.0.3987.122 Safari/537.36"
[2020-03-18T22:25:55.673] [INFO] access - ::1 - - "GET /stu/findAllCourseType HTTP/1.1" 200 83 "http://localhost:3001/student/addStudent" "Mozilla/5.0 (Macintosh; Intel Mac OS X 10_13_2) AppleWebKit/537.36 (KHTML, like Gecko) Chrome/80.0.3987.122 Safari/537.36"
[2020-03-18T22:26:57.242] [INFO] access - ::1 - - "GET /teacher/systemUserInfo HTTP/1.1" 200 91 "http://localhost:3001/student/addStudent" "Mozilla/5.0 (Macintosh; Intel Mac OS X 10_13_2) AppleWebKit/537.36 (KHTML, like Gecko) Chrome/80.0.3987.122 Safari/537.36"
[2020-03-18T22:26:57.353] [INFO] access - ::1 - - "GET /stu/findAllCourseType HTTP/1.1" 200 83 "http://localhost:3001/student/addStudent" "Mozilla/5.0 (Macintosh; Intel Mac OS X 10_13_2) AppleWebKit/537.36 (KHTML, like Gecko) Chrome/80.0.3987.122 Safari/537.36"
[2020-03-18T22:28:00.433] [INFO] access - ::1 - - "GET /teacher/systemUserInfo HTTP/1.1" 200 91 "http://localhost:3001/student/addStudent" "Mozilla/5.0 (Macintosh; Intel Mac OS X 10_13_2) AppleWebKit/537.36 (KHTML, like Gecko) Chrome/80.0.3987.122 Safari/537.36"
[2020-03-18T22:28:00.543] [INFO] access - ::1 - - "GET /stu/findAllCourseType HTTP/1.1" 200 83 "http://localhost:3001/student/addStudent" "Mozilla/5.0 (Macintosh; Intel Mac OS X 10_13_2) AppleWebKit/537.36 (KHTML, like Gecko) Chrome/80.0.3987.122 Safari/537.36"
[2020-03-18T22:28:22.633] [INFO] access - ::1 - - "GET /teacher/systemUserInfo HTTP/1.1" 200 91 "http://localhost:3001/student/addStudent" "Mozilla/5.0 (Macintosh; Intel Mac OS X 10_13_2) AppleWebKit/537.36 (KHTML, like Gecko) Chrome/80.0.3987.122 Safari/537.36"
[2020-03-18T22:28:22.740] [INFO] access - ::1 - - "GET /stu/findAllCourseType HTTP/1.1" 200 83 "http://localhost:3001/student/addStudent" "Mozilla/5.0 (Macintosh; Intel Mac OS X 10_13_2) AppleWebKit/537.36 (KHTML, like Gecko) Chrome/80.0.3987.122 Safari/537.36"
[2020-03-18T22:29:52.501] [INFO] access - ::1 - - "GET /teacher/systemUserInfo HTTP/1.1" 200 91 "http://localhost:3001/student/addStudent" "Mozilla/5.0 (Macintosh; Intel Mac OS X 10_13_2) AppleWebKit/537.36 (KHTML, like Gecko) Chrome/80.0.3987.122 Safari/537.36"
[2020-03-18T22:29:52.606] [INFO] access - ::1 - - "GET /stu/findAllCourseType HTTP/1.1" 200 83 "http://localhost:3001/student/addStudent" "Mozilla/5.0 (Macintosh; Intel Mac OS X 10_13_2) AppleWebKit/537.36 (KHTML, like Gecko) Chrome/80.0.3987.122 Safari/537.36"
[2020-03-18T22:31:08.143] [INFO] access - ::1 - - "GET /teacher/systemUserInfo HTTP/1.1" 200 91 "http://localhost:3001/student/addStudent" "Mozilla/5.0 (Macintosh; Intel Mac OS X 10_13_2) AppleWebKit/537.36 (KHTML, like Gecko) Chrome/80.0.3987.122 Safari/537.36"
[2020-03-18T22:31:08.260] [INFO] access - ::1 - - "GET /stu/findAllCourseType HTTP/1.1" 200 83 "http://localhost:3001/student/addStudent" "Mozilla/5.0 (Macintosh; Intel Mac OS X 10_13_2) AppleWebKit/537.36 (KHTML, like Gecko) Chrome/80.0.3987.122 Safari/537.36"
[2020-03-18T22:31:25.360] [INFO] access - ::1 - - "GET /teacher/systemUserInfo HTTP/1.1" 200 91 "http://localhost:3001/student/addStudent" "Mozilla/5.0 (Macintosh; Intel Mac OS X 10_13_2) AppleWebKit/537.36 (KHTML, like Gecko) Chrome/80.0.3987.122 Safari/537.36"
[2020-03-18T22:31:25.468] [INFO] access - ::1 - - "GET /stu/findAllCourseType HTTP/1.1" 200 83 "http://localhost:3001/student/addStudent" "Mozilla/5.0 (Macintosh; Intel Mac OS X 10_13_2) AppleWebKit/537.36 (KHTML, like Gecko) Chrome/80.0.3987.122 Safari/537.36"
[2020-03-18T22:32:00.556] [INFO] access - ::1 - - "GET /teacher/systemUserInfo HTTP/1.1" 200 91 "http://localhost:3001/student/addStudent" "Mozilla/5.0 (Macintosh; Intel Mac OS X 10_13_2) AppleWebKit/537.36 (KHTML, like Gecko) Chrome/80.0.3987.122 Safari/537.36"
[2020-03-18T22:32:00.663] [INFO] access - ::1 - - "GET /stu/findAllCourseType HTTP/1.1" 200 83 "http://localhost:3001/student/addStudent" "Mozilla/5.0 (Macintosh; Intel Mac OS X 10_13_2) AppleWebKit/537.36 (KHTML, like Gecko) Chrome/80.0.3987.122 Safari/537.36"
[2020-03-18T22:34:04.538] [INFO] access - ::1 - - "GET /teacher/systemUserInfo HTTP/1.1" 200 91 "http://localhost:3001/student/addStudent" "Mozilla/5.0 (Macintosh; Intel Mac OS X 10_13_2) AppleWebKit/537.36 (KHTML, like Gecko) Chrome/80.0.3987.122 Safari/537.36"
[2020-03-18T22:34:04.642] [INFO] access - ::1 - - "GET /stu/findAllCourseType HTTP/1.1" 200 83 "http://localhost:3001/student/addStudent" "Mozilla/5.0 (Macintosh; Intel Mac OS X 10_13_2) AppleWebKit/537.36 (KHTML, like Gecko) Chrome/80.0.3987.122 Safari/537.36"
[2020-03-18T22:34:24.283] [INFO] access - ::1 - - "GET /teacher/systemUserInfo HTTP/1.1" 200 91 "http://localhost:3001/student/addStudent" "Mozilla/5.0 (Macintosh; Intel Mac OS X 10_13_2) AppleWebKit/537.36 (KHTML, like Gecko) Chrome/80.0.3987.122 Safari/537.36"
[2020-03-18T22:34:24.401] [INFO] access - ::1 - - "GET /stu/findAllCourseType HTTP/1.1" 200 83 "http://localhost:3001/student/addStudent" "Mozilla/5.0 (Macintosh; Intel Mac OS X 10_13_2) AppleWebKit/537.36 (KHTML, like Gecko) Chrome/80.0.3987.122 Safari/537.36"
[2020-03-18T22:36:11.669] [INFO] access - ::1 - - "GET /teacher/systemUserInfo HTTP/1.1" 200 91 "http://localhost:3001/student/addStudent" "Mozilla/5.0 (Macintosh; Intel Mac OS X 10_13_2) AppleWebKit/537.36 (KHTML, like Gecko) Chrome/80.0.3987.122 Safari/537.36"
[2020-03-18T22:36:11.780] [INFO] access - ::1 - - "GET /stu/findAllCourseType HTTP/1.1" 200 83 "http://localhost:3001/student/addStudent" "Mozilla/5.0 (Macintosh; Intel Mac OS X 10_13_2) AppleWebKit/537.36 (KHTML, like Gecko) Chrome/80.0.3987.122 Safari/537.36"
[2020-03-18T22:39:36.639] [INFO] access - ::1 - - "GET /teacher/systemUserInfo HTTP/1.1" 200 91 "http://localhost:3001/student/addStudent" "Mozilla/5.0 (Macintosh; Intel Mac OS X 10_13_2) AppleWebKit/537.36 (KHTML, like Gecko) Chrome/80.0.3987.122 Safari/537.36"
[2020-03-18T22:39:36.770] [INFO] access - ::1 - - "GET /stu/findAllCourseType HTTP/1.1" 200 83 "http://localhost:3001/student/addStudent" "Mozilla/5.0 (Macintosh; Intel Mac OS X 10_13_2) AppleWebKit/537.36 (KHTML, like Gecko) Chrome/80.0.3987.122 Safari/537.36"
[2020-03-18T22:40:16.627] [INFO] access - ::1 - - "GET /teacher/systemUserInfo HTTP/1.1" 200 91 "http://localhost:3001/student/addStudent" "Mozilla/5.0 (Macintosh; Intel Mac OS X 10_13_2) AppleWebKit/537.36 (KHTML, like Gecko) Chrome/80.0.3987.122 Safari/537.36"
[2020-03-18T22:40:16.755] [INFO] access - ::1 - - "GET /stu/findAllCourseType HTTP/1.1" 200 83 "http://localhost:3001/student/addStudent" "Mozilla/5.0 (Macintosh; Intel Mac OS X 10_13_2) AppleWebKit/537.36 (KHTML, like Gecko) Chrome/80.0.3987.122 Safari/537.36"
[2020-03-18T22:40:27.756] [INFO] access - ::1 - - "GET /teacher/systemUserInfo HTTP/1.1" 200 91 "http://localhost:3001/student/addStudent" "Mozilla/5.0 (Macintosh; Intel Mac OS X 10_13_2) AppleWebKit/537.36 (KHTML, like Gecko) Chrome/80.0.3987.122 Safari/537.36"
[2020-03-18T22:40:27.867] [INFO] access - ::1 - - "GET /stu/findAllCourseType HTTP/1.1" 200 83 "http://localhost:3001/student/addStudent" "Mozilla/5.0 (Macintosh; Intel Mac OS X 10_13_2) AppleWebKit/537.36 (KHTML, like Gecko) Chrome/80.0.3987.122 Safari/537.36"
[2020-03-18T22:41:19.074] [INFO] access - ::1 - - "GET /teacher/systemUserInfo HTTP/1.1" 200 91 "http://localhost:3001/student/addStudent" "Mozilla/5.0 (Macintosh; Intel Mac OS X 10_13_2) AppleWebKit/537.36 (KHTML, like Gecko) Chrome/80.0.3987.122 Safari/537.36"
[2020-03-18T22:42:01.165] [INFO] access - ::1 - - "GET /teacher/systemUserInfo HTTP/1.1" 200 91 "http://localhost:3001/student/addStudent" "Mozilla/5.0 (Macintosh; Intel Mac OS X 10_13_2) AppleWebKit/537.36 (KHTML, like Gecko) Chrome/80.0.3987.122 Safari/537.36"
[2020-03-18T22:42:01.276] [INFO] access - ::1 - - "GET /stu/findAllCourseType HTTP/1.1" 200 83 "http://localhost:3001/student/addStudent" "Mozilla/5.0 (Macintosh; Intel Mac OS X 10_13_2) AppleWebKit/537.36 (KHTML, like Gecko) Chrome/80.0.3987.122 Safari/537.36"
[2020-03-18T22:42:33.757] [INFO] access - ::1 - - "GET /teacher/systemUserInfo HTTP/1.1" 200 91 "http://localhost:3001/student/addStudent" "Mozilla/5.0 (Macintosh; Intel Mac OS X 10_13_2) AppleWebKit/537.36 (KHTML, like Gecko) Chrome/80.0.3987.122 Safari/537.36"
[2020-03-18T22:42:33.861] [INFO] access - ::1 - - "GET /stu/findAllCourseType HTTP/1.1" 200 83 "http://localhost:3001/student/addStudent" "Mozilla/5.0 (Macintosh; Intel Mac OS X 10_13_2) AppleWebKit/537.36 (KHTML, like Gecko) Chrome/80.0.3987.122 Safari/537.36"
[2020-03-18T22:43:00.589] [INFO] access - ::1 - - "GET /teacher/systemUserInfo HTTP/1.1" 200 91 "http://localhost:3001/student/addStudent" "Mozilla/5.0 (Macintosh; Intel Mac OS X 10_13_2) AppleWebKit/537.36 (KHTML, like Gecko) Chrome/80.0.3987.122 Safari/537.36"
[2020-03-18T22:44:31.800] [INFO] access - ::1 - - "GET /teacher/systemUserInfo HTTP/1.1" 200 91 "http://localhost:3001/student/addStudent" "Mozilla/5.0 (Macintosh; Intel Mac OS X 10_13_2) AppleWebKit/537.36 (KHTML, like Gecko) Chrome/80.0.3987.122 Safari/537.36"
[2020-03-18T22:44:31.917] [INFO] access - ::1 - - "GET /stu/findAllCourseType HTTP/1.1" 200 83 "http://localhost:3001/student/addStudent" "Mozilla/5.0 (Macintosh; Intel Mac OS X 10_13_2) AppleWebKit/537.36 (KHTML, like Gecko) Chrome/80.0.3987.122 Safari/537.36"
[2020-03-18T22:45:10.663] [INFO] access - ::1 - - "GET /teacher/systemUserInfo HTTP/1.1" 200 91 "http://localhost:3001/student/addStudent" "Mozilla/5.0 (Macintosh; Intel Mac OS X 10_13_2) AppleWebKit/537.36 (KHTML, like Gecko) Chrome/80.0.3987.122 Safari/537.36"
[2020-03-18T22:45:10.769] [INFO] access - ::1 - - "GET /stu/findAllCourseType HTTP/1.1" 200 83 "http://localhost:3001/student/addStudent" "Mozilla/5.0 (Macintosh; Intel Mac OS X 10_13_2) AppleWebKit/537.36 (KHTML, like Gecko) Chrome/80.0.3987.122 Safari/537.36"
[2020-03-18T22:46:03.549] [INFO] access - ::1 - - "GET /teacher/systemUserInfo HTTP/1.1" 200 91 "http://localhost:3001/student/addStudent" "Mozilla/5.0 (Macintosh; Intel Mac OS X 10_13_2) AppleWebKit/537.36 (KHTML, like Gecko) Chrome/80.0.3987.122 Safari/537.36"
[2020-03-18T22:46:03.663] [INFO] access - ::1 - - "GET /stu/findAllCourseType HTTP/1.1" 200 83 "http://localhost:3001/student/addStudent" "Mozilla/5.0 (Macintosh; Intel Mac OS X 10_13_2) AppleWebKit/537.36 (KHTML, like Gecko) Chrome/80.0.3987.122 Safari/537.36"
[2020-03-18T22:46:19.429] [INFO] access - ::1 - - "GET /teacher/systemUserInfo HTTP/1.1" 200 91 "http://localhost:3001/student/addStudent" "Mozilla/5.0 (Macintosh; Intel Mac OS X 10_13_2) AppleWebKit/537.36 (KHTML, like Gecko) Chrome/80.0.3987.122 Safari/537.36"
[2020-03-18T22:46:19.542] [INFO] access - ::1 - - "GET /stu/findAllCourseType HTTP/1.1" 200 83 "http://localhost:3001/student/addStudent" "Mozilla/5.0 (Macintosh; Intel Mac OS X 10_13_2) AppleWebKit/537.36 (KHTML, like Gecko) Chrome/80.0.3987.122 Safari/537.36"
[2020-03-18T22:47:04.468] [INFO] access - ::1 - - "GET /teacher/systemUserInfo HTTP/1.1" 200 91 "http://localhost:3001/student/addStudent" "Mozilla/5.0 (Macintosh; Intel Mac OS X 10_13_2) AppleWebKit/537.36 (KHTML, like Gecko) Chrome/80.0.3987.122 Safari/537.36"
[2020-03-18T22:47:04.566] [INFO] access - ::1 - - "GET /stu/findAllCourseType HTTP/1.1" 200 83 "http://localhost:3001/student/addStudent" "Mozilla/5.0 (Macintosh; Intel Mac OS X 10_13_2) AppleWebKit/537.36 (KHTML, like Gecko) Chrome/80.0.3987.122 Safari/537.36"
[2020-03-18T22:47:21.155] [INFO] access - ::1 - - "GET /teacher/systemUserInfo HTTP/1.1" 200 91 "http://localhost:3001/student/addStudent" "Mozilla/5.0 (Macintosh; Intel Mac OS X 10_13_2) AppleWebKit/537.36 (KHTML, like Gecko) Chrome/80.0.3987.122 Safari/537.36"
[2020-03-18T22:47:21.257] [INFO] access - ::1 - - "GET /stu/findAllCourseType HTTP/1.1" 200 83 "http://localhost:3001/student/addStudent" "Mozilla/5.0 (Macintosh; Intel Mac OS X 10_13_2) AppleWebKit/537.36 (KHTML, like Gecko) Chrome/80.0.3987.122 Safari/537.36"
[2020-03-18T22:47:50.243] [INFO] access - ::1 - - "GET /teacher/systemUserInfo HTTP/1.1" 200 91 "http://localhost:3001/student/addStudent" "Mozilla/5.0 (Macintosh; Intel Mac OS X 10_13_2) AppleWebKit/537.36 (KHTML, like Gecko) Chrome/80.0.3987.122 Safari/537.36"
[2020-03-18T22:47:50.352] [INFO] access - ::1 - - "GET /stu/findAllCourseType HTTP/1.1" 200 83 "http://localhost:3001/student/addStudent" "Mozilla/5.0 (Macintosh; Intel Mac OS X 10_13_2) AppleWebKit/537.36 (KHTML, like Gecko) Chrome/80.0.3987.122 Safari/537.36"
[2020-03-18T22:48:33.040] [INFO] access - ::1 - - "GET /teacher/systemUserInfo HTTP/1.1" 200 91 "http://localhost:3001/student/addStudent" "Mozilla/5.0 (Macintosh; Intel Mac OS X 10_13_2) AppleWebKit/537.36 (KHTML, like Gecko) Chrome/80.0.3987.122 Safari/537.36"
[2020-03-18T22:48:33.162] [INFO] access - ::1 - - "GET /stu/findAllCourseType HTTP/1.1" 200 83 "http://localhost:3001/student/addStudent" "Mozilla/5.0 (Macintosh; Intel Mac OS X 10_13_2) AppleWebKit/537.36 (KHTML, like Gecko) Chrome/80.0.3987.122 Safari/537.36"
[2020-03-18T22:50:15.241] [INFO] access - ::1 - - "GET /teacher/systemUserInfo HTTP/1.1" 200 91 "http://localhost:3001/student/addStudent" "Mozilla/5.0 (Macintosh; Intel Mac OS X 10_13_2) AppleWebKit/537.36 (KHTML, like Gecko) Chrome/80.0.3987.122 Safari/537.36"
[2020-03-18T22:50:15.366] [INFO] access - ::1 - - "GET /stu/findAllCourseType HTTP/1.1" 200 83 "http://localhost:3001/student/addStudent" "Mozilla/5.0 (Macintosh; Intel Mac OS X 10_13_2) AppleWebKit/537.36 (KHTML, like Gecko) Chrome/80.0.3987.122 Safari/537.36"
[2020-03-18T22:51:25.083] [INFO] access - ::1 - - "GET /teacher/systemUserInfo HTTP/1.1" 200 91 "http://localhost:3001/student/addStudent" "Mozilla/5.0 (Macintosh; Intel Mac OS X 10_13_2) AppleWebKit/537.36 (KHTML, like Gecko) Chrome/80.0.3987.122 Safari/537.36"
[2020-03-18T22:51:25.192] [INFO] access - ::1 - - "GET /stu/findAllCourseType HTTP/1.1" 200 83 "http://localhost:3001/student/addStudent" "Mozilla/5.0 (Macintosh; Intel Mac OS X 10_13_2) AppleWebKit/537.36 (KHTML, like Gecko) Chrome/80.0.3987.122 Safari/537.36"
[2020-03-18T22:52:47.496] [INFO] access - ::1 - - "GET /teacher/systemUserInfo HTTP/1.1" 200 91 "http://localhost:3001/student/addStudent" "Mozilla/5.0 (Macintosh; Intel Mac OS X 10_13_2) AppleWebKit/537.36 (KHTML, like Gecko) Chrome/80.0.3987.122 Safari/537.36"
[2020-03-18T22:52:47.607] [INFO] access - ::1 - - "GET /stu/findAllCourseType HTTP/1.1" 200 83 "http://localhost:3001/student/addStudent" "Mozilla/5.0 (Macintosh; Intel Mac OS X 10_13_2) AppleWebKit/537.36 (KHTML, like Gecko) Chrome/80.0.3987.122 Safari/537.36"
[2020-03-18T22:53:02.992] [INFO] access - ::1 - - "GET /teacher/systemUserInfo HTTP/1.1" 200 91 "http://localhost:3001/student/addStudent" "Mozilla/5.0 (Macintosh; Intel Mac OS X 10_13_2) AppleWebKit/537.36 (KHTML, like Gecko) Chrome/80.0.3987.122 Safari/537.36"
[2020-03-18T22:53:03.145] [INFO] access - ::1 - - "GET /stu/findAllCourseType HTTP/1.1" 200 83 "http://localhost:3001/student/addStudent" "Mozilla/5.0 (Macintosh; Intel Mac OS X 10_13_2) AppleWebKit/537.36 (KHTML, like Gecko) Chrome/80.0.3987.122 Safari/537.36"
[2020-03-18T22:53:39.559] [INFO] access - ::1 - - "GET /teacher/systemUserInfo HTTP/1.1" 200 91 "http://localhost:3001/student/addStudent" "Mozilla/5.0 (Macintosh; Intel Mac OS X 10_13_2) AppleWebKit/537.36 (KHTML, like Gecko) Chrome/80.0.3987.122 Safari/537.36"
[2020-03-18T22:53:39.668] [INFO] access - ::1 - - "GET /stu/findAllCourseType HTTP/1.1" 200 83 "http://localhost:3001/student/addStudent" "Mozilla/5.0 (Macintosh; Intel Mac OS X 10_13_2) AppleWebKit/537.36 (KHTML, like Gecko) Chrome/80.0.3987.122 Safari/537.36"
[2020-03-18T22:53:42.751] [INFO] access - ::1 - - "GET /stu/allStudent HTTP/1.1" 200 2398 "http://localhost:3001/student/studentList" "Mozilla/5.0 (Macintosh; Intel Mac OS X 10_13_2) AppleWebKit/537.36 (KHTML, like Gecko) Chrome/80.0.3987.122 Safari/537.36"
[2020-03-18T22:53:43.618] [INFO] access - ::1 - - "GET /stu/findAllCourseType HTTP/1.1" 200 83 "http://localhost:3001/student/addStudent" "Mozilla/5.0 (Macintosh; Intel Mac OS X 10_13_2) AppleWebKit/537.36 (KHTML, like Gecko) Chrome/80.0.3987.122 Safari/537.36"
[2020-03-18T22:53:53.708] [INFO] access - ::1 - - "POST /stu/addStudent HTTP/1.1" 200 46 "http://localhost:3001/student/addStudent" "Mozilla/5.0 (Macintosh; Intel Mac OS X 10_13_2) AppleWebKit/537.36 (KHTML, like Gecko) Chrome/80.0.3987.122 Safari/537.36"
[2020-03-18T22:53:55.674] [INFO] access - ::1 - - "GET /stu/allStudent HTTP/1.1" 200 2578 "http://localhost:3001/student/studentList" "Mozilla/5.0 (Macintosh; Intel Mac OS X 10_13_2) AppleWebKit/537.36 (KHTML, like Gecko) Chrome/80.0.3987.122 Safari/537.36"
[2020-03-18T22:58:50.897] [INFO] access - ::1 - - "GET /stu/findAllCourseType HTTP/1.1" 200 83 "http://localhost:3001/student/addStudent" "Mozilla/5.0 (Macintosh; Intel Mac OS X 10_13_2) AppleWebKit/537.36 (KHTML, like Gecko) Chrome/80.0.3987.122 Safari/537.36"
[2020-03-18T22:58:54.227] [INFO] access - ::1 - - "GET /stu/allStudent HTTP/1.1" 200 2578 "http://localhost:3001/student/studentList" "Mozilla/5.0 (Macintosh; Intel Mac OS X 10_13_2) AppleWebKit/537.36 (KHTML, like Gecko) Chrome/80.0.3987.122 Safari/537.36"
[2020-03-18T22:58:56.662] [INFO] access - ::1 - - "GET /stu/findAllCourseType HTTP/1.1" 200 83 "http://localhost:3001/student/addStudent/57" "Mozilla/5.0 (Macintosh; Intel Mac OS X 10_13_2) AppleWebKit/537.36 (KHTML, like Gecko) Chrome/80.0.3987.122 Safari/537.36"
[2020-03-18T22:58:56.663] [INFO] access - ::1 - - "GET /stu/getStudentById/?id=57 HTTP/1.1" 200 213 "http://localhost:3001/student/addStudent/57" "Mozilla/5.0 (Macintosh; Intel Mac OS X 10_13_2) AppleWebKit/537.36 (KHTML, like Gecko) Chrome/80.0.3987.122 Safari/537.36"
[2020-03-18T23:02:36.804] [INFO] access - ::1 - - "GET /teacher/systemUserInfo HTTP/1.1" 200 91 "http://localhost:3001/student/addStudent/57" "Mozilla/5.0 (Macintosh; Intel Mac OS X 10_13_2) AppleWebKit/537.36 (KHTML, like Gecko) Chrome/80.0.3987.122 Safari/537.36"
[2020-03-18T23:02:36.941] [INFO] access - ::1 - - "GET /stu/findAllCourseType HTTP/1.1" 200 83 "http://localhost:3001/student/addStudent/57" "Mozilla/5.0 (Macintosh; Intel Mac OS X 10_13_2) AppleWebKit/537.36 (KHTML, like Gecko) Chrome/80.0.3987.122 Safari/537.36"
[2020-03-18T23:02:36.943] [INFO] access - ::1 - - "GET /stu/getStudentById/?id=57 HTTP/1.1" 200 213 "http://localhost:3001/student/addStudent/57" "Mozilla/5.0 (Macintosh; Intel Mac OS X 10_13_2) AppleWebKit/537.36 (KHTML, like Gecko) Chrome/80.0.3987.122 Safari/537.36"
[2020-03-18T23:03:24.766] [INFO] access - ::1 - - "GET /teacher/systemUserInfo HTTP/1.1" 200 91 "http://localhost:3001/student/addStudent/57" "Mozilla/5.0 (Macintosh; Intel Mac OS X 10_13_2) AppleWebKit/537.36 (KHTML, like Gecko) Chrome/80.0.3987.122 Safari/537.36"
[2020-03-18T23:03:24.889] [INFO] access - ::1 - - "GET /stu/findAllCourseType HTTP/1.1" 200 83 "http://localhost:3001/student/addStudent/57" "Mozilla/5.0 (Macintosh; Intel Mac OS X 10_13_2) AppleWebKit/537.36 (KHTML, like Gecko) Chrome/80.0.3987.122 Safari/537.36"
[2020-03-18T23:03:24.892] [INFO] access - ::1 - - "GET /stu/getStudentById/?id=57 HTTP/1.1" 200 213 "http://localhost:3001/student/addStudent/57" "Mozilla/5.0 (Macintosh; Intel Mac OS X 10_13_2) AppleWebKit/537.36 (KHTML, like Gecko) Chrome/80.0.3987.122 Safari/537.36"
[2020-03-18T23:03:33.675] [INFO] access - ::1 - - "GET /stu/allStudent HTTP/1.1" 200 2578 "http://localhost:3001/home" "Mozilla/5.0 (Macintosh; Intel Mac OS X 10_13_2) AppleWebKit/537.36 (KHTML, like Gecko) Chrome/80.0.3987.122 Safari/537.36"
[2020-03-18T23:03:33.684] [INFO] access - ::1 - - "GET /stu/getActiveStu HTTP/1.1" 200 1167 "http://localhost:3001/home" "Mozilla/5.0 (Macintosh; Intel Mac OS X 10_13_2) AppleWebKit/537.36 (KHTML, like Gecko) Chrome/80.0.3987.122 Safari/537.36"
[2020-03-18T23:03:33.693] [INFO] access - ::1 - - "GET /course/findAllCourseList HTTP/1.1" 200 1458 "http://localhost:3001/home" "Mozilla/5.0 (Macintosh; Intel Mac OS X 10_13_2) AppleWebKit/537.36 (KHTML, like Gecko) Chrome/80.0.3987.122 Safari/537.36"
[2020-03-18T23:03:33.702] [INFO] access - ::1 - - "GET /inter/findNextInterview HTTP/1.1" 200 275 "http://localhost:3001/home" "Mozilla/5.0 (Macintosh; Intel Mac OS X 10_13_2) AppleWebKit/537.36 (KHTML, like Gecko) Chrome/80.0.3987.122 Safari/537.36"
[2020-03-18T23:03:33.704] [INFO] access - ::1 - - "GET /stu/allStudent HTTP/1.1" 200 2578 "http://localhost:3001/home" "Mozilla/5.0 (Macintosh; Intel Mac OS X 10_13_2) AppleWebKit/537.36 (KHTML, like Gecko) Chrome/80.0.3987.122 Safari/537.36"
[2020-03-18T23:03:33.705] [INFO] access - ::1 - - "GET /course/allCourseType HTTP/1.1" 200 492 "http://localhost:3001/home" "Mozilla/5.0 (Macintosh; Intel Mac OS X 10_13_2) AppleWebKit/537.36 (KHTML, like Gecko) Chrome/80.0.3987.122 Safari/537.36"
[2020-03-18T23:03:33.707] [INFO] access - ::1 - - "GET /course/findAllCourseList HTTP/1.1" 200 1458 "http://localhost:3001/home" "Mozilla/5.0 (Macintosh; Intel Mac OS X 10_13_2) AppleWebKit/537.36 (KHTML, like Gecko) Chrome/80.0.3987.122 Safari/537.36"
[2020-03-18T23:03:36.225] [INFO] access - ::1 - - "GET /stu/allStudent HTTP/1.1" 200 2578 "http://localhost:3001/student/studentList" "Mozilla/5.0 (Macintosh; Intel Mac OS X 10_13_2) AppleWebKit/537.36 (KHTML, like Gecko) Chrome/80.0.3987.122 Safari/537.36"
[2020-03-18T23:03:38.891] [INFO] access - ::1 - - "GET /stu/findAllCourseType HTTP/1.1" 200 83 "http://localhost:3001/student/addStudent/56" "Mozilla/5.0 (Macintosh; Intel Mac OS X 10_13_2) AppleWebKit/537.36 (KHTML, like Gecko) Chrome/80.0.3987.122 Safari/537.36"
[2020-03-18T23:03:38.892] [INFO] access - ::1 - - "GET /stu/getStudentById/?id=56 HTTP/1.1" 200 215 "http://localhost:3001/student/addStudent/56" "Mozilla/5.0 (Macintosh; Intel Mac OS X 10_13_2) AppleWebKit/537.36 (KHTML, like Gecko) Chrome/80.0.3987.122 Safari/537.36"
[2020-03-18T23:03:41.583] [INFO] access - ::1 - - "GET /stu/allStudent HTTP/1.1" 200 2578 "http://localhost:3001/home" "Mozilla/5.0 (Macintosh; Intel Mac OS X 10_13_2) AppleWebKit/537.36 (KHTML, like Gecko) Chrome/80.0.3987.122 Safari/537.36"
[2020-03-18T23:03:41.587] [INFO] access - ::1 - - "GET /stu/getActiveStu HTTP/1.1" 200 1167 "http://localhost:3001/home" "Mozilla/5.0 (Macintosh; Intel Mac OS X 10_13_2) AppleWebKit/537.36 (KHTML, like Gecko) Chrome/80.0.3987.122 Safari/537.36"
[2020-03-18T23:03:41.591] [INFO] access - ::1 - - "GET /inter/findNextInterview HTTP/1.1" 200 275 "http://localhost:3001/home" "Mozilla/5.0 (Macintosh; Intel Mac OS X 10_13_2) AppleWebKit/537.36 (KHTML, like Gecko) Chrome/80.0.3987.122 Safari/537.36"
[2020-03-18T23:03:41.592] [INFO] access - ::1 - - "GET /course/findAllCourseList HTTP/1.1" 200 1458 "http://localhost:3001/home" "Mozilla/5.0 (Macintosh; Intel Mac OS X 10_13_2) AppleWebKit/537.36 (KHTML, like Gecko) Chrome/80.0.3987.122 Safari/537.36"
[2020-03-18T23:03:41.595] [INFO] access - ::1 - - "GET /stu/allStudent HTTP/1.1" 200 2578 "http://localhost:3001/home" "Mozilla/5.0 (Macintosh; Intel Mac OS X 10_13_2) AppleWebKit/537.36 (KHTML, like Gecko) Chrome/80.0.3987.122 Safari/537.36"
[2020-03-18T23:03:41.597] [INFO] access - ::1 - - "GET /course/allCourseType HTTP/1.1" 200 492 "http://localhost:3001/home" "Mozilla/5.0 (Macintosh; Intel Mac OS X 10_13_2) AppleWebKit/537.36 (KHTML, like Gecko) Chrome/80.0.3987.122 Safari/537.36"
[2020-03-18T23:03:41.598] [INFO] access - ::1 - - "GET /course/findAllCourseList HTTP/1.1" 200 1458 "http://localhost:3001/home" "Mozilla/5.0 (Macintosh; Intel Mac OS X 10_13_2) AppleWebKit/537.36 (KHTML, like Gecko) Chrome/80.0.3987.122 Safari/537.36"
[2020-03-18T23:03:42.922] [INFO] access - ::1 - - "GET /stu/allStudent HTTP/1.1" 200 2578 "http://localhost:3001/student/studentList" "Mozilla/5.0 (Macintosh; Intel Mac OS X 10_13_2) AppleWebKit/537.36 (KHTML, like Gecko) Chrome/80.0.3987.122 Safari/537.36"
[2020-03-18T23:03:46.237] [INFO] access - ::1 - - "GET /stu/findAllCourseType HTTP/1.1" 200 83 "http://localhost:3001/student/addStudent/57" "Mozilla/5.0 (Macintosh; Intel Mac OS X 10_13_2) AppleWebKit/537.36 (KHTML, like Gecko) Chrome/80.0.3987.122 Safari/537.36"
[2020-03-18T23:03:46.238] [INFO] access - ::1 - - "GET /stu/getStudentById/?id=57 HTTP/1.1" 200 213 "http://localhost:3001/student/addStudent/57" "Mozilla/5.0 (Macintosh; Intel Mac OS X 10_13_2) AppleWebKit/537.36 (KHTML, like Gecko) Chrome/80.0.3987.122 Safari/537.36"
[2020-03-18T23:04:09.689] [INFO] access - ::1 - - "GET /teacher/systemUserInfo HTTP/1.1" 200 91 "http://localhost:3001/student/addStudent/57" "Mozilla/5.0 (Macintosh; Intel Mac OS X 10_13_2) AppleWebKit/537.36 (KHTML, like Gecko) Chrome/80.0.3987.122 Safari/537.36"
[2020-03-18T23:04:09.826] [INFO] access - ::1 - - "GET /stu/findAllCourseType HTTP/1.1" 200 83 "http://localhost:3001/student/addStudent/57" "Mozilla/5.0 (Macintosh; Intel Mac OS X 10_13_2) AppleWebKit/537.36 (KHTML, like Gecko) Chrome/80.0.3987.122 Safari/537.36"
[2020-03-18T23:04:09.827] [INFO] access - ::1 - - "GET /stu/getStudentById/?id=57 HTTP/1.1" 200 213 "http://localhost:3001/student/addStudent/57" "Mozilla/5.0 (Macintosh; Intel Mac OS X 10_13_2) AppleWebKit/537.36 (KHTML, like Gecko) Chrome/80.0.3987.122 Safari/537.36"
[2020-03-18T23:04:35.241] [INFO] access - ::1 - - "GET /teacher/systemUserInfo HTTP/1.1" 200 91 "http://localhost:3001/student/addStudent/57" "Mozilla/5.0 (Macintosh; Intel Mac OS X 10_13_2) AppleWebKit/537.36 (KHTML, like Gecko) Chrome/80.0.3987.122 Safari/537.36"
[2020-03-18T23:04:35.363] [INFO] access - ::1 - - "GET /stu/findAllCourseType HTTP/1.1" 200 83 "http://localhost:3001/student/addStudent/57" "Mozilla/5.0 (Macintosh; Intel Mac OS X 10_13_2) AppleWebKit/537.36 (KHTML, like Gecko) Chrome/80.0.3987.122 Safari/537.36"
[2020-03-18T23:04:35.364] [INFO] access - ::1 - - "GET /stu/getStudentById/?id=57 HTTP/1.1" 200 213 "http://localhost:3001/student/addStudent/57" "Mozilla/5.0 (Macintosh; Intel Mac OS X 10_13_2) AppleWebKit/537.36 (KHTML, like Gecko) Chrome/80.0.3987.122 Safari/537.36"
[2020-03-18T23:04:36.731] [INFO] access - ::1 - - "GET /stu/allStudent HTTP/1.1" 200 2578 "http://localhost:3001/home" "Mozilla/5.0 (Macintosh; Intel Mac OS X 10_13_2) AppleWebKit/537.36 (KHTML, like Gecko) Chrome/80.0.3987.122 Safari/537.36"
[2020-03-18T23:04:36.732] [INFO] access - ::1 - - "GET /stu/getActiveStu HTTP/1.1" 200 1167 "http://localhost:3001/home" "Mozilla/5.0 (Macintosh; Intel Mac OS X 10_13_2) AppleWebKit/537.36 (KHTML, like Gecko) Chrome/80.0.3987.122 Safari/537.36"
[2020-03-18T23:04:36.737] [INFO] access - ::1 - - "GET /course/findAllCourseList HTTP/1.1" 200 1458 "http://localhost:3001/home" "Mozilla/5.0 (Macintosh; Intel Mac OS X 10_13_2) AppleWebKit/537.36 (KHTML, like Gecko) Chrome/80.0.3987.122 Safari/537.36"
[2020-03-18T23:04:36.739] [INFO] access - ::1 - - "GET /inter/findNextInterview HTTP/1.1" 200 275 "http://localhost:3001/home" "Mozilla/5.0 (Macintosh; Intel Mac OS X 10_13_2) AppleWebKit/537.36 (KHTML, like Gecko) Chrome/80.0.3987.122 Safari/537.36"
[2020-03-18T23:04:36.747] [INFO] access - ::1 - - "GET /stu/allStudent HTTP/1.1" 200 2578 "http://localhost:3001/home" "Mozilla/5.0 (Macintosh; Intel Mac OS X 10_13_2) AppleWebKit/537.36 (KHTML, like Gecko) Chrome/80.0.3987.122 Safari/537.36"
[2020-03-18T23:04:36.748] [INFO] access - ::1 - - "GET /course/allCourseType HTTP/1.1" 200 492 "http://localhost:3001/home" "Mozilla/5.0 (Macintosh; Intel Mac OS X 10_13_2) AppleWebKit/537.36 (KHTML, like Gecko) Chrome/80.0.3987.122 Safari/537.36"
[2020-03-18T23:04:36.753] [INFO] access - ::1 - - "GET /course/findAllCourseList HTTP/1.1" 200 1458 "http://localhost:3001/home" "Mozilla/5.0 (Macintosh; Intel Mac OS X 10_13_2) AppleWebKit/537.36 (KHTML, like Gecko) Chrome/80.0.3987.122 Safari/537.36"
[2020-03-18T23:04:38.248] [INFO] access - ::1 - - "GET /stu/allStudent HTTP/1.1" 200 2578 "http://localhost:3001/student/studentList" "Mozilla/5.0 (Macintosh; Intel Mac OS X 10_13_2) AppleWebKit/537.36 (KHTML, like Gecko) Chrome/80.0.3987.122 Safari/537.36"
[2020-03-18T23:04:40.860] [INFO] access - ::1 - - "GET /stu/findAllCourseType HTTP/1.1" 200 83 "http://localhost:3001/student/addStudent/57" "Mozilla/5.0 (Macintosh; Intel Mac OS X 10_13_2) AppleWebKit/537.36 (KHTML, like Gecko) Chrome/80.0.3987.122 Safari/537.36"
[2020-03-18T23:04:40.861] [INFO] access - ::1 - - "GET /stu/getStudentById/?id=57 HTTP/1.1" 200 213 "http://localhost:3001/student/addStudent/57" "Mozilla/5.0 (Macintosh; Intel Mac OS X 10_13_2) AppleWebKit/537.36 (KHTML, like Gecko) Chrome/80.0.3987.122 Safari/537.36"
[2020-03-18T23:04:55.379] [INFO] access - ::1 - - "GET /teacher/systemUserInfo HTTP/1.1" 200 91 "http://localhost:3001/student/addStudent/57" "Mozilla/5.0 (Macintosh; Intel Mac OS X 10_13_2) AppleWebKit/537.36 (KHTML, like Gecko) Chrome/80.0.3987.122 Safari/537.36"
[2020-03-18T23:04:55.496] [INFO] access - ::1 - - "GET /stu/findAllCourseType HTTP/1.1" 200 83 "http://localhost:3001/student/addStudent/57" "Mozilla/5.0 (Macintosh; Intel Mac OS X 10_13_2) AppleWebKit/537.36 (KHTML, like Gecko) Chrome/80.0.3987.122 Safari/537.36"
[2020-03-18T23:04:55.498] [INFO] access - ::1 - - "GET /stu/getStudentById/?id=57 HTTP/1.1" 200 213 "http://localhost:3001/student/addStudent/57" "Mozilla/5.0 (Macintosh; Intel Mac OS X 10_13_2) AppleWebKit/537.36 (KHTML, like Gecko) Chrome/80.0.3987.122 Safari/537.36"
[2020-03-18T23:05:13.283] [INFO] access - ::1 - - "GET /teacher/systemUserInfo HTTP/1.1" 200 91 "http://localhost:3001/student/addStudent/57" "Mozilla/5.0 (Macintosh; Intel Mac OS X 10_13_2) AppleWebKit/537.36 (KHTML, like Gecko) Chrome/80.0.3987.122 Safari/537.36"
[2020-03-18T23:05:13.411] [INFO] access - ::1 - - "GET /stu/findAllCourseType HTTP/1.1" 200 83 "http://localhost:3001/student/addStudent/57" "Mozilla/5.0 (Macintosh; Intel Mac OS X 10_13_2) AppleWebKit/537.36 (KHTML, like Gecko) Chrome/80.0.3987.122 Safari/537.36"
[2020-03-18T23:05:13.413] [INFO] access - ::1 - - "GET /stu/getStudentById/?id=57 HTTP/1.1" 200 213 "http://localhost:3001/student/addStudent/57" "Mozilla/5.0 (Macintosh; Intel Mac OS X 10_13_2) AppleWebKit/537.36 (KHTML, like Gecko) Chrome/80.0.3987.122 Safari/537.36"
[2020-03-18T23:05:21.120] [INFO] access - ::1 - - "GET /teacher/systemUserInfo HTTP/1.1" 200 91 "http://localhost:3001/student/addStudent/57" "Mozilla/5.0 (Macintosh; Intel Mac OS X 10_13_2) AppleWebKit/537.36 (KHTML, like Gecko) Chrome/80.0.3987.122 Safari/537.36"
[2020-03-18T23:05:21.270] [INFO] access - ::1 - - "GET /stu/findAllCourseType HTTP/1.1" 200 83 "http://localhost:3001/student/addStudent/57" "Mozilla/5.0 (Macintosh; Intel Mac OS X 10_13_2) AppleWebKit/537.36 (KHTML, like Gecko) Chrome/80.0.3987.122 Safari/537.36"
[2020-03-18T23:05:21.272] [INFO] access - ::1 - - "GET /stu/getStudentById/?id=57 HTTP/1.1" 200 213 "http://localhost:3001/student/addStudent/57" "Mozilla/5.0 (Macintosh; Intel Mac OS X 10_13_2) AppleWebKit/537.36 (KHTML, like Gecko) Chrome/80.0.3987.122 Safari/537.36"
[2020-03-18T23:05:22.750] [INFO] access - ::1 - - "GET /stu/allStudent HTTP/1.1" 200 2578 "http://localhost:3001/student/studentList" "Mozilla/5.0 (Macintosh; Intel Mac OS X 10_13_2) AppleWebKit/537.36 (KHTML, like Gecko) Chrome/80.0.3987.122 Safari/537.36"
[2020-03-18T23:05:25.387] [INFO] access - ::1 - - "GET /stu/findAllCourseType HTTP/1.1" 200 83 "http://localhost:3001/student/addStudent/57" "Mozilla/5.0 (Macintosh; Intel Mac OS X 10_13_2) AppleWebKit/537.36 (KHTML, like Gecko) Chrome/80.0.3987.122 Safari/537.36"
[2020-03-18T23:05:25.387] [INFO] access - ::1 - - "GET /stu/getStudentById/?id=57 HTTP/1.1" 200 213 "http://localhost:3001/student/addStudent/57" "Mozilla/5.0 (Macintosh; Intel Mac OS X 10_13_2) AppleWebKit/537.36 (KHTML, like Gecko) Chrome/80.0.3987.122 Safari/537.36"
[2020-03-18T23:05:53.957] [INFO] access - ::1 - - "GET /stu/allStudent HTTP/1.1" 200 2578 "http://localhost:3001/student/studentList" "Mozilla/5.0 (Macintosh; Intel Mac OS X 10_13_2) AppleWebKit/537.36 (KHTML, like Gecko) Chrome/80.0.3987.122 Safari/537.36"
[2020-03-18T23:05:58.520] [INFO] access - ::1 - - "GET /stu/findAllCourseType HTTP/1.1" 200 83 "http://localhost:3001/student/addStudent/57" "Mozilla/5.0 (Macintosh; Intel Mac OS X 10_13_2) AppleWebKit/537.36 (KHTML, like Gecko) Chrome/80.0.3987.122 Safari/537.36"
[2020-03-18T23:05:58.521] [INFO] access - ::1 - - "GET /stu/getStudentById/?id=57 HTTP/1.1" 200 213 "http://localhost:3001/student/addStudent/57" "Mozilla/5.0 (Macintosh; Intel Mac OS X 10_13_2) AppleWebKit/537.36 (KHTML, like Gecko) Chrome/80.0.3987.122 Safari/537.36"
[2020-03-18T23:06:19.350] [INFO] access - ::1 - - "GET /teacher/systemUserInfo HTTP/1.1" 200 91 "http://localhost:3001/student/addStudent/57" "Mozilla/5.0 (Macintosh; Intel Mac OS X 10_13_2) AppleWebKit/537.36 (KHTML, like Gecko) Chrome/80.0.3987.122 Safari/537.36"
[2020-03-18T23:06:19.470] [INFO] access - ::1 - - "GET /stu/findAllCourseType HTTP/1.1" 200 83 "http://localhost:3001/student/addStudent/57" "Mozilla/5.0 (Macintosh; Intel Mac OS X 10_13_2) AppleWebKit/537.36 (KHTML, like Gecko) Chrome/80.0.3987.122 Safari/537.36"
[2020-03-18T23:06:19.472] [INFO] access - ::1 - - "GET /stu/getStudentById/?id=57 HTTP/1.1" 200 213 "http://localhost:3001/student/addStudent/57" "Mozilla/5.0 (Macintosh; Intel Mac OS X 10_13_2) AppleWebKit/537.36 (KHTML, like Gecko) Chrome/80.0.3987.122 Safari/537.36"
[2020-03-18T23:06:31.873] [INFO] access - ::1 - - "GET /teacher/systemUserInfo HTTP/1.1" 200 91 "http://localhost:3001/student/addStudent/57" "Mozilla/5.0 (Macintosh; Intel Mac OS X 10_13_2) AppleWebKit/537.36 (KHTML, like Gecko) Chrome/80.0.3987.122 Safari/537.36"
[2020-03-18T23:06:31.992] [INFO] access - ::1 - - "GET /stu/findAllCourseType HTTP/1.1" 200 83 "http://localhost:3001/student/addStudent/57" "Mozilla/5.0 (Macintosh; Intel Mac OS X 10_13_2) AppleWebKit/537.36 (KHTML, like Gecko) Chrome/80.0.3987.122 Safari/537.36"
[2020-03-18T23:06:31.994] [INFO] access - ::1 - - "GET /stu/getStudentById/?id=57 HTTP/1.1" 200 213 "http://localhost:3001/student/addStudent/57" "Mozilla/5.0 (Macintosh; Intel Mac OS X 10_13_2) AppleWebKit/537.36 (KHTML, like Gecko) Chrome/80.0.3987.122 Safari/537.36"
[2020-03-18T23:07:03.390] [INFO] access - ::1 - - "GET /teacher/systemUserInfo HTTP/1.1" 200 91 "http://localhost:3001/student/addStudent/57" "Mozilla/5.0 (Macintosh; Intel Mac OS X 10_13_2) AppleWebKit/537.36 (KHTML, like Gecko) Chrome/80.0.3987.122 Safari/537.36"
[2020-03-18T23:07:03.502] [INFO] access - ::1 - - "GET /stu/findAllCourseType HTTP/1.1" 200 83 "http://localhost:3001/student/addStudent/57" "Mozilla/5.0 (Macintosh; Intel Mac OS X 10_13_2) AppleWebKit/537.36 (KHTML, like Gecko) Chrome/80.0.3987.122 Safari/537.36"
[2020-03-18T23:07:03.506] [INFO] access - ::1 - - "GET /stu/getStudentById/?id=57 HTTP/1.1" 200 213 "http://localhost:3001/student/addStudent/57" "Mozilla/5.0 (Macintosh; Intel Mac OS X 10_13_2) AppleWebKit/537.36 (KHTML, like Gecko) Chrome/80.0.3987.122 Safari/537.36"
[2020-03-18T23:07:09.170] [INFO] access - ::1 - - "GET /teacher/systemUserInfo HTTP/1.1" 200 91 "http://localhost:3001/student/addStudent/57" "Mozilla/5.0 (Macintosh; Intel Mac OS X 10_13_2) AppleWebKit/537.36 (KHTML, like Gecko) Chrome/80.0.3987.122 Safari/537.36"
[2020-03-18T23:07:09.292] [INFO] access - ::1 - - "GET /stu/findAllCourseType HTTP/1.1" 200 83 "http://localhost:3001/student/addStudent/57" "Mozilla/5.0 (Macintosh; Intel Mac OS X 10_13_2) AppleWebKit/537.36 (KHTML, like Gecko) Chrome/80.0.3987.122 Safari/537.36"
[2020-03-18T23:07:09.294] [INFO] access - ::1 - - "GET /stu/getStudentById/?id=57 HTTP/1.1" 200 213 "http://localhost:3001/student/addStudent/57" "Mozilla/5.0 (Macintosh; Intel Mac OS X 10_13_2) AppleWebKit/537.36 (KHTML, like Gecko) Chrome/80.0.3987.122 Safari/537.36"
[2020-03-18T23:07:09.393] [INFO] access - ::1 - - "GET /stu/findAllCourseType HTTP/1.1" 200 83 "http://localhost:3001/student/addStudent/57" "Mozilla/5.0 (Macintosh; Intel Mac OS X 10_13_2) AppleWebKit/537.36 (KHTML, like Gecko) Chrome/80.0.3987.122 Safari/537.36"
[2020-03-18T23:07:09.396] [INFO] access - ::1 - - "GET /stu/getStudentById/?id=57 HTTP/1.1" 200 213 "http://localhost:3001/student/addStudent/57" "Mozilla/5.0 (Macintosh; Intel Mac OS X 10_13_2) AppleWebKit/537.36 (KHTML, like Gecko) Chrome/80.0.3987.122 Safari/537.36"
[2020-03-18T23:07:12.011] [INFO] access - ::1 - - "GET /stu/allStudent HTTP/1.1" 200 2578 "http://localhost:3001/home" "Mozilla/5.0 (Macintosh; Intel Mac OS X 10_13_2) AppleWebKit/537.36 (KHTML, like Gecko) Chrome/80.0.3987.122 Safari/537.36"
[2020-03-18T23:07:12.013] [INFO] access - ::1 - - "GET /stu/getActiveStu HTTP/1.1" 200 1167 "http://localhost:3001/home" "Mozilla/5.0 (Macintosh; Intel Mac OS X 10_13_2) AppleWebKit/537.36 (KHTML, like Gecko) Chrome/80.0.3987.122 Safari/537.36"
[2020-03-18T23:07:12.020] [INFO] access - ::1 - - "GET /course/findAllCourseList HTTP/1.1" 200 1458 "http://localhost:3001/home" "Mozilla/5.0 (Macintosh; Intel Mac OS X 10_13_2) AppleWebKit/537.36 (KHTML, like Gecko) Chrome/80.0.3987.122 Safari/537.36"
[2020-03-18T23:07:12.021] [INFO] access - ::1 - - "GET /inter/findNextInterview HTTP/1.1" 200 275 "http://localhost:3001/home" "Mozilla/5.0 (Macintosh; Intel Mac OS X 10_13_2) AppleWebKit/537.36 (KHTML, like Gecko) Chrome/80.0.3987.122 Safari/537.36"
[2020-03-18T23:07:12.029] [INFO] access - ::1 - - "GET /stu/allStudent HTTP/1.1" 200 2578 "http://localhost:3001/home" "Mozilla/5.0 (Macintosh; Intel Mac OS X 10_13_2) AppleWebKit/537.36 (KHTML, like Gecko) Chrome/80.0.3987.122 Safari/537.36"
[2020-03-18T23:07:12.033] [INFO] access - ::1 - - "GET /course/allCourseType HTTP/1.1" 200 492 "http://localhost:3001/home" "Mozilla/5.0 (Macintosh; Intel Mac OS X 10_13_2) AppleWebKit/537.36 (KHTML, like Gecko) Chrome/80.0.3987.122 Safari/537.36"
[2020-03-18T23:07:12.042] [INFO] access - ::1 - - "GET /course/findAllCourseList HTTP/1.1" 200 1458 "http://localhost:3001/home" "Mozilla/5.0 (Macintosh; Intel Mac OS X 10_13_2) AppleWebKit/537.36 (KHTML, like Gecko) Chrome/80.0.3987.122 Safari/537.36"
[2020-03-18T23:07:13.244] [INFO] access - ::1 - - "GET /stu/allStudent HTTP/1.1" 200 2578 "http://localhost:3001/student/studentList" "Mozilla/5.0 (Macintosh; Intel Mac OS X 10_13_2) AppleWebKit/537.36 (KHTML, like Gecko) Chrome/80.0.3987.122 Safari/537.36"
[2020-03-18T23:07:17.658] [INFO] access - ::1 - - "GET /stu/findAllCourseType HTTP/1.1" 200 83 "http://localhost:3001/student/addStudent/55" "Mozilla/5.0 (Macintosh; Intel Mac OS X 10_13_2) AppleWebKit/537.36 (KHTML, like Gecko) Chrome/80.0.3987.122 Safari/537.36"
[2020-03-18T23:07:17.659] [INFO] access - ::1 - - "GET /stu/getStudentById/?id=55 HTTP/1.1" 200 211 "http://localhost:3001/student/addStudent/55" "Mozilla/5.0 (Macintosh; Intel Mac OS X 10_13_2) AppleWebKit/537.36 (KHTML, like Gecko) Chrome/80.0.3987.122 Safari/537.36"
[2020-03-18T23:07:19.100] [INFO] access - ::1 - - "GET /stu/allStudent HTTP/1.1" 200 2578 "http://localhost:3001/student/studentList" "Mozilla/5.0 (Macintosh; Intel Mac OS X 10_13_2) AppleWebKit/537.36 (KHTML, like Gecko) Chrome/80.0.3987.122 Safari/537.36"
[2020-03-18T23:07:20.865] [INFO] access - ::1 - - "GET /stu/findAllCourseType HTTP/1.1" 200 83 "http://localhost:3001/student/addStudent/57" "Mozilla/5.0 (Macintosh; Intel Mac OS X 10_13_2) AppleWebKit/537.36 (KHTML, like Gecko) Chrome/80.0.3987.122 Safari/537.36"
[2020-03-18T23:07:20.866] [INFO] access - ::1 - - "GET /stu/getStudentById/?id=57 HTTP/1.1" 200 213 "http://localhost:3001/student/addStudent/57" "Mozilla/5.0 (Macintosh; Intel Mac OS X 10_13_2) AppleWebKit/537.36 (KHTML, like Gecko) Chrome/80.0.3987.122 Safari/537.36"
[2020-03-18T23:07:20.926] [INFO] access - ::1 - - "GET /stu/findAllCourseType HTTP/1.1" 200 83 "http://localhost:3001/student/addStudent/57" "Mozilla/5.0 (Macintosh; Intel Mac OS X 10_13_2) AppleWebKit/537.36 (KHTML, like Gecko) Chrome/80.0.3987.122 Safari/537.36"
[2020-03-18T23:07:20.926] [INFO] access - ::1 - - "GET /stu/getStudentById/?id=57 HTTP/1.1" 200 213 "http://localhost:3001/student/addStudent/57" "Mozilla/5.0 (Macintosh; Intel Mac OS X 10_13_2) AppleWebKit/537.36 (KHTML, like Gecko) Chrome/80.0.3987.122 Safari/537.36"
[2020-03-18T23:07:49.190] [INFO] access - ::1 - - "GET /teacher/systemUserInfo HTTP/1.1" 200 91 "http://localhost:3001/student/addStudent/57" "Mozilla/5.0 (Macintosh; Intel Mac OS X 10_13_2) AppleWebKit/537.36 (KHTML, like Gecko) Chrome/80.0.3987.122 Safari/537.36"
[2020-03-18T23:07:49.319] [INFO] access - ::1 - - "GET /stu/findAllCourseType HTTP/1.1" 200 83 "http://localhost:3001/student/addStudent/57" "Mozilla/5.0 (Macintosh; Intel Mac OS X 10_13_2) AppleWebKit/537.36 (KHTML, like Gecko) Chrome/80.0.3987.122 Safari/537.36"
[2020-03-18T23:07:49.321] [INFO] access - ::1 - - "GET /stu/getStudentById/?id=57 HTTP/1.1" 200 213 "http://localhost:3001/student/addStudent/57" "Mozilla/5.0 (Macintosh; Intel Mac OS X 10_13_2) AppleWebKit/537.36 (KHTML, like Gecko) Chrome/80.0.3987.122 Safari/537.36"
[2020-03-18T23:07:49.440] [INFO] access - ::1 - - "GET /stu/findAllCourseType HTTP/1.1" 200 83 "http://localhost:3001/student/addStudent/57" "Mozilla/5.0 (Macintosh; Intel Mac OS X 10_13_2) AppleWebKit/537.36 (KHTML, like Gecko) Chrome/80.0.3987.122 Safari/537.36"
[2020-03-18T23:07:49.442] [INFO] access - ::1 - - "GET /stu/getStudentById/?id=57 HTTP/1.1" 200 213 "http://localhost:3001/student/addStudent/57" "Mozilla/5.0 (Macintosh; Intel Mac OS X 10_13_2) AppleWebKit/537.36 (KHTML, like Gecko) Chrome/80.0.3987.122 Safari/537.36"
[2020-03-18T23:08:00.136] [INFO] access - ::1 - - "GET /teacher/systemUserInfo HTTP/1.1" 200 91 "http://localhost:3001/student/addStudent/57" "Mozilla/5.0 (Macintosh; Intel Mac OS X 10_13_2) AppleWebKit/537.36 (KHTML, like Gecko) Chrome/80.0.3987.122 Safari/537.36"
[2020-03-18T23:08:00.261] [INFO] access - ::1 - - "GET /stu/findAllCourseType HTTP/1.1" 200 83 "http://localhost:3001/student/addStudent/57" "Mozilla/5.0 (Macintosh; Intel Mac OS X 10_13_2) AppleWebKit/537.36 (KHTML, like Gecko) Chrome/80.0.3987.122 Safari/537.36"
[2020-03-18T23:08:00.263] [INFO] access - ::1 - - "GET /stu/getStudentById/?id=57 HTTP/1.1" 200 213 "http://localhost:3001/student/addStudent/57" "Mozilla/5.0 (Macintosh; Intel Mac OS X 10_13_2) AppleWebKit/537.36 (KHTML, like Gecko) Chrome/80.0.3987.122 Safari/537.36"
[2020-03-18T23:08:09.714] [INFO] access - ::1 - - "GET /stu/allStudent HTTP/1.1" 200 2578 "http://localhost:3001/home" "Mozilla/5.0 (Macintosh; Intel Mac OS X 10_13_2) AppleWebKit/537.36 (KHTML, like Gecko) Chrome/80.0.3987.122 Safari/537.36"
[2020-03-18T23:08:09.718] [INFO] access - ::1 - - "GET /stu/getActiveStu HTTP/1.1" 200 1167 "http://localhost:3001/home" "Mozilla/5.0 (Macintosh; Intel Mac OS X 10_13_2) AppleWebKit/537.36 (KHTML, like Gecko) Chrome/80.0.3987.122 Safari/537.36"
[2020-03-18T23:08:09.726] [INFO] access - ::1 - - "GET /course/findAllCourseList HTTP/1.1" 200 1458 "http://localhost:3001/home" "Mozilla/5.0 (Macintosh; Intel Mac OS X 10_13_2) AppleWebKit/537.36 (KHTML, like Gecko) Chrome/80.0.3987.122 Safari/537.36"
[2020-03-18T23:08:09.730] [INFO] access - ::1 - - "GET /inter/findNextInterview HTTP/1.1" 200 275 "http://localhost:3001/home" "Mozilla/5.0 (Macintosh; Intel Mac OS X 10_13_2) AppleWebKit/537.36 (KHTML, like Gecko) Chrome/80.0.3987.122 Safari/537.36"
[2020-03-18T23:08:09.731] [INFO] access - ::1 - - "GET /course/findAllCourseList HTTP/1.1" 200 1458 "http://localhost:3001/home" "Mozilla/5.0 (Macintosh; Intel Mac OS X 10_13_2) AppleWebKit/537.36 (KHTML, like Gecko) Chrome/80.0.3987.122 Safari/537.36"
[2020-03-18T23:08:09.732] [INFO] access - ::1 - - "GET /course/allCourseType HTTP/1.1" 200 492 "http://localhost:3001/home" "Mozilla/5.0 (Macintosh; Intel Mac OS X 10_13_2) AppleWebKit/537.36 (KHTML, like Gecko) Chrome/80.0.3987.122 Safari/537.36"
[2020-03-18T23:08:09.733] [INFO] access - ::1 - - "GET /stu/allStudent HTTP/1.1" 200 2578 "http://localhost:3001/home" "Mozilla/5.0 (Macintosh; Intel Mac OS X 10_13_2) AppleWebKit/537.36 (KHTML, like Gecko) Chrome/80.0.3987.122 Safari/537.36"
[2020-03-18T23:08:11.449] [INFO] access - ::1 - - "GET /stu/allStudent HTTP/1.1" 200 2578 "http://localhost:3001/student/studentList" "Mozilla/5.0 (Macintosh; Intel Mac OS X 10_13_2) AppleWebKit/537.36 (KHTML, like Gecko) Chrome/80.0.3987.122 Safari/537.36"
[2020-03-18T23:08:18.089] [INFO] access - ::1 - - "GET /stu/findAllCourseType HTTP/1.1" 200 83 "http://localhost:3001/student/addStudent/55" "Mozilla/5.0 (Macintosh; Intel Mac OS X 10_13_2) AppleWebKit/537.36 (KHTML, like Gecko) Chrome/80.0.3987.122 Safari/537.36"
[2020-03-18T23:08:18.089] [INFO] access - ::1 - - "GET /stu/getStudentById/?id=55 HTTP/1.1" 200 211 "http://localhost:3001/student/addStudent/55" "Mozilla/5.0 (Macintosh; Intel Mac OS X 10_13_2) AppleWebKit/537.36 (KHTML, like Gecko) Chrome/80.0.3987.122 Safari/537.36"
[2020-03-18T23:08:26.325] [INFO] access - ::1 - - "GET /stu/allStudent HTTP/1.1" 200 2578 "http://localhost:3001/student/studentList" "Mozilla/5.0 (Macintosh; Intel Mac OS X 10_13_2) AppleWebKit/537.36 (KHTML, like Gecko) Chrome/80.0.3987.122 Safari/537.36"
[2020-03-18T23:08:31.284] [INFO] access - ::1 - - "GET /stu/findAllCourseType HTTP/1.1" 200 83 "http://localhost:3001/student/addStudent/56" "Mozilla/5.0 (Macintosh; Intel Mac OS X 10_13_2) AppleWebKit/537.36 (KHTML, like Gecko) Chrome/80.0.3987.122 Safari/537.36"
[2020-03-18T23:08:31.285] [INFO] access - ::1 - - "GET /stu/getStudentById/?id=56 HTTP/1.1" 200 215 "http://localhost:3001/student/addStudent/56" "Mozilla/5.0 (Macintosh; Intel Mac OS X 10_13_2) AppleWebKit/537.36 (KHTML, like Gecko) Chrome/80.0.3987.122 Safari/537.36"
[2020-03-18T23:10:01.478] [INFO] access - ::1 - - "GET /teacher/systemUserInfo HTTP/1.1" 200 91 "http://localhost:3001/student/addStudent/56" "Mozilla/5.0 (Macintosh; Intel Mac OS X 10_13_2) AppleWebKit/537.36 (KHTML, like Gecko) Chrome/80.0.3987.122 Safari/537.36"
[2020-03-18T23:10:01.617] [INFO] access - ::1 - - "GET /stu/findAllCourseType HTTP/1.1" 200 83 "http://localhost:3001/student/addStudent/56" "Mozilla/5.0 (Macintosh; Intel Mac OS X 10_13_2) AppleWebKit/537.36 (KHTML, like Gecko) Chrome/80.0.3987.122 Safari/537.36"
[2020-03-18T23:10:01.619] [INFO] access - ::1 - - "GET /stu/getStudentById/?id=56 HTTP/1.1" 200 215 "http://localhost:3001/student/addStudent/56" "Mozilla/5.0 (Macintosh; Intel Mac OS X 10_13_2) AppleWebKit/537.36 (KHTML, like Gecko) Chrome/80.0.3987.122 Safari/537.36"
[2020-03-18T23:10:05.587] [INFO] access - ::1 - - "GET /stu/allStudent HTTP/1.1" 200 2578 "http://localhost:3001/student/studentList" "Mozilla/5.0 (Macintosh; Intel Mac OS X 10_13_2) AppleWebKit/537.36 (KHTML, like Gecko) Chrome/80.0.3987.122 Safari/537.36"
[2020-03-18T23:10:08.919] [INFO] access - ::1 - - "GET /stu/findAllCourseType HTTP/1.1" 200 83 "http://localhost:3001/student/addStudent/55" "Mozilla/5.0 (Macintosh; Intel Mac OS X 10_13_2) AppleWebKit/537.36 (KHTML, like Gecko) Chrome/80.0.3987.122 Safari/537.36"
[2020-03-18T23:10:08.921] [INFO] access - ::1 - - "GET /stu/getStudentById/?id=55 HTTP/1.1" 200 211 "http://localhost:3001/student/addStudent/55" "Mozilla/5.0 (Macintosh; Intel Mac OS X 10_13_2) AppleWebKit/537.36 (KHTML, like Gecko) Chrome/80.0.3987.122 Safari/537.36"
[2020-03-18T23:10:12.093] [INFO] access - ::1 - - "GET /stu/allStudent HTTP/1.1" 200 2578 "http://localhost:3001/student/studentList" "Mozilla/5.0 (Macintosh; Intel Mac OS X 10_13_2) AppleWebKit/537.36 (KHTML, like Gecko) Chrome/80.0.3987.122 Safari/537.36"
[2020-03-18T23:10:12.616] [INFO] access - ::1 - - "GET /stu/findAllCourseType HTTP/1.1" 200 83 "http://localhost:3001/student/addStudent" "Mozilla/5.0 (Macintosh; Intel Mac OS X 10_13_2) AppleWebKit/537.36 (KHTML, like Gecko) Chrome/80.0.3987.122 Safari/537.36"
[2020-03-18T23:10:43.463] [INFO] access - ::1 - - "GET /teacher/systemUserInfo HTTP/1.1" 200 91 "http://localhost:3001/student/addStudent" "Mozilla/5.0 (Macintosh; Intel Mac OS X 10_13_2) AppleWebKit/537.36 (KHTML, like Gecko) Chrome/80.0.3987.122 Safari/537.36"
[2020-03-18T23:10:43.574] [INFO] access - ::1 - - "GET /stu/findAllCourseType HTTP/1.1" 200 83 "http://localhost:3001/student/addStudent" "Mozilla/5.0 (Macintosh; Intel Mac OS X 10_13_2) AppleWebKit/537.36 (KHTML, like Gecko) Chrome/80.0.3987.122 Safari/537.36"
[2020-03-18T23:10:49.536] [INFO] access - ::1 - - "GET /stu/allStudent HTTP/1.1" 200 2578 "http://localhost:3001/student/studentList" "Mozilla/5.0 (Macintosh; Intel Mac OS X 10_13_2) AppleWebKit/537.36 (KHTML, like Gecko) Chrome/80.0.3987.122 Safari/537.36"
[2020-03-18T23:10:52.474] [INFO] access - ::1 - - "GET /stu/findAllCourseType HTTP/1.1" 200 83 "http://localhost:3001/student/addStudent/55" "Mozilla/5.0 (Macintosh; Intel Mac OS X 10_13_2) AppleWebKit/537.36 (KHTML, like Gecko) Chrome/80.0.3987.122 Safari/537.36"
[2020-03-18T23:10:52.476] [INFO] access - ::1 - - "GET /stu/getStudentById/?id=55 HTTP/1.1" 200 211 "http://localhost:3001/student/addStudent/55" "Mozilla/5.0 (Macintosh; Intel Mac OS X 10_13_2) AppleWebKit/537.36 (KHTML, like Gecko) Chrome/80.0.3987.122 Safari/537.36"
[2020-03-18T23:10:55.708] [INFO] access - ::1 - - "GET /stu/allStudent HTTP/1.1" 200 2578 "http://localhost:3001/student/studentList" "Mozilla/5.0 (Macintosh; Intel Mac OS X 10_13_2) AppleWebKit/537.36 (KHTML, like Gecko) Chrome/80.0.3987.122 Safari/537.36"
[2020-03-18T23:11:00.419] [INFO] access - ::1 - - "GET /stu/allStudent HTTP/1.1" 200 2578 "http://localhost:3001/home" "Mozilla/5.0 (Macintosh; Intel Mac OS X 10_13_2) AppleWebKit/537.36 (KHTML, like Gecko) Chrome/80.0.3987.122 Safari/537.36"
[2020-03-18T23:11:00.426] [INFO] access - ::1 - - "GET /inter/findNextInterview HTTP/1.1" 200 275 "http://localhost:3001/home" "Mozilla/5.0 (Macintosh; Intel Mac OS X 10_13_2) AppleWebKit/537.36 (KHTML, like Gecko) Chrome/80.0.3987.122 Safari/537.36"
[2020-03-18T23:11:00.427] [INFO] access - ::1 - - "GET /stu/getActiveStu HTTP/1.1" 200 1167 "http://localhost:3001/home" "Mozilla/5.0 (Macintosh; Intel Mac OS X 10_13_2) AppleWebKit/537.36 (KHTML, like Gecko) Chrome/80.0.3987.122 Safari/537.36"
[2020-03-18T23:11:00.428] [INFO] access - ::1 - - "GET /course/findAllCourseList HTTP/1.1" 200 1458 "http://localhost:3001/home" "Mozilla/5.0 (Macintosh; Intel Mac OS X 10_13_2) AppleWebKit/537.36 (KHTML, like Gecko) Chrome/80.0.3987.122 Safari/537.36"
[2020-03-18T23:11:00.433] [INFO] access - ::1 - - "GET /stu/allStudent HTTP/1.1" 200 2578 "http://localhost:3001/home" "Mozilla/5.0 (Macintosh; Intel Mac OS X 10_13_2) AppleWebKit/537.36 (KHTML, like Gecko) Chrome/80.0.3987.122 Safari/537.36"
[2020-03-18T23:11:00.435] [INFO] access - ::1 - - "GET /course/findAllCourseList HTTP/1.1" 200 1458 "http://localhost:3001/home" "Mozilla/5.0 (Macintosh; Intel Mac OS X 10_13_2) AppleWebKit/537.36 (KHTML, like Gecko) Chrome/80.0.3987.122 Safari/537.36"
[2020-03-18T23:11:00.435] [INFO] access - ::1 - - "GET /course/allCourseType HTTP/1.1" 200 492 "http://localhost:3001/home" "Mozilla/5.0 (Macintosh; Intel Mac OS X 10_13_2) AppleWebKit/537.36 (KHTML, like Gecko) Chrome/80.0.3987.122 Safari/537.36"
[2020-03-18T23:11:01.884] [INFO] access - ::1 - - "GET /stu/findAllCourseType HTTP/1.1" 200 83 "http://localhost:3001/student/addStudent" "Mozilla/5.0 (Macintosh; Intel Mac OS X 10_13_2) AppleWebKit/537.36 (KHTML, like Gecko) Chrome/80.0.3987.122 Safari/537.36"
[2020-03-18T23:29:48.138] [INFO] access - ::1 - - "POST /teacher/teaLogin HTTP/1.1" 200 91 "http://localhost:3001/login" "Mozilla/5.0 (Macintosh; Intel Mac OS X 10_13_2) AppleWebKit/537.36 (KHTML, like Gecko) Chrome/80.0.3987.122 Safari/537.36"
[2020-03-18T23:29:48.225] [INFO] access - ::1 - - "GET /teacher/systemUserInfo HTTP/1.1" 200 91 "http://localhost:3001/" "Mozilla/5.0 (Macintosh; Intel Mac OS X 10_13_2) AppleWebKit/537.36 (KHTML, like Gecko) Chrome/80.0.3987.122 Safari/537.36"
[2020-03-18T23:29:48.359] [INFO] access - ::1 - - "GET /stu/allStudent HTTP/1.1" 200 2578 "http://localhost:3001/" "Mozilla/5.0 (Macintosh; Intel Mac OS X 10_13_2) AppleWebKit/537.36 (KHTML, like Gecko) Chrome/80.0.3987.122 Safari/537.36"
[2020-03-18T23:29:48.367] [INFO] access - ::1 - - "GET /stu/getActiveStu HTTP/1.1" 200 1167 "http://localhost:3001/" "Mozilla/5.0 (Macintosh; Intel Mac OS X 10_13_2) AppleWebKit/537.36 (KHTML, like Gecko) Chrome/80.0.3987.122 Safari/537.36"
[2020-03-18T23:29:48.369] [INFO] access - ::1 - - "GET /course/findAllCourseList HTTP/1.1" 200 1458 "http://localhost:3001/" "Mozilla/5.0 (Macintosh; Intel Mac OS X 10_13_2) AppleWebKit/537.36 (KHTML, like Gecko) Chrome/80.0.3987.122 Safari/537.36"
[2020-03-18T23:29:48.370] [INFO] access - ::1 - - "GET /inter/findNextInterview HTTP/1.1" 200 275 "http://localhost:3001/" "Mozilla/5.0 (Macintosh; Intel Mac OS X 10_13_2) AppleWebKit/537.36 (KHTML, like Gecko) Chrome/80.0.3987.122 Safari/537.36"
[2020-03-18T23:29:48.375] [INFO] access - ::1 - - "GET /stu/allStudent HTTP/1.1" 200 2578 "http://localhost:3001/" "Mozilla/5.0 (Macintosh; Intel Mac OS X 10_13_2) AppleWebKit/537.36 (KHTML, like Gecko) Chrome/80.0.3987.122 Safari/537.36"
[2020-03-18T23:29:48.380] [INFO] access - ::1 - - "GET /course/allCourseType HTTP/1.1" 200 492 "http://localhost:3001/" "Mozilla/5.0 (Macintosh; Intel Mac OS X 10_13_2) AppleWebKit/537.36 (KHTML, like Gecko) Chrome/80.0.3987.122 Safari/537.36"
[2020-03-18T23:29:48.381] [INFO] access - ::1 - - "GET /course/findAllCourseList HTTP/1.1" 200 1458 "http://localhost:3001/" "Mozilla/5.0 (Macintosh; Intel Mac OS X 10_13_2) AppleWebKit/537.36 (KHTML, like Gecko) Chrome/80.0.3987.122 Safari/537.36"
[2020-03-18T23:29:50.831] [INFO] access - ::1 - - "GET /stu/findAllCourseType HTTP/1.1" 200 83 "http://localhost:3001/student/addStudent" "Mozilla/5.0 (Macintosh; Intel Mac OS X 10_13_2) AppleWebKit/537.36 (KHTML, like Gecko) Chrome/80.0.3987.122 Safari/537.36"
[2020-03-18T23:31:26.686] [INFO] access - ::1 - - "GET /teacher/systemUserInfo HTTP/1.1" 200 91 "http://localhost:3001/student/addStudent" "Mozilla/5.0 (Macintosh; Intel Mac OS X 10_13_2) AppleWebKit/537.36 (KHTML, like Gecko) Chrome/80.0.3987.122 Safari/537.36"
[2020-03-18T23:31:26.805] [INFO] access - ::1 - - "GET /stu/findAllCourseType HTTP/1.1" 200 83 "http://localhost:3001/student/addStudent" "Mozilla/5.0 (Macintosh; Intel Mac OS X 10_13_2) AppleWebKit/537.36 (KHTML, like Gecko) Chrome/80.0.3987.122 Safari/537.36"
[2020-03-18T23:32:05.084] [INFO] access - ::1 - - "GET /teacher/systemUserInfo HTTP/1.1" 200 91 "http://localhost:3001/student/addStudent" "Mozilla/5.0 (Macintosh; Intel Mac OS X 10_13_2) AppleWebKit/537.36 (KHTML, like Gecko) Chrome/80.0.3987.122 Safari/537.36"
[2020-03-18T23:32:05.200] [INFO] access - ::1 - - "GET /stu/findAllCourseType HTTP/1.1" 200 83 "http://localhost:3001/student/addStudent" "Mozilla/5.0 (Macintosh; Intel Mac OS X 10_13_2) AppleWebKit/537.36 (KHTML, like Gecko) Chrome/80.0.3987.122 Safari/537.36"
[2020-03-18T23:32:19.934] [INFO] access - ::1 - - "GET /teacher/systemUserInfo HTTP/1.1" 200 91 "http://localhost:3001/student/addStudent" "Mozilla/5.0 (Macintosh; Intel Mac OS X 10_13_2) AppleWebKit/537.36 (KHTML, like Gecko) Chrome/80.0.3987.122 Safari/537.36"
[2020-03-18T23:32:20.056] [INFO] access - ::1 - - "GET /stu/findAllCourseType HTTP/1.1" 200 83 "http://localhost:3001/student/addStudent" "Mozilla/5.0 (Macintosh; Intel Mac OS X 10_13_2) AppleWebKit/537.36 (KHTML, like Gecko) Chrome/80.0.3987.122 Safari/537.36"
[2020-03-18T23:32:28.190] [INFO] access - ::1 - - "GET /teacher/systemUserInfo HTTP/1.1" 200 91 "http://localhost:3001/student/addStudent" "Mozilla/5.0 (Macintosh; Intel Mac OS X 10_13_2) AppleWebKit/537.36 (KHTML, like Gecko) Chrome/80.0.3987.122 Safari/537.36"
[2020-03-18T23:32:28.316] [INFO] access - ::1 - - "GET /stu/findAllCourseType HTTP/1.1" 200 83 "http://localhost:3001/student/addStudent" "Mozilla/5.0 (Macintosh; Intel Mac OS X 10_13_2) AppleWebKit/537.36 (KHTML, like Gecko) Chrome/80.0.3987.122 Safari/537.36"
[2020-03-18T23:32:33.199] [INFO] access - ::1 - - "GET /teacher/systemUserInfo HTTP/1.1" 200 91 "http://localhost:3001/student/addStudent" "Mozilla/5.0 (Macintosh; Intel Mac OS X 10_13_2) AppleWebKit/537.36 (KHTML, like Gecko) Chrome/80.0.3987.122 Safari/537.36"
[2020-03-18T23:32:33.314] [INFO] access - ::1 - - "GET /stu/findAllCourseType HTTP/1.1" 200 83 "http://localhost:3001/student/addStudent" "Mozilla/5.0 (Macintosh; Intel Mac OS X 10_13_2) AppleWebKit/537.36 (KHTML, like Gecko) Chrome/80.0.3987.122 Safari/537.36"
[2020-03-18T23:33:48.567] [INFO] access - ::1 - - "GET /teacher/systemUserInfo HTTP/1.1" 200 91 "http://localhost:3001/student/addStudent" "Mozilla/5.0 (Macintosh; Intel Mac OS X 10_13_2) AppleWebKit/537.36 (KHTML, like Gecko) Chrome/80.0.3987.122 Safari/537.36"
[2020-03-18T23:33:48.672] [INFO] access - ::1 - - "GET /stu/findAllCourseType HTTP/1.1" 200 83 "http://localhost:3001/student/addStudent" "Mozilla/5.0 (Macintosh; Intel Mac OS X 10_13_2) AppleWebKit/537.36 (KHTML, like Gecko) Chrome/80.0.3987.122 Safari/537.36"
[2020-03-18T23:37:12.991] [INFO] access - ::1 - - "GET /stu/allStudent HTTP/1.1" 200 2578 "http://localhost:3001/student/studentList" "Mozilla/5.0 (Macintosh; Intel Mac OS X 10_13_2) AppleWebKit/537.36 (KHTML, like Gecko) Chrome/80.0.3987.122 Safari/537.36"
[2020-03-18T23:37:14.277] [INFO] access - ::1 - - "GET /stu/findAllCourseType HTTP/1.1" 200 83 "http://localhost:3001/student/addStudent/57" "Mozilla/5.0 (Macintosh; Intel Mac OS X 10_13_2) AppleWebKit/537.36 (KHTML, like Gecko) Chrome/80.0.3987.122 Safari/537.36"
[2020-03-18T23:37:14.278] [INFO] access - ::1 - - "GET /stu/getStudentById/?id=57 HTTP/1.1" 200 213 "http://localhost:3001/student/addStudent/57" "Mozilla/5.0 (Macintosh; Intel Mac OS X 10_13_2) AppleWebKit/537.36 (KHTML, like Gecko) Chrome/80.0.3987.122 Safari/537.36"
[2020-03-18T23:38:04.021] [INFO] access - ::1 - - "GET /stu/allStudent HTTP/1.1" 200 2578 "http://localhost:3001/student/studentList" "Mozilla/5.0 (Macintosh; Intel Mac OS X 10_13_2) AppleWebKit/537.36 (KHTML, like Gecko) Chrome/80.0.3987.122 Safari/537.36"
