[2019-12-17T18:42:53.298] [INFO] access - ::1 - - "GET /stu/findAllStudent HTTP/1.1" 404 - "" "Mozilla/5.0 (Macintosh; Intel Mac OS X 10_13_2) AppleWebKit/537.36 (KHTML, like Gecko) Chrome/79.0.3945.79 Safari/537.36"
[2019-12-17T18:42:53.425] [INFO] access - ::1 - - "GET /favicon.ico HTTP/1.1" 404 - "http://localhost:8413/stu/findAllStudent" "Mozilla/5.0 (Macintosh; Intel Mac OS X 10_13_2) AppleWebKit/537.36 (KHTML, like Gecko) Chrome/79.0.3945.79 Safari/537.36"
[2019-12-17T18:44:29.741] [INFO] access - ::1 - - "GET /stu/findAllStudent HTTP/1.1" 404 - "" "Mozilla/5.0 (Macintosh; Intel Mac OS X 10_13_2) AppleWebKit/537.36 (KHTML, like Gecko) Chrome/79.0.3945.79 Safari/537.36"
[2019-12-17T18:44:38.111] [INFO] access - ::1 - - "GET /stu/findAllStudent HTTP/1.1" 404 - "" "Mozilla/5.0 (Macintosh; Intel Mac OS X 10_13_2) AppleWebKit/537.36 (KHTML, like Gecko) Chrome/79.0.3945.79 Safari/537.36"
[2019-12-17T18:45:23.279] [INFO] access - ::1 - - "GET /stu/allStudent HTTP/1.1" 200 34 "" "Mozilla/5.0 (Macintosh; Intel Mac OS X 10_13_2) AppleWebKit/537.36 (KHTML, like Gecko) Chrome/79.0.3945.79 Safari/537.36"
[2019-12-17T18:47:38.939] [INFO] access - ::1 - - "GET /stu/allStudent HTTP/1.1" 200 34 "" "Mozilla/5.0 (Macintosh; Intel Mac OS X 10_13_2) AppleWebKit/537.36 (KHTML, like Gecko) Chrome/79.0.3945.79 Safari/537.36"
[2019-12-17T18:47:39.237] [INFO] access - ::1 - - "GET /stu/allStudent HTTP/1.1" 200 34 "" "Mozilla/5.0 (Macintosh; Intel Mac OS X 10_13_2) AppleWebKit/537.36 (KHTML, like Gecko) Chrome/79.0.3945.79 Safari/537.36"
[2019-12-17T18:47:40.102] [INFO] access - ::1 - - "GET /stu/allStudent HTTP/1.1" 200 34 "" "Mozilla/5.0 (Macintosh; Intel Mac OS X 10_13_2) AppleWebKit/537.36 (KHTML, like Gecko) Chrome/79.0.3945.79 Safari/537.36"
[2019-12-17T18:47:40.250] [INFO] access - ::1 - - "GET /stu/allStudent HTTP/1.1" 200 34 "" "Mozilla/5.0 (Macintosh; Intel Mac OS X 10_13_2) AppleWebKit/537.36 (KHTML, like Gecko) Chrome/79.0.3945.79 Safari/537.36"
[2019-12-17T18:47:40.400] [INFO] access - ::1 - - "GET /stu/allStudent HTTP/1.1" 200 34 "" "Mozilla/5.0 (Macintosh; Intel Mac OS X 10_13_2) AppleWebKit/537.36 (KHTML, like Gecko) Chrome/79.0.3945.79 Safari/537.36"
[2019-12-17T18:47:40.541] [INFO] access - ::1 - - "GET /stu/allStudent HTTP/1.1" 200 34 "" "Mozilla/5.0 (Macintosh; Intel Mac OS X 10_13_2) AppleWebKit/537.36 (KHTML, like Gecko) Chrome/79.0.3945.79 Safari/537.36"
[2019-12-17T18:47:40.683] [INFO] access - ::1 - - "GET /stu/allStudent HTTP/1.1" 200 34 "" "Mozilla/5.0 (Macintosh; Intel Mac OS X 10_13_2) AppleWebKit/537.36 (KHTML, like Gecko) Chrome/79.0.3945.79 Safari/537.36"
[2019-12-17T18:48:14.445] [INFO] access - ::1 - - "GET /stu/allStudent HTTP/1.1" 200 34 "" "Mozilla/5.0 (Macintosh; Intel Mac OS X 10_13_2) AppleWebKit/537.36 (KHTML, like Gecko) Chrome/79.0.3945.79 Safari/537.36"
[2019-12-17T18:48:47.900] [INFO] access - ::1 - - "GET /stu/allStudent HTTP/1.1" 200 34 "" "Mozilla/5.0 (Macintosh; Intel Mac OS X 10_13_2) AppleWebKit/537.36 (KHTML, like Gecko) Chrome/79.0.3945.79 Safari/537.36"
[2019-12-17T18:49:52.350] [INFO] access - ::1 - - "GET /stu/allStudent HTTP/1.1" 200 34 "" "Mozilla/5.0 (Macintosh; Intel Mac OS X 10_13_2) AppleWebKit/537.36 (KHTML, like Gecko) Chrome/79.0.3945.79 Safari/537.36"
[2019-12-17T18:50:35.052] [INFO] access - ::1 - - "GET /stu/allStudent HTTP/1.1" 200 34 "" "Mozilla/5.0 (Macintosh; Intel Mac OS X 10_13_2) AppleWebKit/537.36 (KHTML, like Gecko) Chrome/79.0.3945.79 Safari/537.36"
[2019-12-17T18:50:40.414] [INFO] access - ::1 - - "GET /stu/allStudent HTTP/1.1" 200 34 "" "Mozilla/5.0 (Macintosh; Intel Mac OS X 10_13_2) AppleWebKit/537.36 (KHTML, like Gecko) Chrome/79.0.3945.79 Safari/537.36"
[2019-12-17T18:51:40.658] [INFO] access - ::1 - - "GET /stu/allStudent HTTP/1.1" 200 34 "" "Mozilla/5.0 (Macintosh; Intel Mac OS X 10_13_2) AppleWebKit/537.36 (KHTML, like Gecko) Chrome/79.0.3945.79 Safari/537.36"
[2019-12-17T18:51:50.781] [INFO] access - ::1 - - "GET /stu/allStudent HTTP/1.1" 200 34 "" "Mozilla/5.0 (Macintosh; Intel Mac OS X 10_13_2) AppleWebKit/537.36 (KHTML, like Gecko) Chrome/79.0.3945.79 Safari/537.36"
[2019-12-17T18:51:51.236] [INFO] access - ::1 - - "GET /stu/allStudent HTTP/1.1" 200 34 "" "Mozilla/5.0 (Macintosh; Intel Mac OS X 10_13_2) AppleWebKit/537.36 (KHTML, like Gecko) Chrome/79.0.3945.79 Safari/537.36"
[2019-12-17T18:51:51.389] [INFO] access - ::1 - - "GET /stu/allStudent HTTP/1.1" 200 34 "" "Mozilla/5.0 (Macintosh; Intel Mac OS X 10_13_2) AppleWebKit/537.36 (KHTML, like Gecko) Chrome/79.0.3945.79 Safari/537.36"
[2019-12-17T18:51:51.537] [INFO] access - ::1 - - "GET /stu/allStudent HTTP/1.1" 200 34 "" "Mozilla/5.0 (Macintosh; Intel Mac OS X 10_13_2) AppleWebKit/537.36 (KHTML, like Gecko) Chrome/79.0.3945.79 Safari/537.36"
[2019-12-17T18:52:19.791] [INFO] access - ::1 - - "GET /stu/allStudent HTTP/1.1" 200 50 "" "Mozilla/5.0 (Macintosh; Intel Mac OS X 10_13_2) AppleWebKit/537.36 (KHTML, like Gecko) Chrome/79.0.3945.79 Safari/537.36"
[2019-12-17T18:52:31.737] [INFO] access - ::1 - - "GET /stu/allStudent HTTP/1.1" 200 34 "" "Mozilla/5.0 (Macintosh; Intel Mac OS X 10_13_2) AppleWebKit/537.36 (KHTML, like Gecko) Chrome/79.0.3945.79 Safari/537.36"
[2019-12-17T18:52:51.271] [INFO] access - ::1 - - "GET /stu/allStudent HTTP/1.1" 200 34 "" "Mozilla/5.0 (Macintosh; Intel Mac OS X 10_13_2) AppleWebKit/537.36 (KHTML, like Gecko) Chrome/79.0.3945.79 Safari/537.36"
[2019-12-17T18:55:54.444] [INFO] access - ::1 - - "GET /stu/allStudent HTTP/1.1" 200 193 "" "Mozilla/5.0 (Macintosh; Intel Mac OS X 10_13_2) AppleWebKit/537.36 (KHTML, like Gecko) Chrome/79.0.3945.79 Safari/537.36"
[2019-12-17T19:43:30.995] [INFO] access - ::1 - - "GET /stu/allStudent HTTP/1.1" 200 193 "" "PostmanRuntime/7.20.1"
[2019-12-17T19:52:51.952] [INFO] access - ::1 - - "POST /stu/stuLogin HTTP/1.1" 200 54 "" "PostmanRuntime/7.20.1"
[2019-12-17T19:53:12.373] [INFO] access - ::1 - - "POST /stu/stuLogin HTTP/1.1" 200 54 "" "PostmanRuntime/7.20.1"
[2019-12-17T19:53:46.583] [INFO] access - ::1 - - "POST /stu/stuLogin HTTP/1.1" 200 196 "" "PostmanRuntime/7.20.1"
[2019-12-17T20:07:35.737] [INFO] access - ::1 - - "POST /stu/stuLogin HTTP/1.1" 200 198 "" "PostmanRuntime/7.20.1"
[2019-12-17T20:07:38.949] [INFO] access - ::1 - - "POST /stu/stuLogin HTTP/1.1" 200 198 "" "PostmanRuntime/7.20.1"
[2019-12-17T20:07:39.748] [INFO] access - ::1 - - "POST /stu/stuLogin HTTP/1.1" 200 198 "" "PostmanRuntime/7.20.1"
[2019-12-17T20:12:44.350] [INFO] access - ::1 - - "POST /stu/stuLogin HTTP/1.1" 200 165 "" "PostmanRuntime/7.20.1"
[2019-12-17T20:13:33.531] [INFO] access - ::1 - - "POST /stu/stuLogin HTTP/1.1" 200 34 "" "PostmanRuntime/7.20.1"
[2019-12-17T20:14:35.301] [INFO] access - ::1 - - "POST /stu/stuLogin HTTP/1.1" 200 34 "" "PostmanRuntime/7.20.1"
[2019-12-17T20:14:36.923] [INFO] access - ::1 - - "POST /stu/stuLogin HTTP/1.1" 200 34 "" "PostmanRuntime/7.20.1"
[2019-12-17T20:15:39.891] [INFO] access - ::1 - - "POST /stu/stuLogin HTTP/1.1" 200 34 "" "PostmanRuntime/7.20.1"
[2019-12-17T20:16:03.961] [INFO] access - ::1 - - "POST /stu/stuLogin HTTP/1.1" 200 34 "" "PostmanRuntime/7.20.1"
[2019-12-17T20:16:26.740] [INFO] access - ::1 - - "POST /stu/stuLogin HTTP/1.1" 200 34 "" "PostmanRuntime/7.20.1"
[2019-12-17T20:16:39.728] [INFO] access - ::1 - - "POST /stu/stuLogin HTTP/1.1" 200 34 "" "PostmanRuntime/7.20.1"
[2019-12-17T20:16:57.612] [INFO] access - ::1 - - "POST /stu/stuLogin HTTP/1.1" 200 34 "" "PostmanRuntime/7.20.1"
[2019-12-17T20:17:52.836] [INFO] access - ::1 - - "POST /stu/stuLogin HTTP/1.1" 200 34 "" "PostmanRuntime/7.20.1"
[2019-12-17T20:20:07.537] [INFO] access - ::1 - - "POST /stu/stuLogin HTTP/1.1" 200 34 "" "PostmanRuntime/7.20.1"
[2019-12-17T20:20:59.881] [INFO] access - ::1 - - "POST /stu/stuLogin HTTP/1.1" 200 52 "" "PostmanRuntime/7.20.1"
[2019-12-17T20:21:08.832] [INFO] access - ::1 - - "POST /stu/stuLogin HTTP/1.1" 200 52 "" "PostmanRuntime/7.20.1"
[2019-12-17T20:21:13.800] [INFO] access - ::1 - - "POST /stu/stuLogin HTTP/1.1" 200 52 "" "PostmanRuntime/7.20.1"
[2019-12-17T20:21:56.077] [INFO] access - ::1 - - "POST /stu/stuLogin HTTP/1.1" 200 52 "" "PostmanRuntime/7.20.1"
[2019-12-17T20:22:05.143] [INFO] access - ::1 - - "POST /stu/stuLogin HTTP/1.1" 200 52 "" "PostmanRuntime/7.20.1"
[2019-12-17T20:22:06.194] [INFO] access - ::1 - - "POST /stu/stuLogin HTTP/1.1" 200 52 "" "PostmanRuntime/7.20.1"
[2019-12-17T20:22:20.739] [INFO] access - ::1 - - "POST /stu/stuLogin HTTP/1.1" 200 52 "" "PostmanRuntime/7.20.1"
[2019-12-17T20:22:37.430] [INFO] access - ::1 - - "POST /stu/stuLogin HTTP/1.1" 200 52 "" "PostmanRuntime/7.20.1"
[2019-12-17T20:23:02.742] [INFO] access - ::1 - - "POST /stu/stuLogin HTTP/1.1" 200 52 "" "PostmanRuntime/7.20.1"
[2019-12-17T20:23:25.697] [INFO] access - ::1 - - "POST /stu/stuLogin HTTP/1.1" 200 52 "" "PostmanRuntime/7.20.1"
[2019-12-17T20:23:31.801] [INFO] access - ::1 - - "POST /stu/stuLogin HTTP/1.1" 200 49 "" "PostmanRuntime/7.20.1"
[2019-12-17T20:24:02.844] [INFO] access - ::1 - - "POST /stu/stuLogin HTTP/1.1" 200 60 "" "PostmanRuntime/7.20.1"
[2019-12-17T20:24:14.271] [INFO] access - ::1 - - "POST /stu/stuLogin HTTP/1.1" 200 60 "" "PostmanRuntime/7.20.1"
[2019-12-17T20:51:36.278] [INFO] access - ::1 - - "POST /stu/addStudent HTTP/1.1" 200 55 "" "PostmanRuntime/7.20.1"
[2019-12-17T20:52:51.330] [INFO] access - ::1 - - "POST /stu/addStudent HTTP/1.1" 200 45 "" "PostmanRuntime/7.20.1"
[2019-12-17T20:53:12.193] [INFO] access - ::1 - - "POST /stu/addStudent HTTP/1.1" 200 45 "" "PostmanRuntime/7.20.1"
[2019-12-17T20:53:24.776] [INFO] access - ::1 - - "POST /stu/addStudent HTTP/1.1" 200 45 "" "PostmanRuntime/7.20.1"
[2019-12-17T20:55:53.653] [INFO] access - ::1 - - "POST /stu/addStudent HTTP/1.1" 200 190 "" "PostmanRuntime/7.20.1"
[2019-12-17T20:56:44.270] [INFO] access - ::1 - - "POST /stu/addStudent HTTP/1.1" 200 190 "" "PostmanRuntime/7.20.1"
[2019-12-17T20:56:51.463] [INFO] access - ::1 - - "POST /stu/addStudent HTTP/1.1" 200 45 "" "PostmanRuntime/7.20.1"
[2019-12-17T20:57:32.389] [INFO] access - ::1 - - "POST /stu/addStudent HTTP/1.1" 200 190 "" "PostmanRuntime/7.20.1"
[2019-12-17T20:57:47.649] [INFO] access - ::1 - - "POST /stu/addStudent HTTP/1.1" 200 190 "" "PostmanRuntime/7.20.1"
[2019-12-17T21:00:24.122] [INFO] access - ::1 - - "POST /stu/addStudent HTTP/1.1" 200 65 "" "PostmanRuntime/7.20.1"
[2019-12-17T21:00:27.655] [INFO] access - ::1 - - "POST /stu/addStudent HTTP/1.1" 200 65 "" "PostmanRuntime/7.20.1"
[2019-12-17T21:02:17.858] [INFO] access - ::1 - - "POST /stu/addStudent HTTP/1.1" 200 65 "" "PostmanRuntime/7.20.1"
[2019-12-17T21:04:58.769] [INFO] access - ::1 - - "POST /stu/addStudent HTTP/1.1" 200 65 "" "PostmanRuntime/7.20.1"
[2019-12-17T21:06:17.196] [INFO] access - ::1 - - "POST /stu/addStudent HTTP/1.1" 200 55 "" "PostmanRuntime/7.20.1"
[2019-12-17T21:06:27.028] [INFO] access - ::1 - - "POST /stu/addStudent HTTP/1.1" 200 65 "" "PostmanRuntime/7.20.1"
[2019-12-17T21:08:27.186] [INFO] access - ::1 - - "POST /stu/addStudent HTTP/1.1" 200 46 "" "PostmanRuntime/7.20.1"
[2019-12-17T21:23:26.393] [INFO] access - ::1 - - "POST /stu/addStudent HTTP/1.1" 200 63 "" "PostmanRuntime/7.20.1"
[2019-12-17T21:27:59.473] [INFO] access - ::1 - - "POST /stu/updateStu HTTP/1.1" 200 52 "" "PostmanRuntime/7.20.1"
[2019-12-17T21:28:46.503] [INFO] access - ::1 - - "POST /stu/updateStu HTTP/1.1" 200 52 "" "PostmanRuntime/7.20.1"
[2019-12-17T21:29:01.495] [INFO] access - ::1 - - "GET /stu/allStudent HTTP/1.1" 200 349 "" "PostmanRuntime/7.20.1"
[2019-12-17T21:29:52.905] [INFO] access - ::1 - - "POST /stu/updateStu HTTP/1.1" 200 52 "" "PostmanRuntime/7.20.1"
[2019-12-17T21:29:55.882] [INFO] access - ::1 - - "GET /stu/allStudent HTTP/1.1" 200 351 "" "PostmanRuntime/7.20.1"
[2019-12-17T21:30:47.697] [INFO] access - ::1 - - "POST /stu/updateStu HTTP/1.1" 200 63 "" "PostmanRuntime/7.20.1"
[2019-12-17T21:30:56.753] [INFO] access - ::1 - - "POST /stu/updateStu HTTP/1.1" 200 52 "" "PostmanRuntime/7.20.1"
[2019-12-17T21:30:59.401] [INFO] access - ::1 - - "GET /stu/allStudent HTTP/1.1" 200 350 "" "PostmanRuntime/7.20.1"
