[2020-03-10T14:05:20.823] [INFO] access - ::1 - - "POST /stu/stuLogin HTTP/1.1" 200 52 "http://localhost:3000/login" "Mozilla/5.0 (Macintosh; Intel Mac OS X 10_13_2) AppleWebKit/537.36 (KHTML, like Gecko) Chrome/80.0.3987.122 Safari/537.36"
[2020-03-10T14:05:23.559] [INFO] access - ::1 - - "GET /stu/allStudent HTTP/1.1" 200 930 "http://localhost:3000/student/studentList" "Mozilla/5.0 (Macintosh; Intel Mac OS X 10_13_2) AppleWebKit/537.36 (KHTML, like Gecko) Chrome/80.0.3987.122 Safari/537.36"
[2020-03-10T14:05:40.916] [INFO] access - ::1 - - "POST /stu/addStudent HTTP/1.1" 200 46 "http://localhost:3000/student/addStudent" "Mozilla/5.0 (Macintosh; Intel Mac OS X 10_13_2) AppleWebKit/537.36 (KHTML, like Gecko) Chrome/80.0.3987.122 Safari/537.36"
[2020-03-10T14:05:45.442] [INFO] access - ::1 - - "GET /stu/allStudent HTTP/1.1" 200 1117 "http://localhost:3000/student/studentList" "Mozilla/5.0 (Macintosh; Intel Mac OS X 10_13_2) AppleWebKit/537.36 (KHTML, like Gecko) Chrome/80.0.3987.122 Safari/537.36"
[2020-03-10T14:06:06.741] [INFO] access - ::1 - - "GET /stu/allStudent HTTP/1.1" 200 1117 "http://localhost:3000/student/studentList" "Mozilla/5.0 (Macintosh; Intel Mac OS X 10_13_2) AppleWebKit/537.36 (KHTML, like Gecko) Chrome/80.0.3987.122 Safari/537.36"
[2020-03-10T14:06:11.752] [INFO] access - ::1 - - "GET /stu/getStudentById/?id=44 HTTP/1.1" 200 220 "http://localhost:3000/student/addStudent/44" "Mozilla/5.0 (Macintosh; Intel Mac OS X 10_13_2) AppleWebKit/537.36 (KHTML, like Gecko) Chrome/80.0.3987.122 Safari/537.36"
[2020-03-10T14:06:21.518] [INFO] access - ::1 - - "POST /stu/updateStu HTTP/1.1" 200 52 "http://localhost:3000/student/addStudent/44" "Mozilla/5.0 (Macintosh; Intel Mac OS X 10_13_2) AppleWebKit/537.36 (KHTML, like Gecko) Chrome/80.0.3987.122 Safari/537.36"
[2020-03-10T14:06:21.553] [INFO] access - ::1 - - "GET /stu/allStudent HTTP/1.1" 200 1107 "http://localhost:3000/student/studentList" "Mozilla/5.0 (Macintosh; Intel Mac OS X 10_13_2) AppleWebKit/537.36 (KHTML, like Gecko) Chrome/80.0.3987.122 Safari/537.36"
[2020-03-10T14:06:31.928] [INFO] access - ::1 - - "GET /stu/deleteStu?student_id=39 HTTP/1.1" 200 46 "http://localhost:3000/student/studentList" "Mozilla/5.0 (Macintosh; Intel Mac OS X 10_13_2) AppleWebKit/537.36 (KHTML, like Gecko) Chrome/80.0.3987.122 Safari/537.36"
[2020-03-10T14:06:31.956] [INFO] access - ::1 - - "GET /stu/allStudent HTTP/1.1" 200 929 "http://localhost:3000/student/studentList" "Mozilla/5.0 (Macintosh; Intel Mac OS X 10_13_2) AppleWebKit/537.36 (KHTML, like Gecko) Chrome/80.0.3987.122 Safari/537.36"
[2020-03-10T14:06:44.149] [INFO] access - ::1 - - "GET /stu/allStudent HTTP/1.1" 200 929 "http://localhost:3000/student/studentList" "Mozilla/5.0 (Macintosh; Intel Mac OS X 10_13_2) AppleWebKit/537.36 (KHTML, like Gecko) Chrome/80.0.3987.122 Safari/537.36"
[2020-03-10T14:06:45.191] [INFO] access - ::1 - - "GET /stu/allStudent HTTP/1.1" 200 929 "http://localhost:3000/student/studentList" "Mozilla/5.0 (Macintosh; Intel Mac OS X 10_13_2) AppleWebKit/537.36 (KHTML, like Gecko) Chrome/80.0.3987.122 Safari/537.36"
[2020-03-10T14:06:50.826] [INFO] access - ::1 - - "GET /stu/allStudent HTTP/1.1" 200 929 "http://localhost:3000/student/studentList" "Mozilla/5.0 (Macintosh; Intel Mac OS X 10_13_2) AppleWebKit/537.36 (KHTML, like Gecko) Chrome/80.0.3987.122 Safari/537.36"
[2020-03-10T14:06:59.672] [INFO] access - ::1 - - "GET /stu/allStudent HTTP/1.1" 200 929 "http://localhost:3000/student/studentList" "Mozilla/5.0 (Macintosh; Intel Mac OS X 10_13_2) AppleWebKit/537.36 (KHTML, like Gecko) Chrome/80.0.3987.122 Safari/537.36"
[2020-03-10T14:09:39.657] [INFO] access - ::ffff:127.0.0.1 - - "POST /stu/stuLogin HTTP/1.1" 200 52 "http://localhost:3001/login" "Mozilla/5.0 (Macintosh; Intel Mac OS X 10_13_2) AppleWebKit/537.36 (KHTML, like Gecko) Chrome/80.0.3987.122 Safari/537.36"
[2020-03-10T14:09:41.690] [INFO] access - ::ffff:127.0.0.1 - - "GET /course/findAllCourseList HTTP/1.1" 200 725 "http://localhost:3001/course/courseList" "Mozilla/5.0 (Macintosh; Intel Mac OS X 10_13_2) AppleWebKit/537.36 (KHTML, like Gecko) Chrome/80.0.3987.122 Safari/537.36"
[2020-03-10T14:09:49.190] [INFO] access - ::ffff:127.0.0.1 - - "GET /course/findAllCourseList HTTP/1.1" 200 725 "http://localhost:3001/course/courseList" "Mozilla/5.0 (Macintosh; Intel Mac OS X 10_13_2) AppleWebKit/537.36 (KHTML, like Gecko) Chrome/80.0.3987.122 Safari/537.36"
[2020-03-10T14:10:07.814] [INFO] access - ::ffff:127.0.0.1 - - "GET /course/findAllCourseList HTTP/1.1" 200 725 "http://localhost:3001/course/courseList" "Mozilla/5.0 (Macintosh; Intel Mac OS X 10_13_2) AppleWebKit/537.36 (KHTML, like Gecko) Chrome/80.0.3987.122 Safari/537.36"
[2020-03-10T14:10:09.608] [INFO] access - ::ffff:127.0.0.1 - - "GET /course/allCourseType HTTP/1.1" 200 144 "http://localhost:3001/course/courseType" "Mozilla/5.0 (Macintosh; Intel Mac OS X 10_13_2) AppleWebKit/537.36 (KHTML, like Gecko) Chrome/80.0.3987.122 Safari/537.36"
[2020-03-10T14:10:22.636] [INFO] access - ::ffff:127.0.0.1 - - "GET /course/allCourseType HTTP/1.1" 200 144 "http://localhost:3001/course/courseType" "Mozilla/5.0 (Macintosh; Intel Mac OS X 10_13_2) AppleWebKit/537.36 (KHTML, like Gecko) Chrome/80.0.3987.122 Safari/537.36"
[2020-03-10T14:10:29.642] [INFO] access - ::ffff:127.0.0.1 - - "GET /course/findAllCourseList HTTP/1.1" 200 725 "http://localhost:3001/course/courseList" "Mozilla/5.0 (Macintosh; Intel Mac OS X 10_13_2) AppleWebKit/537.36 (KHTML, like Gecko) Chrome/80.0.3987.122 Safari/537.36"
[2020-03-10T14:10:30.466] [INFO] access - ::ffff:127.0.0.1 - - "GET /course/allCourseType HTTP/1.1" 200 144 "http://localhost:3001/course/courseType" "Mozilla/5.0 (Macintosh; Intel Mac OS X 10_13_2) AppleWebKit/537.36 (KHTML, like Gecko) Chrome/80.0.3987.122 Safari/537.36"
[2020-03-10T14:10:34.511] [INFO] access - ::ffff:127.0.0.1 - - "GET /course/findAllCourseList HTTP/1.1" 200 725 "http://localhost:3001/course/courseList" "Mozilla/5.0 (Macintosh; Intel Mac OS X 10_13_2) AppleWebKit/537.36 (KHTML, like Gecko) Chrome/80.0.3987.122 Safari/537.36"
[2020-03-10T14:10:35.488] [INFO] access - ::ffff:127.0.0.1 - - "GET /course/allCourseType HTTP/1.1" 200 144 "http://localhost:3001/course/courseType" "Mozilla/5.0 (Macintosh; Intel Mac OS X 10_13_2) AppleWebKit/537.36 (KHTML, like Gecko) Chrome/80.0.3987.122 Safari/537.36"
[2020-03-10T14:11:29.152] [INFO] access - ::ffff:127.0.0.1 - - "GET /course/findAllCourseList HTTP/1.1" 200 725 "http://localhost:3001/course/courseList" "Mozilla/5.0 (Macintosh; Intel Mac OS X 10_13_2) AppleWebKit/537.36 (KHTML, like Gecko) Chrome/80.0.3987.122 Safari/537.36"
[2020-03-10T14:11:38.573] [INFO] access - ::ffff:127.0.0.1 - - "GET /course/findAllCourseList HTTP/1.1" 200 725 "http://localhost:3001/course/courseList" "Mozilla/5.0 (Macintosh; Intel Mac OS X 10_13_2) AppleWebKit/537.36 (KHTML, like Gecko) Chrome/80.0.3987.122 Safari/537.36"
[2020-03-10T14:11:40.154] [INFO] access - ::ffff:127.0.0.1 - - "GET /course/findAllCourseList HTTP/1.1" 200 725 "http://localhost:3001/course/courseList" "Mozilla/5.0 (Macintosh; Intel Mac OS X 10_13_2) AppleWebKit/537.36 (KHTML, like Gecko) Chrome/80.0.3987.122 Safari/537.36"
[2020-03-10T14:11:42.390] [INFO] access - ::ffff:127.0.0.1 - - "GET /course/findAllCourseList HTTP/1.1" 200 725 "http://localhost:3001/course/courseList" "Mozilla/5.0 (Macintosh; Intel Mac OS X 10_13_2) AppleWebKit/537.36 (KHTML, like Gecko) Chrome/80.0.3987.122 Safari/537.36"
[2020-03-10T14:13:33.623] [INFO] access - ::ffff:127.0.0.1 - - "GET /course/findAllCourseList HTTP/1.1" 200 725 "http://localhost:3001/course/courseList" "Mozilla/5.0 (Macintosh; Intel Mac OS X 10_13_2) AppleWebKit/537.36 (KHTML, like Gecko) Chrome/80.0.3987.122 Safari/537.36"
[2020-03-10T14:15:37.355] [INFO] access - ::ffff:127.0.0.1 - - "GET /course/findAllCourseList HTTP/1.1" 200 725 "http://localhost:3001/course/courseList" "Mozilla/5.0 (Macintosh; Intel Mac OS X 10_13_2) AppleWebKit/537.36 (KHTML, like Gecko) Chrome/80.0.3987.122 Safari/537.36"
[2020-03-10T15:06:31.102] [INFO] access - ::ffff:127.0.0.1 - - "GET /stu/allStudent HTTP/1.1" 200 929 "http://localhost:3001/student/studentList" "Mozilla/5.0 (Macintosh; Intel Mac OS X 10_13_2) AppleWebKit/537.36 (KHTML, like Gecko) Chrome/80.0.3987.122 Safari/537.36"
[2020-03-10T15:08:59.477] [INFO] access - ::1 - - "POST /stu/stuLogin HTTP/1.1" 200 52 "http://localhost:3000/login" "Mozilla/5.0 (Macintosh; Intel Mac OS X 10_13_2) AppleWebKit/537.36 (KHTML, like Gecko) Chrome/80.0.3987.122 Safari/537.36"
[2020-03-10T15:09:02.139] [INFO] access - ::1 - - "GET /stu/allStudent HTTP/1.1" 200 929 "http://localhost:3000/student/studentList" "Mozilla/5.0 (Macintosh; Intel Mac OS X 10_13_2) AppleWebKit/537.36 (KHTML, like Gecko) Chrome/80.0.3987.122 Safari/537.36"
[2020-03-10T15:09:17.897] [INFO] access - ::1 - - "GET /stu/allStudent HTTP/1.1" 200 929 "http://localhost:3000/student/studentList" "Mozilla/5.0 (Macintosh; Intel Mac OS X 10_13_2) AppleWebKit/537.36 (KHTML, like Gecko) Chrome/80.0.3987.122 Safari/537.36"
[2020-03-10T15:09:29.327] [INFO] access - ::1 - - "POST /stu/addStudent HTTP/1.1" 200 46 "http://localhost:3000/student/addStudent" "Mozilla/5.0 (Macintosh; Intel Mac OS X 10_13_2) AppleWebKit/537.36 (KHTML, like Gecko) Chrome/80.0.3987.122 Safari/537.36"
[2020-03-10T15:09:31.506] [INFO] access - ::1 - - "POST /stu/addStudent HTTP/1.1" 200 46 "http://localhost:3000/student/addStudent" "Mozilla/5.0 (Macintosh; Intel Mac OS X 10_13_2) AppleWebKit/537.36 (KHTML, like Gecko) Chrome/80.0.3987.122 Safari/537.36"
[2020-03-10T15:09:34.738] [INFO] access - ::1 - - "POST /stu/addStudent HTTP/1.1" 200 46 "http://localhost:3000/student/addStudent" "Mozilla/5.0 (Macintosh; Intel Mac OS X 10_13_2) AppleWebKit/537.36 (KHTML, like Gecko) Chrome/80.0.3987.122 Safari/537.36"
[2020-03-10T15:09:37.987] [INFO] access - ::1 - - "POST /stu/addStudent HTTP/1.1" 200 46 "http://localhost:3000/student/addStudent" "Mozilla/5.0 (Macintosh; Intel Mac OS X 10_13_2) AppleWebKit/537.36 (KHTML, like Gecko) Chrome/80.0.3987.122 Safari/537.36"
[2020-03-10T15:09:39.183] [INFO] access - ::1 - - "GET /stu/allStudent HTTP/1.1" 200 1676 "http://localhost:3000/student/studentList" "Mozilla/5.0 (Macintosh; Intel Mac OS X 10_13_2) AppleWebKit/537.36 (KHTML, like Gecko) Chrome/80.0.3987.122 Safari/537.36"
[2020-03-10T15:09:53.323] [INFO] access - ::1 - - "POST /stu/addStudent HTTP/1.1" 200 46 "http://localhost:3000/student/addStudent" "Mozilla/5.0 (Macintosh; Intel Mac OS X 10_13_2) AppleWebKit/537.36 (KHTML, like Gecko) Chrome/80.0.3987.122 Safari/537.36"
[2020-03-10T15:09:57.494] [INFO] access - ::1 - - "POST /stu/addStudent HTTP/1.1" 200 46 "http://localhost:3000/student/addStudent" "Mozilla/5.0 (Macintosh; Intel Mac OS X 10_13_2) AppleWebKit/537.36 (KHTML, like Gecko) Chrome/80.0.3987.122 Safari/537.36"
[2020-03-10T15:09:59.698] [INFO] access - ::1 - - "GET /stu/allStudent HTTP/1.1" 200 2045 "http://localhost:3000/student/studentList" "Mozilla/5.0 (Macintosh; Intel Mac OS X 10_13_2) AppleWebKit/537.36 (KHTML, like Gecko) Chrome/80.0.3987.122 Safari/537.36"
[2020-03-10T15:10:25.470] [INFO] access - ::1 - - "POST /stu/addStudent HTTP/1.1" 200 46 "http://localhost:3000/student/addStudent" "Mozilla/5.0 (Macintosh; Intel Mac OS X 10_13_2) AppleWebKit/537.36 (KHTML, like Gecko) Chrome/80.0.3987.122 Safari/537.36"
[2020-03-10T15:10:26.724] [INFO] access - ::1 - - "GET /stu/allStudent HTTP/1.1" 200 2227 "http://localhost:3000/student/studentList" "Mozilla/5.0 (Macintosh; Intel Mac OS X 10_13_2) AppleWebKit/537.36 (KHTML, like Gecko) Chrome/80.0.3987.122 Safari/537.36"
[2020-03-10T15:10:45.887] [INFO] access - ::1 - - "GET /stu/allStudent HTTP/1.1" 200 2227 "http://localhost:3000/student/studentList" "Mozilla/5.0 (Macintosh; Intel Mac OS X 10_13_2) AppleWebKit/537.36 (KHTML, like Gecko) Chrome/80.0.3987.122 Safari/537.36"
[2020-03-10T15:11:58.591] [INFO] access - ::1 - - "GET /stu/allStudent HTTP/1.1" 200 2227 "http://localhost:3000/student/studentList" "Mozilla/5.0 (Macintosh; Intel Mac OS X 10_13_2) AppleWebKit/537.36 (KHTML, like Gecko) Chrome/80.0.3987.122 Safari/537.36"
[2020-03-10T15:12:43.954] [INFO] access - ::1 - - "GET /stu/allStudent HTTP/1.1" 200 2227 "http://localhost:3000/student/studentList" "Mozilla/5.0 (Macintosh; Intel Mac OS X 10_13_2) AppleWebKit/537.36 (KHTML, like Gecko) Chrome/80.0.3987.122 Safari/537.36"
[2020-03-10T15:13:07.029] [INFO] access - ::1 - - "GET /stu/allStudent HTTP/1.1" 200 2227 "http://localhost:3000/student/studentList" "Mozilla/5.0 (Macintosh; Intel Mac OS X 10_13_2) AppleWebKit/537.36 (KHTML, like Gecko) Chrome/80.0.3987.122 Safari/537.36"
[2020-03-10T15:13:26.492] [INFO] access - ::1 - - "GET /stu/allStudent HTTP/1.1" 200 2227 "http://localhost:3000/student/studentList" "Mozilla/5.0 (Macintosh; Intel Mac OS X 10_13_2) AppleWebKit/537.36 (KHTML, like Gecko) Chrome/80.0.3987.122 Safari/537.36"
[2020-03-10T15:13:46.476] [INFO] access - ::1 - - "GET /stu/allStudent HTTP/1.1" 200 2227 "http://localhost:3000/student/studentList" "Mozilla/5.0 (Macintosh; Intel Mac OS X 10_13_2) AppleWebKit/537.36 (KHTML, like Gecko) Chrome/80.0.3987.122 Safari/537.36"
[2020-03-10T15:14:10.691] [INFO] access - ::1 - - "GET /stu/allStudent HTTP/1.1" 200 2227 "http://localhost:3000/student/studentList" "Mozilla/5.0 (Macintosh; Intel Mac OS X 10_13_2) AppleWebKit/537.36 (KHTML, like Gecko) Chrome/80.0.3987.122 Safari/537.36"
[2020-03-10T15:14:16.993] [INFO] access - ::1 - - "GET /stu/allStudent HTTP/1.1" 200 2227 "http://localhost:3000/student/studentList" "Mozilla/5.0 (Macintosh; Intel Mac OS X 10_13_2) AppleWebKit/537.36 (KHTML, like Gecko) Chrome/80.0.3987.122 Safari/537.36"
[2020-03-10T15:15:26.669] [INFO] access - ::1 - - "GET /stu/allStudent HTTP/1.1" 200 2227 "http://localhost:3000/student/studentList" "Mozilla/5.0 (Macintosh; Intel Mac OS X 10_13_2) AppleWebKit/537.36 (KHTML, like Gecko) Chrome/80.0.3987.122 Safari/537.36"
[2020-03-10T15:15:37.833] [INFO] access - ::1 - - "GET /stu/allStudent HTTP/1.1" 200 2227 "http://localhost:3000/student/studentList" "Mozilla/5.0 (Macintosh; Intel Mac OS X 10_13_2) AppleWebKit/537.36 (KHTML, like Gecko) Chrome/80.0.3987.122 Safari/537.36"
[2020-03-10T15:15:40.867] [INFO] access - ::1 - - "GET /stu/allStudent HTTP/1.1" 200 2227 "http://localhost:3000/student/studentList" "Mozilla/5.0 (Macintosh; Intel Mac OS X 10_13_2) AppleWebKit/537.36 (KHTML, like Gecko) Chrome/80.0.3987.122 Safari/537.36"
[2020-03-10T15:22:36.379] [INFO] access - ::1 - - "GET /course/findAllCourseList HTTP/1.1" 200 725 "http://localhost:3000/course/courseList" "Mozilla/5.0 (Macintosh; Intel Mac OS X 10_13_2) AppleWebKit/537.36 (KHTML, like Gecko) Chrome/80.0.3987.122 Safari/537.36"
[2020-03-10T15:23:28.810] [INFO] access - ::1 - - "GET /course/findAllCourseList HTTP/1.1" 200 725 "http://localhost:3000/course/courseList" "Mozilla/5.0 (Macintosh; Intel Mac OS X 10_13_2) AppleWebKit/537.36 (KHTML, like Gecko) Chrome/80.0.3987.122 Safari/537.36"
[2020-03-10T15:23:39.636] [INFO] access - ::1 - - "GET /course/findAllCourseList HTTP/1.1" 200 725 "http://localhost:3000/course/courseList" "Mozilla/5.0 (Macintosh; Intel Mac OS X 10_13_2) AppleWebKit/537.36 (KHTML, like Gecko) Chrome/80.0.3987.122 Safari/537.36"
[2020-03-10T15:23:47.559] [INFO] access - ::1 - - "GET /course/findAllCourseList HTTP/1.1" 200 725 "http://localhost:3000/course/courseList" "Mozilla/5.0 (Macintosh; Intel Mac OS X 10_13_2) AppleWebKit/537.36 (KHTML, like Gecko) Chrome/80.0.3987.122 Safari/537.36"
[2020-03-10T15:55:54.210] [INFO] access - ::1 - - "GET /course/findAllCourseList HTTP/1.1" 200 725 "http://localhost:3000/course/courseList" "Mozilla/5.0 (Macintosh; Intel Mac OS X 10_13_2) AppleWebKit/537.36 (KHTML, like Gecko) Chrome/80.0.3987.122 Safari/537.36"
[2020-03-10T15:56:14.630] [INFO] access - ::1 - - "GET /course/findAllCourseList HTTP/1.1" 200 725 "http://localhost:3000/course/courseList" "Mozilla/5.0 (Macintosh; Intel Mac OS X 10_13_2) AppleWebKit/537.36 (KHTML, like Gecko) Chrome/80.0.3987.122 Safari/537.36"
[2020-03-10T15:56:16.984] [INFO] access - ::1 - - "GET /course/findAllCourseList HTTP/1.1" 200 725 "http://localhost:3000/course/courseList" "Mozilla/5.0 (Macintosh; Intel Mac OS X 10_13_2) AppleWebKit/537.36 (KHTML, like Gecko) Chrome/80.0.3987.122 Safari/537.36"
[2020-03-10T15:58:31.752] [INFO] access - ::1 - - "GET /course/findAllCourseList HTTP/1.1" 200 725 "http://localhost:3000/course/courseList" "Mozilla/5.0 (Macintosh; Intel Mac OS X 10_13_2) AppleWebKit/537.36 (KHTML, like Gecko) Chrome/80.0.3987.122 Safari/537.36"
[2020-03-10T16:12:26.488] [INFO] access - ::1 - - "POST /stu/stuLogin HTTP/1.1" 200 52 "http://localhost:3000/login" "Mozilla/5.0 (Macintosh; Intel Mac OS X 10_13_2) AppleWebKit/537.36 (KHTML, like Gecko) Chrome/80.0.3987.122 Safari/537.36"
[2020-03-10T16:25:47.178] [INFO] access - ::1 - - "GET /course/findAllCourseList HTTP/1.1" 200 725 "http://localhost:3000/course/courseList" "Mozilla/5.0 (Macintosh; Intel Mac OS X 10_13_2) AppleWebKit/537.36 (KHTML, like Gecko) Chrome/80.0.3987.122 Safari/537.36"
[2020-03-10T16:25:50.283] [INFO] access - ::1 - - "GET /course/findAllCourseList HTTP/1.1" 200 725 "http://localhost:3000/course/courseList" "Mozilla/5.0 (Macintosh; Intel Mac OS X 10_13_2) AppleWebKit/537.36 (KHTML, like Gecko) Chrome/80.0.3987.122 Safari/537.36"
[2020-03-10T16:25:56.574] [INFO] access - ::1 - - "GET /course/findAllCourseList HTTP/1.1" 200 725 "http://localhost:3000/course/courseList" "Mozilla/5.0 (Macintosh; Intel Mac OS X 10_13_2) AppleWebKit/537.36 (KHTML, like Gecko) Chrome/80.0.3987.122 Safari/537.36"
[2020-03-10T16:32:20.546] [INFO] access - ::1 - - "GET /course/findAllCourseList HTTP/1.1" 200 725 "http://localhost:3000/course/courseList" "Mozilla/5.0 (Macintosh; Intel Mac OS X 10_13_2) AppleWebKit/537.36 (KHTML, like Gecko) Chrome/80.0.3987.122 Safari/537.36"
[2020-03-10T16:37:57.190] [INFO] access - ::1 - - "GET /course/findAllCourseList HTTP/1.1" 200 725 "http://localhost:3000/course/courseList" "Mozilla/5.0 (Macintosh; Intel Mac OS X 10_13_2) AppleWebKit/537.36 (KHTML, like Gecko) Chrome/80.0.3987.122 Safari/537.36"
[2020-03-10T16:38:04.029] [INFO] access - ::1 - - "GET /course/findAllCourseList HTTP/1.1" 200 725 "http://localhost:3000/course/courseList" "Mozilla/5.0 (Macintosh; Intel Mac OS X 10_13_2) AppleWebKit/537.36 (KHTML, like Gecko) Chrome/80.0.3987.122 Safari/537.36"
[2020-03-10T16:38:25.162] [INFO] access - ::1 - - "GET /course/deleteCourseById?id=11 HTTP/1.1" 200 159 "http://localhost:3000/course/courseList" "Mozilla/5.0 (Macintosh; Intel Mac OS X 10_13_2) AppleWebKit/537.36 (KHTML, like Gecko) Chrome/80.0.3987.122 Safari/537.36"
[2020-03-10T16:38:25.186] [INFO] access - ::1 - - "GET /course/findAllCourseList HTTP/1.1" 200 638 "http://localhost:3000/course/courseList" "Mozilla/5.0 (Macintosh; Intel Mac OS X 10_13_2) AppleWebKit/537.36 (KHTML, like Gecko) Chrome/80.0.3987.122 Safari/537.36"
[2020-03-10T16:41:24.467] [INFO] access - ::1 - - "GET /course/findAllCourseList HTTP/1.1" 200 638 "http://localhost:3000/course/courseList" "Mozilla/5.0 (Macintosh; Intel Mac OS X 10_13_2) AppleWebKit/537.36 (KHTML, like Gecko) Chrome/80.0.3987.122 Safari/537.36"
[2020-03-10T18:03:48.518] [INFO] access - ::1 - - "POST /stu/stuLogin HTTP/1.1" 200 52 "http://localhost:3000/login" "Mozilla/5.0 (Macintosh; Intel Mac OS X 10_13_2) AppleWebKit/537.36 (KHTML, like Gecko) Chrome/80.0.3987.122 Safari/537.36"
[2020-03-10T18:03:51.620] [INFO] access - ::1 - - "GET /course/findAllCourseList HTTP/1.1" 200 638 "http://localhost:3000/course/courseList" "Mozilla/5.0 (Macintosh; Intel Mac OS X 10_13_2) AppleWebKit/537.36 (KHTML, like Gecko) Chrome/80.0.3987.122 Safari/537.36"
[2020-03-10T18:04:24.604] [INFO] access - ::1 - - "GET /course/findAllCourseList HTTP/1.1" 200 638 "http://localhost:3000/course/courseList" "Mozilla/5.0 (Macintosh; Intel Mac OS X 10_13_2) AppleWebKit/537.36 (KHTML, like Gecko) Chrome/80.0.3987.122 Safari/537.36"
[2020-03-10T18:07:43.099] [INFO] access - ::1 - - "GET /course/findAllCourseList HTTP/1.1" 200 638 "http://localhost:3000/course/courseList" "Mozilla/5.0 (Macintosh; Intel Mac OS X 10_13_2) AppleWebKit/537.36 (KHTML, like Gecko) Chrome/80.0.3987.122 Safari/537.36"
[2020-03-10T18:30:49.476] [INFO] access - ::1 - - "POST /course/addCourse HTTP/1.1" 200 160 "http://localhost:3000/course/addCourse" "Mozilla/5.0 (Macintosh; Intel Mac OS X 10_13_2) AppleWebKit/537.36 (KHTML, like Gecko) Chrome/80.0.3987.122 Safari/537.36"
[2020-03-10T18:30:53.547] [INFO] access - ::1 - - "GET /course/findAllCourseList HTTP/1.1" 200 727 "http://localhost:3000/course/courseList" "Mozilla/5.0 (Macintosh; Intel Mac OS X 10_13_2) AppleWebKit/537.36 (KHTML, like Gecko) Chrome/80.0.3987.122 Safari/537.36"
[2020-03-10T18:31:23.875] [INFO] access - ::1 - - "POST /course/addCourse HTTP/1.1" 200 160 "http://localhost:3000/course/addCourse" "Mozilla/5.0 (Macintosh; Intel Mac OS X 10_13_2) AppleWebKit/537.36 (KHTML, like Gecko) Chrome/80.0.3987.122 Safari/537.36"
[2020-03-10T18:31:24.904] [INFO] access - ::1 - - "GET /course/findAllCourseList HTTP/1.1" 200 811 "http://localhost:3000/course/courseList" "Mozilla/5.0 (Macintosh; Intel Mac OS X 10_13_2) AppleWebKit/537.36 (KHTML, like Gecko) Chrome/80.0.3987.122 Safari/537.36"
[2020-03-10T18:32:30.743] [INFO] access - ::1 - - "GET /course/findAllCourseList HTTP/1.1" 200 811 "http://localhost:3000/course/courseList" "Mozilla/5.0 (Macintosh; Intel Mac OS X 10_13_2) AppleWebKit/537.36 (KHTML, like Gecko) Chrome/80.0.3987.122 Safari/537.36"
[2020-03-10T18:32:40.810] [INFO] access - ::1 - - "POST /course/addCourse HTTP/1.1" 200 160 "http://localhost:3000/course/addCourse" "Mozilla/5.0 (Macintosh; Intel Mac OS X 10_13_2) AppleWebKit/537.36 (KHTML, like Gecko) Chrome/80.0.3987.122 Safari/537.36"
[2020-03-10T18:32:41.729] [INFO] access - ::1 - - "GET /course/findAllCourseList HTTP/1.1" 200 879 "http://localhost:3000/course/courseList" "Mozilla/5.0 (Macintosh; Intel Mac OS X 10_13_2) AppleWebKit/537.36 (KHTML, like Gecko) Chrome/80.0.3987.122 Safari/537.36"
[2020-03-10T18:39:18.326] [INFO] access - ::1 - - "GET /course/findAllCourseList HTTP/1.1" 200 879 "http://localhost:3000/course/courseList" "Mozilla/5.0 (Macintosh; Intel Mac OS X 10_13_2) AppleWebKit/537.36 (KHTML, like Gecko) Chrome/80.0.3987.122 Safari/537.36"
[2020-03-10T18:39:21.062] [INFO] access - ::1 - - "GET /course/findAllCourseList HTTP/1.1" 200 879 "http://localhost:3000/course/courseList" "Mozilla/5.0 (Macintosh; Intel Mac OS X 10_13_2) AppleWebKit/537.36 (KHTML, like Gecko) Chrome/80.0.3987.122 Safari/537.36"
[2020-03-10T18:42:24.431] [INFO] access - ::1 - - "GET /course/findAllCourseList HTTP/1.1" 200 879 "http://localhost:3000/course/courseList" "Mozilla/5.0 (Macintosh; Intel Mac OS X 10_13_2) AppleWebKit/537.36 (KHTML, like Gecko) Chrome/80.0.3987.122 Safari/537.36"
[2020-03-10T18:42:26.515] [INFO] access - ::1 - - "GET /course/findAllCourseList HTTP/1.1" 200 879 "http://localhost:3000/course/courseList" "Mozilla/5.0 (Macintosh; Intel Mac OS X 10_13_2) AppleWebKit/537.36 (KHTML, like Gecko) Chrome/80.0.3987.122 Safari/537.36"
[2020-03-10T18:42:30.981] [INFO] access - ::1 - - "GET /course/findAllCourseList HTTP/1.1" 200 879 "http://localhost:3000/course/courseList" "Mozilla/5.0 (Macintosh; Intel Mac OS X 10_13_2) AppleWebKit/537.36 (KHTML, like Gecko) Chrome/80.0.3987.122 Safari/537.36"
[2020-03-10T18:42:33.670] [INFO] access - ::1 - - "GET /stu/allStudent HTTP/1.1" 200 2227 "http://localhost:3000/student/studentList" "Mozilla/5.0 (Macintosh; Intel Mac OS X 10_13_2) AppleWebKit/537.36 (KHTML, like Gecko) Chrome/80.0.3987.122 Safari/537.36"
[2020-03-10T18:42:35.160] [INFO] access - ::1 - - "GET /course/findAllCourseList HTTP/1.1" 200 879 "http://localhost:3000/course/courseList" "Mozilla/5.0 (Macintosh; Intel Mac OS X 10_13_2) AppleWebKit/537.36 (KHTML, like Gecko) Chrome/80.0.3987.122 Safari/537.36"
[2020-03-10T18:42:37.188] [INFO] access - ::1 - - "GET /course/findAllCourseList HTTP/1.1" 200 879 "http://localhost:3000/course/courseList" "Mozilla/5.0 (Macintosh; Intel Mac OS X 10_13_2) AppleWebKit/537.36 (KHTML, like Gecko) Chrome/80.0.3987.122 Safari/537.36"
[2020-03-10T18:42:38.794] [INFO] access - ::1 - - "GET /stu/allStudent HTTP/1.1" 200 2227 "http://localhost:3000/student/studentList" "Mozilla/5.0 (Macintosh; Intel Mac OS X 10_13_2) AppleWebKit/537.36 (KHTML, like Gecko) Chrome/80.0.3987.122 Safari/537.36"
[2020-03-10T18:42:41.101] [INFO] access - ::1 - - "GET /stu/allStudent HTTP/1.1" 200 2227 "http://localhost:3000/student/studentList" "Mozilla/5.0 (Macintosh; Intel Mac OS X 10_13_2) AppleWebKit/537.36 (KHTML, like Gecko) Chrome/80.0.3987.122 Safari/537.36"
[2020-03-10T18:42:42.264] [INFO] access - ::1 - - "GET /course/findAllCourseList HTTP/1.1" 200 879 "http://localhost:3000/course/courseList" "Mozilla/5.0 (Macintosh; Intel Mac OS X 10_13_2) AppleWebKit/537.36 (KHTML, like Gecko) Chrome/80.0.3987.122 Safari/537.36"
[2020-03-10T18:42:44.243] [INFO] access - ::1 - - "GET /course/findAllCourseList HTTP/1.1" 200 879 "http://localhost:3000/course/courseList" "Mozilla/5.0 (Macintosh; Intel Mac OS X 10_13_2) AppleWebKit/537.36 (KHTML, like Gecko) Chrome/80.0.3987.122 Safari/537.36"
[2020-03-10T18:42:51.936] [INFO] access - ::1 - - "GET /course/findAllCourseList HTTP/1.1" 200 879 "http://localhost:3000/course/courseList" "Mozilla/5.0 (Macintosh; Intel Mac OS X 10_13_2) AppleWebKit/537.36 (KHTML, like Gecko) Chrome/80.0.3987.122 Safari/537.36"
[2020-03-10T18:52:51.027] [INFO] access - ::1 - - "GET /course/findAllCourseList HTTP/1.1" 200 879 "http://localhost:3000/course/courseList" "Mozilla/5.0 (Macintosh; Intel Mac OS X 10_13_2) AppleWebKit/537.36 (KHTML, like Gecko) Chrome/80.0.3987.122 Safari/537.36"
[2020-03-10T18:53:46.531] [INFO] access - ::1 - - "GET /course/findAllCourseList HTTP/1.1" 200 879 "http://localhost:3000/course/courseList" "Mozilla/5.0 (Macintosh; Intel Mac OS X 10_13_2) AppleWebKit/537.36 (KHTML, like Gecko) Chrome/80.0.3987.122 Safari/537.36"
[2020-03-10T18:53:48.259] [INFO] access - ::1 - - "GET /course/queryCourseById?id=17 HTTP/1.1" 200 105 "http://localhost:3000/course/addCourse/17" "Mozilla/5.0 (Macintosh; Intel Mac OS X 10_13_2) AppleWebKit/537.36 (KHTML, like Gecko) Chrome/80.0.3987.122 Safari/537.36"
[2020-03-10T18:54:37.142] [INFO] access - ::1 - - "GET /course/queryCourseById?id=17 HTTP/1.1" 200 105 "http://localhost:3000/course/addCourse/17" "Mozilla/5.0 (Macintosh; Intel Mac OS X 10_13_2) AppleWebKit/537.36 (KHTML, like Gecko) Chrome/80.0.3987.122 Safari/537.36"
[2020-03-10T18:55:28.396] [INFO] access - ::1 - - "GET /course/queryCourseById?id=17 HTTP/1.1" 200 105 "http://localhost:3000/course/addCourse/17" "Mozilla/5.0 (Macintosh; Intel Mac OS X 10_13_2) AppleWebKit/537.36 (KHTML, like Gecko) Chrome/80.0.3987.122 Safari/537.36"
[2020-03-10T18:55:53.964] [INFO] access - ::1 - - "GET /course/queryCourseById?id=17 HTTP/1.1" 200 105 "http://localhost:3000/course/addCourse/17" "Mozilla/5.0 (Macintosh; Intel Mac OS X 10_13_2) AppleWebKit/537.36 (KHTML, like Gecko) Chrome/80.0.3987.122 Safari/537.36"
[2020-03-10T18:56:41.931] [INFO] access - ::1 - - "GET /course/findAllCourseList HTTP/1.1" 200 879 "http://localhost:3000/course/courseList" "Mozilla/5.0 (Macintosh; Intel Mac OS X 10_13_2) AppleWebKit/537.36 (KHTML, like Gecko) Chrome/80.0.3987.122 Safari/537.36"
[2020-03-10T18:56:45.648] [INFO] access - ::1 - - "GET /course/queryCourseById?id=16 HTTP/1.1" 200 118 "http://localhost:3000/course/addCourse/16" "Mozilla/5.0 (Macintosh; Intel Mac OS X 10_13_2) AppleWebKit/537.36 (KHTML, like Gecko) Chrome/80.0.3987.122 Safari/537.36"
[2020-03-10T19:04:23.144] [INFO] access - ::1 - - "POST /stu/stuLogin HTTP/1.1" 200 52 "http://localhost:3000/login" "Mozilla/5.0 (Macintosh; Intel Mac OS X 10_13_2) AppleWebKit/537.36 (KHTML, like Gecko) Chrome/80.0.3987.122 Safari/537.36"
[2020-03-10T19:04:25.049] [INFO] access - ::1 - - "GET /course/findAllCourseList HTTP/1.1" 200 879 "http://localhost:3000/course/courseList" "Mozilla/5.0 (Macintosh; Intel Mac OS X 10_13_2) AppleWebKit/537.36 (KHTML, like Gecko) Chrome/80.0.3987.122 Safari/537.36"
[2020-03-10T19:04:28.153] [INFO] access - ::1 - - "GET /course/queryCourseById?id=17 HTTP/1.1" 200 105 "http://localhost:3000/course/addCourse/17" "Mozilla/5.0 (Macintosh; Intel Mac OS X 10_13_2) AppleWebKit/537.36 (KHTML, like Gecko) Chrome/80.0.3987.122 Safari/537.36"
[2020-03-10T19:04:32.134] [INFO] access - ::1 - - "GET /course/findAllCourseList HTTP/1.1" 200 879 "http://localhost:3000/course/courseList" "Mozilla/5.0 (Macintosh; Intel Mac OS X 10_13_2) AppleWebKit/537.36 (KHTML, like Gecko) Chrome/80.0.3987.122 Safari/537.36"
[2020-03-10T19:04:34.047] [INFO] access - ::1 - - "GET /course/queryCourseById?id=16 HTTP/1.1" 200 118 "http://localhost:3000/course/addCourse/16" "Mozilla/5.0 (Macintosh; Intel Mac OS X 10_13_2) AppleWebKit/537.36 (KHTML, like Gecko) Chrome/80.0.3987.122 Safari/537.36"
[2020-03-10T19:04:37.937] [INFO] access - ::1 - - "GET /course/findAllCourseList HTTP/1.1" 200 879 "http://localhost:3000/course/courseList" "Mozilla/5.0 (Macintosh; Intel Mac OS X 10_13_2) AppleWebKit/537.36 (KHTML, like Gecko) Chrome/80.0.3987.122 Safari/537.36"
[2020-03-10T19:04:40.648] [INFO] access - ::1 - - "GET /course/queryCourseById?id=15 HTTP/1.1" 200 115 "http://localhost:3000/course/addCourse/15" "Mozilla/5.0 (Macintosh; Intel Mac OS X 10_13_2) AppleWebKit/537.36 (KHTML, like Gecko) Chrome/80.0.3987.122 Safari/537.36"
[2020-03-10T19:04:44.933] [INFO] access - ::1 - - "GET /course/findAllCourseList HTTP/1.1" 200 879 "http://localhost:3000/course/courseList" "Mozilla/5.0 (Macintosh; Intel Mac OS X 10_13_2) AppleWebKit/537.36 (KHTML, like Gecko) Chrome/80.0.3987.122 Safari/537.36"
[2020-03-10T19:04:47.090] [INFO] access - ::1 - - "GET /course/queryCourseById?id=4 HTTP/1.1" 200 131 "http://localhost:3000/course/addCourse/4" "Mozilla/5.0 (Macintosh; Intel Mac OS X 10_13_2) AppleWebKit/537.36 (KHTML, like Gecko) Chrome/80.0.3987.122 Safari/537.36"
[2020-03-10T19:04:49.737] [INFO] access - ::1 - - "GET /course/findAllCourseList HTTP/1.1" 200 879 "http://localhost:3000/course/courseList" "Mozilla/5.0 (Macintosh; Intel Mac OS X 10_13_2) AppleWebKit/537.36 (KHTML, like Gecko) Chrome/80.0.3987.122 Safari/537.36"
[2020-03-10T19:06:17.277] [INFO] access - ::1 - - "GET /course/findAllCourseList HTTP/1.1" 200 879 "http://localhost:3000/course/courseList" "Mozilla/5.0 (Macintosh; Intel Mac OS X 10_13_2) AppleWebKit/537.36 (KHTML, like Gecko) Chrome/80.0.3987.122 Safari/537.36"
[2020-03-10T19:06:57.674] [INFO] access - ::1 - - "GET /course/findAllCourseList HTTP/1.1" 200 879 "http://localhost:3000/course/courseList" "Mozilla/5.0 (Macintosh; Intel Mac OS X 10_13_2) AppleWebKit/537.36 (KHTML, like Gecko) Chrome/80.0.3987.122 Safari/537.36"
[2020-03-10T19:09:59.568] [INFO] access - ::1 - - "GET /course/queryCourseById?id=17 HTTP/1.1" 200 105 "http://localhost:3000/course/addCourse/17" "Mozilla/5.0 (Macintosh; Intel Mac OS X 10_13_2) AppleWebKit/537.36 (KHTML, like Gecko) Chrome/80.0.3987.122 Safari/537.36"
[2020-03-10T19:10:05.335] [INFO] access - ::1 - - "POST /course/updateCourse HTTP/1.1" 200 200 "http://localhost:3000/course/addCourse/17" "Mozilla/5.0 (Macintosh; Intel Mac OS X 10_13_2) AppleWebKit/537.36 (KHTML, like Gecko) Chrome/80.0.3987.122 Safari/537.36"
[2020-03-10T19:10:12.237] [INFO] access - ::1 - - "GET /course/findAllCourseList HTTP/1.1" 200 886 "http://localhost:3000/course/courseList" "Mozilla/5.0 (Macintosh; Intel Mac OS X 10_13_2) AppleWebKit/537.36 (KHTML, like Gecko) Chrome/80.0.3987.122 Safari/537.36"
[2020-03-10T19:10:19.998] [INFO] access - ::1 - - "GET /course/queryCourseById?id=17 HTTP/1.1" 200 112 "http://localhost:3000/course/addCourse/17" "Mozilla/5.0 (Macintosh; Intel Mac OS X 10_13_2) AppleWebKit/537.36 (KHTML, like Gecko) Chrome/80.0.3987.122 Safari/537.36"
[2020-03-10T19:10:22.062] [INFO] access - ::1 - - "POST /course/updateCourse HTTP/1.1" 200 200 "http://localhost:3000/course/addCourse/17" "Mozilla/5.0 (Macintosh; Intel Mac OS X 10_13_2) AppleWebKit/537.36 (KHTML, like Gecko) Chrome/80.0.3987.122 Safari/537.36"
[2020-03-10T19:10:34.615] [INFO] access - ::1 - - "GET /course/findAllCourseList HTTP/1.1" 200 884 "http://localhost:3000/course/courseList" "Mozilla/5.0 (Macintosh; Intel Mac OS X 10_13_2) AppleWebKit/537.36 (KHTML, like Gecko) Chrome/80.0.3987.122 Safari/537.36"
[2020-03-10T19:10:50.197] [INFO] access - ::1 - - "GET /course/deleteCourseById?id=17 HTTP/1.1" 200 159 "http://localhost:3000/course/courseList" "Mozilla/5.0 (Macintosh; Intel Mac OS X 10_13_2) AppleWebKit/537.36 (KHTML, like Gecko) Chrome/80.0.3987.122 Safari/537.36"
[2020-03-10T19:10:50.210] [INFO] access - ::1 - - "GET /course/findAllCourseList HTTP/1.1" 200 811 "http://localhost:3000/course/courseList" "Mozilla/5.0 (Macintosh; Intel Mac OS X 10_13_2) AppleWebKit/537.36 (KHTML, like Gecko) Chrome/80.0.3987.122 Safari/537.36"
[2020-03-10T19:10:59.862] [INFO] access - ::1 - - "POST /course/addCourse HTTP/1.1" 200 160 "http://localhost:3000/course/addCourse" "Mozilla/5.0 (Macintosh; Intel Mac OS X 10_13_2) AppleWebKit/537.36 (KHTML, like Gecko) Chrome/80.0.3987.122 Safari/537.36"
[2020-03-10T19:11:02.660] [INFO] access - ::1 - - "POST /course/addCourse HTTP/1.1" 200 160 "http://localhost:3000/course/addCourse" "Mozilla/5.0 (Macintosh; Intel Mac OS X 10_13_2) AppleWebKit/537.36 (KHTML, like Gecko) Chrome/80.0.3987.122 Safari/537.36"
[2020-03-10T19:11:10.908] [INFO] access - ::1 - - "POST /course/addCourse HTTP/1.1" 200 160 "http://localhost:3000/course/addCourse" "Mozilla/5.0 (Macintosh; Intel Mac OS X 10_13_2) AppleWebKit/537.36 (KHTML, like Gecko) Chrome/80.0.3987.122 Safari/537.36"
[2020-03-10T19:11:28.989] [INFO] access - ::1 - - "POST /course/addCourse HTTP/1.1" 200 160 "http://localhost:3000/course/addCourse" "Mozilla/5.0 (Macintosh; Intel Mac OS X 10_13_2) AppleWebKit/537.36 (KHTML, like Gecko) Chrome/80.0.3987.122 Safari/537.36"
[2020-03-10T19:11:35.625] [INFO] access - ::1 - - "POST /course/addCourse HTTP/1.1" 200 160 "http://localhost:3000/course/addCourse" "Mozilla/5.0 (Macintosh; Intel Mac OS X 10_13_2) AppleWebKit/537.36 (KHTML, like Gecko) Chrome/80.0.3987.122 Safari/537.36"
[2020-03-10T19:11:37.048] [INFO] access - ::1 - - "GET /course/findAllCourseList HTTP/1.1" 200 1241 "http://localhost:3000/course/courseList" "Mozilla/5.0 (Macintosh; Intel Mac OS X 10_13_2) AppleWebKit/537.36 (KHTML, like Gecko) Chrome/80.0.3987.122 Safari/537.36"
[2020-03-10T19:11:46.199] [INFO] access - ::1 - - "POST /course/addCourse HTTP/1.1" 200 160 "http://localhost:3000/course/addCourse" "Mozilla/5.0 (Macintosh; Intel Mac OS X 10_13_2) AppleWebKit/537.36 (KHTML, like Gecko) Chrome/80.0.3987.122 Safari/537.36"
[2020-03-10T19:11:48.678] [INFO] access - ::1 - - "GET /course/findAllCourseList HTTP/1.1" 200 1325 "http://localhost:3000/course/courseList" "Mozilla/5.0 (Macintosh; Intel Mac OS X 10_13_2) AppleWebKit/537.36 (KHTML, like Gecko) Chrome/80.0.3987.122 Safari/537.36"
[2020-03-10T19:12:05.558] [INFO] access - ::1 - - "POST /course/addCourse HTTP/1.1" 200 160 "http://localhost:3000/course/addCourse" "Mozilla/5.0 (Macintosh; Intel Mac OS X 10_13_2) AppleWebKit/537.36 (KHTML, like Gecko) Chrome/80.0.3987.122 Safari/537.36"
[2020-03-10T19:12:06.666] [INFO] access - ::1 - - "GET /course/findAllCourseList HTTP/1.1" 200 1406 "http://localhost:3000/course/courseList" "Mozilla/5.0 (Macintosh; Intel Mac OS X 10_13_2) AppleWebKit/537.36 (KHTML, like Gecko) Chrome/80.0.3987.122 Safari/537.36"
[2020-03-10T19:12:25.435] [INFO] access - ::1 - - "GET /course/findAllCourseList HTTP/1.1" 200 1406 "http://localhost:3000/course/courseList" "Mozilla/5.0 (Macintosh; Intel Mac OS X 10_13_2) AppleWebKit/537.36 (KHTML, like Gecko) Chrome/80.0.3987.122 Safari/537.36"
[2020-03-10T19:12:34.898] [INFO] access - ::1 - - "POST /course/addCourse HTTP/1.1" 200 160 "http://localhost:3000/course/addCourse" "Mozilla/5.0 (Macintosh; Intel Mac OS X 10_13_2) AppleWebKit/537.36 (KHTML, like Gecko) Chrome/80.0.3987.122 Safari/537.36"
[2020-03-10T19:12:38.225] [INFO] access - ::1 - - "GET /course/findAllCourseList HTTP/1.1" 200 1406 "http://localhost:3000/course/courseList" "Mozilla/5.0 (Macintosh; Intel Mac OS X 10_13_2) AppleWebKit/537.36 (KHTML, like Gecko) Chrome/80.0.3987.122 Safari/537.36"
[2020-03-10T19:12:59.304] [INFO] access - ::1 - - "POST /course/addCourse HTTP/1.1" 200 160 "http://localhost:3000/course/addCourse" "Mozilla/5.0 (Macintosh; Intel Mac OS X 10_13_2) AppleWebKit/537.36 (KHTML, like Gecko) Chrome/80.0.3987.122 Safari/537.36"
[2020-03-10T19:13:00.797] [INFO] access - ::1 - - "GET /course/findAllCourseList HTTP/1.1" 200 1406 "http://localhost:3000/course/courseList" "Mozilla/5.0 (Macintosh; Intel Mac OS X 10_13_2) AppleWebKit/537.36 (KHTML, like Gecko) Chrome/80.0.3987.122 Safari/537.36"
[2020-03-10T19:13:14.186] [INFO] access - ::1 - - "GET /course/queryCourseById?id=24 HTTP/1.1" 200 106 "http://localhost:3000/course/addCourse/24" "Mozilla/5.0 (Macintosh; Intel Mac OS X 10_13_2) AppleWebKit/537.36 (KHTML, like Gecko) Chrome/80.0.3987.122 Safari/537.36"
[2020-03-10T19:13:16.425] [INFO] access - ::1 - - "GET /course/findAllCourseList HTTP/1.1" 200 1406 "http://localhost:3000/course/courseList" "Mozilla/5.0 (Macintosh; Intel Mac OS X 10_13_2) AppleWebKit/537.36 (KHTML, like Gecko) Chrome/80.0.3987.122 Safari/537.36"
[2020-03-10T19:14:10.130] [INFO] access - ::1 - - "POST /course/addCourse HTTP/1.1" 200 160 "http://localhost:3000/course/addCourse" "Mozilla/5.0 (Macintosh; Intel Mac OS X 10_13_2) AppleWebKit/537.36 (KHTML, like Gecko) Chrome/80.0.3987.122 Safari/537.36"
[2020-03-10T19:14:32.472] [INFO] access - ::1 - - "GET /course/findAllCourseList HTTP/1.1" 200 1482 "http://localhost:3000/course/courseList" "Mozilla/5.0 (Macintosh; Intel Mac OS X 10_13_2) AppleWebKit/537.36 (KHTML, like Gecko) Chrome/80.0.3987.122 Safari/537.36"
[2020-03-10T19:15:01.655] [INFO] access - ::1 - - "GET /course/queryCourseById?id=27 HTTP/1.1" 200 116 "http://localhost:3000/course/addCourse/27" "Mozilla/5.0 (Macintosh; Intel Mac OS X 10_13_2) AppleWebKit/537.36 (KHTML, like Gecko) Chrome/80.0.3987.122 Safari/537.36"
[2020-03-10T19:15:15.556] [INFO] access - ::1 - - "POST /course/updateCourse HTTP/1.1" 200 200 "http://localhost:3000/course/addCourse/27" "Mozilla/5.0 (Macintosh; Intel Mac OS X 10_13_2) AppleWebKit/537.36 (KHTML, like Gecko) Chrome/80.0.3987.122 Safari/537.36"
[2020-03-10T19:18:25.504] [INFO] access - ::1 - - "GET /course/queryCourseById?id=27 HTTP/1.1" 200 112 "http://localhost:3000/course/addCourse/27" "Mozilla/5.0 (Macintosh; Intel Mac OS X 10_13_2) AppleWebKit/537.36 (KHTML, like Gecko) Chrome/80.0.3987.122 Safari/537.36"
[2020-03-10T19:18:29.807] [INFO] access - ::1 - - "POST /course/updateCourse HTTP/1.1" 200 200 "http://localhost:3000/course/addCourse/27" "Mozilla/5.0 (Macintosh; Intel Mac OS X 10_13_2) AppleWebKit/537.36 (KHTML, like Gecko) Chrome/80.0.3987.122 Safari/537.36"
[2020-03-10T19:18:48.107] [INFO] access - ::1 - - "GET /course/findAllCourseList HTTP/1.1" 200 1479 "http://localhost:3000/course/courseList" "Mozilla/5.0 (Macintosh; Intel Mac OS X 10_13_2) AppleWebKit/537.36 (KHTML, like Gecko) Chrome/80.0.3987.122 Safari/537.36"
[2020-03-10T19:18:53.179] [INFO] access - ::1 - - "GET /course/deleteCourseById?id=27 HTTP/1.1" 200 159 "http://localhost:3000/course/courseList" "Mozilla/5.0 (Macintosh; Intel Mac OS X 10_13_2) AppleWebKit/537.36 (KHTML, like Gecko) Chrome/80.0.3987.122 Safari/537.36"
[2020-03-10T19:18:53.190] [INFO] access - ::1 - - "GET /course/findAllCourseList HTTP/1.1" 200 1406 "http://localhost:3000/course/courseList" "Mozilla/5.0 (Macintosh; Intel Mac OS X 10_13_2) AppleWebKit/537.36 (KHTML, like Gecko) Chrome/80.0.3987.122 Safari/537.36"
[2020-03-10T19:18:55.961] [INFO] access - ::1 - - "GET /course/queryCourseById?id=24 HTTP/1.1" 200 106 "http://localhost:3000/course/addCourse/24" "Mozilla/5.0 (Macintosh; Intel Mac OS X 10_13_2) AppleWebKit/537.36 (KHTML, like Gecko) Chrome/80.0.3987.122 Safari/537.36"
[2020-03-10T19:18:58.510] [INFO] access - ::1 - - "POST /course/updateCourse HTTP/1.1" 200 200 "http://localhost:3000/course/addCourse/24" "Mozilla/5.0 (Macintosh; Intel Mac OS X 10_13_2) AppleWebKit/537.36 (KHTML, like Gecko) Chrome/80.0.3987.122 Safari/537.36"
[2020-03-10T19:19:00.147] [INFO] access - ::1 - - "GET /course/findAllCourseList HTTP/1.1" 200 1408 "http://localhost:3000/course/courseList" "Mozilla/5.0 (Macintosh; Intel Mac OS X 10_13_2) AppleWebKit/537.36 (KHTML, like Gecko) Chrome/80.0.3987.122 Safari/537.36"
[2020-03-10T19:20:17.274] [INFO] access - ::1 - - "GET /course/findAllCourseList HTTP/1.1" 200 1408 "http://localhost:3000/course/courseList" "Mozilla/5.0 (Macintosh; Intel Mac OS X 10_13_2) AppleWebKit/537.36 (KHTML, like Gecko) Chrome/80.0.3987.122 Safari/537.36"
[2020-03-10T19:20:18.718] [INFO] access - ::1 - - "GET /course/queryCourseById?id=24 HTTP/1.1" 200 108 "http://localhost:3000/course/addCourse/24" "Mozilla/5.0 (Macintosh; Intel Mac OS X 10_13_2) AppleWebKit/537.36 (KHTML, like Gecko) Chrome/80.0.3987.122 Safari/537.36"
[2020-03-10T19:20:27.917] [INFO] access - ::1 - - "POST /course/updateCourse HTTP/1.1" 200 200 "http://localhost:3000/course/addCourse/24" "Mozilla/5.0 (Macintosh; Intel Mac OS X 10_13_2) AppleWebKit/537.36 (KHTML, like Gecko) Chrome/80.0.3987.122 Safari/537.36"
[2020-03-10T19:26:44.785] [INFO] access - ::1 - - "POST /course/updateCourse HTTP/1.1" 200 200 "http://localhost:3000/course/addCourse/24" "Mozilla/5.0 (Macintosh; Intel Mac OS X 10_13_2) AppleWebKit/537.36 (KHTML, like Gecko) Chrome/80.0.3987.122 Safari/537.36"
[2020-03-10T19:26:47.447] [INFO] access - ::1 - - "POST /course/updateCourse HTTP/1.1" 200 200 "http://localhost:3000/course/addCourse/24" "Mozilla/5.0 (Macintosh; Intel Mac OS X 10_13_2) AppleWebKit/537.36 (KHTML, like Gecko) Chrome/80.0.3987.122 Safari/537.36"
[2020-03-10T19:26:55.673] [INFO] access - ::1 - - "GET /course/findAllCourseList HTTP/1.1" 200 1406 "http://localhost:3000/course/courseList" "Mozilla/5.0 (Macintosh; Intel Mac OS X 10_13_2) AppleWebKit/537.36 (KHTML, like Gecko) Chrome/80.0.3987.122 Safari/537.36"
[2020-03-10T19:27:56.543] [INFO] access - ::1 - - "GET /course/findAllCourseList HTTP/1.1" 200 1406 "http://localhost:3000/course/courseList" "Mozilla/5.0 (Macintosh; Intel Mac OS X 10_13_2) AppleWebKit/537.36 (KHTML, like Gecko) Chrome/80.0.3987.122 Safari/537.36"
[2020-03-10T19:27:58.584] [INFO] access - ::1 - - "GET /course/findAllCourseList HTTP/1.1" 200 1406 "http://localhost:3000/course/courseList" "Mozilla/5.0 (Macintosh; Intel Mac OS X 10_13_2) AppleWebKit/537.36 (KHTML, like Gecko) Chrome/80.0.3987.122 Safari/537.36"
[2020-03-10T19:27:59.737] [INFO] access - ::1 - - "GET /course/queryCourseById?id=24 HTTP/1.1" 200 106 "http://localhost:3000/course/addCourse/24" "Mozilla/5.0 (Macintosh; Intel Mac OS X 10_13_2) AppleWebKit/537.36 (KHTML, like Gecko) Chrome/80.0.3987.122 Safari/537.36"
[2020-03-10T19:28:01.832] [INFO] access - ::1 - - "GET /course/findAllCourseList HTTP/1.1" 200 1406 "http://localhost:3000/course/courseList" "Mozilla/5.0 (Macintosh; Intel Mac OS X 10_13_2) AppleWebKit/537.36 (KHTML, like Gecko) Chrome/80.0.3987.122 Safari/537.36"
[2020-03-10T19:29:12.181] [INFO] access - ::ffff:127.0.0.1 - - "POST /stu/stuLogin HTTP/1.1" 200 52 "http://localhost:3001/login" "Mozilla/5.0 (Macintosh; Intel Mac OS X 10_13_2) AppleWebKit/537.36 (KHTML, like Gecko) Chrome/80.0.3987.122 Safari/537.36"
[2020-03-10T19:29:42.597] [INFO] access - ::ffff:127.0.0.1 - - "GET /course/allCourseType HTTP/1.1" 200 144 "http://localhost:3001/course/courseType" "Mozilla/5.0 (Macintosh; Intel Mac OS X 10_13_2) AppleWebKit/537.36 (KHTML, like Gecko) Chrome/80.0.3987.122 Safari/537.36"
[2020-03-10T19:29:52.567] [INFO] access - ::ffff:127.0.0.1 - - "GET /course/allCourseType HTTP/1.1" 200 144 "http://localhost:3001/course/courseType" "Mozilla/5.0 (Macintosh; Intel Mac OS X 10_13_2) AppleWebKit/537.36 (KHTML, like Gecko) Chrome/80.0.3987.122 Safari/537.36"
[2020-03-10T19:29:55.254] [INFO] access - ::ffff:127.0.0.1 - - "GET /course/allCourseType HTTP/1.1" 200 144 "http://localhost:3001/course/courseType" "Mozilla/5.0 (Macintosh; Intel Mac OS X 10_13_2) AppleWebKit/537.36 (KHTML, like Gecko) Chrome/80.0.3987.122 Safari/537.36"
[2020-03-10T19:30:12.680] [INFO] access - ::ffff:127.0.0.1 - - "GET /course/allCourseType HTTP/1.1" 200 144 "http://localhost:3001/course/courseType" "Mozilla/5.0 (Macintosh; Intel Mac OS X 10_13_2) AppleWebKit/537.36 (KHTML, like Gecko) Chrome/80.0.3987.122 Safari/537.36"
[2020-03-10T19:33:41.508] [INFO] access - ::ffff:127.0.0.1 - - "GET /course/allCourseType HTTP/1.1" 200 144 "http://localhost:3001/course/courseType" "Mozilla/5.0 (Macintosh; Intel Mac OS X 10_13_2) AppleWebKit/537.36 (KHTML, like Gecko) Chrome/80.0.3987.122 Safari/537.36"
[2020-03-10T19:43:17.337] [INFO] access - ::ffff:127.0.0.1 - - "GET /course/allCourseType HTTP/1.1" 200 144 "http://localhost:3001/course/courseType" "Mozilla/5.0 (Macintosh; Intel Mac OS X 10_13_2) AppleWebKit/537.36 (KHTML, like Gecko) Chrome/80.0.3987.122 Safari/537.36"
[2020-03-10T19:43:45.695] [INFO] access - ::ffff:127.0.0.1 - - "GET /course/allCourseType HTTP/1.1" 200 144 "http://localhost:3001/course/courseType" "Mozilla/5.0 (Macintosh; Intel Mac OS X 10_13_2) AppleWebKit/537.36 (KHTML, like Gecko) Chrome/80.0.3987.122 Safari/537.36"
[2020-03-10T19:43:59.596] [INFO] access - ::ffff:127.0.0.1 - - "GET /course/allCourseType HTTP/1.1" 200 144 "http://localhost:3001/course/courseType" "Mozilla/5.0 (Macintosh; Intel Mac OS X 10_13_2) AppleWebKit/537.36 (KHTML, like Gecko) Chrome/80.0.3987.122 Safari/537.36"
[2020-03-10T19:44:14.075] [INFO] access - ::ffff:127.0.0.1 - - "GET /course/allCourseType HTTP/1.1" 200 144 "http://localhost:3001/course/courseType" "Mozilla/5.0 (Macintosh; Intel Mac OS X 10_13_2) AppleWebKit/537.36 (KHTML, like Gecko) Chrome/80.0.3987.122 Safari/537.36"
[2020-03-10T19:44:24.437] [INFO] access - ::ffff:127.0.0.1 - - "GET /course/allCourseType HTTP/1.1" 200 144 "http://localhost:3001/course/courseType" "Mozilla/5.0 (Macintosh; Intel Mac OS X 10_13_2) AppleWebKit/537.36 (KHTML, like Gecko) Chrome/80.0.3987.122 Safari/537.36"
[2020-03-10T19:45:44.292] [INFO] access - ::ffff:127.0.0.1 - - "GET /course/allCourseType HTTP/1.1" 200 144 "http://localhost:3001/course/courseType" "Mozilla/5.0 (Macintosh; Intel Mac OS X 10_13_2) AppleWebKit/537.36 (KHTML, like Gecko) Chrome/80.0.3987.122 Safari/537.36"
[2020-03-10T19:45:49.440] [INFO] access - ::ffff:127.0.0.1 - - "GET /course/allCourseType HTTP/1.1" 200 144 "http://localhost:3001/course/courseType" "Mozilla/5.0 (Macintosh; Intel Mac OS X 10_13_2) AppleWebKit/537.36 (KHTML, like Gecko) Chrome/80.0.3987.122 Safari/537.36"
[2020-03-10T19:45:55.746] [INFO] access - ::ffff:127.0.0.1 - - "GET /course/allCourseType HTTP/1.1" 200 144 "http://localhost:3001/course/courseType" "Mozilla/5.0 (Macintosh; Intel Mac OS X 10_13_2) AppleWebKit/537.36 (KHTML, like Gecko) Chrome/80.0.3987.122 Safari/537.36"
[2020-03-10T19:46:27.969] [INFO] access - ::ffff:127.0.0.1 - - "GET /course/findAllCourseList HTTP/1.1" 200 1406 "http://localhost:3001/course/courseList" "Mozilla/5.0 (Macintosh; Intel Mac OS X 10_13_2) AppleWebKit/537.36 (KHTML, like Gecko) Chrome/80.0.3987.122 Safari/537.36"
[2020-03-10T19:50:32.152] [INFO] access - ::ffff:127.0.0.1 - - "GET /course/findAllCourseList HTTP/1.1" 200 1406 "http://localhost:3001/course/courseList" "Mozilla/5.0 (Macintosh; Intel Mac OS X 10_13_2) AppleWebKit/537.36 (KHTML, like Gecko) Chrome/80.0.3987.122 Safari/537.36"
[2020-03-10T19:50:35.281] [INFO] access - ::ffff:127.0.0.1 - - "GET /course/allCourseType HTTP/1.1" 200 144 "http://localhost:3001/course/courseType" "Mozilla/5.0 (Macintosh; Intel Mac OS X 10_13_2) AppleWebKit/537.36 (KHTML, like Gecko) Chrome/80.0.3987.122 Safari/537.36"
[2020-03-10T19:51:12.107] [INFO] access - ::ffff:127.0.0.1 - - "GET /course/allCourseType HTTP/1.1" 200 144 "http://localhost:3001/course/courseType" "Mozilla/5.0 (Macintosh; Intel Mac OS X 10_13_2) AppleWebKit/537.36 (KHTML, like Gecko) Chrome/80.0.3987.122 Safari/537.36"
[2020-03-10T19:51:24.645] [INFO] access - ::ffff:127.0.0.1 - - "GET /course/allCourseType HTTP/1.1" 200 144 "http://localhost:3001/course/courseType" "Mozilla/5.0 (Macintosh; Intel Mac OS X 10_13_2) AppleWebKit/537.36 (KHTML, like Gecko) Chrome/80.0.3987.122 Safari/537.36"
[2020-03-10T20:16:16.725] [INFO] access - ::ffff:127.0.0.1 - - "GET /course/allCourseType HTTP/1.1" 200 144 "http://localhost:3001/course/courseType" "Mozilla/5.0 (Macintosh; Intel Mac OS X 10_13_2) AppleWebKit/537.36 (KHTML, like Gecko) Chrome/80.0.3987.122 Safari/537.36"
[2020-03-10T20:21:47.575] [INFO] access - ::ffff:127.0.0.1 - - "GET /course/allCourseType HTTP/1.1" 200 144 "http://localhost:3001/course/courseType" "Mozilla/5.0 (Macintosh; Intel Mac OS X 10_13_2) AppleWebKit/537.36 (KHTML, like Gecko) Chrome/80.0.3987.122 Safari/537.36"
[2020-03-10T20:22:15.666] [INFO] access - ::ffff:127.0.0.1 - - "GET /course/allCourseType HTTP/1.1" 200 144 "http://localhost:3001/course/courseType" "Mozilla/5.0 (Macintosh; Intel Mac OS X 10_13_2) AppleWebKit/537.36 (KHTML, like Gecko) Chrome/80.0.3987.122 Safari/537.36"
[2020-03-10T20:24:01.082] [INFO] access - ::ffff:127.0.0.1 - - "GET /course/allCourseType HTTP/1.1" 200 144 "http://localhost:3001/course/courseType" "Mozilla/5.0 (Macintosh; Intel Mac OS X 10_13_2) AppleWebKit/537.36 (KHTML, like Gecko) Chrome/80.0.3987.122 Safari/537.36"
[2020-03-10T20:24:07.276] [INFO] access - ::ffff:127.0.0.1 - - "POST /course/addCourseType HTTP/1.1" 200 55 "http://localhost:3001/course/courseType" "Mozilla/5.0 (Macintosh; Intel Mac OS X 10_13_2) AppleWebKit/537.36 (KHTML, like Gecko) Chrome/80.0.3987.122 Safari/537.36"
[2020-03-10T20:28:18.795] [INFO] access - ::ffff:127.0.0.1 - - "GET /course/allCourseType HTTP/1.1" 200 144 "http://localhost:3001/course/courseType" "Mozilla/5.0 (Macintosh; Intel Mac OS X 10_13_2) AppleWebKit/537.36 (KHTML, like Gecko) Chrome/80.0.3987.122 Safari/537.36"
[2020-03-10T20:35:13.374] [INFO] access - ::ffff:127.0.0.1 - - "POST /stu/stuLogin HTTP/1.1" 200 52 "http://localhost:3001/login" "Mozilla/5.0 (Macintosh; Intel Mac OS X 10_13_2) AppleWebKit/537.36 (KHTML, like Gecko) Chrome/80.0.3987.122 Safari/537.36"
[2020-03-10T20:35:16.552] [INFO] access - ::ffff:127.0.0.1 - - "GET /course/allCourseType HTTP/1.1" 200 144 "http://localhost:3001/course/courseType" "Mozilla/5.0 (Macintosh; Intel Mac OS X 10_13_2) AppleWebKit/537.36 (KHTML, like Gecko) Chrome/80.0.3987.122 Safari/537.36"
[2020-03-10T20:37:41.920] [INFO] access - ::ffff:127.0.0.1 - - "POST /course/updateCourseType HTTP/1.1" 200 200 "http://localhost:3001/course/courseType" "Mozilla/5.0 (Macintosh; Intel Mac OS X 10_13_2) AppleWebKit/537.36 (KHTML, like Gecko) Chrome/80.0.3987.122 Safari/537.36"
[2020-03-10T20:37:41.973] [INFO] access - ::ffff:127.0.0.1 - - "GET /course/allCourseType HTTP/1.1" 200 145 "http://localhost:3001/course/courseType" "Mozilla/5.0 (Macintosh; Intel Mac OS X 10_13_2) AppleWebKit/537.36 (KHTML, like Gecko) Chrome/80.0.3987.122 Safari/537.36"
[2020-03-10T20:37:45.540] [INFO] access - ::ffff:127.0.0.1 - - "GET /course/findAllCourseList HTTP/1.1" 200 1409 "http://localhost:3001/course/courseList" "Mozilla/5.0 (Macintosh; Intel Mac OS X 10_13_2) AppleWebKit/537.36 (KHTML, like Gecko) Chrome/80.0.3987.122 Safari/537.36"
[2020-03-10T20:37:48.867] [INFO] access - ::ffff:127.0.0.1 - - "GET /course/allCourseType HTTP/1.1" 200 145 "http://localhost:3001/course/courseType" "Mozilla/5.0 (Macintosh; Intel Mac OS X 10_13_2) AppleWebKit/537.36 (KHTML, like Gecko) Chrome/80.0.3987.122 Safari/537.36"
[2020-03-10T20:37:53.209] [INFO] access - ::ffff:127.0.0.1 - - "POST /course/updateCourseType HTTP/1.1" 200 200 "http://localhost:3001/course/courseType" "Mozilla/5.0 (Macintosh; Intel Mac OS X 10_13_2) AppleWebKit/537.36 (KHTML, like Gecko) Chrome/80.0.3987.122 Safari/537.36"
[2020-03-10T20:37:53.253] [INFO] access - ::ffff:127.0.0.1 - - "GET /course/allCourseType HTTP/1.1" 200 144 "http://localhost:3001/course/courseType" "Mozilla/5.0 (Macintosh; Intel Mac OS X 10_13_2) AppleWebKit/537.36 (KHTML, like Gecko) Chrome/80.0.3987.122 Safari/537.36"
[2020-03-10T23:00:35.790] [INFO] access - ::ffff:127.0.0.1 - - "POST /stu/stuLogin HTTP/1.1" 200 52 "http://localhost:3001/login" "Mozilla/5.0 (Macintosh; Intel Mac OS X 10_13_2) AppleWebKit/537.36 (KHTML, like Gecko) Chrome/80.0.3987.122 Safari/537.36"
[2020-03-10T23:00:39.311] [INFO] access - ::ffff:127.0.0.1 - - "GET /course/allCourseType HTTP/1.1" 200 144 "http://localhost:3001/course/courseType" "Mozilla/5.0 (Macintosh; Intel Mac OS X 10_13_2) AppleWebKit/537.36 (KHTML, like Gecko) Chrome/80.0.3987.122 Safari/537.36"
[2020-03-10T23:08:07.361] [INFO] access - ::ffff:127.0.0.1 - - "GET /course/allCourseType HTTP/1.1" 200 144 "http://localhost:3001/course/courseType" "Mozilla/5.0 (Macintosh; Intel Mac OS X 10_13_2) AppleWebKit/537.36 (KHTML, like Gecko) Chrome/80.0.3987.122 Safari/537.36"
[2020-03-10T23:22:38.045] [INFO] access - ::ffff:127.0.0.1 - - "POST /course/addCourseType HTTP/1.1" 200 49 "http://localhost:3001/course/courseType" "Mozilla/5.0 (Macintosh; Intel Mac OS X 10_13_2) AppleWebKit/537.36 (KHTML, like Gecko) Chrome/80.0.3987.122 Safari/537.36"
[2020-03-10T23:23:15.919] [INFO] access - ::ffff:127.0.0.1 - - "POST /course/addCourseType HTTP/1.1" 200 49 "http://localhost:3001/course/courseType" "Mozilla/5.0 (Macintosh; Intel Mac OS X 10_13_2) AppleWebKit/537.36 (KHTML, like Gecko) Chrome/80.0.3987.122 Safari/537.36"
[2020-03-10T23:23:33.371] [INFO] access - ::ffff:127.0.0.1 - - "POST /course/addCourseType HTTP/1.1" 200 49 "http://localhost:3001/course/courseType" "Mozilla/5.0 (Macintosh; Intel Mac OS X 10_13_2) AppleWebKit/537.36 (KHTML, like Gecko) Chrome/80.0.3987.122 Safari/537.36"
[2020-03-10T23:23:40.354] [INFO] access - ::ffff:127.0.0.1 - - "POST /course/addCourseType HTTP/1.1" 200 49 "http://localhost:3001/course/courseType" "Mozilla/5.0 (Macintosh; Intel Mac OS X 10_13_2) AppleWebKit/537.36 (KHTML, like Gecko) Chrome/80.0.3987.122 Safari/537.36"
[2020-03-10T23:26:08.807] [INFO] access - ::ffff:127.0.0.1 - - "POST /course/addCourseType HTTP/1.1" 200 49 "http://localhost:3001/course/courseType" "Mozilla/5.0 (Macintosh; Intel Mac OS X 10_13_2) AppleWebKit/537.36 (KHTML, like Gecko) Chrome/80.0.3987.122 Safari/537.36"
[2020-03-10T23:27:50.046] [INFO] access - ::ffff:127.0.0.1 - - "POST /course/addCourseType HTTP/1.1" 200 49 "http://localhost:3001/course/courseType" "Mozilla/5.0 (Macintosh; Intel Mac OS X 10_13_2) AppleWebKit/537.36 (KHTML, like Gecko) Chrome/80.0.3987.122 Safari/537.36"
[2020-03-10T23:28:22.932] [INFO] access - ::ffff:127.0.0.1 - - "POST /course/addCourseType HTTP/1.1" 200 49 "http://localhost:3001/course/courseType" "Mozilla/5.0 (Macintosh; Intel Mac OS X 10_13_2) AppleWebKit/537.36 (KHTML, like Gecko) Chrome/80.0.3987.122 Safari/537.36"
[2020-03-10T23:28:39.116] [INFO] access - ::ffff:127.0.0.1 - - "POST /course/addCourseType HTTP/1.1" 200 49 "http://localhost:3001/course/courseType" "Mozilla/5.0 (Macintosh; Intel Mac OS X 10_13_2) AppleWebKit/537.36 (KHTML, like Gecko) Chrome/80.0.3987.122 Safari/537.36"
[2020-03-10T23:29:01.789] [INFO] access - ::ffff:127.0.0.1 - - "POST /course/addCourseType HTTP/1.1" 200 49 "http://localhost:3001/course/courseType" "Mozilla/5.0 (Macintosh; Intel Mac OS X 10_13_2) AppleWebKit/537.36 (KHTML, like Gecko) Chrome/80.0.3987.122 Safari/537.36"
[2020-03-10T23:29:16.589] [INFO] access - ::ffff:127.0.0.1 - - "POST /course/addCourseType HTTP/1.1" 200 46 "http://localhost:3001/course/courseType" "Mozilla/5.0 (Macintosh; Intel Mac OS X 10_13_2) AppleWebKit/537.36 (KHTML, like Gecko) Chrome/80.0.3987.122 Safari/537.36"
[2020-03-10T23:31:32.854] [INFO] access - ::ffff:127.0.0.1 - - "POST /course/addCourseType HTTP/1.1" 200 46 "http://localhost:3001/course/courseType" "Mozilla/5.0 (Macintosh; Intel Mac OS X 10_13_2) AppleWebKit/537.36 (KHTML, like Gecko) Chrome/80.0.3987.122 Safari/537.36"
[2020-03-10T23:33:54.471] [INFO] access - ::ffff:127.0.0.1 - - "POST /course/addCourseType HTTP/1.1" 200 46 "http://localhost:3001/course/courseType" "Mozilla/5.0 (Macintosh; Intel Mac OS X 10_13_2) AppleWebKit/537.36 (KHTML, like Gecko) Chrome/80.0.3987.122 Safari/537.36"
[2020-03-10T23:34:26.281] [INFO] access - ::ffff:127.0.0.1 - - "POST /course/addCourseType HTTP/1.1" 200 46 "http://localhost:3001/course/courseType" "Mozilla/5.0 (Macintosh; Intel Mac OS X 10_13_2) AppleWebKit/537.36 (KHTML, like Gecko) Chrome/80.0.3987.122 Safari/537.36"
[2020-03-10T23:34:52.306] [INFO] access - ::ffff:127.0.0.1 - - "GET /course/findAllCourseList HTTP/1.1" 200 1406 "http://localhost:3001/course/courseList" "Mozilla/5.0 (Macintosh; Intel Mac OS X 10_13_2) AppleWebKit/537.36 (KHTML, like Gecko) Chrome/80.0.3987.122 Safari/537.36"
[2020-03-10T23:34:52.803] [INFO] access - ::ffff:127.0.0.1 - - "GET /course/allCourseType HTTP/1.1" 200 542 "http://localhost:3001/course/courseType" "Mozilla/5.0 (Macintosh; Intel Mac OS X 10_13_2) AppleWebKit/537.36 (KHTML, like Gecko) Chrome/80.0.3987.122 Safari/537.36"
[2020-03-10T23:36:04.954] [INFO] access - ::ffff:127.0.0.1 - - "GET /course/allCourseType HTTP/1.1" 200 542 "http://localhost:3001/course/courseType" "Mozilla/5.0 (Macintosh; Intel Mac OS X 10_13_2) AppleWebKit/537.36 (KHTML, like Gecko) Chrome/80.0.3987.122 Safari/537.36"
[2020-03-10T23:36:18.587] [INFO] access - ::ffff:127.0.0.1 - - "GET /course/allCourseType HTTP/1.1" 200 542 "http://localhost:3001/course/courseType" "Mozilla/5.0 (Macintosh; Intel Mac OS X 10_13_2) AppleWebKit/537.36 (KHTML, like Gecko) Chrome/80.0.3987.122 Safari/537.36"
[2020-03-10T23:37:27.077] [INFO] access - ::ffff:127.0.0.1 - - "POST /course/addCourseType HTTP/1.1" 200 46 "http://localhost:3001/course/courseType" "Mozilla/5.0 (Macintosh; Intel Mac OS X 10_13_2) AppleWebKit/537.36 (KHTML, like Gecko) Chrome/80.0.3987.122 Safari/537.36"
[2020-03-10T23:40:30.840] [INFO] access - ::ffff:127.0.0.1 - - "GET /course/allCourseType HTTP/1.1" 200 570 "http://localhost:3001/course/courseType" "Mozilla/5.0 (Macintosh; Intel Mac OS X 10_13_2) AppleWebKit/537.36 (KHTML, like Gecko) Chrome/80.0.3987.122 Safari/537.36"
[2020-03-10T23:40:43.027] [INFO] access - ::ffff:127.0.0.1 - - "POST /course/addCourseType HTTP/1.1" 200 46 "http://localhost:3001/course/courseType" "Mozilla/5.0 (Macintosh; Intel Mac OS X 10_13_2) AppleWebKit/537.36 (KHTML, like Gecko) Chrome/80.0.3987.122 Safari/537.36"
[2020-03-10T23:40:43.118] [INFO] access - ::ffff:127.0.0.1 - - "GET /course/allCourseType HTTP/1.1" 200 598 "http://localhost:3001/course/courseType" "Mozilla/5.0 (Macintosh; Intel Mac OS X 10_13_2) AppleWebKit/537.36 (KHTML, like Gecko) Chrome/80.0.3987.122 Safari/537.36"
[2020-03-10T23:41:07.558] [INFO] access - ::ffff:127.0.0.1 - - "POST /course/updateCourseType HTTP/1.1" 200 200 "http://localhost:3001/course/courseType" "Mozilla/5.0 (Macintosh; Intel Mac OS X 10_13_2) AppleWebKit/537.36 (KHTML, like Gecko) Chrome/80.0.3987.122 Safari/537.36"
[2020-03-10T23:41:07.618] [INFO] access - ::ffff:127.0.0.1 - - "GET /course/allCourseType HTTP/1.1" 200 598 "http://localhost:3001/course/courseType" "Mozilla/5.0 (Macintosh; Intel Mac OS X 10_13_2) AppleWebKit/537.36 (KHTML, like Gecko) Chrome/80.0.3987.122 Safari/537.36"
[2020-03-10T23:42:07.563] [INFO] access - ::ffff:127.0.0.1 - - "GET /course/allCourseType HTTP/1.1" 200 598 "http://localhost:3001/course/courseType" "Mozilla/5.0 (Macintosh; Intel Mac OS X 10_13_2) AppleWebKit/537.36 (KHTML, like Gecko) Chrome/80.0.3987.122 Safari/537.36"
[2020-03-10T23:42:20.455] [INFO] access - ::ffff:127.0.0.1 - - "POST /course/updateCourseType HTTP/1.1" 200 200 "http://localhost:3001/course/courseType" "Mozilla/5.0 (Macintosh; Intel Mac OS X 10_13_2) AppleWebKit/537.36 (KHTML, like Gecko) Chrome/80.0.3987.122 Safari/537.36"
[2020-03-10T23:42:20.552] [INFO] access - ::ffff:127.0.0.1 - - "GET /course/allCourseType HTTP/1.1" 200 599 "http://localhost:3001/course/courseType" "Mozilla/5.0 (Macintosh; Intel Mac OS X 10_13_2) AppleWebKit/537.36 (KHTML, like Gecko) Chrome/80.0.3987.122 Safari/537.36"
[2020-03-10T23:42:33.175] [INFO] access - ::ffff:127.0.0.1 - - "POST /course/updateCourseType HTTP/1.1" 200 200 "http://localhost:3001/course/courseType" "Mozilla/5.0 (Macintosh; Intel Mac OS X 10_13_2) AppleWebKit/537.36 (KHTML, like Gecko) Chrome/80.0.3987.122 Safari/537.36"
[2020-03-10T23:42:33.249] [INFO] access - ::ffff:127.0.0.1 - - "GET /course/allCourseType HTTP/1.1" 200 598 "http://localhost:3001/course/courseType" "Mozilla/5.0 (Macintosh; Intel Mac OS X 10_13_2) AppleWebKit/537.36 (KHTML, like Gecko) Chrome/80.0.3987.122 Safari/537.36"
[2020-03-10T23:43:44.764] [INFO] access - ::ffff:127.0.0.1 - - "GET /course/allCourseType HTTP/1.1" 200 598 "http://localhost:3001/course/courseType" "Mozilla/5.0 (Macintosh; Intel Mac OS X 10_13_2) AppleWebKit/537.36 (KHTML, like Gecko) Chrome/80.0.3987.122 Safari/537.36"
[2020-03-10T23:43:55.868] [INFO] access - ::ffff:127.0.0.1 - - "GET /course/deleteCourseTypeById?id=7 HTTP/1.1" 200 159 "http://localhost:3001/course/courseType" "Mozilla/5.0 (Macintosh; Intel Mac OS X 10_13_2) AppleWebKit/537.36 (KHTML, like Gecko) Chrome/80.0.3987.122 Safari/537.36"
[2020-03-10T23:43:55.912] [INFO] access - ::ffff:127.0.0.1 - - "GET /course/allCourseType HTTP/1.1" 200 565 "http://localhost:3001/course/courseType" "Mozilla/5.0 (Macintosh; Intel Mac OS X 10_13_2) AppleWebKit/537.36 (KHTML, like Gecko) Chrome/80.0.3987.122 Safari/537.36"
[2020-03-10T23:43:59.834] [INFO] access - ::ffff:127.0.0.1 - - "GET /course/deleteCourseTypeById?id=10 HTTP/1.1" 200 159 "http://localhost:3001/course/courseType" "Mozilla/5.0 (Macintosh; Intel Mac OS X 10_13_2) AppleWebKit/537.36 (KHTML, like Gecko) Chrome/80.0.3987.122 Safari/537.36"
[2020-03-10T23:43:59.870] [INFO] access - ::ffff:127.0.0.1 - - "GET /course/allCourseType HTTP/1.1" 200 526 "http://localhost:3001/course/courseType" "Mozilla/5.0 (Macintosh; Intel Mac OS X 10_13_2) AppleWebKit/537.36 (KHTML, like Gecko) Chrome/80.0.3987.122 Safari/537.36"
[2020-03-10T23:44:59.818] [INFO] access - ::ffff:127.0.0.1 - - "GET /course/allCourseType HTTP/1.1" 200 526 "http://localhost:3001/course/courseType" "Mozilla/5.0 (Macintosh; Intel Mac OS X 10_13_2) AppleWebKit/537.36 (KHTML, like Gecko) Chrome/80.0.3987.122 Safari/537.36"
[2020-03-10T23:45:05.418] [INFO] access - ::ffff:127.0.0.1 - - "GET /course/allCourseType HTTP/1.1" 200 526 "http://localhost:3001/course/courseType" "Mozilla/5.0 (Macintosh; Intel Mac OS X 10_13_2) AppleWebKit/537.36 (KHTML, like Gecko) Chrome/80.0.3987.122 Safari/537.36"
[2020-03-10T23:45:19.446] [INFO] access - ::ffff:127.0.0.1 - - "GET /course/allCourseType HTTP/1.1" 200 526 "http://localhost:3001/course/courseType" "Mozilla/5.0 (Macintosh; Intel Mac OS X 10_13_2) AppleWebKit/537.36 (KHTML, like Gecko) Chrome/80.0.3987.122 Safari/537.36"
[2020-03-10T23:45:23.430] [INFO] access - ::ffff:127.0.0.1 - - "GET /course/allCourseType HTTP/1.1" 200 526 "http://localhost:3001/course/courseType" "Mozilla/5.0 (Macintosh; Intel Mac OS X 10_13_2) AppleWebKit/537.36 (KHTML, like Gecko) Chrome/80.0.3987.122 Safari/537.36"
[2020-03-10T23:45:28.129] [INFO] access - ::ffff:127.0.0.1 - - "GET /course/findAllCourseList HTTP/1.1" 200 1406 "http://localhost:3001/course/courseList" "Mozilla/5.0 (Macintosh; Intel Mac OS X 10_13_2) AppleWebKit/537.36 (KHTML, like Gecko) Chrome/80.0.3987.122 Safari/537.36"
[2020-03-10T23:45:30.100] [INFO] access - ::ffff:127.0.0.1 - - "GET /course/allCourseType HTTP/1.1" 200 526 "http://localhost:3001/course/courseType" "Mozilla/5.0 (Macintosh; Intel Mac OS X 10_13_2) AppleWebKit/537.36 (KHTML, like Gecko) Chrome/80.0.3987.122 Safari/537.36"
[2020-03-10T23:45:31.431] [INFO] access - ::ffff:127.0.0.1 - - "GET /course/findAllCourseList HTTP/1.1" 200 1406 "http://localhost:3001/course/courseList" "Mozilla/5.0 (Macintosh; Intel Mac OS X 10_13_2) AppleWebKit/537.36 (KHTML, like Gecko) Chrome/80.0.3987.122 Safari/537.36"
[2020-03-10T23:45:37.257] [INFO] access - ::ffff:127.0.0.1 - - "GET /course/queryCourseById?id=24 HTTP/1.1" 404 - "http://localhost:3001/course/addCourse/24" "Mozilla/5.0 (Macintosh; Intel Mac OS X 10_13_2) AppleWebKit/537.36 (KHTML, like Gecko) Chrome/80.0.3987.122 Safari/537.36"
[2020-03-10T23:45:46.122] [INFO] access - ::ffff:127.0.0.1 - - "GET /course/allCourseType HTTP/1.1" 200 526 "http://localhost:3001/course/courseType" "Mozilla/5.0 (Macintosh; Intel Mac OS X 10_13_2) AppleWebKit/537.36 (KHTML, like Gecko) Chrome/80.0.3987.122 Safari/537.36"
[2020-03-10T23:45:47.464] [INFO] access - ::ffff:127.0.0.1 - - "GET /course/findAllCourseList HTTP/1.1" 200 1406 "http://localhost:3001/course/courseList" "Mozilla/5.0 (Macintosh; Intel Mac OS X 10_13_2) AppleWebKit/537.36 (KHTML, like Gecko) Chrome/80.0.3987.122 Safari/537.36"
[2020-03-10T23:46:24.448] [INFO] access - ::ffff:127.0.0.1 - - "GET /course/allCourseType HTTP/1.1" 200 526 "http://localhost:3001/course/courseType" "Mozilla/5.0 (Macintosh; Intel Mac OS X 10_13_2) AppleWebKit/537.36 (KHTML, like Gecko) Chrome/80.0.3987.122 Safari/537.36"
[2020-03-10T23:46:27.178] [INFO] access - ::ffff:127.0.0.1 - - "GET /course/findAllCourseList HTTP/1.1" 200 1406 "http://localhost:3001/course/courseList" "Mozilla/5.0 (Macintosh; Intel Mac OS X 10_13_2) AppleWebKit/537.36 (KHTML, like Gecko) Chrome/80.0.3987.122 Safari/537.36"
[2020-03-10T23:46:57.965] [INFO] access - ::ffff:127.0.0.1 - - "GET /course/findAllCourseList HTTP/1.1" 200 1406 "http://localhost:3001/course/courseList" "Mozilla/5.0 (Macintosh; Intel Mac OS X 10_13_2) AppleWebKit/537.36 (KHTML, like Gecko) Chrome/80.0.3987.122 Safari/537.36"
[2020-03-10T23:47:06.997] [INFO] access - ::ffff:127.0.0.1 - - "GET /course/findAllCourseList HTTP/1.1" 200 1406 "http://localhost:3001/course/courseList" "Mozilla/5.0 (Macintosh; Intel Mac OS X 10_13_2) AppleWebKit/537.36 (KHTML, like Gecko) Chrome/80.0.3987.122 Safari/537.36"
[2020-03-10T23:47:09.937] [INFO] access - ::ffff:127.0.0.1 - - "GET /course/allCourseType HTTP/1.1" 200 526 "http://localhost:3001/course/courseType" "Mozilla/5.0 (Macintosh; Intel Mac OS X 10_13_2) AppleWebKit/537.36 (KHTML, like Gecko) Chrome/80.0.3987.122 Safari/537.36"
[2020-03-10T23:47:11.820] [INFO] access - ::ffff:127.0.0.1 - - "GET /course/findAllCourseList HTTP/1.1" 200 1406 "http://localhost:3001/course/courseList" "Mozilla/5.0 (Macintosh; Intel Mac OS X 10_13_2) AppleWebKit/537.36 (KHTML, like Gecko) Chrome/80.0.3987.122 Safari/537.36"
[2020-03-10T23:47:13.491] [INFO] access - ::ffff:127.0.0.1 - - "GET /stu/allStudent HTTP/1.1" 200 2227 "http://localhost:3001/student/studentList" "Mozilla/5.0 (Macintosh; Intel Mac OS X 10_13_2) AppleWebKit/537.36 (KHTML, like Gecko) Chrome/80.0.3987.122 Safari/537.36"
[2020-03-10T23:47:17.757] [INFO] access - ::ffff:127.0.0.1 - - "GET /stu/allStudent HTTP/1.1" 200 2227 "http://localhost:3001/student/studentList" "Mozilla/5.0 (Macintosh; Intel Mac OS X 10_13_2) AppleWebKit/537.36 (KHTML, like Gecko) Chrome/80.0.3987.122 Safari/537.36"
[2020-03-10T23:48:07.365] [INFO] access - ::ffff:127.0.0.1 - - "GET /stu/allStudent HTTP/1.1" 200 2227 "http://localhost:3001/student/studentList" "Mozilla/5.0 (Macintosh; Intel Mac OS X 10_13_2) AppleWebKit/537.36 (KHTML, like Gecko) Chrome/80.0.3987.122 Safari/537.36"
[2020-03-10T23:48:15.160] [INFO] access - ::ffff:127.0.0.1 - - "GET /course/findAllCourseList HTTP/1.1" 200 1406 "http://localhost:3001/course/courseList" "Mozilla/5.0 (Macintosh; Intel Mac OS X 10_13_2) AppleWebKit/537.36 (KHTML, like Gecko) Chrome/80.0.3987.122 Safari/537.36"
[2020-03-10T23:48:16.401] [INFO] access - ::ffff:127.0.0.1 - - "GET /course/allCourseType HTTP/1.1" 200 526 "http://localhost:3001/course/courseType" "Mozilla/5.0 (Macintosh; Intel Mac OS X 10_13_2) AppleWebKit/537.36 (KHTML, like Gecko) Chrome/80.0.3987.122 Safari/537.36"
[2020-03-10T23:48:17.628] [INFO] access - ::ffff:127.0.0.1 - - "GET /stu/allStudent HTTP/1.1" 200 2227 "http://localhost:3001/student/studentList" "Mozilla/5.0 (Macintosh; Intel Mac OS X 10_13_2) AppleWebKit/537.36 (KHTML, like Gecko) Chrome/80.0.3987.122 Safari/537.36"
[2020-03-10T23:49:42.730] [INFO] access - ::ffff:127.0.0.1 - - "GET /stu/allStudent HTTP/1.1" 200 2227 "http://localhost:3001/student/studentList" "Mozilla/5.0 (Macintosh; Intel Mac OS X 10_13_2) AppleWebKit/537.36 (KHTML, like Gecko) Chrome/80.0.3987.122 Safari/537.36"
