[2020-03-09T13:57:56.769] [INFO] access - ::1 - - "POST /stu/stuLogin HTTP/1.1" 200 60 "http://localhost:3001/login" "Mozilla/5.0 (Macintosh; Intel Mac OS X 10_13_2) AppleWebKit/537.36 (KHTML, like Gecko) Chrome/80.0.3987.122 Safari/537.36"
[2020-03-09T13:58:03.098] [INFO] access - ::1 - - "POST /stu/stuLogin HTTP/1.1" 200 52 "http://localhost:3001/login" "Mozilla/5.0 (Macintosh; Intel Mac OS X 10_13_2) AppleWebKit/537.36 (KHTML, like Gecko) Chrome/80.0.3987.122 Safari/537.36"
[2020-03-09T13:58:05.247] [INFO] access - ::1 - - "GET /stu/allStudent HTTP/1.1" 200 754 "http://localhost:3001/student/studentList" "Mozilla/5.0 (Macintosh; Intel Mac OS X 10_13_2) AppleWebKit/537.36 (KHTML, like Gecko) Chrome/80.0.3987.122 Safari/537.36"
[2020-03-09T13:58:06.464] [INFO] access - ::1 - - "GET /stu/allStudent HTTP/1.1" 200 754 "http://localhost:3001/student/studentList" "Mozilla/5.0 (Macintosh; Intel Mac OS X 10_13_2) AppleWebKit/537.36 (KHTML, like Gecko) Chrome/80.0.3987.122 Safari/537.36"
[2020-03-09T13:58:08.303] [INFO] access - ::1 - - "GET /stu/allStudent HTTP/1.1" 200 754 "http://localhost:3001/student/studentList" "Mozilla/5.0 (Macintosh; Intel Mac OS X 10_13_2) AppleWebKit/537.36 (KHTML, like Gecko) Chrome/80.0.3987.122 Safari/537.36"
[2020-03-09T13:58:10.938] [INFO] access - ::1 - - "GET /stu/allStudent HTTP/1.1" 200 754 "http://localhost:3001/student/studentList" "Mozilla/5.0 (Macintosh; Intel Mac OS X 10_13_2) AppleWebKit/537.36 (KHTML, like Gecko) Chrome/80.0.3987.122 Safari/537.36"
[2020-03-09T13:58:29.050] [INFO] access - ::1 - - "POST /stu/stuLogin HTTP/1.1" 200 52 "http://localhost:3001/login" "Mozilla/5.0 (Macintosh; Intel Mac OS X 10_13_2) AppleWebKit/537.36 (KHTML, like Gecko) Chrome/80.0.3987.122 Safari/537.36"
[2020-03-09T13:58:30.758] [INFO] access - ::1 - - "GET /stu/allStudent HTTP/1.1" 200 754 "http://localhost:3001/student/studentList" "Mozilla/5.0 (Macintosh; Intel Mac OS X 10_13_2) AppleWebKit/537.36 (KHTML, like Gecko) Chrome/80.0.3987.122 Safari/537.36"
[2020-03-09T13:58:32.340] [INFO] access - ::1 - - "GET /stu/allStudent HTTP/1.1" 200 754 "http://localhost:3001/student/studentList" "Mozilla/5.0 (Macintosh; Intel Mac OS X 10_13_2) AppleWebKit/537.36 (KHTML, like Gecko) Chrome/80.0.3987.122 Safari/537.36"
[2020-03-09T15:03:23.670] [INFO] access - ::1 - - "POST /stu/stuLogin HTTP/1.1" 200 52 "http://localhost:3001/login" "Mozilla/5.0 (Macintosh; Intel Mac OS X 10_13_2) AppleWebKit/537.36 (KHTML, like Gecko) Chrome/80.0.3987.122 Safari/537.36"
[2020-03-09T15:03:28.293] [INFO] access - ::1 - - "GET /stu/allStudent HTTP/1.1" 200 754 "http://localhost:3001/student/studentList" "Mozilla/5.0 (Macintosh; Intel Mac OS X 10_13_2) AppleWebKit/537.36 (KHTML, like Gecko) Chrome/80.0.3987.122 Safari/537.36"
[2020-03-09T15:44:51.645] [INFO] access - ::ffff:127.0.0.1 - - "POST /stu/stuLogin HTTP/1.1" 200 60 "http://localhost:3000/login" "Mozilla/5.0 (Macintosh; Intel Mac OS X 10_13_2) AppleWebKit/537.36 (KHTML, like Gecko) Chrome/80.0.3987.122 Safari/537.36"
[2020-03-09T15:44:55.454] [INFO] access - ::ffff:127.0.0.1 - - "POST /stu/stuLogin HTTP/1.1" 200 52 "http://localhost:3000/login" "Mozilla/5.0 (Macintosh; Intel Mac OS X 10_13_2) AppleWebKit/537.36 (KHTML, like Gecko) Chrome/80.0.3987.122 Safari/537.36"
[2020-03-09T15:44:57.675] [INFO] access - ::ffff:127.0.0.1 - - "GET /course/findAllCourseList HTTP/1.1" 200 725 "http://localhost:3000/course/courseList" "Mozilla/5.0 (Macintosh; Intel Mac OS X 10_13_2) AppleWebKit/537.36 (KHTML, like Gecko) Chrome/80.0.3987.122 Safari/537.36"
[2020-03-09T15:45:09.577] [INFO] access - ::ffff:127.0.0.1 - - "GET /course/findAllCourseList HTTP/1.1" 200 725 "http://localhost:3000/course/courseList" "Mozilla/5.0 (Macintosh; Intel Mac OS X 10_13_2) AppleWebKit/537.36 (KHTML, like Gecko) Chrome/80.0.3987.122 Safari/537.36"
[2020-03-09T15:45:24.145] [INFO] access - ::ffff:127.0.0.1 - - "GET /stu/allStudent HTTP/1.1" 200 754 "http://localhost:3000/student/studentList" "Mozilla/5.0 (Macintosh; Intel Mac OS X 10_13_2) AppleWebKit/537.36 (KHTML, like Gecko) Chrome/80.0.3987.122 Safari/537.36"
[2020-03-09T15:45:50.039] [INFO] access - ::ffff:127.0.0.1 - - "POST /stu/addStudent HTTP/1.1" 200 46 "http://localhost:3000/student/addStudent" "Mozilla/5.0 (Macintosh; Intel Mac OS X 10_13_2) AppleWebKit/537.36 (KHTML, like Gecko) Chrome/80.0.3987.122 Safari/537.36"
[2020-03-09T15:57:17.690] [INFO] access - ::1 - - "GET / HTTP/1.1" 404 - "http://localhost:3001/student/studentList" "Mozilla/5.0 (Macintosh; Intel Mac OS X 10_13_2) AppleWebKit/537.36 (KHTML, like Gecko) Chrome/80.0.3987.122 Safari/537.36"
[2020-03-09T15:57:38.650] [INFO] access - ::1 - - "GET / HTTP/1.1" 404 - "http://localhost:3001/student/studentList" "Mozilla/5.0 (Macintosh; Intel Mac OS X 10_13_2) AppleWebKit/537.36 (KHTML, like Gecko) Chrome/80.0.3987.122 Safari/537.36"
[2020-03-09T15:59:38.408] [INFO] access - ::1 - - "GET /stu/allStudent HTTP/1.1" 200 939 "http://localhost:3001/student/studentList" "Mozilla/5.0 (Macintosh; Intel Mac OS X 10_13_2) AppleWebKit/537.36 (KHTML, like Gecko) Chrome/80.0.3987.122 Safari/537.36"
[2020-03-09T16:05:23.635] [INFO] access - ::1 - - "POST /stu/stuLogin HTTP/1.1" 200 52 "http://localhost:3001/login" "Mozilla/5.0 (Macintosh; Intel Mac OS X 10_13_2) AppleWebKit/537.36 (KHTML, like Gecko) Chrome/80.0.3987.122 Safari/537.36"
[2020-03-09T16:05:34.930] [INFO] access - ::1 - - "POST /stu/addStudent HTTP/1.1" 200 68 "http://localhost:3001/student/addStudent" "Mozilla/5.0 (Macintosh; Intel Mac OS X 10_13_2) AppleWebKit/537.36 (KHTML, like Gecko) Chrome/80.0.3987.122 Safari/537.36"
[2020-03-09T16:05:40.092] [INFO] access - ::1 - - "GET /stu/allStudent HTTP/1.1" 200 939 "http://localhost:3001/student/studentList" "Mozilla/5.0 (Macintosh; Intel Mac OS X 10_13_2) AppleWebKit/537.36 (KHTML, like Gecko) Chrome/80.0.3987.122 Safari/537.36"
[2020-03-09T16:06:00.024] [INFO] access - ::1 - - "GET /stu/allStudent HTTP/1.1" 200 939 "http://localhost:3001/student/studentList" "Mozilla/5.0 (Macintosh; Intel Mac OS X 10_13_2) AppleWebKit/537.36 (KHTML, like Gecko) Chrome/80.0.3987.122 Safari/537.36"
[2020-03-09T16:06:06.860] [INFO] access - ::1 - - "POST /stu/addStudent HTTP/1.1" 200 46 "http://localhost:3001/student/addStudent" "Mozilla/5.0 (Macintosh; Intel Mac OS X 10_13_2) AppleWebKit/537.36 (KHTML, like Gecko) Chrome/80.0.3987.122 Safari/537.36"
[2020-03-09T16:06:16.296] [INFO] access - ::1 - - "GET /stu/allStudent HTTP/1.1" 200 1118 "http://localhost:3001/student/studentList" "Mozilla/5.0 (Macintosh; Intel Mac OS X 10_13_2) AppleWebKit/537.36 (KHTML, like Gecko) Chrome/80.0.3987.122 Safari/537.36"
[2020-03-09T16:08:15.695] [INFO] access - ::1 - - "POST /stu/addStudent HTTP/1.1" 200 46 "http://localhost:3001/student/addStudent" "Mozilla/5.0 (Macintosh; Intel Mac OS X 10_13_2) AppleWebKit/537.36 (KHTML, like Gecko) Chrome/80.0.3987.122 Safari/537.36"
[2020-03-09T16:14:12.017] [INFO] access - ::1 - - "POST /stu/addStudent HTTP/1.1" 200 68 "http://localhost:3001/student/addStudent" "Mozilla/5.0 (Macintosh; Intel Mac OS X 10_13_2) AppleWebKit/537.36 (KHTML, like Gecko) Chrome/80.0.3987.122 Safari/537.36"
[2020-03-09T16:14:34.962] [INFO] access - ::1 - - "GET /stu/allStudent HTTP/1.1" 200 1300 "http://localhost:3001/student/studentList" "Mozilla/5.0 (Macintosh; Intel Mac OS X 10_13_2) AppleWebKit/537.36 (KHTML, like Gecko) Chrome/80.0.3987.122 Safari/537.36"
[2020-03-09T16:26:48.382] [INFO] access - ::1 - - "GET /stu/allStudent HTTP/1.1" 200 1300 "http://localhost:3001/student/studentList" "Mozilla/5.0 (Macintosh; Intel Mac OS X 10_13_2) AppleWebKit/537.36 (KHTML, like Gecko) Chrome/80.0.3987.122 Safari/537.36"
[2020-03-09T16:27:13.857] [INFO] access - ::1 - - "GET /stu/allStudent HTTP/1.1" 200 1300 "http://localhost:3001/student/studentList" "Mozilla/5.0 (Macintosh; Intel Mac OS X 10_13_2) AppleWebKit/537.36 (KHTML, like Gecko) Chrome/80.0.3987.122 Safari/537.36"
[2020-03-09T16:27:25.574] [INFO] access - ::1 - - "GET /stu/allStudent HTTP/1.1" 200 1300 "http://localhost:3001/student/studentList" "Mozilla/5.0 (Macintosh; Intel Mac OS X 10_13_2) AppleWebKit/537.36 (KHTML, like Gecko) Chrome/80.0.3987.122 Safari/537.36"
[2020-03-09T16:35:58.307] [INFO] access - ::1 - - "GET /stu/allStudent HTTP/1.1" 200 1300 "http://localhost:3001/student/studentList" "Mozilla/5.0 (Macintosh; Intel Mac OS X 10_13_2) AppleWebKit/537.36 (KHTML, like Gecko) Chrome/80.0.3987.122 Safari/537.36"
[2020-03-09T16:36:06.271] [INFO] access - ::1 - - "GET /stu/allStudent HTTP/1.1" 200 1300 "http://localhost:3001/student/studentList" "Mozilla/5.0 (Macintosh; Intel Mac OS X 10_13_2) AppleWebKit/537.36 (KHTML, like Gecko) Chrome/80.0.3987.122 Safari/537.36"
[2020-03-09T16:37:37.461] [INFO] access - ::1 - - "GET /stu/allStudent HTTP/1.1" 200 1300 "http://localhost:3001/student/studentList" "Mozilla/5.0 (Macintosh; Intel Mac OS X 10_13_2) AppleWebKit/537.36 (KHTML, like Gecko) Chrome/80.0.3987.122 Safari/537.36"
[2020-03-09T16:38:03.426] [INFO] access - ::1 - - "GET /stu/allStudent HTTP/1.1" 200 1300 "http://localhost:3001/student/studentList" "Mozilla/5.0 (Macintosh; Intel Mac OS X 10_13_2) AppleWebKit/537.36 (KHTML, like Gecko) Chrome/80.0.3987.122 Safari/537.36"
[2020-03-09T16:49:31.326] [INFO] access - ::1 - - "GET /stu/allStudent HTTP/1.1" 200 1300 "http://localhost:3001/student/studentList" "Mozilla/5.0 (Macintosh; Intel Mac OS X 10_13_2) AppleWebKit/537.36 (KHTML, like Gecko) Chrome/80.0.3987.122 Safari/537.36"
[2020-03-09T16:49:37.070] [INFO] access - ::1 - - "POST /stu/deleteStu HTTP/1.1" 405 - "http://localhost:3001/student/studentList" "Mozilla/5.0 (Macintosh; Intel Mac OS X 10_13_2) AppleWebKit/537.36 (KHTML, like Gecko) Chrome/80.0.3987.122 Safari/537.36"
[2020-03-09T16:50:08.313] [INFO] access - ::1 - - "GET /stu/allStudent HTTP/1.1" 200 1300 "http://localhost:3001/student/studentList" "Mozilla/5.0 (Macintosh; Intel Mac OS X 10_13_2) AppleWebKit/537.36 (KHTML, like Gecko) Chrome/80.0.3987.122 Safari/537.36"
[2020-03-09T16:50:11.848] [INFO] access - ::1 - - "POST /stu/deleteStu/id HTTP/1.1" 404 - "http://localhost:3001/student/studentList" "Mozilla/5.0 (Macintosh; Intel Mac OS X 10_13_2) AppleWebKit/537.36 (KHTML, like Gecko) Chrome/80.0.3987.122 Safari/537.36"
[2020-03-09T16:50:44.843] [INFO] access - ::1 - - "GET /stu/allStudent HTTP/1.1" 200 1300 "http://localhost:3001/student/studentList" "Mozilla/5.0 (Macintosh; Intel Mac OS X 10_13_2) AppleWebKit/537.36 (KHTML, like Gecko) Chrome/80.0.3987.122 Safari/537.36"
[2020-03-09T16:50:47.264] [INFO] access - ::1 - - "POST /stu/deleteStu HTTP/1.1" 405 - "http://localhost:3001/student/studentList" "Mozilla/5.0 (Macintosh; Intel Mac OS X 10_13_2) AppleWebKit/537.36 (KHTML, like Gecko) Chrome/80.0.3987.122 Safari/537.36"
[2020-03-09T16:51:34.785] [INFO] access - ::1 - - "GET /stu/allStudent HTTP/1.1" 200 1300 "http://localhost:3001/student/studentList" "Mozilla/5.0 (Macintosh; Intel Mac OS X 10_13_2) AppleWebKit/537.36 (KHTML, like Gecko) Chrome/80.0.3987.122 Safari/537.36"
[2020-03-09T16:51:42.272] [INFO] access - ::1 - - "GET /stu/deleteStu?student_id=40 HTTP/1.1" 200 46 "http://localhost:3001/student/studentList" "Mozilla/5.0 (Macintosh; Intel Mac OS X 10_13_2) AppleWebKit/537.36 (KHTML, like Gecko) Chrome/80.0.3987.122 Safari/537.36"
[2020-03-09T16:51:42.319] [INFO] access - ::1 - - "GET /stu/allStudent HTTP/1.1" 200 1118 "http://localhost:3001/student/studentList" "Mozilla/5.0 (Macintosh; Intel Mac OS X 10_13_2) AppleWebKit/537.36 (KHTML, like Gecko) Chrome/80.0.3987.122 Safari/537.36"
[2020-03-09T16:52:47.520] [INFO] access - ::1 - - "POST /stu/addStudent HTTP/1.1" 200 46 "http://localhost:3001/student/addStudent" "Mozilla/5.0 (Macintosh; Intel Mac OS X 10_13_2) AppleWebKit/537.36 (KHTML, like Gecko) Chrome/80.0.3987.122 Safari/537.36"
[2020-03-09T16:52:49.538] [INFO] access - ::1 - - "GET /stu/allStudent HTTP/1.1" 200 1306 "http://localhost:3001/student/studentList" "Mozilla/5.0 (Macintosh; Intel Mac OS X 10_13_2) AppleWebKit/537.36 (KHTML, like Gecko) Chrome/80.0.3987.122 Safari/537.36"
[2020-03-09T16:53:05.524] [INFO] access - ::1 - - "GET /stu/allStudent HTTP/1.1" 200 1306 "http://localhost:3001/student/studentList" "Mozilla/5.0 (Macintosh; Intel Mac OS X 10_13_2) AppleWebKit/537.36 (KHTML, like Gecko) Chrome/80.0.3987.122 Safari/537.36"
[2020-03-09T16:53:20.031] [INFO] access - ::1 - - "GET /stu/deleteStu?student_id=41 HTTP/1.1" 200 46 "http://localhost:3001/student/studentList" "Mozilla/5.0 (Macintosh; Intel Mac OS X 10_13_2) AppleWebKit/537.36 (KHTML, like Gecko) Chrome/80.0.3987.122 Safari/537.36"
[2020-03-09T16:53:20.083] [INFO] access - ::1 - - "GET /stu/allStudent HTTP/1.1" 200 1118 "http://localhost:3001/student/studentList" "Mozilla/5.0 (Macintosh; Intel Mac OS X 10_13_2) AppleWebKit/537.36 (KHTML, like Gecko) Chrome/80.0.3987.122 Safari/537.36"
[2020-03-09T16:53:29.527] [INFO] access - ::1 - - "POST /stu/addStudent HTTP/1.1" 200 46 "http://localhost:3001/student/addStudent" "Mozilla/5.0 (Macintosh; Intel Mac OS X 10_13_2) AppleWebKit/537.36 (KHTML, like Gecko) Chrome/80.0.3987.122 Safari/537.36"
[2020-03-09T16:53:31.266] [INFO] access - ::1 - - "GET /stu/allStudent HTTP/1.1" 200 1316 "http://localhost:3001/student/studentList" "Mozilla/5.0 (Macintosh; Intel Mac OS X 10_13_2) AppleWebKit/537.36 (KHTML, like Gecko) Chrome/80.0.3987.122 Safari/537.36"
[2020-03-09T17:57:51.839] [INFO] access - ::1 - - "POST /stu/stuLogin HTTP/1.1" 200 52 "http://localhost:3001/login" "Mozilla/5.0 (Macintosh; Intel Mac OS X 10_13_2) AppleWebKit/537.36 (KHTML, like Gecko) Chrome/80.0.3987.122 Safari/537.36"
[2020-03-09T17:58:29.534] [INFO] access - ::1 - - "GET /stu/allStudent HTTP/1.1" 200 1316 "http://localhost:3001/student/studentList" "Mozilla/5.0 (Macintosh; Intel Mac OS X 10_13_2) AppleWebKit/537.36 (KHTML, like Gecko) Chrome/80.0.3987.122 Safari/537.36"
[2020-03-09T18:05:31.874] [INFO] access - ::1 - - "GET /stu/allStudent HTTP/1.1" 200 1316 "http://localhost:3001/student/studentList" "Mozilla/5.0 (Macintosh; Intel Mac OS X 10_13_2) AppleWebKit/537.36 (KHTML, like Gecko) Chrome/80.0.3987.122 Safari/537.36"
[2020-03-09T18:05:36.208] [INFO] access - ::1 - - "GET /stu/deleteStu?student_id=42 HTTP/1.1" 200 46 "http://localhost:3001/student/studentList" "Mozilla/5.0 (Macintosh; Intel Mac OS X 10_13_2) AppleWebKit/537.36 (KHTML, like Gecko) Chrome/80.0.3987.122 Safari/537.36"
[2020-03-09T18:05:36.250] [INFO] access - ::1 - - "GET /stu/allStudent HTTP/1.1" 200 1118 "http://localhost:3001/student/studentList" "Mozilla/5.0 (Macintosh; Intel Mac OS X 10_13_2) AppleWebKit/537.36 (KHTML, like Gecko) Chrome/80.0.3987.122 Safari/537.36"
[2020-03-09T18:06:08.121] [INFO] access - ::1 - - "GET /stu/allStudent HTTP/1.1" 200 1118 "http://localhost:3001/student/studentList" "Mozilla/5.0 (Macintosh; Intel Mac OS X 10_13_2) AppleWebKit/537.36 (KHTML, like Gecko) Chrome/80.0.3987.122 Safari/537.36"
[2020-03-09T18:06:32.956] [INFO] access - ::1 - - "POST /stu/addStudent HTTP/1.1" 200 46 "http://localhost:3001/student/addStudent" "Mozilla/5.0 (Macintosh; Intel Mac OS X 10_13_2) AppleWebKit/537.36 (KHTML, like Gecko) Chrome/80.0.3987.122 Safari/537.36"
[2020-03-09T18:06:34.316] [INFO] access - ::1 - - "GET /stu/allStudent HTTP/1.1" 200 1302 "http://localhost:3001/student/studentList" "Mozilla/5.0 (Macintosh; Intel Mac OS X 10_13_2) AppleWebKit/537.36 (KHTML, like Gecko) Chrome/80.0.3987.122 Safari/537.36"
[2020-03-09T18:07:03.848] [INFO] access - ::1 - - "GET /stu/allStudent HTTP/1.1" 200 1302 "http://localhost:3001/student/studentList" "Mozilla/5.0 (Macintosh; Intel Mac OS X 10_13_2) AppleWebKit/537.36 (KHTML, like Gecko) Chrome/80.0.3987.122 Safari/537.36"
[2020-03-09T18:07:07.714] [INFO] access - ::1 - - "GET /stu/deleteStu?student_id=43 HTTP/1.1" 200 46 "http://localhost:3001/student/studentList" "Mozilla/5.0 (Macintosh; Intel Mac OS X 10_13_2) AppleWebKit/537.36 (KHTML, like Gecko) Chrome/80.0.3987.122 Safari/537.36"
[2020-03-09T18:07:07.747] [INFO] access - ::1 - - "GET /stu/allStudent HTTP/1.1" 200 1118 "http://localhost:3001/student/studentList" "Mozilla/5.0 (Macintosh; Intel Mac OS X 10_13_2) AppleWebKit/537.36 (KHTML, like Gecko) Chrome/80.0.3987.122 Safari/537.36"
[2020-03-09T18:19:17.989] [INFO] access - ::1 - - "GET /stu/allStudent HTTP/1.1" 200 1118 "http://localhost:3001/student/studentList" "Mozilla/5.0 (Macintosh; Intel Mac OS X 10_13_2) AppleWebKit/537.36 (KHTML, like Gecko) Chrome/80.0.3987.122 Safari/537.36"
[2020-03-09T18:24:00.207] [INFO] access - ::1 - - "GET /stu/allStudent HTTP/1.1" 200 1118 "http://localhost:3001/student/studentList" "Mozilla/5.0 (Macintosh; Intel Mac OS X 10_13_2) AppleWebKit/537.36 (KHTML, like Gecko) Chrome/80.0.3987.122 Safari/537.36"
[2020-03-09T18:24:32.962] [INFO] access - ::1 - - "GET /stu/allStudent HTTP/1.1" 200 1118 "http://localhost:3001/student/studentList" "Mozilla/5.0 (Macintosh; Intel Mac OS X 10_13_2) AppleWebKit/537.36 (KHTML, like Gecko) Chrome/80.0.3987.122 Safari/537.36"
[2020-03-09T18:33:22.662] [INFO] access - ::1 - - "GET /stu/allStudent HTTP/1.1" 200 1118 "http://localhost:3001/student/studentList" "Mozilla/5.0 (Macintosh; Intel Mac OS X 10_13_2) AppleWebKit/537.36 (KHTML, like Gecko) Chrome/80.0.3987.122 Safari/537.36"
[2020-03-09T18:41:05.988] [INFO] access - ::1 - - "GET /stu/getStudentById?0=38 HTTP/1.1" 404 - "http://localhost:3001/student/addStudent/38" "Mozilla/5.0 (Macintosh; Intel Mac OS X 10_13_2) AppleWebKit/537.36 (KHTML, like Gecko) Chrome/80.0.3987.122 Safari/537.36"
[2020-03-09T18:41:50.164] [INFO] access - ::1 - - "GET /stu/getStudentById?id=38 HTTP/1.1" 404 - "http://localhost:3001/student/addStudent/38" "Mozilla/5.0 (Macintosh; Intel Mac OS X 10_13_2) AppleWebKit/537.36 (KHTML, like Gecko) Chrome/80.0.3987.122 Safari/537.36"
[2020-03-09T18:42:07.017] [INFO] access - ::1 - - "GET /stu/getStudentById?id=38 HTTP/1.1" 404 - "http://localhost:3001/student/addStudent/38" "Mozilla/5.0 (Macintosh; Intel Mac OS X 10_13_2) AppleWebKit/537.36 (KHTML, like Gecko) Chrome/80.0.3987.122 Safari/537.36"
[2020-03-09T18:43:07.867] [INFO] access - ::1 - - "GET /stu/getStudentById?id=38 HTTP/1.1" 404 - "http://localhost:3001/student/addStudent/38" "Mozilla/5.0 (Macintosh; Intel Mac OS X 10_13_2) AppleWebKit/537.36 (KHTML, like Gecko) Chrome/80.0.3987.122 Safari/537.36"
[2020-03-09T18:43:18.129] [INFO] access - ::1 - - "GET /stu/allStudent HTTP/1.1" 200 1118 "http://localhost:3001/student/studentList" "Mozilla/5.0 (Macintosh; Intel Mac OS X 10_13_2) AppleWebKit/537.36 (KHTML, like Gecko) Chrome/80.0.3987.122 Safari/537.36"
[2020-03-09T18:43:19.150] [INFO] access - ::1 - - "GET /stu/getStudentById HTTP/1.1" 404 - "http://localhost:3001/student/addStudent" "Mozilla/5.0 (Macintosh; Intel Mac OS X 10_13_2) AppleWebKit/537.36 (KHTML, like Gecko) Chrome/80.0.3987.122 Safari/537.36"
[2020-03-09T18:43:19.768] [INFO] access - ::1 - - "GET /stu/allStudent HTTP/1.1" 200 1118 "http://localhost:3001/student/studentList" "Mozilla/5.0 (Macintosh; Intel Mac OS X 10_13_2) AppleWebKit/537.36 (KHTML, like Gecko) Chrome/80.0.3987.122 Safari/537.36"
[2020-03-09T18:43:23.587] [INFO] access - ::1 - - "GET /stu/allStudent HTTP/1.1" 200 1118 "http://localhost:3001/student/studentList" "Mozilla/5.0 (Macintosh; Intel Mac OS X 10_13_2) AppleWebKit/537.36 (KHTML, like Gecko) Chrome/80.0.3987.122 Safari/537.36"
[2020-03-09T18:43:26.790] [INFO] access - ::1 - - "GET /stu/getStudentById HTTP/1.1" 404 - "http://localhost:3001/student/addStudent" "Mozilla/5.0 (Macintosh; Intel Mac OS X 10_13_2) AppleWebKit/537.36 (KHTML, like Gecko) Chrome/80.0.3987.122 Safari/537.36"
[2020-03-09T18:43:37.831] [INFO] access - ::1 - - "GET /stu/allStudent HTTP/1.1" 200 1118 "http://localhost:3001/student/studentList" "Mozilla/5.0 (Macintosh; Intel Mac OS X 10_13_2) AppleWebKit/537.36 (KHTML, like Gecko) Chrome/80.0.3987.122 Safari/537.36"
[2020-03-09T18:43:45.731] [INFO] access - ::1 - - "GET /stu/getStudentById?id=39 HTTP/1.1" 404 - "http://localhost:3001/student/addStudent/39" "Mozilla/5.0 (Macintosh; Intel Mac OS X 10_13_2) AppleWebKit/537.36 (KHTML, like Gecko) Chrome/80.0.3987.122 Safari/537.36"
[2020-03-09T18:44:20.047] [INFO] access - ::1 - - "GET /stu/getStudentById/?id=39 HTTP/1.1" 404 - "http://localhost:3001/student/addStudent/39" "Mozilla/5.0 (Macintosh; Intel Mac OS X 10_13_2) AppleWebKit/537.36 (KHTML, like Gecko) Chrome/80.0.3987.122 Safari/537.36"
[2020-03-09T18:44:44.606] [INFO] access - ::1 - - "GET /stu/getStudnetById/?id=39 HTTP/1.1" 200 212 "http://localhost:3001/student/addStudent/39" "Mozilla/5.0 (Macintosh; Intel Mac OS X 10_13_2) AppleWebKit/537.36 (KHTML, like Gecko) Chrome/80.0.3987.122 Safari/537.36"
[2020-03-09T18:45:12.563] [INFO] access - ::1 - - "GET /stu/getStudentById?id=39 HTTP/1.1" 404 - "http://localhost:3001/student/addStudent/39" "Mozilla/5.0 (Macintosh; Intel Mac OS X 10_13_2) AppleWebKit/537.36 (KHTML, like Gecko) Chrome/80.0.3987.122 Safari/537.36"
[2020-03-09T18:55:41.141] [INFO] access - ::1 - - "GET /stu/getStudentById/?id=39 HTTP/1.1" 200 212 "http://localhost:3001/student/addStudent/39" "Mozilla/5.0 (Macintosh; Intel Mac OS X 10_13_2) AppleWebKit/537.36 (KHTML, like Gecko) Chrome/80.0.3987.122 Safari/537.36"
[2020-03-09T18:56:22.288] [INFO] access - ::1 - - "GET /stu/getStudentById/?id=39 HTTP/1.1" 200 212 "http://localhost:3001/student/addStudent/39" "Mozilla/5.0 (Macintosh; Intel Mac OS X 10_13_2) AppleWebKit/537.36 (KHTML, like Gecko) Chrome/80.0.3987.122 Safari/537.36"
[2020-03-09T18:58:46.331] [INFO] access - ::1 - - "POST /stu/stuLogin HTTP/1.1" 200 52 "http://localhost:3001/login" "Mozilla/5.0 (Macintosh; Intel Mac OS X 10_13_2) AppleWebKit/537.36 (KHTML, like Gecko) Chrome/80.0.3987.122 Safari/537.36"
[2020-03-09T18:58:48.894] [INFO] access - ::1 - - "GET /stu/allStudent HTTP/1.1" 200 1118 "http://localhost:3001/student/studentList" "Mozilla/5.0 (Macintosh; Intel Mac OS X 10_13_2) AppleWebKit/537.36 (KHTML, like Gecko) Chrome/80.0.3987.122 Safari/537.36"
[2020-03-09T18:58:49.734] [INFO] access - ::1 - - "GET /stu/getStudentById/ HTTP/1.1" 200 34 "http://localhost:3001/student/addStudent" "Mozilla/5.0 (Macintosh; Intel Mac OS X 10_13_2) AppleWebKit/537.36 (KHTML, like Gecko) Chrome/80.0.3987.122 Safari/537.36"
[2020-03-09T18:58:53.269] [INFO] access - ::1 - - "GET /stu/allStudent HTTP/1.1" 200 1118 "http://localhost:3001/student/studentList" "Mozilla/5.0 (Macintosh; Intel Mac OS X 10_13_2) AppleWebKit/537.36 (KHTML, like Gecko) Chrome/80.0.3987.122 Safari/537.36"
[2020-03-09T18:58:54.521] [INFO] access - ::1 - - "GET /stu/getStudentById/?id=39 HTTP/1.1" 200 212 "http://localhost:3001/student/addStudent/39" "Mozilla/5.0 (Macintosh; Intel Mac OS X 10_13_2) AppleWebKit/537.36 (KHTML, like Gecko) Chrome/80.0.3987.122 Safari/537.36"
[2020-03-09T18:59:50.132] [INFO] access - ::1 - - "GET /stu/getStudentById/?id=39 HTTP/1.1" 200 212 "http://localhost:3001/student/addStudent/39" "Mozilla/5.0 (Macintosh; Intel Mac OS X 10_13_2) AppleWebKit/537.36 (KHTML, like Gecko) Chrome/80.0.3987.122 Safari/537.36"
[2020-03-09T18:59:54.839] [INFO] access - ::1 - - "GET /stu/allStudent HTTP/1.1" 200 1118 "http://localhost:3001/student/studentList" "Mozilla/5.0 (Macintosh; Intel Mac OS X 10_13_2) AppleWebKit/537.36 (KHTML, like Gecko) Chrome/80.0.3987.122 Safari/537.36"
[2020-03-09T18:59:57.389] [INFO] access - ::1 - - "GET /stu/getStudentById/?id=39 HTTP/1.1" 200 212 "http://localhost:3001/student/addStudent/39" "Mozilla/5.0 (Macintosh; Intel Mac OS X 10_13_2) AppleWebKit/537.36 (KHTML, like Gecko) Chrome/80.0.3987.122 Safari/537.36"
[2020-03-09T19:00:57.353] [INFO] access - ::1 - - "GET /stu/getStudentById/?id=39 HTTP/1.1" 200 212 "http://localhost:3001/student/addStudent/39" "Mozilla/5.0 (Macintosh; Intel Mac OS X 10_13_2) AppleWebKit/537.36 (KHTML, like Gecko) Chrome/80.0.3987.122 Safari/537.36"
[2020-03-09T19:01:11.000] [INFO] access - ::1 - - "GET /stu/getStudentById/?id=39 HTTP/1.1" 200 212 "http://localhost:3001/student/addStudent/39" "Mozilla/5.0 (Macintosh; Intel Mac OS X 10_13_2) AppleWebKit/537.36 (KHTML, like Gecko) Chrome/80.0.3987.122 Safari/537.36"
[2020-03-09T19:01:53.797] [INFO] access - ::1 - - "GET /stu/getStudentById/?id=39 HTTP/1.1" 200 212 "http://localhost:3001/student/addStudent/39" "Mozilla/5.0 (Macintosh; Intel Mac OS X 10_13_2) AppleWebKit/537.36 (KHTML, like Gecko) Chrome/80.0.3987.122 Safari/537.36"
[2020-03-09T19:02:03.641] [INFO] access - ::1 - - "GET /stu/allStudent HTTP/1.1" 200 1118 "http://localhost:3001/student/studentList" "Mozilla/5.0 (Macintosh; Intel Mac OS X 10_13_2) AppleWebKit/537.36 (KHTML, like Gecko) Chrome/80.0.3987.122 Safari/537.36"
[2020-03-09T19:02:07.029] [INFO] access - ::1 - - "GET /stu/getStudentById/?id=39 HTTP/1.1" 200 212 "http://localhost:3001/student/addStudent/39" "Mozilla/5.0 (Macintosh; Intel Mac OS X 10_13_2) AppleWebKit/537.36 (KHTML, like Gecko) Chrome/80.0.3987.122 Safari/537.36"
[2020-03-09T19:02:10.651] [INFO] access - ::1 - - "GET /stu/allStudent HTTP/1.1" 200 1118 "http://localhost:3001/student/studentList" "Mozilla/5.0 (Macintosh; Intel Mac OS X 10_13_2) AppleWebKit/537.36 (KHTML, like Gecko) Chrome/80.0.3987.122 Safari/537.36"
[2020-03-09T19:02:12.462] [INFO] access - ::1 - - "GET /stu/getStudentById/?id=38 HTTP/1.1" 200 218 "http://localhost:3001/student/addStudent/38" "Mozilla/5.0 (Macintosh; Intel Mac OS X 10_13_2) AppleWebKit/537.36 (KHTML, like Gecko) Chrome/80.0.3987.122 Safari/537.36"
[2020-03-09T19:02:15.869] [INFO] access - ::1 - - "GET /stu/allStudent HTTP/1.1" 200 1118 "http://localhost:3001/student/studentList" "Mozilla/5.0 (Macintosh; Intel Mac OS X 10_13_2) AppleWebKit/537.36 (KHTML, like Gecko) Chrome/80.0.3987.122 Safari/537.36"
[2020-03-09T19:02:19.124] [INFO] access - ::1 - - "GET /stu/getStudentById/?id=35 HTTP/1.1" 200 211 "http://localhost:3001/student/addStudent/35" "Mozilla/5.0 (Macintosh; Intel Mac OS X 10_13_2) AppleWebKit/537.36 (KHTML, like Gecko) Chrome/80.0.3987.122 Safari/537.36"
[2020-03-09T19:03:47.962] [INFO] access - ::1 - - "GET /stu/getStudentById/?id=35 HTTP/1.1" 200 211 "http://localhost:3001/student/addStudent/35" "Mozilla/5.0 (Macintosh; Intel Mac OS X 10_13_2) AppleWebKit/537.36 (KHTML, like Gecko) Chrome/80.0.3987.122 Safari/537.36"
[2020-03-09T19:04:16.048] [INFO] access - ::1 - - "GET /stu/allStudent HTTP/1.1" 200 1118 "http://localhost:3001/student/studentList" "Mozilla/5.0 (Macintosh; Intel Mac OS X 10_13_2) AppleWebKit/537.36 (KHTML, like Gecko) Chrome/80.0.3987.122 Safari/537.36"
[2020-03-09T19:04:17.617] [INFO] access - ::1 - - "GET /stu/getStudentById/?id=39 HTTP/1.1" 200 212 "http://localhost:3001/student/addStudent/39" "Mozilla/5.0 (Macintosh; Intel Mac OS X 10_13_2) AppleWebKit/537.36 (KHTML, like Gecko) Chrome/80.0.3987.122 Safari/537.36"
[2020-03-09T19:04:20.538] [INFO] access - ::1 - - "GET /stu/allStudent HTTP/1.1" 200 1118 "http://localhost:3001/student/studentList" "Mozilla/5.0 (Macintosh; Intel Mac OS X 10_13_2) AppleWebKit/537.36 (KHTML, like Gecko) Chrome/80.0.3987.122 Safari/537.36"
[2020-03-09T19:04:22.868] [INFO] access - ::1 - - "GET /stu/getStudentById/?id=38 HTTP/1.1" 200 218 "http://localhost:3001/student/addStudent/38" "Mozilla/5.0 (Macintosh; Intel Mac OS X 10_13_2) AppleWebKit/537.36 (KHTML, like Gecko) Chrome/80.0.3987.122 Safari/537.36"
[2020-03-09T19:04:24.324] [INFO] access - ::1 - - "GET /stu/allStudent HTTP/1.1" 200 1118 "http://localhost:3001/student/studentList" "Mozilla/5.0 (Macintosh; Intel Mac OS X 10_13_2) AppleWebKit/537.36 (KHTML, like Gecko) Chrome/80.0.3987.122 Safari/537.36"
[2020-03-09T19:04:28.163] [INFO] access - ::1 - - "GET /stu/getStudentById/?id=39 HTTP/1.1" 200 212 "http://localhost:3001/student/addStudent/39" "Mozilla/5.0 (Macintosh; Intel Mac OS X 10_13_2) AppleWebKit/537.36 (KHTML, like Gecko) Chrome/80.0.3987.122 Safari/537.36"
[2020-03-09T19:04:29.598] [INFO] access - ::1 - - "GET /stu/allStudent HTTP/1.1" 200 1118 "http://localhost:3001/student/studentList" "Mozilla/5.0 (Macintosh; Intel Mac OS X 10_13_2) AppleWebKit/537.36 (KHTML, like Gecko) Chrome/80.0.3987.122 Safari/537.36"
[2020-03-09T19:04:31.082] [INFO] access - ::1 - - "GET /stu/getStudentById/?id=38 HTTP/1.1" 200 218 "http://localhost:3001/student/addStudent/38" "Mozilla/5.0 (Macintosh; Intel Mac OS X 10_13_2) AppleWebKit/537.36 (KHTML, like Gecko) Chrome/80.0.3987.122 Safari/537.36"
[2020-03-09T19:04:56.160] [INFO] access - ::1 - - "GET /stu/getStudentById/?id=38 HTTP/1.1" 200 218 "http://localhost:3001/student/addStudent/38" "Mozilla/5.0 (Macintosh; Intel Mac OS X 10_13_2) AppleWebKit/537.36 (KHTML, like Gecko) Chrome/80.0.3987.122 Safari/537.36"
[2020-03-09T19:06:06.155] [INFO] access - ::1 - - "GET /stu/getStudentById/?id=38 HTTP/1.1" 200 218 "http://localhost:3001/student/addStudent/38" "Mozilla/5.0 (Macintosh; Intel Mac OS X 10_13_2) AppleWebKit/537.36 (KHTML, like Gecko) Chrome/80.0.3987.122 Safari/537.36"
[2020-03-09T19:06:09.301] [INFO] access - ::1 - - "GET /stu/allStudent HTTP/1.1" 200 1118 "http://localhost:3001/student/studentList" "Mozilla/5.0 (Macintosh; Intel Mac OS X 10_13_2) AppleWebKit/537.36 (KHTML, like Gecko) Chrome/80.0.3987.122 Safari/537.36"
[2020-03-09T19:06:11.364] [INFO] access - ::1 - - "GET /stu/getStudentById/?id=39 HTTP/1.1" 200 212 "http://localhost:3001/student/addStudent/39" "Mozilla/5.0 (Macintosh; Intel Mac OS X 10_13_2) AppleWebKit/537.36 (KHTML, like Gecko) Chrome/80.0.3987.122 Safari/537.36"
[2020-03-09T19:06:12.620] [INFO] access - ::1 - - "GET /stu/allStudent HTTP/1.1" 200 1118 "http://localhost:3001/student/studentList" "Mozilla/5.0 (Macintosh; Intel Mac OS X 10_13_2) AppleWebKit/537.36 (KHTML, like Gecko) Chrome/80.0.3987.122 Safari/537.36"
[2020-03-09T19:06:13.944] [INFO] access - ::1 - - "GET /stu/getStudentById/?id=38 HTTP/1.1" 200 218 "http://localhost:3001/student/addStudent/38" "Mozilla/5.0 (Macintosh; Intel Mac OS X 10_13_2) AppleWebKit/537.36 (KHTML, like Gecko) Chrome/80.0.3987.122 Safari/537.36"
[2020-03-09T19:06:31.073] [INFO] access - ::1 - - "GET /stu/allStudent HTTP/1.1" 200 1118 "http://localhost:3001/student/studentList" "Mozilla/5.0 (Macintosh; Intel Mac OS X 10_13_2) AppleWebKit/537.36 (KHTML, like Gecko) Chrome/80.0.3987.122 Safari/537.36"
[2020-03-09T19:06:33.299] [INFO] access - ::1 - - "GET /stu/getStudentById/?id=39 HTTP/1.1" 200 212 "http://localhost:3001/student/addStudent/39" "Mozilla/5.0 (Macintosh; Intel Mac OS X 10_13_2) AppleWebKit/537.36 (KHTML, like Gecko) Chrome/80.0.3987.122 Safari/537.36"
[2020-03-09T19:06:35.136] [INFO] access - ::1 - - "GET /stu/allStudent HTTP/1.1" 200 1118 "http://localhost:3001/student/studentList" "Mozilla/5.0 (Macintosh; Intel Mac OS X 10_13_2) AppleWebKit/537.36 (KHTML, like Gecko) Chrome/80.0.3987.122 Safari/537.36"
[2020-03-09T19:06:36.908] [INFO] access - ::1 - - "GET /stu/getStudentById/?id=38 HTTP/1.1" 200 218 "http://localhost:3001/student/addStudent/38" "Mozilla/5.0 (Macintosh; Intel Mac OS X 10_13_2) AppleWebKit/537.36 (KHTML, like Gecko) Chrome/80.0.3987.122 Safari/537.36"
[2020-03-09T19:09:44.427] [INFO] access - ::1 - - "GET /stu/getStudentById/?id=38 HTTP/1.1" 200 218 "http://localhost:3001/student/addStudent/38" "Mozilla/5.0 (Macintosh; Intel Mac OS X 10_13_2) AppleWebKit/537.36 (KHTML, like Gecko) Chrome/80.0.3987.122 Safari/537.36"
[2020-03-09T19:17:41.301] [INFO] access - ::1 - - "GET /stu/getStudentById/?id=38 HTTP/1.1" 200 218 "http://localhost:3001/student/addStudent/38" "Mozilla/5.0 (Macintosh; Intel Mac OS X 10_13_2) AppleWebKit/537.36 (KHTML, like Gecko) Chrome/80.0.3987.122 Safari/537.36"
[2020-03-09T19:17:59.537] [INFO] access - ::1 - - "GET /stu/getStudentById/?id=38 HTTP/1.1" 200 218 "http://localhost:3001/student/addStudent/38" "Mozilla/5.0 (Macintosh; Intel Mac OS X 10_13_2) AppleWebKit/537.36 (KHTML, like Gecko) Chrome/80.0.3987.122 Safari/537.36"
[2020-03-09T19:18:13.516] [INFO] access - ::1 - - "GET /stu/getStudentById/?id=38 HTTP/1.1" 200 218 "http://localhost:3001/student/addStudent/38" "Mozilla/5.0 (Macintosh; Intel Mac OS X 10_13_2) AppleWebKit/537.36 (KHTML, like Gecko) Chrome/80.0.3987.122 Safari/537.36"
[2020-03-09T19:18:20.235] [INFO] access - ::1 - - "GET /stu/allStudent HTTP/1.1" 200 1118 "http://localhost:3001/student/studentList" "Mozilla/5.0 (Macintosh; Intel Mac OS X 10_13_2) AppleWebKit/537.36 (KHTML, like Gecko) Chrome/80.0.3987.122 Safari/537.36"
[2020-03-09T19:18:23.480] [INFO] access - ::1 - - "GET /stu/getStudentById/?id=38 HTTP/1.1" 200 218 "http://localhost:3001/student/addStudent/38" "Mozilla/5.0 (Macintosh; Intel Mac OS X 10_13_2) AppleWebKit/537.36 (KHTML, like Gecko) Chrome/80.0.3987.122 Safari/537.36"
[2020-03-09T19:18:55.239] [INFO] access - ::1 - - "GET /stu/getStudentById/?id=38 HTTP/1.1" 200 218 "http://localhost:3001/student/addStudent/38" "Mozilla/5.0 (Macintosh; Intel Mac OS X 10_13_2) AppleWebKit/537.36 (KHTML, like Gecko) Chrome/80.0.3987.122 Safari/537.36"
[2020-03-09T19:18:57.825] [INFO] access - ::1 - - "GET /stu/getStudentById/?id=38 HTTP/1.1" 200 218 "http://localhost:3001/student/addStudent/38" "Mozilla/5.0 (Macintosh; Intel Mac OS X 10_13_2) AppleWebKit/537.36 (KHTML, like Gecko) Chrome/80.0.3987.122 Safari/537.36"
[2020-03-09T19:24:39.256] [INFO] access - ::1 - - "GET /stu/getStudentById/?id=38 HTTP/1.1" 200 218 "http://localhost:3001/student/addStudent/38" "Mozilla/5.0 (Macintosh; Intel Mac OS X 10_13_2) AppleWebKit/537.36 (KHTML, like Gecko) Chrome/80.0.3987.122 Safari/537.36"
[2020-03-09T19:24:44.702] [INFO] access - ::1 - - "GET /stu/getStudentById/?id=38 HTTP/1.1" 200 218 "http://localhost:3001/student/addStudent/38" "Mozilla/5.0 (Macintosh; Intel Mac OS X 10_13_2) AppleWebKit/537.36 (KHTML, like Gecko) Chrome/80.0.3987.122 Safari/537.36"
[2020-03-09T19:25:15.873] [INFO] access - ::1 - - "GET /stu/getStudentById/?id=38 HTTP/1.1" 200 218 "http://localhost:3001/student/addStudent/38" "Mozilla/5.0 (Macintosh; Intel Mac OS X 10_13_2) AppleWebKit/537.36 (KHTML, like Gecko) Chrome/80.0.3987.122 Safari/537.36"
[2020-03-09T19:25:45.892] [INFO] access - ::1 - - "GET /stu/getStudentById/?id=38 HTTP/1.1" 200 218 "http://localhost:3001/student/addStudent/38" "Mozilla/5.0 (Macintosh; Intel Mac OS X 10_13_2) AppleWebKit/537.36 (KHTML, like Gecko) Chrome/80.0.3987.122 Safari/537.36"
[2020-03-09T19:39:37.124] [INFO] access - ::1 - - "GET /stu/getStudentById/?id=38 HTTP/1.1" 200 218 "http://localhost:3001/student/addStudent/38" "Mozilla/5.0 (Macintosh; Intel Mac OS X 10_13_2) AppleWebKit/537.36 (KHTML, like Gecko) Chrome/80.0.3987.122 Safari/537.36"
[2020-03-09T19:40:34.045] [INFO] access - ::1 - - "GET /stu/getStudentById/?id=38 HTTP/1.1" 200 218 "http://localhost:3001/student/addStudent/38" "Mozilla/5.0 (Macintosh; Intel Mac OS X 10_13_2) AppleWebKit/537.36 (KHTML, like Gecko) Chrome/80.0.3987.122 Safari/537.36"
[2020-03-09T19:40:41.482] [INFO] access - ::1 - - "GET /stu/allStudent HTTP/1.1" 200 1118 "http://localhost:3001/student/studentList" "Mozilla/5.0 (Macintosh; Intel Mac OS X 10_13_2) AppleWebKit/537.36 (KHTML, like Gecko) Chrome/80.0.3987.122 Safari/537.36"
[2020-03-09T19:40:43.857] [INFO] access - ::1 - - "GET /stu/getStudentById/?id=39 HTTP/1.1" 200 212 "http://localhost:3001/student/addStudent/39" "Mozilla/5.0 (Macintosh; Intel Mac OS X 10_13_2) AppleWebKit/537.36 (KHTML, like Gecko) Chrome/80.0.3987.122 Safari/537.36"
[2020-03-09T19:40:46.486] [INFO] access - ::1 - - "GET /stu/allStudent HTTP/1.1" 200 1118 "http://localhost:3001/student/studentList" "Mozilla/5.0 (Macintosh; Intel Mac OS X 10_13_2) AppleWebKit/537.36 (KHTML, like Gecko) Chrome/80.0.3987.122 Safari/537.36"
[2020-03-09T19:40:48.132] [INFO] access - ::1 - - "GET /stu/getStudentById/?id=38 HTTP/1.1" 200 218 "http://localhost:3001/student/addStudent/38" "Mozilla/5.0 (Macintosh; Intel Mac OS X 10_13_2) AppleWebKit/537.36 (KHTML, like Gecko) Chrome/80.0.3987.122 Safari/537.36"
[2020-03-09T19:41:21.245] [INFO] access - ::1 - - "GET /stu/getStudentById/?id=38 HTTP/1.1" 200 218 "http://localhost:3001/student/addStudent/38" "Mozilla/5.0 (Macintosh; Intel Mac OS X 10_13_2) AppleWebKit/537.36 (KHTML, like Gecko) Chrome/80.0.3987.122 Safari/537.36"
[2020-03-09T19:42:16.122] [INFO] access - ::1 - - "GET /stu/getStudentById/?id=38 HTTP/1.1" 200 218 "http://localhost:3001/student/addStudent/38" "Mozilla/5.0 (Macintosh; Intel Mac OS X 10_13_2) AppleWebKit/537.36 (KHTML, like Gecko) Chrome/80.0.3987.122 Safari/537.36"
[2020-03-09T19:42:20.111] [INFO] access - ::1 - - "GET /stu/allStudent HTTP/1.1" 200 1118 "http://localhost:3001/student/studentList" "Mozilla/5.0 (Macintosh; Intel Mac OS X 10_13_2) AppleWebKit/537.36 (KHTML, like Gecko) Chrome/80.0.3987.122 Safari/537.36"
[2020-03-09T19:42:21.401] [INFO] access - ::1 - - "GET /stu/getStudentById/?id=39 HTTP/1.1" 200 212 "http://localhost:3001/student/addStudent/39" "Mozilla/5.0 (Macintosh; Intel Mac OS X 10_13_2) AppleWebKit/537.36 (KHTML, like Gecko) Chrome/80.0.3987.122 Safari/537.36"
[2020-03-09T19:42:34.117] [INFO] access - ::1 - - "GET /stu/getStudentById/?id=39 HTTP/1.1" 200 212 "http://localhost:3001/student/addStudent/39" "Mozilla/5.0 (Macintosh; Intel Mac OS X 10_13_2) AppleWebKit/537.36 (KHTML, like Gecko) Chrome/80.0.3987.122 Safari/537.36"
[2020-03-09T19:42:40.922] [INFO] access - ::1 - - "GET /stu/getStudentById/?id=39 HTTP/1.1" 200 212 "http://localhost:3001/student/addStudent/39" "Mozilla/5.0 (Macintosh; Intel Mac OS X 10_13_2) AppleWebKit/537.36 (KHTML, like Gecko) Chrome/80.0.3987.122 Safari/537.36"
[2020-03-09T19:42:43.192] [INFO] access - ::1 - - "GET /stu/allStudent HTTP/1.1" 200 1118 "http://localhost:3001/student/studentList" "Mozilla/5.0 (Macintosh; Intel Mac OS X 10_13_2) AppleWebKit/537.36 (KHTML, like Gecko) Chrome/80.0.3987.122 Safari/537.36"
[2020-03-09T19:42:45.380] [INFO] access - ::1 - - "GET /stu/getStudentById/?id=39 HTTP/1.1" 200 212 "http://localhost:3001/student/addStudent/39" "Mozilla/5.0 (Macintosh; Intel Mac OS X 10_13_2) AppleWebKit/537.36 (KHTML, like Gecko) Chrome/80.0.3987.122 Safari/537.36"
[2020-03-09T19:43:06.334] [INFO] access - ::1 - - "GET /stu/getStudentById/?id=39 HTTP/1.1" 200 212 "http://localhost:3001/student/addStudent/39" "Mozilla/5.0 (Macintosh; Intel Mac OS X 10_13_2) AppleWebKit/537.36 (KHTML, like Gecko) Chrome/80.0.3987.122 Safari/537.36"
[2020-03-09T19:43:43.360] [INFO] access - ::1 - - "GET /stu/getStudentById/?id=39 HTTP/1.1" 200 212 "http://localhost:3001/student/addStudent/39" "Mozilla/5.0 (Macintosh; Intel Mac OS X 10_13_2) AppleWebKit/537.36 (KHTML, like Gecko) Chrome/80.0.3987.122 Safari/537.36"
[2020-03-09T19:44:00.808] [INFO] access - ::1 - - "GET /stu/getStudentById/?id=39 HTTP/1.1" 200 212 "http://localhost:3001/student/addStudent/39" "Mozilla/5.0 (Macintosh; Intel Mac OS X 10_13_2) AppleWebKit/537.36 (KHTML, like Gecko) Chrome/80.0.3987.122 Safari/537.36"
[2020-03-09T19:44:05.255] [INFO] access - ::1 - - "GET /stu/allStudent HTTP/1.1" 200 1118 "http://localhost:3001/student/studentList" "Mozilla/5.0 (Macintosh; Intel Mac OS X 10_13_2) AppleWebKit/537.36 (KHTML, like Gecko) Chrome/80.0.3987.122 Safari/537.36"
[2020-03-09T19:44:06.758] [INFO] access - ::1 - - "GET /stu/getStudentById/?id=39 HTTP/1.1" 200 212 "http://localhost:3001/student/addStudent/39" "Mozilla/5.0 (Macintosh; Intel Mac OS X 10_13_2) AppleWebKit/537.36 (KHTML, like Gecko) Chrome/80.0.3987.122 Safari/537.36"
[2020-03-09T19:44:08.063] [INFO] access - ::1 - - "GET /stu/allStudent HTTP/1.1" 200 1118 "http://localhost:3001/student/studentList" "Mozilla/5.0 (Macintosh; Intel Mac OS X 10_13_2) AppleWebKit/537.36 (KHTML, like Gecko) Chrome/80.0.3987.122 Safari/537.36"
[2020-03-09T19:44:09.620] [INFO] access - ::1 - - "GET /stu/getStudentById/?id=38 HTTP/1.1" 200 218 "http://localhost:3001/student/addStudent/38" "Mozilla/5.0 (Macintosh; Intel Mac OS X 10_13_2) AppleWebKit/537.36 (KHTML, like Gecko) Chrome/80.0.3987.122 Safari/537.36"
[2020-03-09T19:45:36.016] [INFO] access - ::1 - - "GET /stu/getStudentById/?id=38 HTTP/1.1" 200 218 "http://localhost:3001/student/addStudent/38" "Mozilla/5.0 (Macintosh; Intel Mac OS X 10_13_2) AppleWebKit/537.36 (KHTML, like Gecko) Chrome/80.0.3987.122 Safari/537.36"
[2020-03-09T19:45:38.258] [INFO] access - ::1 - - "GET /stu/allStudent HTTP/1.1" 200 1118 "http://localhost:3001/student/studentList" "Mozilla/5.0 (Macintosh; Intel Mac OS X 10_13_2) AppleWebKit/537.36 (KHTML, like Gecko) Chrome/80.0.3987.122 Safari/537.36"
[2020-03-09T19:45:39.942] [INFO] access - ::1 - - "GET /stu/getStudentById/?id=39 HTTP/1.1" 200 212 "http://localhost:3001/student/addStudent/39" "Mozilla/5.0 (Macintosh; Intel Mac OS X 10_13_2) AppleWebKit/537.36 (KHTML, like Gecko) Chrome/80.0.3987.122 Safari/537.36"
[2020-03-09T19:45:42.359] [INFO] access - ::1 - - "GET /stu/allStudent HTTP/1.1" 200 1118 "http://localhost:3001/student/studentList" "Mozilla/5.0 (Macintosh; Intel Mac OS X 10_13_2) AppleWebKit/537.36 (KHTML, like Gecko) Chrome/80.0.3987.122 Safari/537.36"
[2020-03-09T19:45:43.702] [INFO] access - ::1 - - "GET /stu/getStudentById/?id=38 HTTP/1.1" 200 218 "http://localhost:3001/student/addStudent/38" "Mozilla/5.0 (Macintosh; Intel Mac OS X 10_13_2) AppleWebKit/537.36 (KHTML, like Gecko) Chrome/80.0.3987.122 Safari/537.36"
[2020-03-09T19:46:04.451] [INFO] access - ::1 - - "GET /stu/getStudentById/?id=38 HTTP/1.1" 200 218 "http://localhost:3001/student/addStudent/38" "Mozilla/5.0 (Macintosh; Intel Mac OS X 10_13_2) AppleWebKit/537.36 (KHTML, like Gecko) Chrome/80.0.3987.122 Safari/537.36"
[2020-03-09T19:46:24.619] [INFO] access - ::1 - - "GET /stu/getStudentById/?id=38 HTTP/1.1" 200 218 "http://localhost:3001/student/addStudent/38" "Mozilla/5.0 (Macintosh; Intel Mac OS X 10_13_2) AppleWebKit/537.36 (KHTML, like Gecko) Chrome/80.0.3987.122 Safari/537.36"
[2020-03-09T19:47:21.974] [INFO] access - ::1 - - "GET /stu/getStudentById/?id=38 HTTP/1.1" 200 218 "http://localhost:3001/student/addStudent/38" "Mozilla/5.0 (Macintosh; Intel Mac OS X 10_13_2) AppleWebKit/537.36 (KHTML, like Gecko) Chrome/80.0.3987.122 Safari/537.36"
[2020-03-09T19:48:16.617] [INFO] access - ::1 - - "GET /stu/getStudentById/?id=38 HTTP/1.1" 200 218 "http://localhost:3001/student/addStudent/38" "Mozilla/5.0 (Macintosh; Intel Mac OS X 10_13_2) AppleWebKit/537.36 (KHTML, like Gecko) Chrome/80.0.3987.122 Safari/537.36"
[2020-03-09T19:48:20.528] [INFO] access - ::1 - - "GET /stu/allStudent HTTP/1.1" 200 1118 "http://localhost:3001/student/studentList" "Mozilla/5.0 (Macintosh; Intel Mac OS X 10_13_2) AppleWebKit/537.36 (KHTML, like Gecko) Chrome/80.0.3987.122 Safari/537.36"
[2020-03-09T19:48:22.738] [INFO] access - ::1 - - "GET /stu/getStudentById/?id=38 HTTP/1.1" 200 218 "http://localhost:3001/student/addStudent/38" "Mozilla/5.0 (Macintosh; Intel Mac OS X 10_13_2) AppleWebKit/537.36 (KHTML, like Gecko) Chrome/80.0.3987.122 Safari/537.36"
[2020-03-09T19:48:56.855] [INFO] access - ::1 - - "GET /stu/getStudentById/?id=38 HTTP/1.1" 200 218 "http://localhost:3001/student/addStudent/38" "Mozilla/5.0 (Macintosh; Intel Mac OS X 10_13_2) AppleWebKit/537.36 (KHTML, like Gecko) Chrome/80.0.3987.122 Safari/537.36"
[2020-03-09T19:48:59.102] [INFO] access - ::1 - - "GET /stu/allStudent HTTP/1.1" 200 1118 "http://localhost:3001/student/studentList" "Mozilla/5.0 (Macintosh; Intel Mac OS X 10_13_2) AppleWebKit/537.36 (KHTML, like Gecko) Chrome/80.0.3987.122 Safari/537.36"
[2020-03-09T19:49:01.815] [INFO] access - ::1 - - "GET /stu/getStudentById/?id=38 HTTP/1.1" 200 218 "http://localhost:3001/student/addStudent/38" "Mozilla/5.0 (Macintosh; Intel Mac OS X 10_13_2) AppleWebKit/537.36 (KHTML, like Gecko) Chrome/80.0.3987.122 Safari/537.36"
[2020-03-09T19:54:03.200] [INFO] access - ::1 - - "GET /stu/getStudentById/?id=38 HTTP/1.1" 200 218 "http://localhost:3001/student/addStudent/38" "Mozilla/5.0 (Macintosh; Intel Mac OS X 10_13_2) AppleWebKit/537.36 (KHTML, like Gecko) Chrome/80.0.3987.122 Safari/537.36"
[2020-03-09T19:55:10.145] [INFO] access - ::1 - - "GET /stu/getStudentById/?id=38 HTTP/1.1" 200 218 "http://localhost:3001/student/addStudent/38" "Mozilla/5.0 (Macintosh; Intel Mac OS X 10_13_2) AppleWebKit/537.36 (KHTML, like Gecko) Chrome/80.0.3987.122 Safari/537.36"
[2020-03-09T19:56:04.313] [INFO] access - ::1 - - "GET /stu/getStudentById/?id=38 HTTP/1.1" 200 218 "http://localhost:3001/student/addStudent/38" "Mozilla/5.0 (Macintosh; Intel Mac OS X 10_13_2) AppleWebKit/537.36 (KHTML, like Gecko) Chrome/80.0.3987.122 Safari/537.36"
[2020-03-09T19:56:29.741] [INFO] access - ::1 - - "GET /stu/allStudent HTTP/1.1" 200 1118 "http://localhost:3001/student/studentList" "Mozilla/5.0 (Macintosh; Intel Mac OS X 10_13_2) AppleWebKit/537.36 (KHTML, like Gecko) Chrome/80.0.3987.122 Safari/537.36"
[2020-03-09T19:56:31.913] [INFO] access - ::1 - - "GET /stu/getStudentById/?id=39 HTTP/1.1" 200 212 "http://localhost:3001/student/addStudent/39" "Mozilla/5.0 (Macintosh; Intel Mac OS X 10_13_2) AppleWebKit/537.36 (KHTML, like Gecko) Chrome/80.0.3987.122 Safari/537.36"
[2020-03-09T19:56:34.025] [INFO] access - ::1 - - "GET /stu/allStudent HTTP/1.1" 200 1118 "http://localhost:3001/student/studentList" "Mozilla/5.0 (Macintosh; Intel Mac OS X 10_13_2) AppleWebKit/537.36 (KHTML, like Gecko) Chrome/80.0.3987.122 Safari/537.36"
[2020-03-09T19:56:37.107] [INFO] access - ::1 - - "GET /stu/getStudentById/?id=39 HTTP/1.1" 200 212 "http://localhost:3001/student/addStudent/39" "Mozilla/5.0 (Macintosh; Intel Mac OS X 10_13_2) AppleWebKit/537.36 (KHTML, like Gecko) Chrome/80.0.3987.122 Safari/537.36"
[2020-03-09T19:57:40.584] [INFO] access - ::1 - - "GET /stu/getStudentById/?id=39 HTTP/1.1" 200 212 "http://localhost:3001/student/addStudent/39" "Mozilla/5.0 (Macintosh; Intel Mac OS X 10_13_2) AppleWebKit/537.36 (KHTML, like Gecko) Chrome/80.0.3987.122 Safari/537.36"
[2020-03-09T19:57:43.389] [INFO] access - ::1 - - "GET /stu/allStudent HTTP/1.1" 200 1118 "http://localhost:3001/student/studentList" "Mozilla/5.0 (Macintosh; Intel Mac OS X 10_13_2) AppleWebKit/537.36 (KHTML, like Gecko) Chrome/80.0.3987.122 Safari/537.36"
[2020-03-09T19:57:44.873] [INFO] access - ::1 - - "GET /stu/getStudentById/?id=39 HTTP/1.1" 200 212 "http://localhost:3001/student/addStudent/39" "Mozilla/5.0 (Macintosh; Intel Mac OS X 10_13_2) AppleWebKit/537.36 (KHTML, like Gecko) Chrome/80.0.3987.122 Safari/537.36"
[2020-03-09T19:57:46.177] [INFO] access - ::1 - - "GET /stu/allStudent HTTP/1.1" 200 1118 "http://localhost:3001/student/studentList" "Mozilla/5.0 (Macintosh; Intel Mac OS X 10_13_2) AppleWebKit/537.36 (KHTML, like Gecko) Chrome/80.0.3987.122 Safari/537.36"
[2020-03-09T19:57:47.427] [INFO] access - ::1 - - "GET /stu/getStudentById/?id=38 HTTP/1.1" 200 218 "http://localhost:3001/student/addStudent/38" "Mozilla/5.0 (Macintosh; Intel Mac OS X 10_13_2) AppleWebKit/537.36 (KHTML, like Gecko) Chrome/80.0.3987.122 Safari/537.36"
[2020-03-09T20:01:44.929] [INFO] access - ::1 - - "POST /stu/stuLogin HTTP/1.1" 200 52 "http://localhost:3001/login" "Mozilla/5.0 (Macintosh; Intel Mac OS X 10_13_2) AppleWebKit/537.36 (KHTML, like Gecko) Chrome/80.0.3987.122 Safari/537.36"
[2020-03-09T20:01:50.040] [INFO] access - ::1 - - "GET /stu/getStudentById/ HTTP/1.1" 200 34 "http://localhost:3001/student/addStudent" "Mozilla/5.0 (Macintosh; Intel Mac OS X 10_13_2) AppleWebKit/537.36 (KHTML, like Gecko) Chrome/80.0.3987.122 Safari/537.36"
[2020-03-09T20:02:12.128] [INFO] access - ::1 - - "GET /stu/allStudent HTTP/1.1" 200 1118 "http://localhost:3001/student/studentList" "Mozilla/5.0 (Macintosh; Intel Mac OS X 10_13_2) AppleWebKit/537.36 (KHTML, like Gecko) Chrome/80.0.3987.122 Safari/537.36"
[2020-03-09T20:02:13.526] [INFO] access - ::1 - - "GET /stu/getStudentById/?id=39 HTTP/1.1" 200 212 "http://localhost:3001/student/addStudent/39" "Mozilla/5.0 (Macintosh; Intel Mac OS X 10_13_2) AppleWebKit/537.36 (KHTML, like Gecko) Chrome/80.0.3987.122 Safari/537.36"
[2020-03-09T20:02:16.528] [INFO] access - ::1 - - "GET /stu/allStudent HTTP/1.1" 200 1118 "http://localhost:3001/student/studentList" "Mozilla/5.0 (Macintosh; Intel Mac OS X 10_13_2) AppleWebKit/537.36 (KHTML, like Gecko) Chrome/80.0.3987.122 Safari/537.36"
[2020-03-09T20:02:18.430] [INFO] access - ::1 - - "GET /stu/getStudentById/?id=38 HTTP/1.1" 200 218 "http://localhost:3001/student/addStudent/38" "Mozilla/5.0 (Macintosh; Intel Mac OS X 10_13_2) AppleWebKit/537.36 (KHTML, like Gecko) Chrome/80.0.3987.122 Safari/537.36"
[2020-03-09T20:12:14.345] [INFO] access - ::1 - - "GET /stu/getStudentById/?id=38 HTTP/1.1" 200 218 "http://localhost:3001/student/addStudent/38" "Mozilla/5.0 (Macintosh; Intel Mac OS X 10_13_2) AppleWebKit/537.36 (KHTML, like Gecko) Chrome/80.0.3987.122 Safari/537.36"
[2020-03-09T20:15:01.570] [INFO] access - ::1 - - "GET /stu/getStudentById/?id=38 HTTP/1.1" 200 218 "http://localhost:3001/student/addStudent/38" "Mozilla/5.0 (Macintosh; Intel Mac OS X 10_13_2) AppleWebKit/537.36 (KHTML, like Gecko) Chrome/80.0.3987.122 Safari/537.36"
[2020-03-09T20:18:43.539] [INFO] access - ::1 - - "GET /stu/getStudentById/?id=38 HTTP/1.1" 200 218 "http://localhost:3001/student/addStudent/38" "Mozilla/5.0 (Macintosh; Intel Mac OS X 10_13_2) AppleWebKit/537.36 (KHTML, like Gecko) Chrome/80.0.3987.122 Safari/537.36"
[2020-03-09T20:18:57.082] [INFO] access - ::1 - - "GET /stu/allStudent HTTP/1.1" 200 1118 "http://localhost:3001/student/studentList" "Mozilla/5.0 (Macintosh; Intel Mac OS X 10_13_2) AppleWebKit/537.36 (KHTML, like Gecko) Chrome/80.0.3987.122 Safari/537.36"
[2020-03-09T20:18:57.702] [INFO] access - ::1 - - "GET /stu/getStudentById/ HTTP/1.1" 200 34 "http://localhost:3001/student/addStudent" "Mozilla/5.0 (Macintosh; Intel Mac OS X 10_13_2) AppleWebKit/537.36 (KHTML, like Gecko) Chrome/80.0.3987.122 Safari/537.36"
[2020-03-09T20:20:20.647] [INFO] access - ::1 - - "GET /stu/allStudent HTTP/1.1" 200 1118 "http://localhost:3001/student/studentList" "Mozilla/5.0 (Macintosh; Intel Mac OS X 10_13_2) AppleWebKit/537.36 (KHTML, like Gecko) Chrome/80.0.3987.122 Safari/537.36"
[2020-03-09T20:20:25.408] [INFO] access - ::1 - - "GET /stu/getStudentById/?id=38 HTTP/1.1" 200 218 "http://localhost:3001/student/addStudent/38" "Mozilla/5.0 (Macintosh; Intel Mac OS X 10_13_2) AppleWebKit/537.36 (KHTML, like Gecko) Chrome/80.0.3987.122 Safari/537.36"
[2020-03-09T20:21:30.087] [INFO] access - ::1 - - "GET /stu/getStudentById/?id=38 HTTP/1.1" 200 218 "http://localhost:3001/student/addStudent/38" "Mozilla/5.0 (Macintosh; Intel Mac OS X 10_13_2) AppleWebKit/537.36 (KHTML, like Gecko) Chrome/80.0.3987.122 Safari/537.36"
[2020-03-09T20:21:33.719] [INFO] access - ::1 - - "GET /stu/getStudentById/?id=38 HTTP/1.1" 200 218 "http://localhost:3001/student/addStudent/38" "Mozilla/5.0 (Macintosh; Intel Mac OS X 10_13_2) AppleWebKit/537.36 (KHTML, like Gecko) Chrome/80.0.3987.122 Safari/537.36"
[2020-03-09T20:22:18.872] [INFO] access - ::1 - - "GET /stu/getStudentById/?id=38 HTTP/1.1" 200 218 "http://localhost:3001/student/addStudent/38" "Mozilla/5.0 (Macintosh; Intel Mac OS X 10_13_2) AppleWebKit/537.36 (KHTML, like Gecko) Chrome/80.0.3987.122 Safari/537.36"
[2020-03-09T20:22:23.368] [INFO] access - ::1 - - "GET /stu/getStudentById/?id=38 HTTP/1.1" 200 218 "http://localhost:3001/student/addStudent/38" "Mozilla/5.0 (Macintosh; Intel Mac OS X 10_13_2) AppleWebKit/537.36 (KHTML, like Gecko) Chrome/80.0.3987.122 Safari/537.36"
[2020-03-09T20:22:28.094] [INFO] access - ::1 - - "GET /stu/getStudentById/?id=38 HTTP/1.1" 200 218 "http://localhost:3001/student/addStudent/38" "Mozilla/5.0 (Macintosh; Intel Mac OS X 10_13_2) AppleWebKit/537.36 (KHTML, like Gecko) Chrome/80.0.3987.122 Safari/537.36"
[2020-03-09T20:22:33.021] [INFO] access - ::1 - - "GET /stu/getStudentById/?id=38 HTTP/1.1" 200 218 "http://localhost:3001/student/addStudent/38" "Mozilla/5.0 (Macintosh; Intel Mac OS X 10_13_2) AppleWebKit/537.36 (KHTML, like Gecko) Chrome/80.0.3987.122 Safari/537.36"
[2020-03-09T20:22:49.903] [INFO] access - ::1 - - "GET /stu/getStudentById/?id=38 HTTP/1.1" 200 218 "http://localhost:3001/student/addStudent/38" "Mozilla/5.0 (Macintosh; Intel Mac OS X 10_13_2) AppleWebKit/537.36 (KHTML, like Gecko) Chrome/80.0.3987.122 Safari/537.36"
[2020-03-09T20:23:00.034] [INFO] access - ::1 - - "GET /stu/getStudentById/?id=38 HTTP/1.1" 200 218 "http://localhost:3001/student/addStudent/38" "Mozilla/5.0 (Macintosh; Intel Mac OS X 10_13_2) AppleWebKit/537.36 (KHTML, like Gecko) Chrome/80.0.3987.122 Safari/537.36"
[2020-03-09T20:23:39.948] [INFO] access - ::1 - - "GET /stu/getStudentById/?id=38 HTTP/1.1" 200 218 "http://localhost:3001/student/addStudent/38" "Mozilla/5.0 (Macintosh; Intel Mac OS X 10_13_2) AppleWebKit/537.36 (KHTML, like Gecko) Chrome/80.0.3987.122 Safari/537.36"
[2020-03-09T20:23:52.532] [INFO] access - ::1 - - "GET /stu/getStudentById/?id=38 HTTP/1.1" 200 218 "http://localhost:3001/student/addStudent/38" "Mozilla/5.0 (Macintosh; Intel Mac OS X 10_13_2) AppleWebKit/537.36 (KHTML, like Gecko) Chrome/80.0.3987.122 Safari/537.36"
[2020-03-09T20:24:10.871] [INFO] access - ::1 - - "GET /stu/getStudentById/?id=38 HTTP/1.1" 200 218 "http://localhost:3001/student/addStudent/38" "Mozilla/5.0 (Macintosh; Intel Mac OS X 10_13_2) AppleWebKit/537.36 (KHTML, like Gecko) Chrome/80.0.3987.122 Safari/537.36"
[2020-03-09T20:24:23.130] [INFO] access - ::1 - - "GET /stu/getStudentById/?id=38 HTTP/1.1" 200 218 "http://localhost:3001/student/addStudent/38" "Mozilla/5.0 (Macintosh; Intel Mac OS X 10_13_2) AppleWebKit/537.36 (KHTML, like Gecko) Chrome/80.0.3987.122 Safari/537.36"
[2020-03-09T20:24:55.501] [INFO] access - ::1 - - "GET /stu/getStudentById/?id=38 HTTP/1.1" 200 218 "http://localhost:3001/student/addStudent/38" "Mozilla/5.0 (Macintosh; Intel Mac OS X 10_13_2) AppleWebKit/537.36 (KHTML, like Gecko) Chrome/80.0.3987.122 Safari/537.36"
[2020-03-09T20:25:05.409] [INFO] access - ::1 - - "GET /stu/getStudentById/?id=38 HTTP/1.1" 200 218 "http://localhost:3001/student/addStudent/38" "Mozilla/5.0 (Macintosh; Intel Mac OS X 10_13_2) AppleWebKit/537.36 (KHTML, like Gecko) Chrome/80.0.3987.122 Safari/537.36"
[2020-03-09T20:25:22.852] [INFO] access - ::1 - - "GET /stu/getStudentById/?id=38 HTTP/1.1" 200 218 "http://localhost:3001/student/addStudent/38" "Mozilla/5.0 (Macintosh; Intel Mac OS X 10_13_2) AppleWebKit/537.36 (KHTML, like Gecko) Chrome/80.0.3987.122 Safari/537.36"
[2020-03-09T20:25:29.066] [INFO] access - ::1 - - "GET /stu/getStudentById/?id=38 HTTP/1.1" 200 218 "http://localhost:3001/student/addStudent/38" "Mozilla/5.0 (Macintosh; Intel Mac OS X 10_13_2) AppleWebKit/537.36 (KHTML, like Gecko) Chrome/80.0.3987.122 Safari/537.36"
[2020-03-09T20:25:35.828] [INFO] access - ::1 - - "GET /stu/getStudentById/?id=38 HTTP/1.1" 200 218 "http://localhost:3001/student/addStudent/38" "Mozilla/5.0 (Macintosh; Intel Mac OS X 10_13_2) AppleWebKit/537.36 (KHTML, like Gecko) Chrome/80.0.3987.122 Safari/537.36"
[2020-03-09T20:27:32.844] [INFO] access - ::1 - - "GET /stu/getStudentById/?id=38 HTTP/1.1" 200 218 "http://localhost:3001/student/addStudent/38" "Mozilla/5.0 (Macintosh; Intel Mac OS X 10_13_2) AppleWebKit/537.36 (KHTML, like Gecko) Chrome/80.0.3987.122 Safari/537.36"
[2020-03-09T20:27:32.864] [INFO] access - ::1 - - "GET /stu/getStudentById/?id=38 HTTP/1.1" 200 218 "http://localhost:3001/student/addStudent/38" "Mozilla/5.0 (Macintosh; Intel Mac OS X 10_13_2) AppleWebKit/537.36 (KHTML, like Gecko) Chrome/80.0.3987.122 Safari/537.36"
[2020-03-09T20:27:32.943] [INFO] access - ::1 - - "GET /stu/getStudentById/?id=38 HTTP/1.1" 200 218 "http://localhost:3001/student/addStudent/38" "Mozilla/5.0 (Macintosh; Intel Mac OS X 10_13_2) AppleWebKit/537.36 (KHTML, like Gecko) Chrome/80.0.3987.122 Safari/537.36"
[2020-03-09T20:27:32.954] [INFO] access - ::1 - - "GET /stu/getStudentById/?id=38 HTTP/1.1" 200 218 "http://localhost:3001/student/addStudent/38" "Mozilla/5.0 (Macintosh; Intel Mac OS X 10_13_2) AppleWebKit/537.36 (KHTML, like Gecko) Chrome/80.0.3987.122 Safari/537.36"
[2020-03-09T20:27:50.707] [INFO] access - ::1 - - "GET /stu/getStudentById/?id=38 HTTP/1.1" 200 218 "http://localhost:3001/student/addStudent/38" "Mozilla/5.0 (Macintosh; Intel Mac OS X 10_13_2) AppleWebKit/537.36 (KHTML, like Gecko) Chrome/80.0.3987.122 Safari/537.36"
[2020-03-09T20:27:50.719] [INFO] access - ::1 - - "GET /stu/getStudentById/?id=38 HTTP/1.1" 200 218 "http://localhost:3001/student/addStudent/38" "Mozilla/5.0 (Macintosh; Intel Mac OS X 10_13_2) AppleWebKit/537.36 (KHTML, like Gecko) Chrome/80.0.3987.122 Safari/537.36"
[2020-03-09T20:27:50.777] [INFO] access - ::1 - - "GET /stu/getStudentById/?id=38 HTTP/1.1" 200 218 "http://localhost:3001/student/addStudent/38" "Mozilla/5.0 (Macintosh; Intel Mac OS X 10_13_2) AppleWebKit/537.36 (KHTML, like Gecko) Chrome/80.0.3987.122 Safari/537.36"
[2020-03-09T20:27:50.778] [INFO] access - ::1 - - "GET /stu/getStudentById/?id=38 HTTP/1.1" 200 218 "http://localhost:3001/student/addStudent/38" "Mozilla/5.0 (Macintosh; Intel Mac OS X 10_13_2) AppleWebKit/537.36 (KHTML, like Gecko) Chrome/80.0.3987.122 Safari/537.36"
[2020-03-09T20:31:23.233] [INFO] access - ::1 - - "GET /stu/getStudentById/?id=38 HTTP/1.1" 200 218 "http://localhost:3001/student/addStudent/38" "Mozilla/5.0 (Macintosh; Intel Mac OS X 10_13_2) AppleWebKit/537.36 (KHTML, like Gecko) Chrome/80.0.3987.122 Safari/537.36"
[2020-03-09T20:31:52.462] [INFO] access - ::1 - - "GET /stu/getStudentById/?id=38 HTTP/1.1" 200 218 "http://localhost:3001/student/addStudent/38" "Mozilla/5.0 (Macintosh; Intel Mac OS X 10_13_2) AppleWebKit/537.36 (KHTML, like Gecko) Chrome/80.0.3987.122 Safari/537.36"
[2020-03-09T20:31:52.563] [INFO] access - ::1 - - "GET /stu/getStudentById/?id=38 HTTP/1.1" 200 218 "http://localhost:3001/student/addStudent/38" "Mozilla/5.0 (Macintosh; Intel Mac OS X 10_13_2) AppleWebKit/537.36 (KHTML, like Gecko) Chrome/80.0.3987.122 Safari/537.36"
[2020-03-09T20:32:44.294] [INFO] access - ::1 - - "GET /stu/getStudentById/?id=38 HTTP/1.1" 200 218 "http://localhost:3001/student/addStudent/38" "Mozilla/5.0 (Macintosh; Intel Mac OS X 10_13_2) AppleWebKit/537.36 (KHTML, like Gecko) Chrome/80.0.3987.122 Safari/537.36"
[2020-03-09T20:33:36.690] [INFO] access - ::1 - - "GET /stu/getStudentById/?id=38 HTTP/1.1" 200 218 "http://localhost:3001/student/addStudent/38" "Mozilla/5.0 (Macintosh; Intel Mac OS X 10_13_2) AppleWebKit/537.36 (KHTML, like Gecko) Chrome/80.0.3987.122 Safari/537.36"
[2020-03-09T20:33:41.473] [INFO] access - ::1 - - "GET /stu/getStudentById/?id=38 HTTP/1.1" 200 218 "http://localhost:3001/student/addStudent/38" "Mozilla/5.0 (Macintosh; Intel Mac OS X 10_13_2) AppleWebKit/537.36 (KHTML, like Gecko) Chrome/80.0.3987.122 Safari/537.36"
[2020-03-09T20:34:21.301] [INFO] access - ::1 - - "GET /stu/getStudentById/?id=38 HTTP/1.1" 200 218 "http://localhost:3001/student/addStudent/38" "Mozilla/5.0 (Macintosh; Intel Mac OS X 10_13_2) AppleWebKit/537.36 (KHTML, like Gecko) Chrome/80.0.3987.122 Safari/537.36"
[2020-03-09T20:35:32.765] [INFO] access - ::1 - - "GET /stu/getStudentById/?id=38 HTTP/1.1" 200 218 "http://localhost:3001/student/addStudent/38" "Mozilla/5.0 (Macintosh; Intel Mac OS X 10_13_2) AppleWebKit/537.36 (KHTML, like Gecko) Chrome/80.0.3987.122 Safari/537.36"
[2020-03-09T20:38:28.240] [INFO] access - ::1 - - "GET /stu/getStudentById/?id=38 HTTP/1.1" 200 218 "http://localhost:3001/student/addStudent/38" "Mozilla/5.0 (Macintosh; Intel Mac OS X 10_13_2) AppleWebKit/537.36 (KHTML, like Gecko) Chrome/80.0.3987.122 Safari/537.36"
[2020-03-09T20:40:10.308] [INFO] access - ::1 - - "GET /stu/getStudentById/?id=38 HTTP/1.1" 200 218 "http://localhost:3001/student/addStudent/38" "Mozilla/5.0 (Macintosh; Intel Mac OS X 10_13_2) AppleWebKit/537.36 (KHTML, like Gecko) Chrome/80.0.3987.122 Safari/537.36"
[2020-03-09T20:42:14.895] [INFO] access - ::1 - - "GET /stu/allStudent HTTP/1.1" 200 1118 "http://localhost:3001/student/studentList" "Mozilla/5.0 (Macintosh; Intel Mac OS X 10_13_2) AppleWebKit/537.36 (KHTML, like Gecko) Chrome/80.0.3987.122 Safari/537.36"
[2020-03-09T20:42:16.753] [INFO] access - ::1 - - "GET /stu/getStudentById/?id=35 HTTP/1.1" 200 211 "http://localhost:3001/student/addStudent/35" "Mozilla/5.0 (Macintosh; Intel Mac OS X 10_13_2) AppleWebKit/537.36 (KHTML, like Gecko) Chrome/80.0.3987.122 Safari/537.36"
[2020-03-09T20:44:06.482] [INFO] access - ::1 - - "GET /stu/getStudentById/?id=35 HTTP/1.1" 200 211 "http://localhost:3001/student/addStudent/35" "Mozilla/5.0 (Macintosh; Intel Mac OS X 10_13_2) AppleWebKit/537.36 (KHTML, like Gecko) Chrome/80.0.3987.122 Safari/537.36"
[2020-03-09T20:44:49.870] [INFO] access - ::1 - - "GET /stu/getStudentById/?id=35 HTTP/1.1" 200 211 "http://localhost:3001/student/addStudent/35" "Mozilla/5.0 (Macintosh; Intel Mac OS X 10_13_2) AppleWebKit/537.36 (KHTML, like Gecko) Chrome/80.0.3987.122 Safari/537.36"
[2020-03-09T20:45:56.168] [INFO] access - ::1 - - "GET /stu/allStudent HTTP/1.1" 200 1118 "http://localhost:3001/student/studentList" "Mozilla/5.0 (Macintosh; Intel Mac OS X 10_13_2) AppleWebKit/537.36 (KHTML, like Gecko) Chrome/80.0.3987.122 Safari/537.36"
[2020-03-09T20:45:57.364] [INFO] access - ::1 - - "GET /stu/getStudentById/?id=39 HTTP/1.1" 200 212 "http://localhost:3001/student/addStudent/39" "Mozilla/5.0 (Macintosh; Intel Mac OS X 10_13_2) AppleWebKit/537.36 (KHTML, like Gecko) Chrome/80.0.3987.122 Safari/537.36"
[2020-03-09T20:46:22.584] [INFO] access - ::1 - - "GET /stu/getStudentById/?id=39 HTTP/1.1" 200 212 "http://localhost:3001/student/addStudent/39" "Mozilla/5.0 (Macintosh; Intel Mac OS X 10_13_2) AppleWebKit/537.36 (KHTML, like Gecko) Chrome/80.0.3987.122 Safari/537.36"
[2020-03-09T20:46:30.781] [INFO] access - ::1 - - "GET /stu/getStudentById/?id=39 HTTP/1.1" 200 212 "http://localhost:3001/student/addStudent/39" "Mozilla/5.0 (Macintosh; Intel Mac OS X 10_13_2) AppleWebKit/537.36 (KHTML, like Gecko) Chrome/80.0.3987.122 Safari/537.36"
[2020-03-09T20:46:33.414] [INFO] access - ::1 - - "GET /stu/allStudent HTTP/1.1" 200 1118 "http://localhost:3001/student/studentList" "Mozilla/5.0 (Macintosh; Intel Mac OS X 10_13_2) AppleWebKit/537.36 (KHTML, like Gecko) Chrome/80.0.3987.122 Safari/537.36"
[2020-03-09T20:46:37.605] [INFO] access - ::1 - - "GET /stu/getStudentById/?id=39 HTTP/1.1" 200 212 "http://localhost:3001/student/addStudent/39" "Mozilla/5.0 (Macintosh; Intel Mac OS X 10_13_2) AppleWebKit/537.36 (KHTML, like Gecko) Chrome/80.0.3987.122 Safari/537.36"
[2020-03-09T20:46:39.576] [INFO] access - ::1 - - "GET /stu/allStudent HTTP/1.1" 200 1118 "http://localhost:3001/student/studentList" "Mozilla/5.0 (Macintosh; Intel Mac OS X 10_13_2) AppleWebKit/537.36 (KHTML, like Gecko) Chrome/80.0.3987.122 Safari/537.36"
[2020-03-09T20:46:41.904] [INFO] access - ::1 - - "GET /stu/getStudentById/?id=39 HTTP/1.1" 200 212 "http://localhost:3001/student/addStudent/39" "Mozilla/5.0 (Macintosh; Intel Mac OS X 10_13_2) AppleWebKit/537.36 (KHTML, like Gecko) Chrome/80.0.3987.122 Safari/537.36"
[2020-03-09T20:47:06.799] [INFO] access - ::1 - - "GET /stu/getStudentById/?id=39 HTTP/1.1" 200 212 "http://localhost:3001/student/addStudent/39" "Mozilla/5.0 (Macintosh; Intel Mac OS X 10_13_2) AppleWebKit/537.36 (KHTML, like Gecko) Chrome/80.0.3987.122 Safari/537.36"
[2020-03-09T20:47:11.561] [INFO] access - ::1 - - "GET /stu/allStudent HTTP/1.1" 200 1118 "http://localhost:3001/student/studentList" "Mozilla/5.0 (Macintosh; Intel Mac OS X 10_13_2) AppleWebKit/537.36 (KHTML, like Gecko) Chrome/80.0.3987.122 Safari/537.36"
[2020-03-09T20:47:14.186] [INFO] access - ::1 - - "GET /stu/getStudentById/?id=32 HTTP/1.1" 200 211 "http://localhost:3001/student/addStudent/32" "Mozilla/5.0 (Macintosh; Intel Mac OS X 10_13_2) AppleWebKit/537.36 (KHTML, like Gecko) Chrome/80.0.3987.122 Safari/537.36"
[2020-03-09T20:47:38.625] [INFO] access - ::1 - - "GET /stu/getStudentById/?id=32 HTTP/1.1" 200 211 "http://localhost:3001/student/addStudent/32" "Mozilla/5.0 (Macintosh; Intel Mac OS X 10_13_2) AppleWebKit/537.36 (KHTML, like Gecko) Chrome/80.0.3987.122 Safari/537.36"
[2020-03-09T20:47:40.462] [INFO] access - ::1 - - "GET /stu/allStudent HTTP/1.1" 200 1118 "http://localhost:3001/student/studentList" "Mozilla/5.0 (Macintosh; Intel Mac OS X 10_13_2) AppleWebKit/537.36 (KHTML, like Gecko) Chrome/80.0.3987.122 Safari/537.36"
[2020-03-09T20:47:43.503] [INFO] access - ::1 - - "GET /stu/getStudentById/?id=39 HTTP/1.1" 200 212 "http://localhost:3001/student/addStudent/39" "Mozilla/5.0 (Macintosh; Intel Mac OS X 10_13_2) AppleWebKit/537.36 (KHTML, like Gecko) Chrome/80.0.3987.122 Safari/537.36"
[2020-03-09T20:47:45.698] [INFO] access - ::1 - - "GET /stu/allStudent HTTP/1.1" 200 1118 "http://localhost:3001/student/studentList" "Mozilla/5.0 (Macintosh; Intel Mac OS X 10_13_2) AppleWebKit/537.36 (KHTML, like Gecko) Chrome/80.0.3987.122 Safari/537.36"
[2020-03-09T20:47:47.329] [INFO] access - ::1 - - "GET /stu/getStudentById/?id=38 HTTP/1.1" 200 218 "http://localhost:3001/student/addStudent/38" "Mozilla/5.0 (Macintosh; Intel Mac OS X 10_13_2) AppleWebKit/537.36 (KHTML, like Gecko) Chrome/80.0.3987.122 Safari/537.36"
[2020-03-09T20:49:33.411] [INFO] access - ::1 - - "GET /stu/getStudentById/?id=38 HTTP/1.1" 200 218 "http://localhost:3001/student/addStudent/38" "Mozilla/5.0 (Macintosh; Intel Mac OS X 10_13_2) AppleWebKit/537.36 (KHTML, like Gecko) Chrome/80.0.3987.122 Safari/537.36"
[2020-03-09T20:49:43.582] [INFO] access - ::1 - - "GET /stu/allStudent HTTP/1.1" 200 1118 "http://localhost:3001/student/studentList" "Mozilla/5.0 (Macintosh; Intel Mac OS X 10_13_2) AppleWebKit/537.36 (KHTML, like Gecko) Chrome/80.0.3987.122 Safari/537.36"
[2020-03-09T20:49:45.376] [INFO] access - ::1 - - "GET /stu/getStudentById/?id=39 HTTP/1.1" 200 212 "http://localhost:3001/student/addStudent/39" "Mozilla/5.0 (Macintosh; Intel Mac OS X 10_13_2) AppleWebKit/537.36 (KHTML, like Gecko) Chrome/80.0.3987.122 Safari/537.36"
[2020-03-09T20:50:04.661] [INFO] access - ::1 - - "GET /stu/allStudent HTTP/1.1" 200 1118 "http://localhost:3001/student/studentList" "Mozilla/5.0 (Macintosh; Intel Mac OS X 10_13_2) AppleWebKit/537.36 (KHTML, like Gecko) Chrome/80.0.3987.122 Safari/537.36"
[2020-03-09T21:05:50.904] [INFO] access - ::1 - - "POST /stu/stuLogin HTTP/1.1" 200 52 "http://localhost:3001/login" "Mozilla/5.0 (Macintosh; Intel Mac OS X 10_13_2) AppleWebKit/537.36 (KHTML, like Gecko) Chrome/80.0.3987.122 Safari/537.36"
[2020-03-09T21:05:53.276] [INFO] access - ::1 - - "GET /stu/allStudent HTTP/1.1" 200 1118 "http://localhost:3001/student/studentList" "Mozilla/5.0 (Macintosh; Intel Mac OS X 10_13_2) AppleWebKit/537.36 (KHTML, like Gecko) Chrome/80.0.3987.122 Safari/537.36"
[2020-03-09T21:06:58.167] [INFO] access - ::1 - - "GET /stu/allStudent HTTP/1.1" 200 1118 "http://localhost:3001/student/studentList" "Mozilla/5.0 (Macintosh; Intel Mac OS X 10_13_2) AppleWebKit/537.36 (KHTML, like Gecko) Chrome/80.0.3987.122 Safari/537.36"
[2020-03-09T21:06:59.477] [INFO] access - ::1 - - "GET /stu/getStudentById/?id=39 HTTP/1.1" 200 212 "http://localhost:3001/student/addStudent/39" "Mozilla/5.0 (Macintosh; Intel Mac OS X 10_13_2) AppleWebKit/537.36 (KHTML, like Gecko) Chrome/80.0.3987.122 Safari/537.36"
[2020-03-09T21:07:15.096] [INFO] access - ::1 - - "GET /stu/allStudent HTTP/1.1" 200 1118 "http://localhost:3001/student/studentList" "Mozilla/5.0 (Macintosh; Intel Mac OS X 10_13_2) AppleWebKit/537.36 (KHTML, like Gecko) Chrome/80.0.3987.122 Safari/537.36"
[2020-03-09T21:11:18.187] [INFO] access - ::1 - - "GET /stu/allStudent HTTP/1.1" 200 1118 "http://localhost:3001/student/studentList" "Mozilla/5.0 (Macintosh; Intel Mac OS X 10_13_2) AppleWebKit/537.36 (KHTML, like Gecko) Chrome/80.0.3987.122 Safari/537.36"
[2020-03-09T21:11:20.484] [INFO] access - ::1 - - "GET /stu/getStudentById/?id=39 HTTP/1.1" 200 212 "http://localhost:3001/student/addStudent/39" "Mozilla/5.0 (Macintosh; Intel Mac OS X 10_13_2) AppleWebKit/537.36 (KHTML, like Gecko) Chrome/80.0.3987.122 Safari/537.36"
[2020-03-09T21:11:23.064] [INFO] access - ::1 - - "GET /stu/allStudent HTTP/1.1" 200 1118 "http://localhost:3001/student/studentList" "Mozilla/5.0 (Macintosh; Intel Mac OS X 10_13_2) AppleWebKit/537.36 (KHTML, like Gecko) Chrome/80.0.3987.122 Safari/537.36"
[2020-03-09T21:11:24.452] [INFO] access - ::1 - - "GET /stu/getStudentById/?id=38 HTTP/1.1" 200 218 "http://localhost:3001/student/addStudent/38" "Mozilla/5.0 (Macintosh; Intel Mac OS X 10_13_2) AppleWebKit/537.36 (KHTML, like Gecko) Chrome/80.0.3987.122 Safari/537.36"
[2020-03-09T21:12:36.202] [INFO] access - ::1 - - "GET /stu/getStudentById/?id=38 HTTP/1.1" 200 218 "http://localhost:3001/student/addStudent/38" "Mozilla/5.0 (Macintosh; Intel Mac OS X 10_13_2) AppleWebKit/537.36 (KHTML, like Gecko) Chrome/80.0.3987.122 Safari/537.36"
[2020-03-09T21:12:46.982] [INFO] access - ::1 - - "GET /stu/getStudentById/?id=38 HTTP/1.1" 200 218 "http://localhost:3001/student/addStudent/38" "Mozilla/5.0 (Macintosh; Intel Mac OS X 10_13_2) AppleWebKit/537.36 (KHTML, like Gecko) Chrome/80.0.3987.122 Safari/537.36"
[2020-03-09T21:13:14.254] [INFO] access - ::1 - - "GET /stu/getStudentById/?id=38 HTTP/1.1" 200 218 "http://localhost:3001/student/addStudent/38" "Mozilla/5.0 (Macintosh; Intel Mac OS X 10_13_2) AppleWebKit/537.36 (KHTML, like Gecko) Chrome/80.0.3987.122 Safari/537.36"
[2020-03-09T21:13:29.146] [INFO] access - ::1 - - "GET /stu/getStudentById/?id=38 HTTP/1.1" 200 218 "http://localhost:3001/student/addStudent/38" "Mozilla/5.0 (Macintosh; Intel Mac OS X 10_13_2) AppleWebKit/537.36 (KHTML, like Gecko) Chrome/80.0.3987.122 Safari/537.36"
[2020-03-09T21:14:41.657] [INFO] access - ::1 - - "GET /stu/getStudentById/?id=38 HTTP/1.1" 200 218 "http://localhost:3001/student/addStudent/38" "Mozilla/5.0 (Macintosh; Intel Mac OS X 10_13_2) AppleWebKit/537.36 (KHTML, like Gecko) Chrome/80.0.3987.122 Safari/537.36"
[2020-03-09T21:14:47.614] [INFO] access - ::1 - - "POST /stu/updateStu HTTP/1.1" 200 52 "http://localhost:3001/student/addStudent/38" "Mozilla/5.0 (Macintosh; Intel Mac OS X 10_13_2) AppleWebKit/537.36 (KHTML, like Gecko) Chrome/80.0.3987.122 Safari/537.36"
[2020-03-09T21:15:51.226] [INFO] access - ::1 - - "GET /stu/getStudentById/?id=38 HTTP/1.1" 200 218 "http://localhost:3001/student/addStudent/38" "Mozilla/5.0 (Macintosh; Intel Mac OS X 10_13_2) AppleWebKit/537.36 (KHTML, like Gecko) Chrome/80.0.3987.122 Safari/537.36"
[2020-03-09T21:15:53.338] [INFO] access - ::1 - - "GET /stu/getStudentById/?id=38 HTTP/1.1" 200 218 "http://localhost:3001/student/addStudent/38" "Mozilla/5.0 (Macintosh; Intel Mac OS X 10_13_2) AppleWebKit/537.36 (KHTML, like Gecko) Chrome/80.0.3987.122 Safari/537.36"
[2020-03-09T21:15:58.953] [INFO] access - ::1 - - "GET /stu/allStudent HTTP/1.1" 200 1118 "http://localhost:3001/student/studentList" "Mozilla/5.0 (Macintosh; Intel Mac OS X 10_13_2) AppleWebKit/537.36 (KHTML, like Gecko) Chrome/80.0.3987.122 Safari/537.36"
[2020-03-09T21:16:09.644] [INFO] access - ::1 - - "GET /stu/getStudentById/?id=38 HTTP/1.1" 200 218 "http://localhost:3001/student/addStudent/38" "Mozilla/5.0 (Macintosh; Intel Mac OS X 10_13_2) AppleWebKit/537.36 (KHTML, like Gecko) Chrome/80.0.3987.122 Safari/537.36"
[2020-03-09T21:16:12.501] [INFO] access - ::1 - - "POST /stu/updateStu HTTP/1.1" 200 52 "http://localhost:3001/student/addStudent/38" "Mozilla/5.0 (Macintosh; Intel Mac OS X 10_13_2) AppleWebKit/537.36 (KHTML, like Gecko) Chrome/80.0.3987.122 Safari/537.36"
[2020-03-09T21:16:12.549] [INFO] access - ::1 - - "GET /stu/allStudent HTTP/1.1" 200 1118 "http://localhost:3001/student/studentList" "Mozilla/5.0 (Macintosh; Intel Mac OS X 10_13_2) AppleWebKit/537.36 (KHTML, like Gecko) Chrome/80.0.3987.122 Safari/537.36"
[2020-03-09T21:16:21.069] [INFO] access - ::1 - - "GET /stu/getStudentById/?id=38 HTTP/1.1" 200 218 "http://localhost:3001/student/addStudent/38" "Mozilla/5.0 (Macintosh; Intel Mac OS X 10_13_2) AppleWebKit/537.36 (KHTML, like Gecko) Chrome/80.0.3987.122 Safari/537.36"
[2020-03-09T21:16:23.604] [INFO] access - ::1 - - "POST /stu/updateStu HTTP/1.1" 200 52 "http://localhost:3001/student/addStudent/38" "Mozilla/5.0 (Macintosh; Intel Mac OS X 10_13_2) AppleWebKit/537.36 (KHTML, like Gecko) Chrome/80.0.3987.122 Safari/537.36"
[2020-03-09T21:16:23.672] [INFO] access - ::1 - - "GET /stu/allStudent HTTP/1.1" 200 1115 "http://localhost:3001/student/studentList" "Mozilla/5.0 (Macintosh; Intel Mac OS X 10_13_2) AppleWebKit/537.36 (KHTML, like Gecko) Chrome/80.0.3987.122 Safari/537.36"
[2020-03-09T21:16:45.289] [INFO] access - ::1 - - "GET /stu/allStudent HTTP/1.1" 200 1115 "http://localhost:3001/student/studentList" "Mozilla/5.0 (Macintosh; Intel Mac OS X 10_13_2) AppleWebKit/537.36 (KHTML, like Gecko) Chrome/80.0.3987.122 Safari/537.36"
[2020-03-09T21:19:19.766] [INFO] access - ::1 - - "GET /stu/getStudentById/?id=38 HTTP/1.1" 200 215 "http://localhost:3001/student/addStudent/38" "Mozilla/5.0 (Macintosh; Intel Mac OS X 10_13_2) AppleWebKit/537.36 (KHTML, like Gecko) Chrome/80.0.3987.122 Safari/537.36"
[2020-03-09T21:19:25.426] [INFO] access - ::1 - - "POST /stu/updateStu HTTP/1.1" 200 52 "http://localhost:3001/student/addStudent/38" "Mozilla/5.0 (Macintosh; Intel Mac OS X 10_13_2) AppleWebKit/537.36 (KHTML, like Gecko) Chrome/80.0.3987.122 Safari/537.36"
[2020-03-09T21:19:25.478] [INFO] access - ::1 - - "GET /stu/allStudent HTTP/1.1" 200 1115 "http://localhost:3001/student/studentList" "Mozilla/5.0 (Macintosh; Intel Mac OS X 10_13_2) AppleWebKit/537.36 (KHTML, like Gecko) Chrome/80.0.3987.122 Safari/537.36"
[2020-03-09T21:19:33.021] [INFO] access - ::1 - - "GET /stu/getStudentById/?id=39 HTTP/1.1" 200 212 "http://localhost:3001/student/addStudent/39" "Mozilla/5.0 (Macintosh; Intel Mac OS X 10_13_2) AppleWebKit/537.36 (KHTML, like Gecko) Chrome/80.0.3987.122 Safari/537.36"
[2020-03-09T21:19:47.144] [INFO] access - ::1 - - "POST /stu/updateStu HTTP/1.1" 200 52 "http://localhost:3001/student/addStudent/39" "Mozilla/5.0 (Macintosh; Intel Mac OS X 10_13_2) AppleWebKit/537.36 (KHTML, like Gecko) Chrome/80.0.3987.122 Safari/537.36"
[2020-03-09T21:19:47.186] [INFO] access - ::1 - - "GET /stu/allStudent HTTP/1.1" 200 1114 "http://localhost:3001/student/studentList" "Mozilla/5.0 (Macintosh; Intel Mac OS X 10_13_2) AppleWebKit/537.36 (KHTML, like Gecko) Chrome/80.0.3987.122 Safari/537.36"
[2020-03-09T21:19:55.645] [INFO] access - ::1 - - "GET /stu/getStudentById/?id=39 HTTP/1.1" 200 211 "http://localhost:3001/student/addStudent/39" "Mozilla/5.0 (Macintosh; Intel Mac OS X 10_13_2) AppleWebKit/537.36 (KHTML, like Gecko) Chrome/80.0.3987.122 Safari/537.36"
[2020-03-09T21:19:58.797] [INFO] access - ::1 - - "POST /stu/updateStu HTTP/1.1" 200 52 "http://localhost:3001/student/addStudent/39" "Mozilla/5.0 (Macintosh; Intel Mac OS X 10_13_2) AppleWebKit/537.36 (KHTML, like Gecko) Chrome/80.0.3987.122 Safari/537.36"
[2020-03-09T21:19:58.834] [INFO] access - ::1 - - "GET /stu/allStudent HTTP/1.1" 200 1113 "http://localhost:3001/student/studentList" "Mozilla/5.0 (Macintosh; Intel Mac OS X 10_13_2) AppleWebKit/537.36 (KHTML, like Gecko) Chrome/80.0.3987.122 Safari/537.36"
[2020-03-09T21:20:10.241] [INFO] access - ::1 - - "GET /stu/deleteStu?student_id=37 HTTP/1.1" 200 46 "http://localhost:3001/student/studentList" "Mozilla/5.0 (Macintosh; Intel Mac OS X 10_13_2) AppleWebKit/537.36 (KHTML, like Gecko) Chrome/80.0.3987.122 Safari/537.36"
[2020-03-09T21:20:10.278] [INFO] access - ::1 - - "GET /stu/allStudent HTTP/1.1" 200 929 "http://localhost:3001/student/studentList" "Mozilla/5.0 (Macintosh; Intel Mac OS X 10_13_2) AppleWebKit/537.36 (KHTML, like Gecko) Chrome/80.0.3987.122 Safari/537.36"
[2020-03-09T21:20:16.780] [INFO] access - ::1 - - "GET /stu/allStudent HTTP/1.1" 200 929 "http://localhost:3001/student/studentList" "Mozilla/5.0 (Macintosh; Intel Mac OS X 10_13_2) AppleWebKit/537.36 (KHTML, like Gecko) Chrome/80.0.3987.122 Safari/537.36"
[2020-03-09T21:20:18.548] [INFO] access - ::1 - - "GET /stu/getStudentById/?id=38 HTTP/1.1" 200 215 "http://localhost:3001/student/addStudent/38" "Mozilla/5.0 (Macintosh; Intel Mac OS X 10_13_2) AppleWebKit/537.36 (KHTML, like Gecko) Chrome/80.0.3987.122 Safari/537.36"
[2020-03-09T21:20:21.086] [INFO] access - ::1 - - "GET /stu/allStudent HTTP/1.1" 200 929 "http://localhost:3001/student/studentList" "Mozilla/5.0 (Macintosh; Intel Mac OS X 10_13_2) AppleWebKit/537.36 (KHTML, like Gecko) Chrome/80.0.3987.122 Safari/537.36"
[2020-03-09T21:22:43.357] [INFO] access - ::1 - - "GET /stu/getStudentById/?id=39 HTTP/1.1" 200 210 "http://localhost:3001/student/addStudent/39" "Mozilla/5.0 (Macintosh; Intel Mac OS X 10_13_2) AppleWebKit/537.36 (KHTML, like Gecko) Chrome/80.0.3987.122 Safari/537.36"
[2020-03-09T21:22:48.292] [INFO] access - ::1 - - "POST /stu/updateStu HTTP/1.1" 200 64 "http://localhost:3001/student/addStudent/39" "Mozilla/5.0 (Macintosh; Intel Mac OS X 10_13_2) AppleWebKit/537.36 (KHTML, like Gecko) Chrome/80.0.3987.122 Safari/537.36"
[2020-03-09T21:22:50.871] [INFO] access - ::1 - - "GET /stu/allStudent HTTP/1.1" 200 929 "http://localhost:3001/student/studentList" "Mozilla/5.0 (Macintosh; Intel Mac OS X 10_13_2) AppleWebKit/537.36 (KHTML, like Gecko) Chrome/80.0.3987.122 Safari/537.36"
[2020-03-09T21:22:54.827] [INFO] access - ::1 - - "GET /stu/getStudentById/?id=39 HTTP/1.1" 200 210 "http://localhost:3001/student/addStudent/39" "Mozilla/5.0 (Macintosh; Intel Mac OS X 10_13_2) AppleWebKit/537.36 (KHTML, like Gecko) Chrome/80.0.3987.122 Safari/537.36"
[2020-03-09T21:22:56.889] [INFO] access - ::1 - - "GET /stu/allStudent HTTP/1.1" 200 929 "http://localhost:3001/student/studentList" "Mozilla/5.0 (Macintosh; Intel Mac OS X 10_13_2) AppleWebKit/537.36 (KHTML, like Gecko) Chrome/80.0.3987.122 Safari/537.36"
[2020-03-09T21:22:58.155] [INFO] access - ::1 - - "GET /stu/getStudentById/?id=39 HTTP/1.1" 200 210 "http://localhost:3001/student/addStudent/39" "Mozilla/5.0 (Macintosh; Intel Mac OS X 10_13_2) AppleWebKit/537.36 (KHTML, like Gecko) Chrome/80.0.3987.122 Safari/537.36"
[2020-03-09T21:22:59.598] [INFO] access - ::1 - - "GET /stu/allStudent HTTP/1.1" 200 929 "http://localhost:3001/student/studentList" "Mozilla/5.0 (Macintosh; Intel Mac OS X 10_13_2) AppleWebKit/537.36 (KHTML, like Gecko) Chrome/80.0.3987.122 Safari/537.36"
[2020-03-09T21:28:46.409] [INFO] access - ::1 - - "GET /stu/getStudentById/?id=39 HTTP/1.1" 200 210 "http://localhost:3001/student/addStudent/39" "Mozilla/5.0 (Macintosh; Intel Mac OS X 10_13_2) AppleWebKit/537.36 (KHTML, like Gecko) Chrome/80.0.3987.122 Safari/537.36"
[2020-03-09T21:28:55.343] [INFO] access - ::1 - - "POST /stu/updateStu HTTP/1.1" 200 52 "http://localhost:3001/student/addStudent/39" "Mozilla/5.0 (Macintosh; Intel Mac OS X 10_13_2) AppleWebKit/537.36 (KHTML, like Gecko) Chrome/80.0.3987.122 Safari/537.36"
[2020-03-09T21:28:55.393] [INFO] access - ::1 - - "GET /stu/allStudent HTTP/1.1" 200 930 "http://localhost:3001/student/studentList" "Mozilla/5.0 (Macintosh; Intel Mac OS X 10_13_2) AppleWebKit/537.36 (KHTML, like Gecko) Chrome/80.0.3987.122 Safari/537.36"
[2020-03-09T21:32:57.075] [INFO] access - ::1 - - "GET /stu/getStudentById/?id=39 HTTP/1.1" 200 211 "http://localhost:3001/student/addStudent/39" "Mozilla/5.0 (Macintosh; Intel Mac OS X 10_13_2) AppleWebKit/537.36 (KHTML, like Gecko) Chrome/80.0.3987.122 Safari/537.36"
[2020-03-09T21:39:15.633] [INFO] access - ::1 - - "GET /stu/getStudentById/?id=39 HTTP/1.1" 200 211 "http://localhost:3001/student/addStudent/39" "Mozilla/5.0 (Macintosh; Intel Mac OS X 10_13_2) AppleWebKit/537.36 (KHTML, like Gecko) Chrome/80.0.3987.122 Safari/537.36"
[2020-03-09T21:44:48.122] [INFO] access - ::1 - - "GET /stu/allStudent HTTP/1.1" 200 930 "http://localhost:3001/student/studentList" "Mozilla/5.0 (Macintosh; Intel Mac OS X 10_13_2) AppleWebKit/537.36 (KHTML, like Gecko) Chrome/80.0.3987.122 Safari/537.36"
