[2020-01-21T22:58:10.858] [ERROR] application - ReferenceError: data is not defined
    at findInterviewByMonth (/Users/qinggchu/Desktop/Wangzhzh/reactpo/server/app/controller/interview.js:8:63)
    at dispatch (/Users/qinggchu/Desktop/Wangzhzh/reactpo/server/node_modules/koa-router/node_modules/koa-compose/index.js:44:32)
    at next (/Users/qinggchu/Desktop/Wangzhzh/reactpo/server/node_modules/koa-router/node_modules/koa-compose/index.js:45:18)
    at /Users/qinggchu/Desktop/Wangzhzh/reactpo/server/node_modules/koa-router/lib/router.js:346:16
    at dispatch (/Users/qinggchu/Desktop/Wangzhzh/reactpo/server/node_modules/koa-router/node_modules/koa-compose/index.js:44:32)
    at /Users/qinggchu/Desktop/Wangzhzh/reactpo/server/node_modules/koa-router/node_modules/koa-compose/index.js:36:12
    at dispatch (/Users/qinggchu/Desktop/Wangzhzh/reactpo/server/node_modules/koa-router/lib/router.js:351:31)
    at dispatch (/Users/qinggchu/Desktop/Wangzhzh/reactpo/server/node_modules/koa-compose/index.js:42:32)
    at exports.userWatcher (/Users/qinggchu/Desktop/Wangzhzh/reactpo/server/middleware/logger.js:54:9)
    at dispatch (/Users/qinggchu/Desktop/Wangzhzh/reactpo/server/node_modules/koa-compose/index.js:42:32)
[2020-01-21T22:59:34.313] [ERROR] application - ReferenceError: data is not defined
    at findInterviewByMonth (/Users/qinggchu/Desktop/Wangzhzh/reactpo/server/app/controller/interview.js:8:63)
    at dispatch (/Users/qinggchu/Desktop/Wangzhzh/reactpo/server/node_modules/koa-router/node_modules/koa-compose/index.js:44:32)
    at next (/Users/qinggchu/Desktop/Wangzhzh/reactpo/server/node_modules/koa-router/node_modules/koa-compose/index.js:45:18)
    at /Users/qinggchu/Desktop/Wangzhzh/reactpo/server/node_modules/koa-router/lib/router.js:346:16
    at dispatch (/Users/qinggchu/Desktop/Wangzhzh/reactpo/server/node_modules/koa-router/node_modules/koa-compose/index.js:44:32)
    at /Users/qinggchu/Desktop/Wangzhzh/reactpo/server/node_modules/koa-router/node_modules/koa-compose/index.js:36:12
    at dispatch (/Users/qinggchu/Desktop/Wangzhzh/reactpo/server/node_modules/koa-router/lib/router.js:351:31)
    at dispatch (/Users/qinggchu/Desktop/Wangzhzh/reactpo/server/node_modules/koa-compose/index.js:42:32)
    at exports.userWatcher (/Users/qinggchu/Desktop/Wangzhzh/reactpo/server/middleware/logger.js:54:9)
    at dispatch (/Users/qinggchu/Desktop/Wangzhzh/reactpo/server/node_modules/koa-compose/index.js:42:32)
