[2020-01-13T21:56:57.376] [ERROR] application - TypeError: query is not a function
    at Object.getCourseType (/Users/qinggchu/Desktop/Wangzhzh/reactpo/server/app/model/course.js:6:22)
    at Object.getCourseType (/Users/qinggchu/Desktop/Wangzhzh/reactpo/server/app/service/course.js:6:34)
    at getCourseType (/Users/qinggchu/Desktop/Wangzhzh/reactpo/server/app/controller/course.js:7:39)
    at dispatch (/Users/qinggchu/Desktop/Wangzhzh/reactpo/server/node_modules/koa-router/node_modules/koa-compose/index.js:44:32)
    at next (/Users/qinggchu/Desktop/Wangzhzh/reactpo/server/node_modules/koa-router/node_modules/koa-compose/index.js:45:18)
    at /Users/qinggchu/Desktop/Wangzhzh/reactpo/server/node_modules/koa-router/lib/router.js:346:16
    at dispatch (/Users/qinggchu/Desktop/Wangzhzh/reactpo/server/node_modules/koa-router/node_modules/koa-compose/index.js:44:32)
    at /Users/qinggchu/Desktop/Wangzhzh/reactpo/server/node_modules/koa-router/node_modules/koa-compose/index.js:36:12
    at dispatch (/Users/qinggchu/Desktop/Wangzhzh/reactpo/server/node_modules/koa-router/lib/router.js:351:31)
    at dispatch (/Users/qinggchu/Desktop/Wangzhzh/reactpo/server/node_modules/koa-compose/index.js:42:32)
[2020-01-13T21:59:03.376] [ERROR] application - TypeError: query is not a function
    at Object.getCourseType (/Users/qinggchu/Desktop/Wangzhzh/reactpo/server/app/model/course.js:6:22)
    at Object.getCourseType (/Users/qinggchu/Desktop/Wangzhzh/reactpo/server/app/service/course.js:6:34)
    at getCourseType (/Users/qinggchu/Desktop/Wangzhzh/reactpo/server/app/controller/course.js:7:39)
    at dispatch (/Users/qinggchu/Desktop/Wangzhzh/reactpo/server/node_modules/koa-router/node_modules/koa-compose/index.js:44:32)
    at next (/Users/qinggchu/Desktop/Wangzhzh/reactpo/server/node_modules/koa-router/node_modules/koa-compose/index.js:45:18)
    at /Users/qinggchu/Desktop/Wangzhzh/reactpo/server/node_modules/koa-router/lib/router.js:346:16
    at dispatch (/Users/qinggchu/Desktop/Wangzhzh/reactpo/server/node_modules/koa-router/node_modules/koa-compose/index.js:44:32)
    at /Users/qinggchu/Desktop/Wangzhzh/reactpo/server/node_modules/koa-router/node_modules/koa-compose/index.js:36:12
    at dispatch (/Users/qinggchu/Desktop/Wangzhzh/reactpo/server/node_modules/koa-router/lib/router.js:351:31)
    at dispatch (/Users/qinggchu/Desktop/Wangzhzh/reactpo/server/node_modules/koa-compose/index.js:42:32)
[2020-01-13T22:01:31.928] [ERROR] application - TypeError: query is not a function
    at Object.getCourseType (/Users/qinggchu/Desktop/Wangzhzh/reactpo/server/app/model/course.js:6:22)
    at Object.getCourseType (/Users/qinggchu/Desktop/Wangzhzh/reactpo/server/app/service/course.js:6:34)
    at getCourseType (/Users/qinggchu/Desktop/Wangzhzh/reactpo/server/app/controller/course.js:7:39)
    at dispatch (/Users/qinggchu/Desktop/Wangzhzh/reactpo/server/node_modules/koa-router/node_modules/koa-compose/index.js:44:32)
    at next (/Users/qinggchu/Desktop/Wangzhzh/reactpo/server/node_modules/koa-router/node_modules/koa-compose/index.js:45:18)
    at /Users/qinggchu/Desktop/Wangzhzh/reactpo/server/node_modules/koa-router/lib/router.js:346:16
    at dispatch (/Users/qinggchu/Desktop/Wangzhzh/reactpo/server/node_modules/koa-router/node_modules/koa-compose/index.js:44:32)
    at /Users/qinggchu/Desktop/Wangzhzh/reactpo/server/node_modules/koa-router/node_modules/koa-compose/index.js:36:12
    at dispatch (/Users/qinggchu/Desktop/Wangzhzh/reactpo/server/node_modules/koa-router/lib/router.js:351:31)
    at dispatch (/Users/qinggchu/Desktop/Wangzhzh/reactpo/server/node_modules/koa-compose/index.js:42:32)
[2020-01-13T22:01:38.154] [ERROR] application - TypeError: query is not a function
    at Object.getCourseType (/Users/qinggchu/Desktop/Wangzhzh/reactpo/server/app/model/course.js:6:22)
    at Object.getCourseType (/Users/qinggchu/Desktop/Wangzhzh/reactpo/server/app/service/course.js:6:34)
    at getCourseType (/Users/qinggchu/Desktop/Wangzhzh/reactpo/server/app/controller/course.js:7:39)
    at dispatch (/Users/qinggchu/Desktop/Wangzhzh/reactpo/server/node_modules/koa-router/node_modules/koa-compose/index.js:44:32)
    at next (/Users/qinggchu/Desktop/Wangzhzh/reactpo/server/node_modules/koa-router/node_modules/koa-compose/index.js:45:18)
    at /Users/qinggchu/Desktop/Wangzhzh/reactpo/server/node_modules/koa-router/lib/router.js:346:16
    at dispatch (/Users/qinggchu/Desktop/Wangzhzh/reactpo/server/node_modules/koa-router/node_modules/koa-compose/index.js:44:32)
    at /Users/qinggchu/Desktop/Wangzhzh/reactpo/server/node_modules/koa-router/node_modules/koa-compose/index.js:36:12
    at dispatch (/Users/qinggchu/Desktop/Wangzhzh/reactpo/server/node_modules/koa-router/lib/router.js:351:31)
    at dispatch (/Users/qinggchu/Desktop/Wangzhzh/reactpo/server/node_modules/koa-compose/index.js:42:32)
[2020-01-13T22:02:05.886] [ERROR] application - TypeError: query is not a function
    at Object.getCourseType (/Users/qinggchu/Desktop/Wangzhzh/reactpo/server/app/model/course.js:6:22)
    at Object.getCourseType (/Users/qinggchu/Desktop/Wangzhzh/reactpo/server/app/service/course.js:6:34)
    at getCourseType (/Users/qinggchu/Desktop/Wangzhzh/reactpo/server/app/controller/course.js:7:39)
    at dispatch (/Users/qinggchu/Desktop/Wangzhzh/reactpo/server/node_modules/koa-router/node_modules/koa-compose/index.js:44:32)
    at next (/Users/qinggchu/Desktop/Wangzhzh/reactpo/server/node_modules/koa-router/node_modules/koa-compose/index.js:45:18)
    at /Users/qinggchu/Desktop/Wangzhzh/reactpo/server/node_modules/koa-router/lib/router.js:346:16
    at dispatch (/Users/qinggchu/Desktop/Wangzhzh/reactpo/server/node_modules/koa-router/node_modules/koa-compose/index.js:44:32)
    at /Users/qinggchu/Desktop/Wangzhzh/reactpo/server/node_modules/koa-router/node_modules/koa-compose/index.js:36:12
    at dispatch (/Users/qinggchu/Desktop/Wangzhzh/reactpo/server/node_modules/koa-router/lib/router.js:351:31)
    at dispatch (/Users/qinggchu/Desktop/Wangzhzh/reactpo/server/node_modules/koa-compose/index.js:42:32)
[2020-01-13T22:03:17.478] [ERROR] application - TypeError: query is not a function
    at Object.getCourseType (/Users/qinggchu/Desktop/Wangzhzh/reactpo/server/app/model/course.js:6:22)
    at Object.getCourseType (/Users/qinggchu/Desktop/Wangzhzh/reactpo/server/app/service/course.js:6:34)
    at getCourseType (/Users/qinggchu/Desktop/Wangzhzh/reactpo/server/app/controller/course.js:7:39)
    at dispatch (/Users/qinggchu/Desktop/Wangzhzh/reactpo/server/node_modules/koa-router/node_modules/koa-compose/index.js:44:32)
    at next (/Users/qinggchu/Desktop/Wangzhzh/reactpo/server/node_modules/koa-router/node_modules/koa-compose/index.js:45:18)
    at /Users/qinggchu/Desktop/Wangzhzh/reactpo/server/node_modules/koa-router/lib/router.js:346:16
    at dispatch (/Users/qinggchu/Desktop/Wangzhzh/reactpo/server/node_modules/koa-router/node_modules/koa-compose/index.js:44:32)
    at /Users/qinggchu/Desktop/Wangzhzh/reactpo/server/node_modules/koa-router/node_modules/koa-compose/index.js:36:12
    at dispatch (/Users/qinggchu/Desktop/Wangzhzh/reactpo/server/node_modules/koa-router/lib/router.js:351:31)
    at dispatch (/Users/qinggchu/Desktop/Wangzhzh/reactpo/server/node_modules/koa-compose/index.js:42:32)
[2020-01-13T22:03:27.218] [ERROR] application - TypeError: query is not a function
    at Object.getCourseType (/Users/qinggchu/Desktop/Wangzhzh/reactpo/server/app/model/course.js:6:22)
    at Object.getCourseType (/Users/qinggchu/Desktop/Wangzhzh/reactpo/server/app/service/course.js:6:34)
    at getCourseType (/Users/qinggchu/Desktop/Wangzhzh/reactpo/server/app/controller/course.js:7:39)
    at dispatch (/Users/qinggchu/Desktop/Wangzhzh/reactpo/server/node_modules/koa-router/node_modules/koa-compose/index.js:44:32)
    at next (/Users/qinggchu/Desktop/Wangzhzh/reactpo/server/node_modules/koa-router/node_modules/koa-compose/index.js:45:18)
    at /Users/qinggchu/Desktop/Wangzhzh/reactpo/server/node_modules/koa-router/lib/router.js:346:16
    at dispatch (/Users/qinggchu/Desktop/Wangzhzh/reactpo/server/node_modules/koa-router/node_modules/koa-compose/index.js:44:32)
    at /Users/qinggchu/Desktop/Wangzhzh/reactpo/server/node_modules/koa-router/node_modules/koa-compose/index.js:36:12
    at dispatch (/Users/qinggchu/Desktop/Wangzhzh/reactpo/server/node_modules/koa-router/lib/router.js:351:31)
    at dispatch (/Users/qinggchu/Desktop/Wangzhzh/reactpo/server/node_modules/koa-compose/index.js:42:32)
[2020-01-13T22:03:31.617] [ERROR] application - TypeError: query is not a function
    at Object.getCourseType (/Users/qinggchu/Desktop/Wangzhzh/reactpo/server/app/model/course.js:6:22)
    at Object.getCourseType (/Users/qinggchu/Desktop/Wangzhzh/reactpo/server/app/service/course.js:6:34)
    at getCourseType (/Users/qinggchu/Desktop/Wangzhzh/reactpo/server/app/controller/course.js:7:39)
    at dispatch (/Users/qinggchu/Desktop/Wangzhzh/reactpo/server/node_modules/koa-router/node_modules/koa-compose/index.js:44:32)
    at next (/Users/qinggchu/Desktop/Wangzhzh/reactpo/server/node_modules/koa-router/node_modules/koa-compose/index.js:45:18)
    at /Users/qinggchu/Desktop/Wangzhzh/reactpo/server/node_modules/koa-router/lib/router.js:346:16
    at dispatch (/Users/qinggchu/Desktop/Wangzhzh/reactpo/server/node_modules/koa-router/node_modules/koa-compose/index.js:44:32)
    at /Users/qinggchu/Desktop/Wangzhzh/reactpo/server/node_modules/koa-router/node_modules/koa-compose/index.js:36:12
    at dispatch (/Users/qinggchu/Desktop/Wangzhzh/reactpo/server/node_modules/koa-router/lib/router.js:351:31)
    at dispatch (/Users/qinggchu/Desktop/Wangzhzh/reactpo/server/node_modules/koa-compose/index.js:42:32)
[2020-01-13T22:07:23.203] [ERROR] application - TypeError: query is not a function
    at Object.getCourseType (/Users/qinggchu/Desktop/Wangzhzh/reactpo/server/app/model/course.js:6:22)
    at Object.getCourseType (/Users/qinggchu/Desktop/Wangzhzh/reactpo/server/app/service/course.js:6:34)
    at getCourseType (/Users/qinggchu/Desktop/Wangzhzh/reactpo/server/app/controller/course.js:7:39)
    at dispatch (/Users/qinggchu/Desktop/Wangzhzh/reactpo/server/node_modules/koa-router/node_modules/koa-compose/index.js:44:32)
    at next (/Users/qinggchu/Desktop/Wangzhzh/reactpo/server/node_modules/koa-router/node_modules/koa-compose/index.js:45:18)
    at /Users/qinggchu/Desktop/Wangzhzh/reactpo/server/node_modules/koa-router/lib/router.js:346:16
    at dispatch (/Users/qinggchu/Desktop/Wangzhzh/reactpo/server/node_modules/koa-router/node_modules/koa-compose/index.js:44:32)
    at /Users/qinggchu/Desktop/Wangzhzh/reactpo/server/node_modules/koa-router/node_modules/koa-compose/index.js:36:12
    at dispatch (/Users/qinggchu/Desktop/Wangzhzh/reactpo/server/node_modules/koa-router/lib/router.js:351:31)
    at dispatch (/Users/qinggchu/Desktop/Wangzhzh/reactpo/server/node_modules/koa-compose/index.js:42:32)
[2020-01-13T22:08:48.612] [ERROR] application - TypeError: query is not a function
    at Object.getCourseType (/Users/qinggchu/Desktop/Wangzhzh/reactpo/server/app/model/course.js:6:22)
    at Object.getCourseType (/Users/qinggchu/Desktop/Wangzhzh/reactpo/server/app/service/course.js:6:34)
    at getCourseType (/Users/qinggchu/Desktop/Wangzhzh/reactpo/server/app/controller/course.js:7:39)
    at dispatch (/Users/qinggchu/Desktop/Wangzhzh/reactpo/server/node_modules/koa-router/node_modules/koa-compose/index.js:44:32)
    at next (/Users/qinggchu/Desktop/Wangzhzh/reactpo/server/node_modules/koa-router/node_modules/koa-compose/index.js:45:18)
    at /Users/qinggchu/Desktop/Wangzhzh/reactpo/server/node_modules/koa-router/lib/router.js:346:16
    at dispatch (/Users/qinggchu/Desktop/Wangzhzh/reactpo/server/node_modules/koa-router/node_modules/koa-compose/index.js:44:32)
    at /Users/qinggchu/Desktop/Wangzhzh/reactpo/server/node_modules/koa-router/node_modules/koa-compose/index.js:36:12
    at dispatch (/Users/qinggchu/Desktop/Wangzhzh/reactpo/server/node_modules/koa-router/lib/router.js:351:31)
    at dispatch (/Users/qinggchu/Desktop/Wangzhzh/reactpo/server/node_modules/koa-compose/index.js:42:32)
[2020-01-13T22:10:09.082] [ERROR] application - TypeError: query is not a function
    at Object.getCourseType (/Users/qinggchu/Desktop/Wangzhzh/reactpo/server/app/model/course.js:7:22)
    at Object.getCourseType (/Users/qinggchu/Desktop/Wangzhzh/reactpo/server/app/service/course.js:6:34)
    at getCourseType (/Users/qinggchu/Desktop/Wangzhzh/reactpo/server/app/controller/course.js:7:39)
    at dispatch (/Users/qinggchu/Desktop/Wangzhzh/reactpo/server/node_modules/koa-router/node_modules/koa-compose/index.js:44:32)
    at next (/Users/qinggchu/Desktop/Wangzhzh/reactpo/server/node_modules/koa-router/node_modules/koa-compose/index.js:45:18)
    at /Users/qinggchu/Desktop/Wangzhzh/reactpo/server/node_modules/koa-router/lib/router.js:346:16
    at dispatch (/Users/qinggchu/Desktop/Wangzhzh/reactpo/server/node_modules/koa-router/node_modules/koa-compose/index.js:44:32)
    at /Users/qinggchu/Desktop/Wangzhzh/reactpo/server/node_modules/koa-router/node_modules/koa-compose/index.js:36:12
    at dispatch (/Users/qinggchu/Desktop/Wangzhzh/reactpo/server/node_modules/koa-router/lib/router.js:351:31)
    at dispatch (/Users/qinggchu/Desktop/Wangzhzh/reactpo/server/node_modules/koa-compose/index.js:42:32)
[2020-01-13T22:18:14.046] [ERROR] application - TypeError: query is not a function
    at Object.getCourseType (/Users/qinggchu/Desktop/Wangzhzh/reactpo/server/app/model/course.js:6:22)
    at Object.getCourseType (/Users/qinggchu/Desktop/Wangzhzh/reactpo/server/app/service/course.js:6:34)
    at getCourseType (/Users/qinggchu/Desktop/Wangzhzh/reactpo/server/app/controller/course.js:7:39)
    at dispatch (/Users/qinggchu/Desktop/Wangzhzh/reactpo/server/node_modules/koa-router/node_modules/koa-compose/index.js:44:32)
    at next (/Users/qinggchu/Desktop/Wangzhzh/reactpo/server/node_modules/koa-router/node_modules/koa-compose/index.js:45:18)
    at /Users/qinggchu/Desktop/Wangzhzh/reactpo/server/node_modules/koa-router/lib/router.js:346:16
    at dispatch (/Users/qinggchu/Desktop/Wangzhzh/reactpo/server/node_modules/koa-router/node_modules/koa-compose/index.js:44:32)
    at /Users/qinggchu/Desktop/Wangzhzh/reactpo/server/node_modules/koa-router/node_modules/koa-compose/index.js:36:12
    at dispatch (/Users/qinggchu/Desktop/Wangzhzh/reactpo/server/node_modules/koa-router/lib/router.js:351:31)
    at dispatch (/Users/qinggchu/Desktop/Wangzhzh/reactpo/server/node_modules/koa-compose/index.js:42:32)
[2020-01-13T22:18:55.113] [ERROR] application - TypeError: query is not a function
    at Object.getCourseType (/Users/qinggchu/Desktop/Wangzhzh/reactpo/server/app/model/course.js:6:22)
    at Object.getCourseType (/Users/qinggchu/Desktop/Wangzhzh/reactpo/server/app/service/course.js:6:34)
    at getCourseType (/Users/qinggchu/Desktop/Wangzhzh/reactpo/server/app/controller/course.js:7:39)
    at dispatch (/Users/qinggchu/Desktop/Wangzhzh/reactpo/server/node_modules/koa-router/node_modules/koa-compose/index.js:44:32)
    at next (/Users/qinggchu/Desktop/Wangzhzh/reactpo/server/node_modules/koa-router/node_modules/koa-compose/index.js:45:18)
    at /Users/qinggchu/Desktop/Wangzhzh/reactpo/server/node_modules/koa-router/lib/router.js:346:16
    at dispatch (/Users/qinggchu/Desktop/Wangzhzh/reactpo/server/node_modules/koa-router/node_modules/koa-compose/index.js:44:32)
    at /Users/qinggchu/Desktop/Wangzhzh/reactpo/server/node_modules/koa-router/node_modules/koa-compose/index.js:36:12
    at dispatch (/Users/qinggchu/Desktop/Wangzhzh/reactpo/server/node_modules/koa-router/lib/router.js:351:31)
    at dispatch (/Users/qinggchu/Desktop/Wangzhzh/reactpo/server/node_modules/koa-compose/index.js:42:32)
[2020-01-13T22:19:17.515] [ERROR] application - TypeError: query is not a function
    at Object.getCourseType (/Users/qinggchu/Desktop/Wangzhzh/reactpo/server/app/model/course.js:6:22)
    at Object.getCourseType (/Users/qinggchu/Desktop/Wangzhzh/reactpo/server/app/service/course.js:6:34)
    at getCourseType (/Users/qinggchu/Desktop/Wangzhzh/reactpo/server/app/controller/course.js:7:39)
    at dispatch (/Users/qinggchu/Desktop/Wangzhzh/reactpo/server/node_modules/koa-router/node_modules/koa-compose/index.js:44:32)
    at next (/Users/qinggchu/Desktop/Wangzhzh/reactpo/server/node_modules/koa-router/node_modules/koa-compose/index.js:45:18)
    at /Users/qinggchu/Desktop/Wangzhzh/reactpo/server/node_modules/koa-router/lib/router.js:346:16
    at dispatch (/Users/qinggchu/Desktop/Wangzhzh/reactpo/server/node_modules/koa-router/node_modules/koa-compose/index.js:44:32)
    at /Users/qinggchu/Desktop/Wangzhzh/reactpo/server/node_modules/koa-router/node_modules/koa-compose/index.js:36:12
    at dispatch (/Users/qinggchu/Desktop/Wangzhzh/reactpo/server/node_modules/koa-router/lib/router.js:351:31)
    at dispatch (/Users/qinggchu/Desktop/Wangzhzh/reactpo/server/node_modules/koa-compose/index.js:42:32)
[2020-01-13T22:19:51.100] [ERROR] application - TypeError: query is not a function
    at Object.getCourseType (/Users/qinggchu/Desktop/Wangzhzh/reactpo/server/app/model/course.js:6:22)
    at Object.getCourseType (/Users/qinggchu/Desktop/Wangzhzh/reactpo/server/app/service/course.js:6:34)
    at getCourseType (/Users/qinggchu/Desktop/Wangzhzh/reactpo/server/app/controller/course.js:7:39)
    at dispatch (/Users/qinggchu/Desktop/Wangzhzh/reactpo/server/node_modules/koa-router/node_modules/koa-compose/index.js:44:32)
    at next (/Users/qinggchu/Desktop/Wangzhzh/reactpo/server/node_modules/koa-router/node_modules/koa-compose/index.js:45:18)
    at /Users/qinggchu/Desktop/Wangzhzh/reactpo/server/node_modules/koa-router/lib/router.js:346:16
    at dispatch (/Users/qinggchu/Desktop/Wangzhzh/reactpo/server/node_modules/koa-router/node_modules/koa-compose/index.js:44:32)
    at /Users/qinggchu/Desktop/Wangzhzh/reactpo/server/node_modules/koa-router/node_modules/koa-compose/index.js:36:12
    at dispatch (/Users/qinggchu/Desktop/Wangzhzh/reactpo/server/node_modules/koa-router/lib/router.js:351:31)
    at dispatch (/Users/qinggchu/Desktop/Wangzhzh/reactpo/server/node_modules/koa-compose/index.js:42:32)
[2020-01-13T22:25:51.484] [ERROR] application - TypeError: query is not a function
    at Object.getCourseType (/Users/qinggchu/Desktop/Wangzhzh/reactpo/server/app/model/course.js:6:22)
    at Object.getCourseType (/Users/qinggchu/Desktop/Wangzhzh/reactpo/server/app/service/course.js:6:34)
    at getCourseType (/Users/qinggchu/Desktop/Wangzhzh/reactpo/server/app/controller/course.js:7:39)
    at dispatch (/Users/qinggchu/Desktop/Wangzhzh/reactpo/server/node_modules/koa-router/node_modules/koa-compose/index.js:44:32)
    at next (/Users/qinggchu/Desktop/Wangzhzh/reactpo/server/node_modules/koa-router/node_modules/koa-compose/index.js:45:18)
    at /Users/qinggchu/Desktop/Wangzhzh/reactpo/server/node_modules/koa-router/lib/router.js:346:16
    at dispatch (/Users/qinggchu/Desktop/Wangzhzh/reactpo/server/node_modules/koa-router/node_modules/koa-compose/index.js:44:32)
    at /Users/qinggchu/Desktop/Wangzhzh/reactpo/server/node_modules/koa-router/node_modules/koa-compose/index.js:36:12
    at dispatch (/Users/qinggchu/Desktop/Wangzhzh/reactpo/server/node_modules/koa-router/lib/router.js:351:31)
    at dispatch (/Users/qinggchu/Desktop/Wangzhzh/reactpo/server/node_modules/koa-compose/index.js:42:32)
[2020-01-13T22:31:11.457] [ERROR] application - TypeError: query is not a function
    at Object.getCourseType (/Users/qinggchu/Desktop/Wangzhzh/reactpo/server/app/model/course.js:6:22)
    at Object.getCourseType (/Users/qinggchu/Desktop/Wangzhzh/reactpo/server/app/service/course.js:6:34)
    at getCourseType (/Users/qinggchu/Desktop/Wangzhzh/reactpo/server/app/controller/course.js:7:39)
    at dispatch (/Users/qinggchu/Desktop/Wangzhzh/reactpo/server/node_modules/koa-router/node_modules/koa-compose/index.js:44:32)
    at next (/Users/qinggchu/Desktop/Wangzhzh/reactpo/server/node_modules/koa-router/node_modules/koa-compose/index.js:45:18)
    at /Users/qinggchu/Desktop/Wangzhzh/reactpo/server/node_modules/koa-router/lib/router.js:346:16
    at dispatch (/Users/qinggchu/Desktop/Wangzhzh/reactpo/server/node_modules/koa-router/node_modules/koa-compose/index.js:44:32)
    at /Users/qinggchu/Desktop/Wangzhzh/reactpo/server/node_modules/koa-router/node_modules/koa-compose/index.js:36:12
    at dispatch (/Users/qinggchu/Desktop/Wangzhzh/reactpo/server/node_modules/koa-router/lib/router.js:351:31)
    at dispatch (/Users/qinggchu/Desktop/Wangzhzh/reactpo/server/node_modules/koa-compose/index.js:42:32)
