[2019-12-17T18:58:18.619] [INFO] user - { name: undefined,
  url: '/stu/stuLogin',
  body: { name: 'admin', password: '123456' } }
[2019-12-17T18:59:13.157] [INFO] user - { name: undefined,
  url: '/stu/stuLogin',
  body: { name: 'admin', password: '123456' } }
[2019-12-17T18:59:40.987] [INFO] user - { name: undefined, url: '/stu/stuLogin', body: {} }
[2019-12-17T18:59:53.391] [INFO] user - { name: undefined, url: '/stu/stuLogin', body: {} }
[2019-12-17T19:00:05.145] [INFO] user - { name: undefined, url: '/stu/stuLogin', body: {} }
[2019-12-17T19:42:18.841] [INFO] user - { name: undefined,
  url: '/stu/stuLogin',
  body: { name: 'admin', password: '123456' } }
[2019-12-17T19:42:34.443] [INFO] user - { name: undefined,
  url: '/stu/stuLogin',
  body: { name: 'admin', password: '123456' } }
[2019-12-17T19:43:15.911] [INFO] user - { name: undefined,
  url: '/stu/stuLogin',
  body: { name: 'admin', password: '123456' } }
[2019-12-17T19:43:35.375] [INFO] user - { name: undefined,
  url: '/stu/stuLogin',
  body: { name: 'admin', password: '123456' } }
[2019-12-17T19:44:18.526] [INFO] user - { name: undefined,
  url: '/stu/stuLogin',
  body: { name: 'admin', password: '123456' } }
[2019-12-17T19:44:42.904] [INFO] user - { name: undefined,
  url: '/stu/stuLogin',
  body: { name: 'admin', password: '123456' } }
[2019-12-17T19:45:58.908] [INFO] user - { name: undefined,
  url: '/stu/stuLogin',
  body: { name: 'admin', password: '123456' } }
[2019-12-17T19:46:43.036] [INFO] user - { name: undefined,
  url: '/stu/stuLogin',
  body: { name: 'admin', password: '123456' } }
[2019-12-17T19:47:32.424] [INFO] user - { name: undefined,
  url: '/stu/stuLogin',
  body: { name: 'admin', password: '123456' } }
[2019-12-17T19:50:41.872] [INFO] user - { name: undefined,
  url: '/stu/stuLogin',
  body: { name: 'admin', password: '123456' } }
[2019-12-17T19:51:44.072] [INFO] user - { name: undefined,
  url: '/stu/stuLogin',
  body: { name: 'admin', password: '123456' } }
[2019-12-17T19:52:51.925] [INFO] user - { name: undefined,
  url: '/stu/stuLogin',
  body: { name: 'admin', password: '123456' } }
[2019-12-17T19:53:12.347] [INFO] user - { name: 'admin',
  url: '/stu/stuLogin',
  body: { name: 'admin', password: '123456' } }
[2019-12-17T19:53:46.549] [INFO] user - { name: 'admin',
  url: '/stu/stuLogin',
  body: { name: 'admin', password: '123456' } }
[2019-12-17T20:07:35.713] [INFO] user - { name: 'admin',
  url: '/stu/stuLogin',
  body: { name: 'admin', password: '123456' } }
[2019-12-17T20:07:38.947] [INFO] user - { name: 'admin',
  url: '/stu/stuLogin',
  body: { name: 'admin', password: '123456' } }
[2019-12-17T20:07:39.746] [INFO] user - { name: 'admin',
  url: '/stu/stuLogin',
  body: { name: 'admin', password: '123456' } }
[2019-12-17T20:12:44.321] [INFO] user - { name: 'admin',
  url: '/stu/stuLogin',
  body: { name: 'admin', password: '123456' } }
[2019-12-17T20:13:33.490] [INFO] user - { name: 'admin',
  url: '/stu/stuLogin',
  body: { name: 'admin', password: '1234562' } }
[2019-12-17T20:14:35.274] [INFO] user - { name: 'admin',
  url: '/stu/stuLogin',
  body: { name: 'admin', password: '1234562' } }
[2019-12-17T20:14:36.921] [INFO] user - { name: 'admin',
  url: '/stu/stuLogin',
  body: { name: 'admin', password: '1234562' } }
[2019-12-17T20:15:39.866] [INFO] user - { name: 'admin',
  url: '/stu/stuLogin',
  body: { name: 'admin', password: '1234562' } }
[2019-12-17T20:16:03.935] [INFO] user - { name: 'admin',
  url: '/stu/stuLogin',
  body: { name: 'admin', password: '1234562' } }
[2019-12-17T20:16:26.711] [INFO] user - { name: 'admin',
  url: '/stu/stuLogin',
  body: { name: 'admin', password: '1234562' } }
[2019-12-17T20:16:39.703] [INFO] user - { name: 'admin',
  url: '/stu/stuLogin',
  body: { name: 'admin', password: '1234562' } }
[2019-12-17T20:16:57.586] [INFO] user - { name: 'admin',
  url: '/stu/stuLogin',
  body: { name: 'admin', password: '1234562' } }
[2019-12-17T20:17:52.810] [INFO] user - { name: 'admin',
  url: '/stu/stuLogin',
  body: { name: 'admin', password: '1234562' } }
[2019-12-17T20:20:07.510] [INFO] user - { name: 'admin',
  url: '/stu/stuLogin',
  body: { name: 'admin', password: '1234562' } }
[2019-12-17T20:20:59.857] [INFO] user - { name: 'admin',
  url: '/stu/stuLogin',
  body: { name: 'admin', password: '1234562' } }
[2019-12-17T20:21:08.827] [INFO] user - { name: 'admin',
  url: '/stu/stuLogin',
  body: { name: 'admin', password: '123456' } }
[2019-12-17T20:21:13.799] [INFO] user - { name: 'admin',
  url: '/stu/stuLogin',
  body: { name: 'admin', password: '123456' } }
[2019-12-17T20:21:56.076] [INFO] user - { name: 'admin',
  url: '/stu/stuLogin',
  body: { name: 'admin', password: '1234567' } }
[2019-12-17T20:22:05.141] [INFO] user - { name: 'admin',
  url: '/stu/stuLogin',
  body: { name: 'admin', password: '1234567' } }
[2019-12-17T20:22:06.192] [INFO] user - { name: 'admin',
  url: '/stu/stuLogin',
  body: { name: 'admin', password: '1234567' } }
[2019-12-17T20:22:20.737] [INFO] user - { name: 'admin',
  url: '/stu/stuLogin',
  body: { name: 'admin', password: '123456' } }
[2019-12-17T20:22:37.395] [INFO] user - { name: 'admin',
  url: '/stu/stuLogin',
  body: { name: 'admin', password: '123456' } }
[2019-12-17T20:23:02.718] [INFO] user - { name: 'admin',
  url: '/stu/stuLogin',
  body: { name: 'admin', password: '123456' } }
[2019-12-17T20:23:25.671] [INFO] user - { name: 'admin',
  url: '/stu/stuLogin',
  body: { name: 'admin', password: '123456' } }
[2019-12-17T20:23:31.798] [INFO] user - { name: 'admin',
  url: '/stu/stuLogin',
  body: { name: 'admin', password: '1234564' } }
[2019-12-17T20:24:02.820] [INFO] user - { name: 'admin',
  url: '/stu/stuLogin',
  body: { name: 'admin', password: '1234564' } }
[2019-12-17T20:24:14.269] [INFO] user - { name: 'admin',
  url: '/stu/stuLogin',
  body: { name: 'admin2', password: '123456' } }
[2019-12-17T20:51:36.273] [INFO] user - { name: 'admin',
  url: '/stu/addStudent',
  body: { name: 'admin2', password: '123456' } }
[2019-12-17T20:52:51.318] [INFO] user - { name: 'admin',
  url: '/stu/addStudent',
  body:
   { student_name: 'admin',
     student_type: '2',
     student_course: '1',
     adress: '新西兰' } }
[2019-12-17T20:53:12.165] [INFO] user - { name: 'admin',
  url: '/stu/addStudent',
  body:
   { student_name: 'admin',
     student_type: '2',
     student_course: '1',
     adress: '新西兰' } }
[2019-12-17T20:53:24.758] [INFO] user - { name: 'admin',
  url: '/stu/addStudent',
  body:
   { student_name: 'admin',
     student_type: '2',
     student_course: '1',
     adress: '新西兰' } }
[2019-12-17T20:55:53.627] [INFO] user - { name: 'admin',
  url: '/stu/addStudent',
  body:
   { student_name: 'admin',
     student_type: '2',
     student_course: '1',
     adress: '新西兰' } }
[2019-12-17T20:56:44.268] [INFO] user - { name: 'admin',
  url: '/stu/addStudent',
  body:
   { student_name: 'admin',
     student_type: '2',
     student_course: '1',
     adress: '新西兰' } }
[2019-12-17T20:56:51.445] [INFO] user - { name: 'admin',
  url: '/stu/addStudent',
  body:
   { student_name: 'admin',
     student_type: '2',
     student_course: '1',
     adress: '新西兰' } }
[2019-12-17T20:57:32.363] [INFO] user - { name: 'admin',
  url: '/stu/addStudent',
  body:
   { student_name: 'admin',
     student_type: '2',
     student_course: '1',
     adress: '新西兰' } }
[2019-12-17T20:57:47.622] [INFO] user - { name: 'admin',
  url: '/stu/addStudent',
  body:
   { student_name: 'admin',
     student_type: '2',
     student_course: '1',
     adress: '新西兰' } }
[2019-12-17T21:00:24.097] [INFO] user - { name: 'admin',
  url: '/stu/addStudent',
  body:
   { student_name: 'admin',
     student_type: '2',
     student_course: '1',
     adress: '新西兰' } }
[2019-12-17T21:00:27.653] [INFO] user - { name: 'admin',
  url: '/stu/addStudent',
  body:
   { student_name: 'admin',
     student_type: '2',
     student_course: '1',
     adress: '新西兰' } }
[2019-12-17T21:02:17.829] [INFO] user - { name: 'admin',
  url: '/stu/addStudent',
  body:
   { student_name: 'admin',
     student_type: '2',
     student_course: '1',
     adress: '新西兰' } }
[2019-12-17T21:02:25.331] [INFO] user - { name: 'admin',
  url: '/stu/addStudent',
  body:
   { student_name: 'wzz',
     student_type: '2',
     student_course: '1',
     adress: '新西兰' } }
[2019-12-17T21:02:59.395] [INFO] user - { name: 'admin',
  url: '/stu/addStudent',
  body:
   { student_name: 'wzz',
     student_type: '2',
     student_course: '1',
     adress: '新西兰' } }
[2019-12-17T21:03:32.117] [INFO] user - { name: 'admin',
  url: '/stu/addStudent',
  body:
   { student_name: 'wzz',
     student_type: '2',
     student_course: '1',
     adress: '新西兰' } }
[2019-12-17T21:03:55.982] [INFO] user - { name: 'admin',
  url: '/stu/addStudent',
  body:
   { student_name: 'wzz',
     student_type: '2',
     student_course: '1',
     adress: '新西兰' } }
[2019-12-17T21:04:20.921] [INFO] user - { name: 'admin',
  url: '/stu/addStudent',
  body:
   { student_name: 'wzz',
     student_type: '2',
     student_course: '1',
     adress: '新西兰' } }
[2019-12-17T21:04:28.108] [INFO] user - { name: 'admin',
  url: '/stu/addStudent',
  body:
   { student_name: 'wzz',
     student_type: '2',
     student_course: '1',
     adress: '新西兰' } }
[2019-12-17T21:04:53.257] [INFO] user - { name: 'admin',
  url: '/stu/addStudent',
  body:
   { student_name: 'wzz',
     student_type: '2',
     student_course: '1',
     adress: '新西兰' } }
[2019-12-17T21:04:58.766] [INFO] user - { name: 'admin',
  url: '/stu/addStudent',
  body:
   { student_name: 'admin',
     student_type: '2',
     student_course: '1',
     adress: '新西兰' } }
[2019-12-17T21:06:17.191] [INFO] user - { name: 'admin',
  url: '/stu/addStudent',
  body:
   { student_name: 'admin',
     student_type: '2',
     student_course: '1',
     adress: '新西兰' } }
[2019-12-17T21:06:27.004] [INFO] user - { name: 'admin',
  url: '/stu/addStudent',
  body:
   { student_name: 'admin',
     student_type: '2',
     course_id: '1',
     adress: '新西兰' } }
[2019-12-17T21:06:31.567] [INFO] user - { name: 'admin',
  url: '/stu/addStudent',
  body:
   { student_name: 'wzz',
     student_type: '2',
     course_id: '1',
     adress: '新西兰' } }
[2019-12-17T21:08:27.157] [INFO] user - { name: 'admin',
  url: '/stu/addStudent',
  body:
   { student_name: 'wzz',
     student_type: '2',
     course_id: '1',
     adress: '新西兰' } }
[2019-12-17T21:23:26.368] [INFO] user - { name: 'admin',
  url: '/stu/addStudent',
  body:
   { student_name: 'wzz',
     student_type: '2',
     course_id: '1',
     adress: '新西兰',
     student_id: '1' } }
[2019-12-17T21:24:37.380] [INFO] user - { name: 'admin',
  url: '/stu/updateStu',
  body:
   { student_name: 'wzz',
     student_type: '2',
     course_id: '1',
     adress: '新西兰',
     student_id: '1' } }
[2019-12-17T21:25:28.235] [INFO] user - { name: 'admin',
  url: '/stu/updateStu',
  body:
   { student_name: 'wzz',
     student_type: '2',
     course_id: '1',
     adress: '新西兰',
     student_id: '1' } }
[2019-12-17T21:25:46.102] [INFO] user - { name: 'admin',
  url: '/stu/updateStu',
  body:
   { student_name: 'wzz',
     student_type: '2',
     course_id: '1',
     adress: '新西兰',
     student_id: '1' } }
[2019-12-17T21:26:03.561] [INFO] user - { name: 'admin',
  url: '/stu/updateStu',
  body:
   { student_name: 'wzz',
     student_type: '2',
     course_id: '1',
     adress: '新西兰',
     student_id: '1' } }
[2019-12-17T21:26:24.269] [INFO] user - { name: 'admin',
  url: '/stu/updateStu',
  body:
   { student_name: 'wzz',
     student_type: '2',
     course_id: '1',
     adress: '新西兰',
     student_id: '1' } }
[2019-12-17T21:26:58.856] [INFO] user - { name: 'admin',
  url: '/stu/updateStu',
  body:
   { student_name: 'wzz',
     student_type: '2',
     course_id: '1',
     adress: '新西兰',
     student_id: '1' } }
[2019-12-17T21:27:13.301] [INFO] user - { name: 'admin',
  url: '/stu/updateStu',
  body:
   { student_name: 'wzz',
     student_type: '2',
     course_id: '1',
     adress: '新西兰',
     student_id: '1' } }
[2019-12-17T21:27:59.443] [INFO] user - { name: 'admin',
  url: '/stu/updateStu',
  body:
   { student_name: 'wzz',
     student_type: '2',
     course_id: '1',
     adress: '新西兰',
     student_id: '1' } }
[2019-12-17T21:28:46.471] [INFO] user - { name: 'admin',
  url: '/stu/updateStu',
  body:
   { student_name: 'wzz',
     student_type: '2',
     course_id: '1',
     adress: '新西兰',
     student_id: '1' } }
[2019-12-17T21:29:52.877] [INFO] user - { name: 'admin',
  url: '/stu/updateStu',
  body:
   { student_name: 'admin',
     student_type: '2',
     course_id: '1',
     adress: '新西兰',
     student_id: '1' } }
[2019-12-17T21:30:47.674] [INFO] user - { name: 'admin',
  url: '/stu/updateStu',
  body:
   { student_name: 'wzz',
     student_type: '2',
     course_id: '1',
     adress: '新西兰',
     student_id: '1' } }
[2019-12-17T21:30:56.747] [INFO] user - { name: 'admin',
  url: '/stu/updateStu',
  body:
   { student_name: 'wzz1',
     student_type: '2',
     course_id: '1',
     adress: '新西兰',
     student_id: '1' } }
