[2020-03-12T13:35:21.519] [INFO] user - { name: undefined,
  url: '/stu/stuLogin',
  body: { name: 'admin', password: '123456' } }
[2020-03-12T13:35:25.747] [INFO] user - { name: 'admin',
  url: '/inter/findInterviewsByMonth',
  body: { interview_date: '2020-03-12T00:35:25.722Z' } }
[2020-03-12T13:35:31.869] [INFO] user - { name: 'admin',
  url: '/inter/findInterviewsByMonth',
  body: { interview_date: '2020-03-18T00:35:25.579Z' } }
[2020-03-12T13:35:59.585] [INFO] user - { name: 'admin',
  url: '/inter/findInterviewsByMonth',
  body: { interview_date: '2020-03-12T00:35:59.550Z' } }
[2020-03-12T13:36:53.423] [INFO] user - { name: 'admin',
  url: '/inter/findInterviewsByMonth',
  body: { interview_date: '2020-03-12T00:36:53.395Z' } }
[2020-03-12T13:37:04.428] [INFO] user - { name: 'admin',
  url: '/inter/findInterviewsByMonth',
  body: { interview_date: '2020-03-12T00:37:04.400Z' } }
[2020-03-12T13:37:49.443] [INFO] user - { name: 'admin',
  url: '/inter/findInterviewsByMonth',
  body: { interview_date: '2020-03-12T00:37:49.413Z' } }
[2020-03-12T13:43:18.302] [INFO] user - { name: 'admin',
  url: '/inter/findInterviewsByMonth',
  body: { interview_date: '2020-03-14T00:37:49.010Z' } }
[2020-03-12T13:49:13.335] [INFO] user - { name: 'admin',
  url: '/inter/addInterview',
  body:
   { student_id: 44,
     interview_date: '2020-03-14T00:48:54.059Z',
     interview_type: '测试',
     remarks: 'dsdsdsds' } }
[2020-03-12T13:49:13.401] [INFO] user - { name: 'admin',
  url: '/inter/findInterviewsByMonth',
  body: { interview_date: '2020-03-01T00:00:00.000Z' } }
[2020-03-12T13:50:10.785] [INFO] user - { name: 'admin',
  url: '/inter/findInterviewsByMonth',
  body: { interview_date: '2020-03-13T00:37:49.010Z' } }
[2020-03-12T13:55:11.467] [INFO] user - { name: 'admin',
  url: '/stu/updateStu',
  body:
   { student_name: 'eric',
     student_type: '2',
     course_id: 1,
     adress: '新西兰',
     student_id: '32' } }
[2020-03-12T13:55:33.951] [INFO] user - { name: 'admin',
  url: '/stu/addStudent',
  body:
   { student_name: 'hanhan',
     student_type: '1',
     course_id: 1,
     adress: '国内' } }
[2020-03-12T14:04:13.157] [INFO] user - { name: 'admin',
  url: '/course/updateCourse',
  body:
   { name: 'ios第5课',
     vid: '121',
     homework: 'test',
     typeId: '2',
     id: '28' } }
[2020-03-12T14:04:26.607] [INFO] user - { name: 'admin',
  url: '/inter/findInterviewsByMonth',
  body: { interview_date: '2020-03-12T01:04:26.587Z' } }
[2020-03-12T14:04:35.243] [INFO] user - { name: 'admin',
  url: '/inter/findInterviewsByMonth',
  body: { interview_date: '2020-03-06T01:04:26.455Z' } }
[2020-03-12T14:07:31.417] [INFO] user - { name: 'admin',
  url: '/inter/findInterviewsByMonth',
  body: { interview_date: '2020-03-12T01:07:31.370Z' } }
[2020-03-12T14:07:36.875] [INFO] user - { name: 'admin',
  url: '/inter/findInterviewsByMonth',
  body: { interview_date: '2020-03-12T01:07:36.859Z' } }
[2020-03-12T14:11:54.858] [INFO] user - { name: 'admin',
  url: '/inter/findInterviewsByMonth',
  body: { interview_date: '2020-03-12T01:11:54.832Z' } }
[2020-03-12T14:12:06.933] [INFO] user - { name: 'admin',
  url: '/inter/findInterviewsByMonth',
  body: { interview_date: '2020-03-12T01:12:06.902Z' } }
[2020-03-12T14:12:40.941] [INFO] user - { name: 'admin',
  url: '/inter/findInterviewsByMonth',
  body: { interview_date: '2020-03-12T01:12:40.906Z' } }
[2020-03-12T14:13:09.406] [INFO] user - { name: 'admin',
  url: '/inter/findInterviewsByMonth',
  body: { interview_date: '2020-03-12T01:13:09.379Z' } }
[2020-03-12T14:13:12.717] [INFO] user - { name: 'admin',
  url: '/inter/findInterviewsByMonth',
  body: { interview_date: '2020-03-18T01:13:08.981Z' } }
[2020-03-12T14:16:36.366] [INFO] user - { name: 'admin',
  url: '/inter/findInterviewsByMonth',
  body: { interview_date: '2020-03-12T01:16:36.344Z' } }
[2020-03-12T14:17:17.216] [INFO] user - { name: 'admin',
  url: '/inter/findInterviewsByMonth',
  body: { interview_date: '2020-03-12T01:17:17.175Z' } }
[2020-03-12T14:17:37.128] [INFO] user - { name: 'admin',
  url: '/inter/findInterviewsByMonth',
  body: { interview_date: '2020-03-12T01:17:37.092Z' } }
[2020-03-12T14:20:28.598] [INFO] user - { name: 'admin',
  url: '/inter/findInterviewsByMonth',
  body: { interview_date: '2020-03-12T01:20:28.561Z' } }
[2020-03-12T14:20:30.778] [INFO] user - { name: 'admin',
  url: '/inter/findInterviewsByMonth',
  body: { interview_date: '2020-03-12T01:20:30.752Z' } }
[2020-03-12T14:21:57.732] [INFO] user - { name: 'admin',
  url: '/inter/findInterviewsByMonth',
  body: { interview_date: '2020-03-12T01:21:57.703Z' } }
[2020-03-12T14:22:06.802] [INFO] user - { name: 'admin',
  url: '/inter/findInterviewsByMonth',
  body: { interview_date: '2020-03-12T01:22:06.773Z' } }
[2020-03-12T14:24:00.990] [INFO] user - { name: 'admin',
  url: '/inter/findInterviewsByMonth',
  body: { interview_date: '2020-03-12T01:24:00.943Z' } }
[2020-03-12T14:24:06.457] [INFO] user - { name: 'admin',
  url: '/inter/findInterviewsByMonth',
  body: { interview_date: '2020-03-21T01:24:00.803Z' } }
[2020-03-12T14:24:32.913] [INFO] user - { name: 'admin',
  url: '/inter/findInterviewsByMonth',
  body: { interview_date: '2020-03-12T01:24:32.880Z' } }
[2020-03-12T14:25:11.883] [INFO] user - { name: 'admin',
  url: '/inter/findInterviewsByMonth',
  body: { interview_date: '2020-03-12T01:25:11.837Z' } }
[2020-03-12T14:25:25.943] [INFO] user - { name: 'admin',
  url: '/inter/findInterviewsByMonth',
  body: { interview_date: '2020-03-12T01:25:25.893Z' } }
[2020-03-12T14:25:40.797] [INFO] user - { name: 'admin',
  url: '/inter/findInterviewsByMonth',
  body: { interview_date: '2020-03-12T01:25:40.750Z' } }
[2020-03-12T14:29:44.432] [INFO] user - { name: 'admin',
  url: '/inter/findInterviewsByMonth',
  body: { interview_date: '2020-03-12T01:29:44.383Z' } }
[2020-03-12T14:29:48.634] [INFO] user - { name: 'admin',
  url: '/inter/findInterviewsByMonth',
  body: { interview_date: '2020-03-01T00:00:00.000Z' } }
[2020-03-12T14:30:49.164] [INFO] user - { name: 'admin',
  url: '/inter/findInterviewsByMonth',
  body: { interview_date: '2020-03-12T01:30:49.122Z' } }
[2020-03-12T14:31:50.165] [INFO] user - { name: 'admin',
  url: '/inter/findInterviewsByMonth',
  body: { interview_date: '2020-03-12T01:31:50.136Z' } }
[2020-03-12T14:31:51.307] [INFO] user - { name: 'admin',
  url: '/inter/findInterviewsByMonth',
  body: { interview_date: '2020-03-20T01:31:49.981Z' } }
[2020-03-12T14:31:55.863] [INFO] user - { name: 'admin',
  url: '/inter/findInterviewsByMonth',
  body: { interview_date: '2020-03-19T01:31:49.981Z' } }
[2020-03-12T14:32:12.454] [INFO] user - { name: 'admin',
  url: '/inter/addInterview',
  body:
   { student_id: 52,
     interview_date: '2020-03-12T01:32:02.737Z',
     interview_type: 'hanhan',
     remarks: 'dsdsd' } }
[2020-03-12T14:32:12.499] [INFO] user - { name: 'admin',
  url: '/inter/findInterviewsByMonth',
  body: { interview_date: '2020-03-01T00:00:00.000Z' } }
[2020-03-12T14:32:28.720] [INFO] user - { name: 'admin',
  url: '/inter/findInterviewsByMonth',
  body: { interview_date: '2020-02-19T01:31:49.981Z' } }
[2020-03-12T14:32:32.898] [INFO] user - { name: 'admin',
  url: '/inter/findInterviewsByMonth',
  body: { interview_date: '2020-01-19T01:31:49.981Z' } }
[2020-03-12T14:32:43.435] [INFO] user - { name: 'admin',
  url: '/inter/findInterviewsByMonth',
  body: { interview_date: '2020-02-19T01:31:49.981Z' } }
[2020-03-12T14:32:44.825] [INFO] user - { name: 'admin',
  url: '/inter/findInterviewsByMonth',
  body: { interview_date: '2020-03-19T01:31:49.981Z' } }
[2020-03-12T14:32:47.594] [INFO] user - { name: 'admin',
  url: '/inter/findInterviewsByMonth',
  body: { interview_date: '2020-04-19T02:31:49.981Z' } }
[2020-03-12T14:32:49.775] [INFO] user - { name: 'admin',
  url: '/inter/findInterviewsByMonth',
  body: { interview_date: '2020-01-19T01:31:49.981Z' } }
[2020-03-12T14:41:24.915] [INFO] user - { name: undefined,
  url: '/stu/stuLogin',
  body: { name: 'admin', password: '123456' } }
[2020-03-12T14:41:27.016] [INFO] user - { name: 'admin',
  url: '/inter/findInterviewsByMonth',
  body: { interview_date: '2020-03-12T01:41:26.990Z' } }
[2020-03-12T16:01:24.266] [INFO] user - { name: undefined,
  url: '/stu/stuLogin',
  body: { name: 'glad', password: '123456' } }
[2020-03-12T16:12:58.439] [INFO] user - { name: undefined,
  url: '/teacher/teaLogin',
  body: { name: 'admin', password: '123456' } }
[2020-03-12T16:13:08.897] [INFO] user - { name: undefined,
  url: '/teacher/teaLogin',
  body: { name: 'glad', password: '123456' } }
[2020-03-12T16:13:20.390] [INFO] user - { name: 'glad',
  url: '/inter/findInterviewsByMonth',
  body: { interview_date: '2020-03-12T03:13:20.363Z' } }
[2020-03-12T16:14:27.771] [INFO] user - { name: 'glad',
  url: '/inter/findInterviewsByMonth',
  body: { interview_date: '2020-03-12T03:14:27.741Z' } }
[2020-03-12T16:14:38.177] [INFO] user - { name: 'glad',
  url: '/teacher/teaLogin',
  body: { name: 'glad', password: '1212' } }
[2020-03-12T16:14:42.967] [INFO] user - { name: 'glad',
  url: '/teacher/teaLogin',
  body: { name: 'glad', password: '123456' } }
[2020-03-12T18:48:02.655] [INFO] user - { name: undefined,
  url: '/stu/stuLogin',
  body: { name: 'glad', password: '123456' } }
[2020-03-12T18:48:08.282] [INFO] user - { name: 'glad',
  url: '/inter/findInterviewsByMonth',
  body: { interview_date: '2020-03-12T05:48:08.251Z' } }
[2020-03-12T18:49:26.121] [INFO] user - { name: undefined,
  url: '/teacher/teaLogin',
  body: { name: 'glad', password: '123456' } }
[2020-03-12T18:49:33.381] [INFO] user - { name: 'glad',
  url: '/inter/findInterviewsByMonth',
  body: { interview_date: '2020-03-12T05:49:33.360Z' } }
[2020-03-12T19:30:44.256] [INFO] user - { name: 'glad',
  url: '/inter/findInterviewsByMonth',
  body: { interview_date: '2020-03-12T06:30:44.226Z' } }
[2020-03-12T20:03:41.549] [INFO] user - { name: undefined,
  url: '/teacher/teaLogin',
  body: { name: 'admin', password: '123456' } }
[2020-03-12T20:03:45.899] [INFO] user - { name: undefined,
  url: '/teacher/teaLogin',
  body: { name: 'glad', password: '123456' } }
[2020-03-12T20:34:25.647] [INFO] user - { name: 'glad',
  url: '/teacher/updateTeacher',
  body: { id: 1, newName: 'glad' } }
[2020-03-12T20:34:28.098] [INFO] user - { name: 'glad',
  url: '/teacher/updateTeacher',
  body: { id: 1, newName: 'glad1' } }
[2020-03-12T20:34:29.677] [INFO] user - { name: 'glad',
  url: '/teacher/updateTeacher',
  body: { id: 1, newName: 'glad1' } }
[2020-03-12T20:34:40.732] [INFO] user - { name: 'glad',
  url: '/teacher/updateTeacher',
  body: { id: 1, newName: 'glad11212' } }
[2020-03-12T20:35:28.937] [INFO] user - { name: 'glad',
  url: '/teacher/updateTeacher',
  body: { id: 1, newName: 'glad11212' } }
[2020-03-12T20:36:08.168] [INFO] user - { name: 'glad',
  url: '/teacher/updateTeacher',
  body: { id: 1, newName: 'glad1121221' } }
[2020-03-12T20:36:25.000] [INFO] user - { name: 'glad',
  url: '/teacher/updateTeacher',
  body: { id: 1, newName: 'glad' } }
[2020-03-12T20:36:43.658] [INFO] user - { name: 'glad',
  url: '/teacher/updateTeacher',
  body: { id: 1, newName: 'glad11212455' } }
[2020-03-12T20:36:54.277] [INFO] user - { name: 'glad',
  url: '/teacher/updateTeacher',
  body: { id: 1, newName: 'glad11212455' } }
[2020-03-12T20:36:56.816] [INFO] user - { name: 'glad',
  url: '/teacher/updateTeacher',
  body: { id: 1, newName: 'glad1121245522' } }
[2020-03-12T20:38:27.440] [INFO] user - { name: 'glad',
  url: '/teacher/updateTeacher',
  body: { id: 1, newName: 'glad' } }
[2020-03-12T20:38:57.583] [INFO] user - { name: 'glad',
  url: '/teacher/updateTeacher',
  body: { id: 1, newName: 'glad1' } }
[2020-03-12T20:39:08.681] [INFO] user - { name: 'glad',
  url: '/teacher/updateTeacher',
  body: { id: 1, newName: 'glad' } }
[2020-03-12T21:03:10.575] [INFO] user - { name: 'glad',
  url: '/teacher/updateTeacher',
  body: { id: 2, newName: 'admin1' } }
[2020-03-12T21:04:09.988] [INFO] user - { name: undefined,
  url: '/teacher/teaLogin',
  body: { name: 'glad', password: '123456' } }
[2020-03-12T21:04:18.011] [INFO] user - { name: 'glad',
  url: '/teacher/updateTeacher',
  body: { id: 2, newName: 'admin' } }
[2020-03-12T21:04:41.253] [INFO] user - { name: 'glad',
  url: '/teacher/updateTeacher',
  body: { id: 2, newName: 'admin1' } }
[2020-03-12T21:05:03.004] [INFO] user - { name: 'glad',
  url: '/teacher/updateTeacher',
  body: { id: 2, newName: 'admin' } }
[2020-03-12T21:05:57.545] [INFO] user - { name: 'glad',
  url: '/teacher/updateTeacher',
  body: { id: 2, newName: 'admin1' } }
[2020-03-12T21:08:13.864] [INFO] user - { name: 'glad',
  url: '/teacher/updateTeacher',
  body: { id: 2, newName: 'admin' } }
[2020-03-12T21:08:33.627] [INFO] user - { name: 'glad',
  url: '/teacher/updateTeacher',
  body: { id: 2, newName: 'admin' } }
[2020-03-12T21:08:45.399] [INFO] user - { name: 'glad',
  url: '/teacher/updateTeacher',
  body: { id: 2, newName: 'admin1' } }
[2020-03-12T21:11:47.026] [INFO] user - { name: 'glad',
  url: '/teacher/updateTeacher',
  body: { id: 2, newName: 'admin1' } }
[2020-03-12T21:11:49.365] [INFO] user - { name: 'glad',
  url: '/teacher/updateTeacher',
  body: { id: 2, newName: 'admin' } }
[2020-03-12T21:13:32.256] [INFO] user - { name: 'glad',
  url: '/stu/stuLogin',
  body: { name: 'eric', password: '123456' } }
[2020-03-12T21:13:35.412] [INFO] user - { name: 'eric',
  url: '/inter/findInterviewsByMonth',
  body: { interview_date: '2020-03-12T08:13:35.387Z' } }
[2020-03-12T21:45:28.068] [INFO] user - { name: 'eric',
  url: '/inter/findInterviewsByMonth',
  body: { interview_date: '2020-03-12T08:45:28.040Z' } }
[2020-03-12T21:45:29.164] [INFO] user - { name: 'eric',
  url: '/inter/findInterviewsByMonth',
  body: { interview_date: '2020-03-18T08:45:27.904Z' } }
[2020-03-12T21:45:40.149] [INFO] user - { name: 'eric',
  url: '/inter/addInterview',
  body:
   { student_id: 32,
     interview_date: '2020-03-12T08:45:36.134Z',
     interview_type: '测试',
     remarks: 'ewewe' } }
[2020-03-12T21:45:40.193] [INFO] user - { name: 'eric',
  url: '/inter/findInterviewsByMonth',
  body: { interview_date: '2020-03-01T00:00:00.000Z' } }
[2020-03-12T21:55:54.509] [INFO] user - { name: 'eric',
  url: '/teacher/addTeacher',
  body: { type: 1, name: 'wangzhzh' } }
[2020-03-12T21:56:02.718] [INFO] user - { name: 'eric',
  url: '/inter/findInterviewsByMonth',
  body: { interview_date: '2020-03-12T08:56:02.692Z' } }
[2020-03-12T21:56:30.012] [INFO] user - { name: 'eric',
  url: '/teacher/addTeacher',
  body: { type: 1, name: 'wangzhzh' } }
[2020-03-12T21:57:23.941] [INFO] user - { name: 'eric',
  url: '/teacher/addTeacher',
  body: { type: 1, name: 'admin' } }
[2020-03-12T21:57:27.970] [INFO] user - { name: 'eric',
  url: '/teacher/addTeacher',
  body: { type: 1, name: 'hha' } }
[2020-03-12T21:57:47.913] [INFO] user - { name: 'eric',
  url: '/teacher/addTeacher',
  body: { type: 1, name: 'haha' } }
[2020-03-12T21:58:10.133] [INFO] user - { name: 'eric',
  url: '/teacher/addTeacher',
  body: { type: 1, name: 'wangzhzh' } }
[2020-03-12T21:59:01.636] [INFO] user - { name: 'eric',
  url: '/teacher/addTeacher',
  body: { type: 1, name: 'wz' } }
[2020-03-12T22:03:18.384] [INFO] user - { name: 'eric',
  url: '/teacher/addTeacher',
  body: { type: 1, name: 'hui' } }
[2020-03-12T22:05:32.735] [INFO] user - { name: 'eric',
  url: '/inter/findInterviewsByMonth',
  body: { interview_date: '2020-03-12T09:05:32.709Z' } }
[2020-03-12T22:05:56.353] [INFO] user - { name: 'eric',
  url: '/inter/findInterviewsByMonth',
  body: { interview_date: '2020-03-12T09:05:56.321Z' } }
[2020-03-12T22:06:01.293] [INFO] user - { name: 'eric',
  url: '/inter/findInterviewsByMonth',
  body: { interview_date: '2020-03-12T09:06:01.251Z' } }
