[2020-04-13T19:51:26.086] [INFO] user - { name: undefined,
  url: '/teacher/teaLogin',
  body: { name: 'wzz', password: 'admin' } }
[2020-04-13T19:51:30.273] [INFO] user - { name: undefined,
  url: '/teacher/teaLogin',
  body: { name: 'wzz', password: 'admin' } }
[2020-04-13T19:51:37.128] [INFO] user - { name: undefined,
  url: '/teacher/teaLogin',
  body: { name: 'wangzhzh', password: 'admin' } }
[2020-04-13T19:52:00.996] [INFO] user - { name: 'wangzhzh',
  url: '/inter/findInterviewsByMonth',
  body: { interview_date: '2020-04-13T07:52:00.971Z' } }
[2020-04-13T19:52:04.240] [INFO] user - { name: 'wangzhzh',
  url: '/inter/findInterviewsByMonth',
  body: { interview_date: '2020-04-13T07:52:04.223Z' } }
[2020-04-13T20:44:45.575] [INFO] user - { name: undefined,
  url: '/teacher/teaLogin',
  body: { name: 'wangzhzh', password: 'admin' } }
[2020-04-13T20:46:07.328] [INFO] user - { name: 'wangzhzh',
  url: '/teacher/teaLogin',
  body: { name: 'wangzhzh', password: 'admin' } }
