[2020-03-20T00:17:29.928] [INFO] user - { name: 'glad',
  url: '/teacher/teaLogin',
  body: { name: 'glad', password: 'admin' } }
[2020-03-20T00:18:20.888] [INFO] user - { name: 'glad',
  url: '/teacher/teaLogin',
  body: { name: 'glad', password: 'admin' } }
[2020-03-20T01:40:56.789] [INFO] user - { name: undefined,
  url: '/teacher/teaLogin',
  body: { name: 'glad', password: 'admin' } }
[2020-03-20T01:41:40.827] [INFO] user - { name: 'glad',
  url: '/inter/findInterviewsByMonth',
  body: { interview_date: '2020-03-19T12:41:40.801Z' } }
[2020-03-20T01:41:45.699] [INFO] user - { name: 'glad',
  url: '/inter/findInterviewsByMonth',
  body: { interview_date: '2020-03-19T12:41:45.684Z' } }
[2020-03-20T01:41:48.508] [INFO] user - { name: 'glad',
  url: '/inter/findInterviewsByMonth',
  body: { interview_date: '2020-03-24T12:41:45.557Z' } }
[2020-03-20T01:43:09.012] [INFO] user - { name: 'glad',
  url: '/course/addCourse',
  body:
   { name: 'android01', vid: '1212', homework: '211', typeId: '12' } }
[2020-03-20T01:43:23.635] [INFO] user - { name: 'glad',
  url: '/course/addCourse',
  body:
   { name: '实战', vid: 'wewewe', homework: 'sdsds', typeId: '13' } }
[2020-03-20T01:43:34.297] [INFO] user - { name: 'glad',
  url: '/course/addCourse',
  body:
   { name: 'vue01', vid: 'dsdsd', homework: 'dsd', typeId: '14' } }
[2020-03-20T01:44:02.027] [INFO] user - { name: 'glad',
  url: '/course/addCourse',
  body:
   { name: 'python01',
     vid: 'dsdsd',
     homework: 'dsdsdsd',
     typeId: '14' } }
[2020-03-20T01:44:22.571] [INFO] user - { name: 'glad',
  url: '/course/addCourse',
  body:
   { name: 'python01',
     vid: 'wangzhzh',
     homework: 'lihoiu',
     typeId: '15' } }
[2020-03-20T01:44:36.655] [INFO] user - { name: 'glad',
  url: '/course/updateCourse',
  body:
   { name: 'vue02',
     vid: 'dsdsd',
     homework: 'dsdsdsd',
     typeId: '14',
     id: '35' } }
[2020-03-20T01:45:07.193] [INFO] user - { name: 'glad',
  url: '/course/addCourse',
  body:
   { name: 'angular01',
     vid: 'dsdsd',
     homework: 'dsds',
     typeId: '17' } }
[2020-03-20T01:45:43.566] [INFO] user - { name: 'glad',
  url: '/course/addCourse',
  body:
   { name: '爬虫01',
     vid: 'd\'s\'d\'s\'d',
     homework: 'dsdds',
     typeId: '20' } }
[2020-03-20T01:45:54.682] [INFO] user - { name: 'glad',
  url: '/course/addCourse',
  body:
   { name: 'bootstrap01',
     vid: 'dsds',
     homework: 'dsdsd',
     typeId: '21' } }
[2020-03-20T01:46:06.619] [INFO] user - { name: 'glad',
  url: '/course/addCourse',
  body:
   { name: 'css01', vid: 'dsdsd', homework: 'dsdd', typeId: '22' } }
[2020-03-20T01:47:01.592] [INFO] user - { name: 'glad',
  url: '/course/addCourse',
  body:
   { name: 'ts01', vid: 'ewewe', homework: 'wewwe', typeId: '27' } }
[2020-03-20T01:48:14.241] [INFO] user - { name: 'glad',
  url: '/inter/findInterviewsByMonth',
  body: { interview_date: '2020-03-19T12:48:14.224Z' } }
[2020-03-20T13:34:12.601] [INFO] user - { name: undefined,
  url: '/teacher/teaLogin',
  body: { name: 'glad', password: 'admin' } }
[2020-03-20T14:05:22.123] [INFO] user - { name: 'glad',
  url: '/course/updateCourse',
  body:
   { name: '爬虫01',
     vid: 'iu8232y832',
     homework: 'dsdds',
     typeId: '20',
     id: '38' } }
[2020-03-20T14:05:51.473] [INFO] user - { name: 'glad',
  url: '/inter/findInterviewsByMonth',
  body: { interview_date: '2020-03-20T01:05:51.452Z' } }
[2020-03-20T14:05:58.467] [INFO] user - { name: 'glad',
  url: '/inter/findInterviewsByMonth',
  body: { interview_date: '2020-03-20T01:05:58.451Z' } }
[2020-03-20T14:20:27.715] [INFO] user - { name: 'glad',
  url: '/stu/addStudent',
  body:
   { student_name: '', student_type: 1, course_id: 1, adress: '新西兰' } }
[2020-03-20T14:20:37.248] [INFO] user - { name: 'glad',
  url: '/stu/addStudent',
  body:
   { student_name: '', student_type: 1, course_id: 1, adress: '新西兰' } }
[2020-03-20T14:21:59.737] [INFO] user - { name: 'glad',
  url: '/inter/findInterviewsByMonth',
  body: { interview_date: '2020-03-20T01:21:59.716Z' } }
[2020-03-20T14:22:00.841] [INFO] user - { name: 'glad',
  url: '/inter/findInterviewsByMonth',
  body: { interview_date: '2020-03-09T01:21:59.586Z' } }
[2020-03-20T14:22:25.780] [INFO] user - { name: 'glad',
  url: '/inter/findInterviewsByMonth',
  body: { interview_date: '2020-03-20T01:22:25.744Z' } }
[2020-03-20T14:22:27.514] [INFO] user - { name: 'glad',
  url: '/inter/findInterviewsByMonth',
  body: { interview_date: '2020-03-17T01:22:25.608Z' } }
[2020-03-20T14:26:51.384] [INFO] user - { name: 'glad',
  url: '/stu/addStudent',
  body: { student_name: '', course_id: 1, adress: '新西兰' } }
[2020-03-20T14:30:11.913] [INFO] user - { name: 'glad',
  url: '/stu/addStudent',
  body: { student_name: '', course_id: 1, adress: '新西兰' } }
[2020-03-20T14:33:59.541] [INFO] user - { name: 'glad',
  url: '/stu/addStudent',
  body: { student_name: '', course_id: 1, adress: '' } }
[2020-03-20T14:34:07.244] [INFO] user - { name: 'glad',
  url: '/stu/addStudent',
  body: { student_name: '', course_id: 1, adress: '' } }
[2020-03-20T14:34:21.474] [INFO] user - { name: undefined,
  url: '/teacher/teaLogin',
  body: { name: 'glad', password: 'admin' } }
[2020-03-20T14:40:50.878] [INFO] user - { name: 'glad',
  url: '/inter/findInterviewsByMonth',
  body: { interview_date: '2020-03-20T01:40:50.854Z' } }
[2020-03-20T14:40:51.696] [INFO] user - { name: 'glad',
  url: '/inter/findInterviewsByMonth',
  body: { interview_date: '2020-03-09T01:40:50.719Z' } }
[2020-03-20T14:43:47.356] [INFO] user - { name: 'glad',
  url: '/stu/addStudent',
  body:
   { student_name: '', student_type: 1, course_id: 1, adress: '新西兰' } }
[2020-03-20T14:44:08.543] [INFO] user - { name: 'glad',
  url: '/stu/addStudent',
  body:
   { student_name: '', student_type: 1, course_id: 1, adress: '新西兰' } }
[2020-03-20T14:44:25.421] [INFO] user - { name: 'glad',
  url: '/stu/addStudent',
  body:
   { student_name: '', student_type: 1, course_id: 1, adress: '新西兰' } }
[2020-03-20T14:44:40.265] [INFO] user - { name: 'glad',
  url: '/stu/addStudent',
  body:
   { student_name: '', student_type: 1, course_id: 1, adress: '新西兰' } }
[2020-03-20T14:44:41.488] [INFO] user - { name: 'glad',
  url: '/stu/addStudent',
  body:
   { student_name: '', student_type: 1, course_id: 1, adress: '新西兰' } }
[2020-03-20T14:45:25.631] [INFO] user - { name: 'glad',
  url: '/stu/addStudent',
  body:
   { student_name: '', student_type: 1, course_id: 1, adress: '新西兰' } }
[2020-03-20T14:45:26.980] [INFO] user - { name: 'glad',
  url: '/stu/addStudent',
  body:
   { student_name: '', student_type: 1, course_id: 1, adress: '新西兰' } }
[2020-03-20T14:46:07.864] [INFO] user - { name: 'glad',
  url: '/stu/addStudent',
  body:
   { student_name: '', student_type: 1, course_id: 1, adress: '新西兰' } }
[2020-03-20T14:46:10.870] [INFO] user - { name: 'glad',
  url: '/stu/addStudent',
  body:
   { student_name: '', student_type: 1, course_id: 1, adress: '新西兰' } }
[2020-03-20T14:46:23.987] [INFO] user - { name: 'glad',
  url: '/stu/addStudent',
  body:
   { student_name: '', student_type: 1, course_id: 1, adress: '新西兰' } }
[2020-03-20T14:46:32.129] [INFO] user - { name: 'glad',
  url: '/stu/addStudent',
  body:
   { student_name: '', student_type: 1, course_id: 1, adress: '新西兰' } }
[2020-03-20T14:50:24.935] [INFO] user - { name: 'glad',
  url: '/stu/addStudent',
  body:
   { student_name: '', student_type: 1, course_id: 1, adress: '新西兰' } }
[2020-03-20T15:01:17.428] [INFO] user - { name: 'glad',
  url: '/stu/addStudent',
  body: { student_name: '', course_id: 1, adress: '' } }
[2020-03-20T15:08:48.623] [INFO] user - { name: 'glad',
  url: '/stu/updateStu',
  body:
   { student_name: 'xiaohu',
     student_type: 2,
     course_id: 1,
     adress: '国内',
     student_id: '57' } }
[2020-03-20T15:08:56.492] [INFO] user - { name: 'glad',
  url: '/stu/addStudent',
  body: { student_name: '', course_id: 1, adress: '' } }
[2020-03-20T15:09:47.734] [INFO] user - { name: 'glad',
  url: '/stu/addStudent',
  body: { student_name: '', course_id: 1, adress: '' } }
[2020-03-20T15:20:57.663] [INFO] user - { name: 'glad',
  url: '/stu/addStudent',
  body:
   { student_name: '21212',
     student_type: 1,
     course_id: '28',
     adress: '新西兰' } }
[2020-03-20T15:21:41.818] [INFO] user - { name: 'glad',
  url: '/stu/addStudent',
  body:
   { student_name: 'hahdhsdhs',
     student_type: 2,
     course_id: '35',
     adress: '新西兰' } }
[2020-03-20T15:39:12.932] [INFO] user - { name: undefined,
  url: '/teacher/teaLogin',
  body: { name: 'glad', password: 'admin' } }
[2020-03-20T15:39:28.259] [INFO] user - { name: 'glad',
  url: '/stu/updateStu',
  body:
   { student_name: '', course_id: 1, adress: '', student_id: '60' } }
[2020-03-20T15:40:04.700] [INFO] user - { name: 'glad',
  url: '/stu/updateStu',
  body:
   { student_name: 'sdsdsdsd',
     course_id: 1,
     adress: '',
     student_id: '60' } }
[2020-03-20T15:40:49.759] [INFO] user - { name: 'glad',
  url: '/stu/updateStu',
  body:
   { student_name: '', course_id: 1, adress: '', student_id: '60' } }
[2020-03-20T15:41:50.801] [INFO] user - { name: 'glad',
  url: '/stu/updateStu',
  body:
   { student_name: 'hahdhsdhs',
     student_type: 2,
     course_id: 1,
     adress: '新西兰',
     student_id: '60' } }
[2020-03-20T15:42:11.579] [INFO] user - { name: 'glad',
  url: '/stu/updateStu',
  body:
   { student_name: '12121212',
     student_type: 2,
     course_id: 1,
     adress: '新西兰',
     student_id: '60' } }
[2020-03-20T15:57:15.036] [INFO] user - { name: 'glad',
  url: '/stu/updateStu',
  body:
   { student_name: '12121212',
     student_type: 2,
     course_id: 1,
     adress: '新西兰',
     student_id: '60' } }
[2020-03-20T16:05:00.419] [INFO] user - { name: 'glad',
  url: '/stu/updateStu',
  body:
   { student_name: '12121212',
     student_type: 2,
     course_id: '28',
     adress: '新西兰',
     student_id: '60' } }
[2020-03-20T16:05:41.669] [INFO] user - { name: 'glad',
  url: '/stu/addStudent',
  body:
   { student_name: 'shawn',
     student_type: 2,
     course_id: '10',
     adress: '国内' } }
[2020-03-20T16:19:04.752] [INFO] user - { name: 'glad',
  url: '/stu/updateStu',
  body:
   { student_name: 'shawn',
     student_type: 2,
     course_id: '29',
     adress: '国内',
     student_id: '61' } }
[2020-03-20T16:19:46.144] [INFO] user - { name: 'glad',
  url: '/inter/findInterviewsByMonth',
  body: { interview_date: '2020-03-20T03:19:46.124Z' } }
[2020-03-20T16:39:31.303] [INFO] user - { name: undefined,
  url: '/teacher/teaLogin',
  body: { name: 'glad', password: 'admin' } }
[2020-03-20T17:00:13.540] [INFO] user - { name: 'glad',
  url: '/course/addCourse',
  body:
   { name: 'vue 04',
     vid: 'jiu82382323',
     homework: '哈哈',
     typeId: '14' } }
[2020-03-20T18:02:51.947] [INFO] user - { name: undefined,
  url: '/teacher/teaLogin',
  body: { name: 'glad', password: 'admin' } }
[2020-03-20T18:04:01.944] [INFO] user - { name: 'glad',
  url: '/course/updateCourse',
  body:
   { name: 'vue 04',
     vid: '12121212',
     homework: '哈哈',
     typeId: '14',
     id: '42' } }
[2020-03-20T18:04:10.063] [INFO] user - { name: 'glad',
  url: '/course/updateCourse',
  body:
   { name: 'vue 01',
     vid: '12121212',
     homework: '哈哈',
     typeId: '14',
     id: '42' } }
[2020-03-20T18:04:21.026] [INFO] user - { name: 'glad',
  url: '/course/updateCourse',
  body:
   { name: 'vue 01',
     vid: '12121212',
     homework: '哈哈',
     typeId: '17',
     id: '42' } }
[2020-03-20T18:04:45.057] [INFO] user - { name: 'glad',
  url: '/course/addCourse',
  body:
   { name: 'bootstrap03',
     vid: '898293283',
     homework: 'dsdd',
     typeId: '21' } }
[2020-03-20T18:09:46.283] [INFO] user - { name: 'glad',
  url: '/stu/addStudent',
  body:
   { student_name: 'hanghang',
     student_type: 2,
     course_id: '38',
     adress: '国内' } }
[2020-03-20T18:10:05.764] [INFO] user - { name: 'glad',
  url: '/stu/updateStu',
  body:
   { student_name: 'hanghang',
     student_type: 2,
     course_id: '43',
     adress: '国内',
     student_id: '62' } }
[2020-03-20T18:10:55.099] [INFO] user - { name: 'glad',
  url: '/course/addCourse',
  body:
   { name: 'ts03',
     vid: '323232323',
     homework: 'sdsdsds',
     typeId: '27' } }
[2020-03-20T18:11:43.732] [INFO] user - { name: 'glad',
  url: '/inter/findInterviewsByMonth',
  body: { interview_date: '2020-03-20T05:11:43.712Z' } }
[2020-03-20T18:12:21.903] [INFO] user - { name: 'glad',
  url: '/teacher/teaLogin',
  body: { name: 'admin', password: '123456' } }
[2020-03-20T18:12:32.592] [INFO] user - { name: 'admin',
  url: '/teacher/editPassword',
  body: { oldPassword: '123456', newPassword: 'admin' } }
[2020-03-20T19:29:49.649] [INFO] user - { name: undefined,
  url: '/teacher/teaLogin',
  body: { name: 'admin', password: 'admin' } }
[2020-03-20T19:41:14.915] [INFO] user - { name: 'admin',
  url: '/teacher/teaLogin',
  body: { name: 'glad', password: 'admin' } }
[2020-03-20T19:42:14.510] [INFO] user - { name: 'glad',
  url: '/teacher/teaLogin',
  body: { name: 'admin', password: 'admin' } }
[2020-03-20T19:44:03.375] [INFO] user - { name: 'admin',
  url: '/teacher/teaLogin',
  body: { name: 'glada', password: 'admni' } }
[2020-03-20T19:44:09.744] [INFO] user - { name: 'admin',
  url: '/teacher/teaLogin',
  body: { name: 'admin', password: 'admin' } }
[2020-03-20T19:46:48.010] [INFO] user - { name: 'admin',
  url: '/teacher/teaLogin',
  body: { name: 'admin', password: 'admin' } }
[2020-03-20T19:48:46.448] [INFO] user - { name: 'admin',
  url: '/inter/findInterviewsByMonth',
  body: { interview_date: '2020-03-20T06:48:46.414Z' } }
[2020-03-20T19:50:15.700] [INFO] user - { name: 'admin',
  url: '/teacher/teaLogin',
  body: { name: 'admin', password: 'admin' } }
[2020-03-20T19:51:09.137] [INFO] user - { name: 'admin',
  url: '/teacher/teaLogin',
  body: { name: 'admin', password: 'amdin' } }
[2020-03-20T19:51:10.457] [INFO] user - { name: 'admin',
  url: '/teacher/teaLogin',
  body: { name: 'admin', password: 'amdin' } }
[2020-03-20T19:51:14.222] [INFO] user - { name: 'admin',
  url: '/teacher/teaLogin',
  body: { name: 'admin', password: 'admin' } }
[2020-03-20T19:51:39.728] [INFO] user - { name: 'admin',
  url: '/inter/findInterviewsByMonth',
  body: { interview_date: '2020-03-20T06:51:39.703Z' } }
[2020-03-20T19:54:09.105] [INFO] user - { name: 'admin',
  url: '/teacher/teaLogin',
  body: { name: 'admin', password: 'amidn' } }
[2020-03-20T19:54:13.106] [INFO] user - { name: 'admin',
  url: '/teacher/teaLogin',
  body: { name: 'admin', password: 'admin' } }
[2020-03-20T19:54:42.582] [INFO] user - { name: 'admin',
  url: '/inter/findInterviewsByMonth',
  body: { interview_date: '2020-03-20T06:54:42.544Z' } }
[2020-03-20T19:55:53.499] [INFO] user - { name: 'admin',
  url: '/inter/findInterviewsByMonth',
  body: { interview_date: '2020-03-20T06:55:53.469Z' } }
[2020-03-20T19:58:35.001] [INFO] user - { name: 'admin',
  url: '/inter/findInterviewsByMonth',
  body: { interview_date: '2020-03-20T06:58:34.966Z' } }
[2020-03-20T20:13:35.255] [INFO] user - { name: 'admin',
  url: '/inter/findInterviewsByMonth',
  body: { interview_date: '2020-03-20T07:13:35.219Z' } }
[2020-03-20T20:14:20.661] [INFO] user - { name: 'admin',
  url: '/inter/findInterviewsByMonth',
  body: { interview_date: '2020-03-20T07:14:20.635Z' } }
[2020-03-20T20:14:29.953] [INFO] user - { name: 'admin',
  url: '/inter/findInterviewsByMonth',
  body: { interview_date: '2020-03-20T07:14:29.936Z' } }
[2020-03-20T20:15:45.054] [INFO] user - { name: 'admin',
  url: '/teacher/teaLogin',
  body: { name: 'admin', password: 'admin' } }
[2020-03-20T20:15:54.932] [INFO] user - { name: 'admin',
  url: '/inter/findInterviewsByMonth',
  body: { interview_date: '2020-03-20T07:15:54.909Z' } }
[2020-03-20T20:16:27.786] [INFO] user - { name: 'admin',
  url: '/teacher/teaLogin',
  body: { name: 'admin', password: 'admni' } }
[2020-03-20T20:16:31.741] [INFO] user - { name: 'admin',
  url: '/teacher/teaLogin',
  body: { name: 'admin', password: 'admin' } }
[2020-03-20T20:16:36.675] [INFO] user - { name: 'admin',
  url: '/inter/findInterviewsByMonth',
  body: { interview_date: '2020-03-20T07:16:36.653Z' } }
[2020-03-20T20:19:38.705] [INFO] user - { name: 'admin',
  url: '/teacher/teaLogin',
  body: { name: 'admin', password: 'admin' } }
[2020-03-20T20:20:47.735] [INFO] user - { name: 'admin',
  url: '/teacher/teaLogin',
  body: { name: 'admin', password: 'admin' } }
[2020-03-20T20:21:12.812] [INFO] user - { name: 'admin',
  url: '/teacher/teaLogin',
  body: { name: 'admin', password: 'admin' } }
[2020-03-20T20:21:16.368] [INFO] user - { name: 'admin',
  url: '/inter/findInterviewsByMonth',
  body: { interview_date: '2020-03-20T07:21:16.342Z' } }
[2020-03-20T20:22:02.680] [INFO] user - { name: 'admin',
  url: '/teacher/teaLogin',
  body: { name: 'admin', password: 'admin' } }
[2020-03-20T20:22:44.232] [INFO] user - { name: 'admin',
  url: '/inter/findInterviewsByMonth',
  body: { interview_date: '2020-03-20T07:22:44.213Z' } }
[2020-03-20T20:23:18.552] [INFO] user - { name: 'admin',
  url: '/teacher/teaLogin',
  body: { name: 'admin', password: 'amdin' } }
[2020-03-20T20:23:22.031] [INFO] user - { name: 'admin',
  url: '/teacher/teaLogin',
  body: { name: 'admin', password: 'admin' } }
[2020-03-20T20:23:32.761] [INFO] user - { name: 'admin',
  url: '/inter/findInterviewsByMonth',
  body: { interview_date: '2020-03-20T07:23:32.738Z' } }
[2020-03-20T20:29:01.342] [INFO] user - { name: 'admin',
  url: '/teacher/teaLogin',
  body: { name: 'admin', password: 'admin' } }
[2020-03-20T20:33:41.377] [INFO] user - { name: 'admin',
  url: '/teacher/teaLogin',
  body: { name: 'admin', password: 'admin' } }
[2020-03-20T20:35:01.157] [INFO] user - { name: 'admin',
  url: '/teacher/teaLogin',
  body: { name: 'admin', password: 'admin' } }
[2020-03-20T20:37:08.380] [INFO] user - { name: 'admin',
  url: '/teacher/teaLogin',
  body: { name: 'admin', password: 'admin' } }
[2020-03-20T20:39:16.752] [INFO] user - { name: 'admin',
  url: '/teacher/teaLogin',
  body: { name: 'admin', password: 'admin' } }
[2020-03-20T20:40:05.482] [INFO] user - { name: 'admin',
  url: '/teacher/teaLogin',
  body: { name: 'admin', password: 'admin' } }
[2020-03-20T20:43:15.169] [INFO] user - { name: 'admin',
  url: '/teacher/teaLogin',
  body: { name: 'glad', password: 'admin' } }
[2020-03-20T20:43:30.167] [INFO] user - { name: 'glad',
  url: '/teacher/teaLogin',
  body: { name: 'glad', password: 'admin' } }
[2020-03-20T20:48:30.567] [INFO] user - { name: 'glad',
  url: '/teacher/teaLogin',
  body: { name: 'glad', password: 'admin' } }
[2020-03-20T20:49:38.812] [INFO] user - { name: 'glad',
  url: '/teacher/teaLogin',
  body: { name: 'admin', password: 'admin' } }
[2020-03-20T20:51:22.932] [INFO] user - { name: 'admin',
  url: '/teacher/teaLogin',
  body: { name: 'admin', password: 'admin' } }
[2020-03-20T20:54:00.930] [INFO] user - { name: 'admin',
  url: '/teacher/teaLogin',
  body: { name: 'admin', password: 'admin' } }
[2020-03-20T20:54:51.256] [INFO] user - { name: 'admin',
  url: '/teacher/teaLogin',
  body: { name: 'admin', password: 'admin' } }
[2020-03-20T20:56:57.332] [INFO] user - { name: 'admin',
  url: '/teacher/teaLogin',
  body: { name: 'admin', password: 'admin' } }
[2020-03-20T20:58:58.603] [INFO] user - { name: 'admin',
  url: '/teacher/teaLogin',
  body: { name: 'admin', password: 'admi' } }
[2020-03-20T20:59:01.597] [INFO] user - { name: 'admin',
  url: '/teacher/teaLogin',
  body: { name: 'admin', password: 'admin' } }
[2020-03-20T21:01:52.305] [INFO] user - { name: 'admin',
  url: '/teacher/teaLogin',
  body: { name: 'admin', password: 'admin' } }
[2020-03-20T21:02:27.941] [INFO] user - { name: 'admin',
  url: '/teacher/teaLogin',
  body: { name: 'admin', password: 'admin' } }
[2020-03-20T21:04:43.503] [INFO] user - { name: 'admin',
  url: '/teacher/teaLogin',
  body: { name: 'admin', password: 'amdin' } }
[2020-03-20T21:04:47.369] [INFO] user - { name: 'admin',
  url: '/teacher/teaLogin',
  body: { name: 'admin', password: 'admin' } }
[2020-03-20T21:07:07.939] [INFO] user - { name: 'admin',
  url: '/teacher/teaLogin',
  body: { name: 'admin', password: 'admin' } }
[2020-03-20T21:08:44.963] [INFO] user - { name: 'admin',
  url: '/teacher/teaLogin',
  body: { name: 'admin', password: 'amind' } }
[2020-03-20T21:08:48.754] [INFO] user - { name: 'admin',
  url: '/teacher/teaLogin',
  body: { name: 'admin', password: 'admin' } }
[2020-03-20T21:10:09.534] [INFO] user - { name: 'admin',
  url: '/teacher/teaLogin',
  body: { name: 'admin', password: 'admin' } }
[2020-03-20T21:11:08.562] [INFO] user - { name: 'admin',
  url: '/teacher/teaLogin',
  body: { name: 'admin', password: 'admin' } }
[2020-03-20T21:11:22.156] [INFO] user - { name: 'admin',
  url: '/teacher/teaLogin',
  body: { name: 'admin', password: 'admin' } }
[2020-03-20T21:11:44.827] [INFO] user - { name: 'admin',
  url: '/teacher/teaLogin',
  body: { name: 'admin', password: 'admin' } }
[2020-03-20T21:14:56.234] [INFO] user - { name: 'admin',
  url: '/teacher/teaLogin',
  body: { name: 'admin', password: 'admin' } }
[2020-03-20T21:15:17.859] [INFO] user - { name: 'admin',
  url: '/teacher/teaLogin',
  body: { name: 'admin', password: 'admin' } }
[2020-03-20T21:15:41.723] [INFO] user - { name: 'admin',
  url: '/teacher/teaLogin',
  body: { name: 'admin', password: 'admin' } }
[2020-03-20T21:16:01.018] [INFO] user - { name: 'admin',
  url: '/teacher/teaLogin',
  body: { name: 'admin', password: 'admin' } }
[2020-03-20T21:16:25.916] [INFO] user - { name: 'admin',
  url: '/teacher/teaLogin',
  body: { name: 'admin', password: 'admin' } }
[2020-03-20T21:16:47.857] [INFO] user - { name: 'admin',
  url: '/teacher/teaLogin',
  body: { name: 'admin', password: 'admin' } }
[2020-03-20T21:17:25.215] [INFO] user - { name: 'admin',
  url: '/teacher/teaLogin',
  body: { name: 'admin', password: 'admin' } }
[2020-03-20T21:17:50.853] [INFO] user - { name: 'admin',
  url: '/teacher/teaLogin',
  body: { name: 'admin', password: 'admin' } }
[2020-03-20T21:18:44.884] [INFO] user - { name: 'admin',
  url: '/teacher/teaLogin',
  body: { name: 'admin', password: 'admin' } }
[2020-03-20T21:19:02.277] [INFO] user - { name: 'admin',
  url: '/inter/findInterviewsByMonth',
  body: { interview_date: '2020-03-20T08:19:02.253Z' } }
[2020-03-20T21:19:42.243] [INFO] user - { name: 'admin',
  url: '/teacher/teaLogin',
  body: { name: 'admin', password: 'admin' } }
[2020-03-20T21:20:11.726] [INFO] user - { name: 'admin',
  url: '/stu/updateStu',
  body:
   { student_name: 'laji',
     student_type: 2,
     adress: '国内',
     student_id: '62' } }
[2020-03-20T21:21:03.452] [INFO] user - { name: 'admin',
  url: '/stu/updateStu',
  body:
   { student_name: 'laji',
     student_type: 2,
     course_id: '43',
     adress: '国内',
     student_id: '62' } }
[2020-03-20T21:21:15.773] [INFO] user - { name: 'admin',
  url: '/stu/updateStu',
  body:
   { student_name: 'laji',
     student_type: 2,
     adress: '国内',
     student_id: '62' } }
[2020-03-20T21:24:50.033] [INFO] user - { name: 'admin',
  url: '/stu/updateStu',
  body:
   { student_name: 'laji',
     student_type: 2,
     course_id: 'bootstrap03',
     adress: '国内',
     student_id: '62' } }
[2020-03-20T21:25:10.728] [INFO] user - { name: 'admin',
  url: '/stu/updateStu',
  body:
   { student_name: 'laji',
     student_type: 2,
     course_id: 'bootstrap03',
     adress: '国内',
     student_id: '62' } }
[2020-03-20T21:32:17.513] [INFO] user - { name: 'admin',
  url: '/stu/updateStu',
  body:
   { student_name: 'laji',
     student_type: 2,
     course_id: 'bootstrap03',
     adress: '国内',
     student_id: '62' } }
[2020-03-20T21:33:05.964] [INFO] user - { name: 'admin',
  url: '/stu/updateStu',
  body:
   { student_name: 'laji',
     student_type: 2,
     course_id: 'bootstrap03',
     adress: '国内',
     student_id: '62' } }
[2020-03-20T21:34:27.029] [INFO] user - { name: 'admin',
  url: '/stu/updateStu',
  body:
   { student_name: 'laji',
     student_type: 2,
     adress: '国内',
     student_id: '62' } }
[2020-03-20T21:36:17.931] [INFO] user - { name: 'admin',
  url: '/stu/updateStu',
  body:
   { student_name: 'laji',
     student_type: 2,
     course_id: '41',
     adress: '国内',
     student_id: '62' } }
[2020-03-20T21:36:37.206] [INFO] user - { name: 'admin',
  url: '/course/updateCourse',
  body:
   { name: 'ts03',
     vid: '323232323',
     homework: 'sdsdsds',
     typeId: '27',
     id: '44' } }
[2020-03-20T21:36:47.509] [INFO] user - { name: 'admin',
  url: '/course/updateCourse',
  body:
   { name: 'ts03',
     vid: '323232323',
     homework: 'sdsdsds',
     typeId: '27',
     id: '44' } }
[2020-03-20T21:37:37.935] [INFO] user - { name: 'admin',
  url: '/stu/updateStu',
  body:
   { student_name: 'laji2121',
     student_type: 2,
     course_id: 41,
     adress: '国内',
     student_id: '62' } }
[2020-03-20T21:38:31.875] [INFO] user - { name: 'admin',
  url: '/stu/updateStu',
  body:
   { student_name: 'laji',
     student_type: 2,
     course_id: 41,
     adress: '国内',
     student_id: '62' } }
[2020-03-20T21:38:44.286] [INFO] user - { name: 'admin',
  url: '/stu/updateStu',
  body:
   { student_name: 'laji',
     student_type: 2,
     course_id: '31',
     adress: '国内',
     student_id: '62' } }
[2020-03-20T21:39:28.230] [INFO] user - { name: 'admin',
  url: '/stu/addStudent',
  body:
   { student_name: 'lip',
     student_type: 1,
     course_id: '32',
     adress: '国内' } }
[2020-03-20T21:39:48.352] [INFO] user - { name: 'admin',
  url: '/course/updateCourse',
  body:
   { name: 'ts03',
     vid: '323232323fdf',
     homework: 'sdsdsds',
     typeId: '27',
     id: '44' } }
[2020-03-20T21:39:58.563] [INFO] user - { name: 'admin',
  url: '/inter/findInterviewsByMonth',
  body: { interview_date: '2020-03-20T08:39:58.542Z' } }
[2020-03-20T21:39:59.531] [INFO] user - { name: 'admin',
  url: '/inter/findInterviewsByMonth',
  body: { interview_date: '2020-03-03T08:39:58.416Z' } }
[2020-03-20T21:40:11.778] [INFO] user - { name: 'admin',
  url: '/inter/addInterview',
  body:
   { student_id: 62,
     interview_date: '2020-03-21T08:40:02.992Z',
     interview_type: '测试',
     remarks: 'fggfgg' } }
[2020-03-20T21:40:11.812] [INFO] user - { name: 'admin',
  url: '/inter/findInterviewsByMonth',
  body: { interview_date: '2020-03-01T00:00:00.000Z' } }
[2020-03-20T21:40:24.096] [INFO] user - { name: 'admin',
  url: '/inter/findInterviewsByMonth',
  body: { interview_date: '2020-03-20T08:40:24.079Z' } }
[2020-03-20T21:40:27.619] [INFO] user - { name: 'admin',
  url: '/inter/findInterviewsByMonth',
  body: { interview_date: '2020-03-01T00:00:00.000Z' } }
[2020-03-20T21:41:38.579] [INFO] user - { name: 'admin',
  url: '/teacher/teaLogin',
  body: { name: 'admin', password: 'amin' } }
[2020-03-20T21:41:42.058] [INFO] user - { name: 'admin',
  url: '/teacher/teaLogin',
  body: { name: 'admin', password: 'admin' } }
