[2020-03-13T00:39:51.120] [INFO] user - { name: undefined,
  url: '/stu/stuLogin',
  body: { name: 'eric', password: '123456' } }
[2020-03-13T00:39:59.631] [INFO] user - { name: 'eric',
  url: '/inter/findInterviewsByMonth',
  body: { interview_date: '2020-03-12T11:39:59.604Z' } }
[2020-03-13T00:44:06.828] [INFO] user - { name: 'eric',
  url: '/inter/findInterviewsByMonth',
  body: { interview_date: '2020-03-12T11:44:06.804Z' } }
[2020-03-13T00:51:13.908] [INFO] user - { name: 'eric',
  url: '/stu/stuLogin',
  body: { name: 'eric', password: '123456' } }
[2020-03-13T00:52:05.196] [INFO] user - { name: 'eric',
  url: '/stu/updateStu',
  body:
   { student_name: '憨憨',
     student_type: '2',
     course_id: 1,
     adress: '新西兰',
     student_id: '47' } }
[2020-03-13T00:52:15.253] [INFO] user - { name: 'eric',
  url: '/stu/addStudent',
  body:
   { student_name: '铁憨憨',
     student_type: '1',
     course_id: 1,
     adress: '新西兰' } }
[2020-03-13T00:52:35.149] [INFO] user - { name: 'eric',
  url: '/inter/findInterviewsByMonth',
  body: { interview_date: '2020-03-12T11:52:35.129Z' } }
[2020-03-13T00:52:39.290] [INFO] user - { name: 'eric',
  url: '/inter/findInterviewsByMonth',
  body: { interview_date: '2020-03-08T11:52:35.003Z' } }
[2020-03-13T00:53:03.288] [INFO] user - { name: 'eric',
  url: '/inter/addInterview',
  body:
   { student_id: 53,
     interview_date: '2020-03-20T11:52:53.926Z',
     interview_type: '测试',
     remarks: '回国后' } }
[2020-03-13T00:53:03.328] [INFO] user - { name: 'eric',
  url: '/inter/findInterviewsByMonth',
  body: { interview_date: '2020-03-01T00:00:00.000Z' } }
[2020-03-13T00:53:08.254] [INFO] user - { name: 'eric',
  url: '/inter/findInterviewsByMonth',
  body: { interview_date: '2020-03-01T00:00:00.000Z' } }
[2020-03-13T01:24:43.339] [INFO] user - { name: undefined,
  url: '/stu/stuLogin',
  body: { name: 'eric', password: '123456' } }
[2020-03-13T01:26:38.911] [INFO] user - { name: 'eric',
  url: '/stu/stuLogin',
  body: { name: 'wangzhzh', password: '123456' } }
[2020-03-13T01:26:40.963] [INFO] user - { name: 'wangzhzh',
  url: '/inter/findInterviewsByMonth',
  body: { interview_date: '2020-03-12T12:26:40.937Z' } }
[2020-03-13T01:27:16.179] [INFO] user - { name: 'wangzhzh',
  url: '/stu/stuLogin',
  body: { name: 'wzz', password: '123456' } }
[2020-03-13T01:27:59.546] [INFO] user - { name: 'wzz',
  url: '/stu/stuLogin',
  body: { name: 'eric', password: '123456' } }
[2020-03-13T01:29:09.137] [INFO] user - { name: 'eric',
  url: '/stu/stuLogin',
  body: { name: 'eric', password: '123456' } }
[2020-03-13T01:29:26.364] [INFO] user - { name: 'eric',
  url: '/stu/stuLogin',
  body: { name: 'wzz', password: '123456' } }
[2020-03-13T15:15:09.623] [INFO] user - { name: undefined,
  url: '/stu/stuLogin',
  body: { name: 'eric', password: '123456' } }
[2020-03-13T15:15:53.815] [INFO] user - { name: 'eric',
  url: '/stu/stuLogin',
  body: { name: 'eric', password: '123456' } }
[2020-03-13T19:13:29.707] [INFO] user - { name: undefined,
  url: '/stu/stuLogin',
  body: { name: 'wangzhzh', password: '123456' } }
[2020-03-13T19:13:33.284] [INFO] user - { name: 'wangzhzh',
  url: '/inter/findInterviewsByMonth',
  body: { interview_date: '2020-03-13T06:13:33.263Z' } }
[2020-03-13T19:18:59.412] [INFO] user - { name: 'wangzhzh',
  url: '/inter/findInterviewsByMonth',
  body: { interview_date: '2020-03-13T06:18:59.383Z' } }
[2020-03-13T19:19:21.538] [INFO] user - { name: 'wangzhzh',
  url: '/inter/findInterviewsByMonth',
  body: { interview_date: '2020-03-13T06:19:21.500Z' } }
[2020-03-13T19:19:26.529] [INFO] user - { name: 'wangzhzh',
  url: '/inter/findInterviewsByMonth',
  body: { interview_date: '2020-03-13T06:19:26.477Z' } }
[2020-03-13T19:19:50.387] [INFO] user - { name: 'wangzhzh',
  url: '/inter/findInterviewsByMonth',
  body: { interview_date: '2020-03-13T06:19:50.357Z' } }
[2020-03-13T19:19:56.865] [INFO] user - { name: 'wangzhzh',
  url: '/inter/findInterviewsByMonth',
  body: { interview_date: '2020-03-13T06:19:56.831Z' } }
[2020-03-13T19:20:11.206] [INFO] user - { name: 'wangzhzh',
  url: '/inter/findInterviewsByMonth',
  body: { interview_date: '2020-03-13T06:20:11.176Z' } }
[2020-03-13T19:22:22.133] [INFO] user - { name: 'wangzhzh',
  url: '/inter/findInterviewsByMonth',
  body: { interview_date: '2020-03-13T06:22:22.099Z' } }
[2020-03-13T19:23:12.628] [INFO] user - { name: 'wangzhzh',
  url: '/inter/findInterviewsByMonth',
  body: { interview_date: '2020-03-13T06:23:12.583Z' } }
[2020-03-13T19:23:50.650] [INFO] user - { name: 'wangzhzh',
  url: '/inter/findInterviewsByMonth',
  body: { interview_date: '2020-03-13T06:23:50.621Z' } }
[2020-03-13T19:23:57.753] [INFO] user - { name: 'wangzhzh',
  url: '/inter/findInterviewsByMonth',
  body: { interview_date: '2020-03-13T06:23:57.695Z' } }
[2020-03-13T19:24:28.478] [INFO] user - { name: 'wangzhzh',
  url: '/inter/findInterviewsByMonth',
  body: { interview_date: '2020-03-13T06:24:28.450Z' } }
[2020-03-13T19:24:45.206] [INFO] user - { name: 'wangzhzh',
  url: '/inter/findInterviewsByMonth',
  body: { interview_date: '2020-03-13T06:24:45.179Z' } }
[2020-03-13T19:25:15.386] [INFO] user - { name: 'wangzhzh',
  url: '/inter/findInterviewsByMonth',
  body: { interview_date: '2020-03-13T06:25:15.358Z' } }
[2020-03-13T19:25:41.381] [INFO] user - { name: 'wangzhzh',
  url: '/inter/findInterviewsByMonth',
  body: { interview_date: '2020-03-13T06:25:41.355Z' } }
[2020-03-13T19:26:01.187] [INFO] user - { name: 'wangzhzh',
  url: '/inter/findInterviewsByMonth',
  body: { interview_date: '2020-03-13T06:26:01.159Z' } }
[2020-03-13T19:26:58.553] [INFO] user - { name: 'wangzhzh',
  url: '/inter/findInterviewsByMonth',
  body: { interview_date: '2020-03-13T06:26:58.519Z' } }
[2020-03-13T19:27:49.258] [INFO] user - { name: 'wangzhzh',
  url: '/inter/findInterviewsByMonth',
  body: { interview_date: '2020-03-13T06:27:49.221Z' } }
[2020-03-13T19:28:11.592] [INFO] user - { name: 'wangzhzh',
  url: '/inter/findInterviewsByMonth',
  body: { interview_date: '2020-03-13T06:28:11.559Z' } }
[2020-03-13T21:10:11.265] [INFO] user - { name: undefined,
  url: '/stu/stuLogin',
  body: { name: 'wzz', password: '123456' } }
[2020-03-13T21:14:58.642] [INFO] user - { name: 'wzz', url: '/stu/getActiveStu', body: {} }
[2020-03-13T22:10:55.847] [INFO] user - { name: undefined,
  url: '/stu/stuLogin',
  body: { name: 'wzz', password: '123456' } }
[2020-03-13T22:15:45.582] [INFO] user - { name: 'wzz',
  url: '/inter/findInterviewsByMonth',
  body: { interview_date: '2020-03-13T09:15:45.561Z' } }
[2020-03-13T22:16:00.209] [INFO] user - { name: 'wzz',
  url: '/inter/findInterviewsByMonth',
  body: { interview_date: '2020-03-13T09:16:00.185Z' } }
