[2020-01-22T18:42:41.881] [INFO] user - { name: undefined,
  url: '/stu/stuLogin',
  body: { name: 'eric', password: '123456' } }
[2020-01-22T19:02:12.109] [INFO] user - { name: 'eric',
  url: '/inter/findInterviewsByMonth',
  body: { interview_date: '2020-01-22T06:02:12.052Z' } }
[2020-01-22T19:03:25.348] [INFO] user - { name: 'eric',
  url: '/inter/findInterviewsByMonth',
  body: { interview_date: '2020-01-22T06:03:25.300Z' } }
[2020-01-22T19:04:34.211] [INFO] user - { name: 'eric',
  url: '/inter/findInterviewsByMonth',
  body: { interview_date: '2020-01-22T06:04:34.178Z' } }
[2020-01-22T19:04:52.347] [INFO] user - { name: 'eric',
  url: '/inter/findInterviewsByMonth',
  body: { interview_date: '2020-01-22T06:04:52.296Z' } }
[2020-01-22T19:06:38.195] [INFO] user - { name: 'eric',
  url: '/inter/findInterviewsByMonth',
  body: { interview_date: '2020-01-22T06:06:38.153Z' } }
[2020-01-22T19:07:25.848] [INFO] user - { name: 'eric',
  url: '/inter/findInterviewsByMonth',
  body: { interview_date: '2020-01-22T06:07:25.811Z' } }
[2020-01-22T19:08:36.536] [INFO] user - { name: 'eric',
  url: '/inter/findInterviewsByMonth',
  body: { interview_date: '2020-01-22T06:08:36.502Z' } }
[2020-01-22T19:08:55.988] [INFO] user - { name: 'eric',
  url: '/inter/findInterviewsByMonth',
  body: { interview_date: '2020-01-22T06:08:55.945Z' } }
[2020-01-22T19:12:17.561] [INFO] user - { name: 'eric',
  url: '/inter/findInterviewsByMonth',
  body: { interview_date: '2020-01-22T06:12:17.499Z' } }
[2020-01-22T19:14:19.053] [INFO] user - { name: 'eric',
  url: '/inter/findInterviewsByMonth',
  body: { interview_date: '2020-01-22T06:14:19.014Z' } }
[2020-01-22T19:14:34.735] [INFO] user - { name: 'eric',
  url: '/inter/findInterviewsByMonth',
  body: { interview_date: '2020-01-22T06:14:34.693Z' } }
[2020-01-22T19:16:14.778] [INFO] user - { name: 'eric',
  url: '/inter/findInterviewsByMonth',
  body: { interview_date: '2020-01-22T06:16:14.726Z' } }
[2020-01-22T19:21:40.075] [INFO] user - { name: 'eric',
  url: '/inter/findInterviewsByMonth',
  body: { interview_date: '2020-01-22T06:21:39.992Z' } }
[2020-01-22T19:22:39.930] [INFO] user - { name: 'eric',
  url: '/inter/findInterviewsByMonth',
  body: { interview_date: '2020-01-22T06:22:39.880Z' } }
[2020-01-22T19:23:06.091] [INFO] user - { name: 'eric',
  url: '/inter/findInterviewsByMonth',
  body: { interview_date: '2020-01-22T06:23:06.050Z' } }
[2020-01-22T19:26:03.526] [INFO] user - { name: 'eric',
  url: '/inter/findInterviewsByMonth',
  body: { interview_date: '2020-01-22T06:26:03.481Z' } }
[2020-01-22T19:26:56.721] [INFO] user - { name: 'eric',
  url: '/inter/findInterviewsByMonth',
  body: { interview_date: '2020-01-22T06:26:56.671Z' } }
[2020-01-22T19:27:45.224] [INFO] user - { name: 'eric',
  url: '/inter/findInterviewsByMonth',
  body: { interview_date: '2020-01-22T06:27:45.193Z' } }
[2020-01-22T19:30:00.228] [INFO] user - { name: 'eric',
  url: '/inter/findInterviewsByMonth',
  body: { interview_date: '2020-01-22T06:30:00.196Z' } }
[2020-01-22T19:31:21.116] [INFO] user - { name: 'eric',
  url: '/inter/findInterviewsByMonth',
  body: { interview_date: '2020-02-16T06:30:00.046Z' } }
[2020-01-22T19:31:25.359] [INFO] user - { name: 'eric',
  url: '/inter/findInterviewsByMonth',
  body: { interview_date: '2020-01-22T06:31:25.317Z' } }
[2020-01-22T19:31:34.922] [INFO] user - { name: 'eric',
  url: '/inter/findInterviewsByMonth',
  body: { interview_date: '2020-01-22T06:31:34.893Z' } }
[2020-01-22T19:37:52.810] [INFO] user - { name: 'eric',
  url: '/inter/findInterviewsByMonth',
  body: { interview_date: '2020-01-22T06:37:52.774Z' } }
[2020-01-22T19:38:39.824] [INFO] user - { name: 'eric',
  url: '/inter/findInterviewsByMonth',
  body: { interview_date: '2020-01-22T06:38:39.783Z' } }
[2020-01-22T19:39:23.065] [INFO] user - { name: 'eric',
  url: '/inter/findInterviewsByMonth',
  body: { interview_date: '2020-01-22T06:39:23.009Z' } }
[2020-01-22T19:52:36.738] [INFO] user - { name: undefined,
  url: '/stu/stuLogin',
  body: { name: 'eric', password: '123456' } }
[2020-01-22T19:52:40.049] [INFO] user - { name: 'eric',
  url: '/inter/findInterviewsByMonth',
  body: { interview_date: '2020-01-22T06:52:40.017Z' } }
[2020-01-22T19:54:56.715] [INFO] user - { name: 'eric',
  url: '/inter/findInterviewsByMonth',
  body: { interview_date: '2020-01-22T06:54:56.662Z' } }
[2020-01-22T19:58:53.244] [INFO] user - { name: 'eric',
  url: '/inter/findInterviewsByMonth',
  body: { interview_date: '2020-01-22T06:58:53.175Z' } }
[2020-01-22T20:01:53.342] [INFO] user - { name: 'eric',
  url: '/inter/findInterviewsByMonth',
  body: { interview_date: '2020-01-22T07:01:53.300Z' } }
[2020-01-22T20:02:41.787] [INFO] user - { name: 'eric',
  url: '/inter/findInterviewsByMonth',
  body: { interview_date: '2020-01-22T07:02:41.737Z' } }
[2020-01-22T20:09:28.205] [INFO] user - { name: 'eric',
  url: '/inter/findInterviewsByMonth',
  body: { interview_date: '2020-01-22T07:09:28.164Z' } }
[2020-01-22T20:12:01.254] [INFO] user - { name: 'eric',
  url: '/inter/findInterviewsByMonth',
  body: { interview_date: '2020-01-22T07:12:01.197Z' } }
[2020-01-22T20:12:10.207] [INFO] user - { name: 'eric',
  url: '/inter/findInterviewsByMonth',
  body: { interview_date: '2020-01-22T07:12:10.166Z' } }
[2020-01-22T20:12:22.179] [INFO] user - { name: 'eric',
  url: '/inter/findInterviewsByMonth',
  body: { interview_date: '2020-01-22T07:12:22.139Z' } }
[2020-01-22T20:13:17.136] [INFO] user - { name: 'eric',
  url: '/inter/findInterviewsByMonth',
  body: { interview_date: '2020-01-22T07:13:17.097Z' } }
[2020-01-22T20:13:25.785] [INFO] user - { name: 'eric',
  url: '/inter/findInterviewsByMonth',
  body: { interview_date: '2020-01-22T07:13:25.732Z' } }
[2020-01-22T20:13:45.282] [INFO] user - { name: 'eric',
  url: '/inter/findInterviewsByMonth',
  body: { interview_date: '2020-01-22T07:13:45.237Z' } }
[2020-01-22T20:16:03.133] [INFO] user - { name: 'eric',
  url: '/inter/findInterviewsByMonth',
  body: { interview_date: '2020-01-22T07:16:03.089Z' } }
[2020-01-22T20:24:19.416] [INFO] user - { name: 'eric',
  url: '/inter/findInterviewsByMonth',
  body: { interview_date: '2020-01-22T07:24:19.372Z' } }
[2020-01-22T20:25:42.954] [INFO] user - { name: 'eric',
  url: '/inter/findInterviewsByMonth',
  body: { interview_date: '2020-01-22T07:25:42.918Z' } }
[2020-01-22T20:25:54.761] [INFO] user - { name: 'eric',
  url: '/inter/findInterviewsByMonth',
  body: { interview_date: '2020-01-22T07:25:54.690Z' } }
[2020-01-22T20:26:46.376] [INFO] user - { name: 'eric',
  url: '/inter/findInterviewsByMonth',
  body: { interview_date: '2020-01-22T07:26:46.338Z' } }
[2020-01-22T20:27:35.822] [INFO] user - { name: 'eric',
  url: '/inter/findInterviewsByMonth',
  body: { interview_date: '2020-01-22T07:27:35.774Z' } }
[2020-01-22T20:28:06.338] [INFO] user - { name: 'eric',
  url: '/inter/findInterviewsByMonth',
  body: { interview_date: '2020-01-22T07:28:06.278Z' } }
[2020-01-22T20:28:17.355] [INFO] user - { name: 'eric',
  url: '/inter/findInterviewsByMonth',
  body: { interview_date: '2020-01-22T07:28:17.297Z' } }
[2020-01-22T20:28:27.768] [INFO] user - { name: 'eric',
  url: '/inter/findInterviewsByMonth',
  body: { interview_date: '2020-01-22T07:28:27.679Z' } }
[2020-01-22T20:29:06.742] [INFO] user - { name: 'eric',
  url: '/inter/findInterviewsByMonth',
  body: { interview_date: '2020-01-22T07:29:06.680Z' } }
[2020-01-22T20:29:40.901] [INFO] user - { name: 'eric',
  url: '/inter/findInterviewsByMonth',
  body: { interview_date: '2020-01-22T07:29:40.850Z' } }
[2020-01-22T20:29:50.507] [INFO] user - { name: 'eric',
  url: '/inter/findInterviewsByMonth',
  body: { interview_date: '2020-01-22T07:29:50.440Z' } }
[2020-01-22T20:29:58.112] [INFO] user - { name: 'eric',
  url: '/inter/findInterviewsByMonth',
  body: { interview_date: '2020-01-22T07:29:58.057Z' } }
[2020-01-22T20:30:00.763] [INFO] user - { name: 'eric',
  url: '/inter/findInterviewsByMonth',
  body: { interview_date: '2020-01-22T07:30:00.717Z' } }
[2020-01-22T20:32:11.194] [INFO] user - { name: 'eric',
  url: '/inter/findInterviewsByMonth',
  body: { interview_date: '2020-01-22T07:32:11.135Z' } }
[2020-01-22T20:33:32.586] [INFO] user - { name: 'eric',
  url: '/inter/findInterviewsByMonth',
  body: { interview_date: '2020-01-22T07:33:32.523Z' } }
[2020-01-22T20:34:20.300] [INFO] user - { name: 'eric',
  url: '/inter/findInterviewsByMonth',
  body: { interview_date: '2020-01-22T07:34:20.221Z' } }
[2020-01-22T20:34:55.373] [INFO] user - { name: 'eric',
  url: '/inter/findInterviewsByMonth',
  body: { interview_date: '2020-01-22T07:34:55.324Z' } }
[2020-01-22T20:35:31.165] [INFO] user - { name: 'eric',
  url: '/inter/findInterviewsByMonth',
  body: { interview_date: '2020-01-22T07:35:31.085Z' } }
[2020-01-22T20:35:34.654] [INFO] user - { name: 'eric',
  url: '/inter/findInterviewsByMonth',
  body: { interview_date: '2020-01-22T07:35:34.603Z' } }
[2020-01-22T20:36:04.441] [INFO] user - { name: 'eric',
  url: '/inter/findInterviewsByMonth',
  body: { interview_date: '2020-01-22T07:36:04.403Z' } }
[2020-01-22T20:36:18.109] [INFO] user - { name: 'eric',
  url: '/inter/findInterviewsByMonth',
  body: { interview_date: '2020-01-22T07:36:18.061Z' } }
[2020-01-22T20:36:40.850] [INFO] user - { name: 'eric',
  url: '/inter/findInterviewsByMonth',
  body: { interview_date: '2020-01-22T07:36:40.807Z' } }
[2020-01-22T20:40:18.176] [INFO] user - { name: 'eric',
  url: '/inter/findInterviewsByMonth',
  body: { interview_date: '2020-01-22T07:40:18.134Z' } }
[2020-01-22T20:41:37.897] [INFO] user - { name: 'eric',
  url: '/inter/findInterviewsByMonth',
  body: { interview_date: '2020-01-22T07:41:37.865Z' } }
[2020-01-22T20:42:44.786] [INFO] user - { name: 'eric',
  url: '/inter/findInterviewsByMonth',
  body: { interview_date: '2020-01-22T07:42:44.726Z' } }
[2020-01-22T20:43:21.751] [INFO] user - { name: 'eric',
  url: '/inter/findInterviewsByMonth',
  body: { interview_date: '2020-01-22T07:43:21.694Z' } }
[2020-01-22T20:44:08.582] [INFO] user - { name: 'eric',
  url: '/inter/findInterviewsByMonth',
  body: { interview_date: '2020-01-22T07:44:08.483Z' } }
[2020-01-22T20:44:17.368] [INFO] user - { name: 'eric',
  url: '/inter/findInterviewsByMonth',
  body: { interview_date: '2020-01-22T07:44:17.309Z' } }
[2020-01-22T20:49:43.727] [INFO] user - { name: 'eric',
  url: '/inter/findInterviewsByMonth',
  body: { interview_date: '2020-01-22T07:49:43.695Z' } }
[2020-01-22T20:50:27.728] [INFO] user - { name: 'eric',
  url: '/inter/findInterviewsByMonth',
  body: { interview_date: '2020-01-22T07:50:27.669Z' } }
[2020-01-22T20:50:41.203] [INFO] user - { name: 'eric',
  url: '/inter/findInterviewsByMonth',
  body: { interview_date: '2020-01-22T07:50:41.122Z' } }
[2020-01-22T20:51:26.671] [INFO] user - { name: 'eric',
  url: '/inter/findInterviewsByMonth',
  body: { interview_date: '2020-01-22T07:51:26.602Z' } }
[2020-01-22T20:51:47.262] [INFO] user - { name: 'eric', url: '/inter/addInterview', body: {} }
[2020-01-22T20:57:16.687] [INFO] user - { name: undefined,
  url: '/stu/stuLogin',
  body: { name: 'eric', password: '123456' } }
[2020-01-22T20:57:19.218] [INFO] user - { name: 'eric',
  url: '/inter/findInterviewsByMonth',
  body: { interview_date: '2020-01-22T07:57:19.181Z' } }
[2020-01-22T20:57:37.961] [INFO] user - { name: 'eric', url: '/inter/addInterview', body: {} }
[2020-01-22T20:58:47.984] [INFO] user - { name: 'eric',
  url: '/inter/addInterview',
  body:
   { student_id: 36,
     interview_date: '2020-01-22T07:56:56.000Z',
     interview_type: 'test',
     remarks: 'test' } }
[2020-01-22T20:59:50.863] [INFO] user - { name: 'eric',
  url: '/inter/findInterviewsByMonth',
  body: { interview_date: '2020-01-22T07:59:50.808Z' } }
[2020-01-22T20:59:58.145] [INFO] user - { name: 'eric',
  url: '/inter/findInterviewsByMonth',
  body: { interview_date: '2019-12-31T07:59:50.657Z' } }
[2020-01-22T20:59:58.149] [INFO] user - { name: 'eric',
  url: '/inter/findInterviewsByMonth',
  body: { interview_date: '2019-12-31T07:59:50.657Z' } }
[2020-01-22T21:00:01.995] [INFO] user - { name: 'eric',
  url: '/inter/findInterviewsByMonth',
  body: { interview_date: '2020-01-01T07:59:50.657Z' } }
[2020-01-22T21:00:01.997] [INFO] user - { name: 'eric',
  url: '/inter/findInterviewsByMonth',
  body: { interview_date: '2020-01-01T07:59:50.657Z' } }
[2020-01-22T21:00:18.898] [INFO] user - { name: 'eric', url: '/inter/addInterview', body: {} }
[2020-01-22T21:01:01.025] [INFO] user - { name: 'eric',
  url: '/inter/findInterviewsByMonth',
  body: { interview_date: '2020-01-22T08:01:00.946Z' } }
[2020-01-22T21:01:33.705] [INFO] user - { name: 'eric', url: '/inter/addInterview', body: {} }
[2020-01-22T21:02:00.388] [INFO] user - { name: 'eric',
  url: '/inter/findInterviewsByMonth',
  body: { interview_date: '2020-01-22T08:02:00.310Z' } }
[2020-01-22T21:02:16.234] [INFO] user - { name: 'eric', url: '/inter/addInterview', body: {} }
[2020-01-22T21:04:44.122] [INFO] user - { name: 'eric',
  url: '/inter/findInterviewsByMonth',
  body: { interview_date: '2020-01-22T08:04:44.046Z' } }
[2020-01-22T21:04:47.736] [INFO] user - { name: 'eric',
  url: '/inter/findInterviewsByMonth',
  body: { interview_date: '2020-01-22T08:04:47.680Z' } }
[2020-01-22T21:05:00.394] [INFO] user - { name: 'eric',
  url: '/inter/addInterview',
  body:
   { student_id: 35,
     interview_date: '2020-01-23T08:04:52.832Z',
     interview_type: 'wewe',
     remarks: 'wqwqw' } }
[2020-01-22T21:05:19.625] [INFO] user - { name: 'eric',
  url: '/inter/findInterviewsByMonth',
  body: { interview_date: '2020-01-22T08:05:19.566Z' } }
[2020-01-22T21:05:30.183] [INFO] user - { name: 'eric',
  url: '/inter/addInterview',
  body:
   { student_id: 32,
     interview_date: '2020-01-24T08:05:24.684Z',
     interview_type: '测试',
     remarks: 'ewew' } }
[2020-01-22T21:05:37.331] [INFO] user - { name: 'eric',
  url: '/inter/findInterviewsByMonth',
  body: { interview_date: '2020-01-22T08:05:37.269Z' } }
[2020-01-22T21:07:52.803] [INFO] user - { name: 'eric',
  url: '/inter/findInterviewsByMonth',
  body: { interview_date: '2020-01-22T08:07:52.759Z' } }
[2020-01-22T21:08:08.541] [INFO] user - { name: 'eric',
  url: '/inter/addInterview',
  body:
   { student_id: 1,
     interview_date: '2020-01-25T08:08:00.184Z',
     interview_type: 'ewewe',
     remarks: 'WEWE' } }
[2020-01-22T21:08:19.922] [INFO] user - { name: 'eric',
  url: '/inter/findInterviewsByMonth',
  body: { interview_date: '2020-01-22T08:07:52.613Z' } }
[2020-01-22T21:08:31.990] [INFO] user - { name: 'eric',
  url: '/inter/findInterviewsByMonth',
  body: { interview_date: '2020-01-22T08:08:31.924Z' } }
[2020-01-22T21:10:38.948] [INFO] user - { name: 'eric',
  url: '/inter/findInterviewsByMonth',
  body: { interview_date: '2020-01-22T08:10:38.915Z' } }
[2020-01-22T21:11:20.390] [INFO] user - { name: 'eric',
  url: '/inter/findInterviewsByMonth',
  body: { interview_date: '2020-01-22T08:11:20.320Z' } }
[2020-01-22T21:11:36.287] [INFO] user - { name: 'eric',
  url: '/inter/addInterview',
  body:
   { student_id: 1,
     interview_date: '2020-01-16T08:11:28.821Z',
     interview_type: '测试',
     remarks: 'dsdsd' } }
[2020-01-22T21:16:59.740] [INFO] user - { name: 'eric',
  url: '/inter/findInterviewsByMonth',
  body: { interview_date: '2020-01-22T08:16:59.696Z' } }
[2020-01-22T21:17:13.349] [INFO] user - { name: 'eric',
  url: '/inter/addInterview',
  body:
   { student_id: 36,
     interview_date: '2020-01-17T08:17:06.707Z',
     interview_type: '2323',
     remarks: '3232' } }
[2020-01-22T21:17:35.399] [INFO] user - { name: 'eric',
  url: '/inter/findInterviewsByMonth',
  body: { interview_date: '2020-01-22T08:17:35.322Z' } }
[2020-01-22T21:18:11.708] [INFO] user - { name: 'eric',
  url: '/inter/findInterviewsByMonth',
  body: { interview_date: '2020-01-22T08:18:11.671Z' } }
[2020-01-22T21:18:14.778] [INFO] user - { name: 'eric',
  url: '/inter/findInterviewsByMonth',
  body: { interview_date: '2020-01-22T08:18:14.715Z' } }
[2020-01-22T21:18:29.196] [INFO] user - { name: 'eric',
  url: '/inter/addInterview',
  body:
   { student_id: 35,
     interview_date: '2020-01-08T08:18:18.219Z',
     interview_type: 'ewewe',
     remarks: 'ewewe' } }
[2020-01-22T21:20:49.769] [INFO] user - { name: 'eric',
  url: '/inter/findInterviewsByMonth',
  body: { interview_date: '2020-01-22T08:20:49.720Z' } }
[2020-01-22T21:21:00.541] [INFO] user - { name: 'eric',
  url: '/inter/addInterview',
  body:
   { student_id: 36,
     interview_date: '2020-01-09T08:20:54.899Z',
     interview_type: '3232',
     remarks: '3233' } }
[2020-01-22T21:26:19.915] [INFO] user - { name: 'eric',
  url: '/inter/findInterviewsByMonth',
  body: { interview_date: '2020-01-22T08:26:19.830Z' } }
[2020-01-22T21:26:29.714] [INFO] user - { name: 'eric',
  url: '/inter/addInterview',
  body:
   { student_id: 35,
     interview_date: '2020-01-07T08:26:24.800Z',
     interview_type: '3233',
     remarks: '232' } }
[2020-01-22T21:26:50.634] [INFO] user - { name: 'eric',
  url: '/inter/findInterviewsByMonth',
  body: { interview_date: '2020-01-22T08:26:50.555Z' } }
[2020-01-22T21:27:21.666] [INFO] user - { name: 'eric',
  url: '/inter/findInterviewsByMonth',
  body: { interview_date: '2020-01-22T08:27:21.591Z' } }
[2020-01-22T21:28:12.985] [INFO] user - { name: 'eric',
  url: '/inter/findInterviewsByMonth',
  body: { interview_date: '2020-01-22T08:28:12.922Z' } }
[2020-01-22T21:28:17.074] [INFO] user - { name: 'eric',
  url: '/inter/findInterviewsByMonth',
  body: { interview_date: '2020-01-22T08:28:17.024Z' } }
[2020-01-22T21:28:50.317] [INFO] user - { name: 'eric',
  url: '/inter/findInterviewsByMonth',
  body: { interview_date: '2020-01-22T08:28:50.263Z' } }
[2020-01-22T21:28:54.947] [INFO] user - { name: 'eric',
  url: '/inter/findInterviewsByMonth',
  body: { interview_date: '2020-01-22T08:28:54.889Z' } }
[2020-01-22T21:30:50.346] [INFO] user - { name: 'eric',
  url: '/inter/findInterviewsByMonth',
  body: { interview_date: '2020-01-22T08:30:50.273Z' } }
[2020-01-22T21:31:03.650] [INFO] user - { name: 'eric',
  url: '/inter/findInterviewsByMonth',
  body: { interview_date: '2020-01-22T08:31:03.588Z' } }
[2020-01-22T21:34:14.752] [INFO] user - { name: 'eric',
  url: '/inter/findInterviewsByMonth',
  body: { interview_date: '2020-01-22T08:34:14.694Z' } }
[2020-01-22T21:34:36.275] [INFO] user - { name: 'eric',
  url: '/inter/addInterview',
  body:
   { student_id: 35,
     interview_date: '2020-01-16T08:34:24.115Z',
     interview_type: '3233',
     remarks: '32323' } }
[2020-01-22T21:35:48.695] [INFO] user - { name: 'eric',
  url: '/inter/findInterviewsByMonth',
  body: { interview_date: '2020-01-22T08:35:48.678Z' } }
[2020-01-22T21:35:55.833] [INFO] user - { name: 'eric',
  url: '/inter/findInterviewsByMonth',
  body: { interview_date: '2020-01-22T08:35:55.743Z' } }
[2020-01-22T21:36:31.246] [INFO] user - { name: 'eric',
  url: '/inter/findInterviewsByMonth',
  body: { interview_date: '2020-01-22T08:36:31.192Z' } }
[2020-01-22T21:36:41.378] [INFO] user - { name: 'eric',
  url: '/inter/addInterview',
  body:
   { student_id: 32,
     interview_date: '2020-01-17T08:36:36.411Z',
     interview_type: '3232',
     remarks: '323' } }
[2020-01-22T21:38:11.866] [INFO] user - { name: 'eric',
  url: '/inter/findInterviewsByMonth',
  body: { interview_date: '2020-01-22T08:38:11.805Z' } }
[2020-01-22T21:39:19.323] [INFO] user - { name: 'eric',
  url: '/inter/findInterviewsByMonth',
  body: { interview_date: '2020-01-22T08:39:19.247Z' } }
[2020-01-22T21:39:30.407] [INFO] user - { name: 'eric',
  url: '/inter/addInterview',
  body:
   { student_id: 36,
     interview_date: '2020-01-15T08:39:23.904Z',
     interview_type: 'wewe',
     remarks: 'ewew' } }
[2020-01-22T21:39:55.777] [INFO] user - { name: 'eric',
  url: '/inter/findInterviewsByMonth',
  body: { interview_date: '2020-01-22T08:39:55.727Z' } }
[2020-01-22T21:40:00.363] [INFO] user - { name: 'eric',
  url: '/inter/findInterviewsByMonth',
  body: { interview_date: '2020-01-22T08:40:00.248Z' } }
[2020-01-22T21:40:01.908] [INFO] user - { name: 'eric',
  url: '/inter/findInterviewsByMonth',
  body: { interview_date: '2020-01-22T08:40:01.800Z' } }
[2020-01-22T21:40:26.937] [INFO] user - { name: 'eric',
  url: '/inter/addInterview',
  body:
   { student_id: 36,
     interview_date: '2020-01-14T08:40:20.863Z',
     interview_type: '212122',
     remarks: '212' } }
[2020-01-22T21:42:04.328] [INFO] user - { name: 'eric',
  url: '/inter/findInterviewsByMonth',
  body: { interview_date: '2020-01-22T08:42:04.244Z' } }
[2020-01-22T21:44:20.380] [INFO] user - { name: 'eric',
  url: '/inter/findInterviewsByMonth',
  body: { interview_date: '2020-01-22T08:44:20.334Z' } }
[2020-01-22T21:44:23.263] [INFO] user - { name: 'eric',
  url: '/inter/findInterviewsByMonth',
  body: { interview_date: '2020-01-22T08:44:23.180Z' } }
[2020-01-22T21:44:24.733] [INFO] user - { name: 'eric',
  url: '/inter/findInterviewsByMonth',
  body: { interview_date: '2020-01-03T08:44:23.036Z' } }
[2020-01-22T21:44:32.052] [INFO] user - { name: 'eric',
  url: '/inter/addInterview',
  body:
   { student_id: 36,
     interview_date: '2020-01-23T08:44:27.117Z',
     interview_type: '2122',
     remarks: '21212' } }
[2020-01-22T21:44:32.173] [INFO] user - { name: 'eric',
  url: '/inter/findInterviewsByMonth',
  body: { interview_date: '2020-01-01T00:00:00.000Z' } }
[2020-01-22T21:44:48.412] [INFO] user - { name: 'eric',
  url: '/inter/addInterview',
  body:
   { student_id: 35,
     interview_date: '2020-01-03T08:44:41.462Z',
     interview_type: '21212',
     remarks: '212' } }
[2020-01-22T21:44:48.490] [INFO] user - { name: 'eric',
  url: '/inter/findInterviewsByMonth',
  body: { interview_date: '2020-01-01T00:00:00.000Z' } }
[2020-01-22T21:44:50.333] [INFO] user - { name: 'eric',
  url: '/inter/findInterviewsByMonth',
  body: { interview_date: '2020-01-10T08:44:23.036Z' } }
[2020-01-22T21:45:15.234] [INFO] user - { name: 'eric',
  url: '/inter/findInterviewsByMonth',
  body: { interview_date: '2020-01-01T08:44:23.036Z' } }
[2020-01-22T21:45:26.170] [INFO] user - { name: 'eric',
  url: '/inter/addInterview',
  body:
   { student_id: 36,
     interview_date: '2019-12-27T08:45:17.880Z',
     interview_type: '测试',
     remarks: '3232' } }
[2020-01-22T21:45:26.245] [INFO] user - { name: 'eric',
  url: '/inter/findInterviewsByMonth',
  body: { interview_date: '2020-01-01T00:00:00.000Z' } }
[2020-01-22T21:45:30.491] [INFO] user - { name: 'eric',
  url: '/inter/findInterviewsByMonth',
  body: { interview_date: '2019-12-29T08:44:23.036Z' } }
[2020-01-22T21:45:30.492] [INFO] user - { name: 'eric',
  url: '/inter/findInterviewsByMonth',
  body: { interview_date: '2019-12-29T08:44:23.036Z' } }
[2020-01-22T21:45:35.141] [INFO] user - { name: 'eric',
  url: '/inter/findInterviewsByMonth',
  body: { interview_date: '2019-12-14T08:44:23.036Z' } }
[2020-01-22T21:45:45.783] [INFO] user - { name: 'eric',
  url: '/inter/findInterviewsByMonth',
  body: { interview_date: '2020-12-14T08:44:23.036Z' } }
[2020-01-22T21:45:48.593] [INFO] user - { name: 'eric',
  url: '/inter/findInterviewsByMonth',
  body: { interview_date: '2020-01-14T08:44:23.036Z' } }
[2020-01-22T21:48:03.149] [INFO] user - { name: 'eric',
  url: '/inter/findInterviewsByMonth',
  body: { interview_date: '2020-01-22T08:48:03.116Z' } }
[2020-01-22T21:48:11.706] [INFO] user - { name: 'eric',
  url: '/inter/findInterviewsByMonth',
  body: { interview_date: '2020-01-22T08:48:11.651Z' } }
[2020-01-22T21:48:14.112] [INFO] user - { name: 'eric',
  url: '/inter/findInterviewsByMonth',
  body: { interview_date: '2020-01-01T08:48:11.507Z' } }
[2020-01-22T21:48:25.677] [INFO] user - { name: 'eric',
  url: '/inter/addInterview',
  body:
   { student_id: 35,
     interview_date: '2020-01-01T08:48:16.522Z',
     interview_type: 'ewewe',
     remarks: 'ewew' } }
[2020-01-22T21:48:25.694] [INFO] user - { name: 'eric',
  url: '/inter/findInterviewsByMonth',
  body: { interview_date: '2020-01-01T00:00:00.000Z' } }
