[2019-12-18T15:28:38.879] [INFO] user - { name: undefined,
  url: '/stu/stuLogin',
  body: { name: 'admin', password: '1234564' } }
[2019-12-18T15:29:21.026] [INFO] user - { name: undefined,
  url: '/stu/stuLogin',
  body: { name: 'wzz', password: '1234564' } }
[2019-12-18T15:29:43.254] [INFO] user - { name: undefined,
  url: '/stu/stuLogin',
  body: { name: 'wzz', password: '1234564' } }
[2019-12-18T15:31:04.582] [INFO] user - { name: undefined,
  url: '/stu/stuLogin',
  body: { name: 'wzz', password: '1234564' } }
[2019-12-18T15:31:12.396] [INFO] user - { name: undefined,
  url: '/stu/stuLogin',
  body: { name: 'wzz', password: '123456' } }
[2019-12-18T15:31:49.207] [INFO] user - { name: 'wzz',
  url: '/stu/stuLogin',
  body: { name: 'wzz', password: '123456' } }
[2019-12-18T15:34:01.068] [INFO] user - { name: 'wzz',
  url: '/stu/stuLogin',
  body: { name: 'wzz', password: '123456' } }
[2019-12-18T15:35:39.352] [INFO] user - { name: 'wzz',
  url: '/stu/stuLogin',
  body: { name: 'wzz', password: '123456' } }
[2019-12-18T15:35:59.852] [INFO] user - { name: 'wzz',
  url: '/stu/stuLogin',
  body: { name: 'wzz', password: '123456' } }
[2019-12-18T15:40:14.249] [INFO] user - { name: undefined,
  url: '/stu/stuLogin',
  body: { name: 'wzz', password: '123456' } }
[2019-12-18T15:40:42.758] [INFO] user - { name: undefined,
  url: '/stu/stuLogin',
  body: { name: 'wzz', password: '123456' } }
[2019-12-18T15:40:53.948] [INFO] user - { name: undefined,
  url: '/stu/stuLogin',
  body: { name: 'wzz', password: '123456' } }
[2019-12-18T15:57:52.435] [INFO] user - { name: undefined,
  url: '/stu/stuLogin',
  body: { name: 'wzz', password: '123456' } }
[2019-12-18T15:58:06.644] [INFO] user - { name: undefined,
  url: '/stu/stuLogin',
  body: { name: 'wzz', password: '123456' } }
[2019-12-18T15:58:37.738] [INFO] user - { name: undefined,
  url: '/stu/stuLogin',
  body: { name: 'wzz', password: '123456' } }
[2019-12-18T15:59:06.320] [INFO] user - { name: 'wzz',
  url: '/stu/updateStu',
  body:
   { student_name: 'wzz1',
     student_type: '2',
     course_id: '1',
     adress: '新西兰',
     student_id: '1' } }
[2019-12-18T15:59:16.986] [INFO] user - { name: 'wzz',
  url: '/stu/updateStu',
  body:
   { student_name: 'admin',
     student_type: '2',
     course_id: '1',
     adress: '新西兰',
     student_id: '1' } }
[2019-12-18T18:14:12.094] [INFO] user - { name: undefined,
  url: '/stu/stuLogin',
  body: { name: 'wzz', password: '123456' } }
[2019-12-18T18:36:40.765] [INFO] user - { name: 'wzz',
  url: '/stu/updateStu',
  body:
   { student_name: 'admin',
     student_type: '2',
     course_id: '1',
     adress: '新西兰',
     student_id: '1' } }
[2019-12-18T18:37:04.057] [INFO] user - { name: 'wzz',
  url: '/stu/updateStu',
  body:
   { student_name: 'admin',
     student_type: '2',
     course_id: '1',
     adress: '新西兰',
     student_id: '2' } }
[2019-12-18T18:37:15.829] [INFO] user - { name: 'wzz',
  url: '/stu/updateStu',
  body:
   { student_name: 'wzz',
     student_type: '2',
     course_id: '1',
     adress: '新西兰',
     student_id: '2' } }
[2019-12-18T18:38:32.254] [INFO] user - { name: 'wzz',
  url: '/stu/addStudent',
  body:
   { student_name: 'wzz',
     student_type: '2',
     course_id: '1',
     adress: '新西兰',
     student_id: '2' } }
[2019-12-18T19:02:14.717] [INFO] user - { name: 'wzz',
  url: '/stu/addStudent',
  body:
   { student_name: 'wzz',
     student_type: '2',
     course_id: '1',
     adress: '新西兰',
     student_id: '2' } }
[2019-12-18T19:02:28.689] [INFO] user - { name: 'wzz',
  url: '/stu/addStudent',
  body:
   { student_name: 'wzz',
     student_type: '2',
     course_id: '1',
     adress: '新西兰',
     student_id: '2' } }
[2019-12-18T19:02:40.387] [INFO] user - { name: 'wzz',
  url: '/stu/addStudent',
  body:
   { student_name: 'wzz',
     student_type: '2',
     course_id: '1',
     adress: '新西兰' } }
[2019-12-18T19:03:14.248] [INFO] user - { name: 'wzz',
  url: '/stu/addStudent',
  body:
   { student_name: 'wzz',
     student_type: '2',
     course_id: '1',
     adress: '新西兰' } }
[2019-12-18T19:03:26.307] [INFO] user - { name: 'wzz',
  url: '/stu/addStudent',
  body:
   { student_name: 'wzz',
     student_type: '2',
     course_id: '1',
     adress: '新西兰' } }
[2019-12-18T19:03:44.440] [INFO] user - { name: 'wzz',
  url: '/stu/addStudent',
  body:
   { student_name: 'wzz',
     student_type: '2',
     course_id: '1',
     adress: '新西兰' } }
[2019-12-18T19:04:19.429] [INFO] user - { name: 'wzz',
  url: '/stu/addStudent',
  body:
   { student_name: 'wzz',
     student_type: '2',
     course_id: '1',
     adress: '新西兰' } }
[2019-12-18T19:04:26.677] [INFO] user - { name: 'wzz',
  url: '/stu/addStudent',
  body:
   { student_name: 'wzz',
     student_type: '2',
     course_id: '1',
     adress: '新西兰' } }
[2019-12-18T19:04:35.391] [INFO] user - { name: 'wzz',
  url: '/stu/addStudent',
  body:
   { student_name: 'wzz',
     student_type: '2',
     course_id: '1',
     adress: '新西兰' } }
[2019-12-18T19:04:48.114] [INFO] user - { name: 'wzz',
  url: '/stu/addStudent',
  body:
   { student_name: 'wzz',
     student_type: '2',
     course_id: '1',
     adress: '新西兰' } }
[2019-12-18T19:04:54.123] [INFO] user - { name: 'wzz',
  url: '/stu/addStudent',
  body:
   { student_name: 'wzz',
     student_type: '2',
     course_id: '1',
     adress: '新西兰' } }
[2019-12-18T19:05:12.927] [INFO] user - { name: 'wzz',
  url: '/stu/addStudent',
  body:
   { student_name: 'wzz',
     student_type: '2',
     course_id: '1',
     adress: '新西兰' } }
[2019-12-18T19:05:37.606] [INFO] user - { name: 'wzz',
  url: '/stu/addStudent',
  body:
   { student_name: 'wzz',
     student_type: '2',
     course_id: '1',
     adress: '新西兰' } }
[2019-12-18T19:05:44.086] [INFO] user - { name: 'wzz',
  url: '/stu/addStudent',
  body:
   { student_name: 'wzz',
     student_type: '2',
     course_id: '1',
     adress: '新西兰' } }
[2019-12-18T19:05:54.577] [INFO] user - { name: 'wzz',
  url: '/stu/addStudent',
  body:
   { student_name: 'wzz',
     student_type: '2',
     course_id: '1',
     adress: '新西兰' } }
[2019-12-18T19:06:50.744] [INFO] user - { name: 'wzz',
  url: '/stu/addStudent',
  body:
   { student_name: 'wzz',
     student_type: '2',
     course_id: '1',
     adress: '新西兰' } }
[2019-12-18T19:08:38.426] [INFO] user - { name: 'wzz',
  url: '/stu/addStudent',
  body:
   { student_name: 'wzz',
     student_type: '2',
     course_id: '1',
     adress: '新西兰' } }
[2019-12-18T19:09:46.074] [INFO] user - { name: 'wzz',
  url: '/stu/addStudent',
  body:
   { student_name: 'wzz',
     student_type: '2',
     course_id: '1',
     adress: '新西兰' } }
[2019-12-18T19:09:59.612] [INFO] user - { name: 'wzz',
  url: '/stu/addStudent',
  body:
   { student_name: 'test',
     student_type: '2',
     course_id: '1',
     adress: '新西兰' } }
[2019-12-18T19:10:09.634] [INFO] user - { name: 'wzz',
  url: '/stu/addStudent',
  body:
   { student_name: 'test',
     student_type: '2',
     course_id: '1',
     adress: '新西兰' } }
[2019-12-18T19:11:15.637] [INFO] user - { name: 'wzz',
  url: '/stu/addStudent',
  body:
   { student_name: 'test',
     student_type: '2',
     course_id: '1',
     adress: '新西兰' } }
[2019-12-18T19:28:54.826] [INFO] user - { name: undefined,
  url: '/stu/stuLogin',
  body: { name: 'wzz', password: '123456' } }
[2019-12-18T19:30:18.850] [INFO] user - { name: 'wzz',
  url: '/stu/updateSPass',
  body: { password: '123456', newPassword: '111111' } }
[2019-12-18T19:31:23.415] [INFO] user - { name: 'wzz',
  url: '/stu/updateSPass',
  body: { password: '123456', newPassword: '111111' } }
[2019-12-18T19:31:50.558] [INFO] user - { name: 'wzz',
  url: '/stu/stuLogin',
  body: { name: 'wzz', password: '123456' } }
[2019-12-18T19:32:55.162] [INFO] user - { name: 'wzz',
  url: '/stu/stuLogin',
  body: { name: 'wzz', password: '123456' } }
[2019-12-18T19:33:16.135] [INFO] user - { name: 'wzz',
  url: '/stu/stuLogin',
  body: { name: 'wzz', password: '123456' } }
[2019-12-18T19:33:50.515] [INFO] user - { name: 'wzz',
  url: '/stu/stuLogin',
  body: { name: 'wzz', password: '123456' } }
[2019-12-18T19:34:00.059] [INFO] user - { name: 'wzz',
  url: '/stu/stuLogin',
  body: { name: 'wzz', password: '111111' } }
[2019-12-18T19:34:33.270] [INFO] user - { name: 'wzz',
  url: '/stu/updateSPass',
  body: { password: '111111', newPassword: '123456' } }
[2019-12-18T20:46:01.667] [INFO] user - { name: undefined,
  url: '/stu/stuLogin',
  body: { name: 'wzz', password: '111111' } }
[2019-12-18T20:46:10.207] [INFO] user - { name: undefined,
  url: '/stu/stuLogin',
  body: { name: 'wzz', password: '123456\n' } }
[2019-12-18T20:46:14.615] [INFO] user - { name: undefined,
  url: '/stu/stuLogin',
  body: { name: 'wzz', password: '123456' } }
[2019-12-18T21:05:45.070] [INFO] user - { name: 'wzz',
  url: '/stu/stuLogin',
  body: { name: 'wzz', password: '123456' } }
[2019-12-18T21:14:16.842] [INFO] user - { name: 'wzz',
  url: '/stu/stuLogin',
  body: { name: 'wzz', password: '123456' } }
[2019-12-18T21:15:41.127] [INFO] user - { name: undefined,
  url: '/stu/stuLogin',
  body: { name: 'wzz', password: '123456' } }
[2019-12-18T21:16:23.582] [INFO] user - { name: 'wzz',
  url: '/stu/stuLogin',
  body: { name: 'wzz', password: '123456' } }
[2019-12-18T21:16:34.485] [INFO] user - { name: 'wzz',
  url: '/stu/stuLogin',
  body: { name: 'wzz', password: '123456' } }
[2019-12-18T21:16:58.530] [INFO] user - { name: 'wzz',
  url: '/stu/stuLogin',
  body: { name: 'wzz', password: '123456' } }
[2019-12-18T21:17:22.154] [INFO] user - { name: 'wzz',
  url: '/stu/stuLogin',
  body: { name: 'wzz', password: '123456' } }
[2019-12-18T21:17:52.492] [INFO] user - { name: 'wzz',
  url: '/stu/stuLogin',
  body: { name: 'wzz', password: '123456' } }
[2019-12-18T21:19:42.345] [INFO] user - { name: 'wzz',
  url: '/stu/stuLogin',
  body: { name: 'wzz', password: '123456' } }
[2019-12-18T21:22:19.312] [INFO] user - { name: 'wzz',
  url: '/stu/stuLogin',
  body: { name: 'wzz', password: '123456' } }
[2019-12-18T21:25:38.138] [INFO] user - { name: 'wzz',
  url: '/stu/stuLogin',
  body: { name: 'wzz', password: '123456' } }
[2019-12-18T21:44:37.785] [INFO] user - { name: 'wzz',
  url: '/stu/stuLogin',
  body: { name: 'wzz', password: '123456' } }
[2019-12-18T21:48:01.861] [INFO] user - { name: 'wzz',
  url: '/stu/stuLogin',
  body: { name: 'wzz', password: '123456' } }
