[2020-04-29T18:36:49.702] [INFO] user - { name: undefined,
  url: '/teacher/teaLogin',
  body: { name: 'wangzhzh', password: 'admin' } }
[2020-04-29T18:38:10.166] [INFO] user - { name: 'wangzhzh',
  url: '/teacher/teaLogin',
  body: { name: 'wangzhzh', password: 'admin' } }
[2020-04-29T18:38:15.391] [INFO] user - { name: 'wangzhzh',
  url: '/teacher/teaLogin',
  body: { name: 'wangzhzh', password: 'admin' } }
[2020-04-29T18:38:28.628] [INFO] user - { name: 'wangzhzh',
  url: '/teacher/teaLogin',
  body: { name: 'wangzhzh', password: 'admin' } }
[2020-04-29T18:38:29.233] [INFO] user - { name: 'wangzhzh',
  url: '/teacher/teaLogin',
  body: { name: 'wangzhzh', password: 'admin' } }
[2020-04-29T18:38:29.850] [INFO] user - { name: 'wangzhzh',
  url: '/teacher/teaLogin',
  body: { name: 'wangzhzh', password: 'admin' } }
[2020-04-29T18:39:08.421] [INFO] user - { name: 'wangzhzh',
  url: '/teacher/teaLogin',
  body: { name: 'wangzhzh', password: 'admin' } }
[2020-04-29T18:39:47.647] [INFO] user - { name: 'wangzhzh',
  url: '/teacher/teaLogin',
  body: { name: 'wangzhzh', password: 'admin' } }
[2020-04-29T18:39:48.012] [INFO] user - { name: 'wangzhzh',
  url: '/teacher/teaLogin',
  body: { name: 'wangzhzh', password: 'admin' } }
[2020-04-29T18:43:11.522] [INFO] user - { name: 'wangzhzh',
  url: '/stu/updateStu',
  body:
   { student_name: 'jenney@student.com',
     student_type: 1,
     course_id: 1,
     adress: '澳洲',
     student_id: '64' } }
[2020-04-29T18:43:22.240] [INFO] user - { name: 'wangzhzh',
  url: '/inter/findInterviewsByMonth',
  body: { interview_date: '2020-04-29T06:43:22.217Z' } }
[2020-04-29T18:45:23.434] [INFO] user - { name: 'wangzhzh',
  url: '/teacher/teaLogin',
  body: { name: 'wangzhzh', password: 'admin' } }
[2020-04-29T18:46:06.772] [INFO] user - { name: 'wangzhzh',
  url: '/teacher/teaLogin',
  body: { name: 'wangzhzh', password: 'admin' } }
[2020-04-29T18:49:04.630] [INFO] user - { name: 'wangzhzh',
  url: '/teacher/teaLogin',
  body: { name: 'wangzhzh', password: 'admin' } }
[2020-04-29T18:55:06.144] [INFO] user - { name: 'wangzhzh',
  url: '/teacher/teaLogin',
  body: { name: 'wangzhzh', password: 'admin' } }
[2020-04-29T18:55:17.836] [INFO] user - { name: 'wangzhzh',
  url: '/inter/findInterviewsByMonth',
  body: { interview_date: '2020-04-29T06:55:17.814Z' } }
[2020-04-29T18:55:24.209] [INFO] user - { name: 'wangzhzh',
  url: '/inter/findInterviewsByMonth',
  body: { interview_date: '2020-04-29T06:55:24.192Z' } }
[2020-04-29T18:55:27.532] [INFO] user - { name: 'wangzhzh',
  url: '/inter/findInterviewsByMonth',
  body: { interview_date: '2020-05-01T06:55:24.069Z' } }
[2020-04-29T18:55:27.533] [INFO] user - { name: 'wangzhzh',
  url: '/inter/findInterviewsByMonth',
  body: { interview_date: '2020-05-01T06:55:24.069Z' } }
[2020-04-29T18:55:45.933] [INFO] user - { name: 'wangzhzh',
  url: '/inter/addInterview',
  body:
   { student_id: 63,
     interview_date: '2020-05-01T06:55:35.018Z',
     interview_type: '测试',
     remarks: 'testsye' } }
[2020-04-29T18:55:45.969] [INFO] user - { name: 'wangzhzh',
  url: '/inter/findInterviewsByMonth',
  body: { interview_date: '2020-05-01T00:00:00.000Z' } }
[2020-04-29T18:55:59.738] [INFO] user - { name: 'wangzhzh',
  url: '/inter/findInterviewsByMonth',
  body: { interview_date: '2020-04-29T06:55:59.724Z' } }
[2020-04-29T19:10:13.070] [INFO] user - { name: 'wangzhzh',
  url: '/teacher/teaLogin',
  body: { name: 'wangzhzh', password: 'admin' } }
[2020-04-29T20:15:54.402] [INFO] user - { name: undefined,
  url: '/teacher/teaLogin',
  body: { name: 'wangzhzh', password: 'admin' } }
[2020-04-29T22:17:06.878] [INFO] user - { name: undefined,
  url: '/teacher/teaLogin',
  body: { name: 'wangzhzh', password: 'admin' } }
[2020-04-29T22:33:47.371] [INFO] user - { name: 'wangzhzh',
  url: '/teacher/teaLogin',
  body: { name: 'wangzhzh', password: 'admin' } }
