[2020-01-15T02:08:02.479] [INFO] user - { name: undefined,
  url: '/stu/stuLogin',
  body: { name: 'eric', password: '123456' } }
[2020-01-15T19:48:35.279] [INFO] user - { name: undefined,
  url: '/stu/stuLogin',
  body: { name: 'eric', password: '123456' } }
[2020-01-15T19:53:10.805] [INFO] user - { name: 'eric',
  url: '/stu/addStudent',
  body:
   { student_name: 'eric',
     student_type: 2,
     course_id: 1,
     adress: '澳洲' } }
[2020-01-15T19:53:28.153] [INFO] user - { name: 'eric',
  url: '/stu/addStudent',
  body:
   { student_name: 'glad',
     student_type: 2,
     course_id: 1,
     adress: '国内' } }
[2020-01-15T19:53:46.761] [INFO] user - { name: 'eric',
  url: '/stu/updateStu',
  body:
   { student_name: 'glad',
     student_type: 1,
     course_id: 1,
     adress: '国内',
     student_id: '35' } }
[2020-01-15T20:53:26.601] [INFO] user - { name: undefined,
  url: '/stu/stuLogin',
  body: { name: 'eric', password: '123456' } }
[2020-01-15T21:03:21.120] [INFO] user - { name: 'eric',
  url: '/course/updateCourseType',
  body: { id: 2, name: 'ios自动化测试' } }
[2020-01-15T21:03:43.599] [INFO] user - { name: 'eric',
  url: '/course/updateCourseType',
  body: { id: 2, name: 'ios自动化测试' } }
[2020-01-15T21:03:58.957] [INFO] user - { name: 'eric',
  url: '/course/updateCourseType',
  body: { id: 2, name: 'ios自动化测试' } }
[2020-01-15T21:04:08.116] [INFO] user - { name: 'eric',
  url: '/course/updateCourseType',
  body: { id: 2, name: 'ios自动化测试' } }
[2020-01-15T21:06:06.987] [INFO] user - { name: 'eric',
  url: '/course/updateCourseType',
  body: { id: 6, name: 'android自动化测试' } }
[2020-01-15T21:06:12.176] [INFO] user - { name: 'eric',
  url: '/course/updateCourseType',
  body: { id: 6, name: 'android自动化测试' } }
[2020-01-15T21:14:28.822] [INFO] user - { name: 'eric',
  url: '/course/updateCourseType',
  body: { id: 6, name: 'web自动化测试' } }
[2020-01-15T21:15:08.210] [INFO] user - { name: 'eric',
  url: '/course/updateCourseType',
  body: { id: 3, name: '理论基础11' } }
[2020-01-15T21:18:47.401] [INFO] user - { name: 'eric',
  url: '/course/updateCourseType',
  body: { id: 3, name: '理论基础' } }
[2020-01-15T21:44:55.550] [INFO] user - { name: 'eric',
  url: '/stu/updateStu',
  body:
   { student_name: 'glad',
     student_type: 2,
     course_id: 1,
     adress: '国内',
     student_id: '35' } }
[2020-01-15T21:57:20.543] [INFO] user - { name: undefined,
  url: '/stu/stuLogin',
  body: { name: 'eric', password: '123456' } }
[2020-01-15T22:57:56.497] [INFO] user - { name: undefined,
  url: '/stu/stuLogin',
  body: { name: 'wzz', password: '123456' } }
[2020-01-15T22:58:04.457] [INFO] user - { name: undefined,
  url: '/stu/stuLogin',
  body: { name: 'eric', password: '123456' } }
