[2020-03-27T14:03:56.551] [INFO] user - { name: undefined,
  url: '/teacher/teaLogin',
  body: { name: 'wzz', password: 'admin' } }
[2020-03-27T14:04:00.161] [INFO] user - { name: undefined,
  url: '/teacher/teaLogin',
  body: { name: 'wangzhzh', password: 'admin' } }
[2020-03-27T14:04:06.124] [INFO] user - { name: undefined,
  url: '/teacher/teaLogin',
  body: { name: 'wangzhzh', password: '123456' } }
[2020-03-27T14:04:52.495] [INFO] user - { name: 'wangzhzh',
  url: '/inter/findInterviewsByMonth',
  body: { interview_date: '2020-03-27T01:04:52.462Z' } }
[2020-03-27T14:04:53.938] [INFO] user - { name: 'wangzhzh',
  url: '/inter/findInterviewsByMonth',
  body: { interview_date: '2020-03-24T01:04:52.320Z' } }
[2020-03-27T14:05:11.056] [INFO] user - { name: 'wangzhzh',
  url: '/inter/addInterview',
  body:
   { student_id: 62,
     interview_date: '2020-04-02T01:04:56.933Z',
     interview_type: 'ewewe',
     remarks: 'wewewe' } }
[2020-03-27T14:05:11.103] [INFO] user - { name: 'wangzhzh',
  url: '/inter/findInterviewsByMonth',
  body: { interview_date: '2020-03-01T00:00:00.000Z' } }
[2020-03-27T14:05:21.663] [INFO] user - { name: 'wangzhzh',
  url: '/inter/findInterviewsByMonth',
  body: { interview_date: '2020-04-01T01:04:52.320Z' } }
[2020-03-27T14:05:21.664] [INFO] user - { name: 'wangzhzh',
  url: '/inter/findInterviewsByMonth',
  body: { interview_date: '2020-04-01T01:04:52.320Z' } }
[2020-03-27T14:05:23.885] [INFO] user - { name: 'wangzhzh',
  url: '/inter/findInterviewsByMonth',
  body: { interview_date: '2020-04-30T02:04:52.320Z' } }
[2020-03-27T14:05:28.092] [INFO] user - { name: 'wangzhzh',
  url: '/inter/findInterviewsByMonth',
  body: { interview_date: '2020-05-30T02:04:52.320Z' } }
[2020-03-27T14:05:35.299] [INFO] user - { name: 'wangzhzh',
  url: '/inter/findInterviewsByMonth',
  body: { interview_date: '2020-06-30T02:04:52.320Z' } }
[2020-03-27T14:05:44.991] [INFO] user - { name: 'wangzhzh',
  url: '/inter/findInterviewsByMonth',
  body: { interview_date: '2020-03-30T01:04:52.320Z' } }
[2020-03-27T14:05:48.123] [INFO] user - { name: 'wangzhzh',
  url: '/inter/findInterviewsByMonth',
  body: { interview_date: '2020-04-02T01:04:52.320Z' } }
[2020-03-27T14:05:48.124] [INFO] user - { name: 'wangzhzh',
  url: '/inter/findInterviewsByMonth',
  body: { interview_date: '2020-04-02T01:04:52.320Z' } }
[2020-03-27T14:05:50.939] [INFO] user - { name: 'wangzhzh',
  url: '/inter/findInterviewsByMonth',
  body: { interview_date: '2020-04-09T02:04:52.320Z' } }
[2020-03-27T14:05:53.954] [INFO] user - { name: 'wangzhzh',
  url: '/inter/findInterviewsByMonth',
  body: { interview_date: '2020-03-31T01:04:52.320Z' } }
[2020-03-27T14:05:53.955] [INFO] user - { name: 'wangzhzh',
  url: '/inter/findInterviewsByMonth',
  body: { interview_date: '2020-03-31T01:04:52.320Z' } }
[2020-03-27T14:06:13.896] [INFO] user - { name: 'wangzhzh',
  url: '/inter/findInterviewsByMonth',
  body: { interview_date: '2020-03-27T01:06:13.880Z' } }
[2020-03-27T14:06:33.553] [INFO] user - { name: 'wangzhzh',
  url: '/inter/findInterviewsByMonth',
  body: { interview_date: '2020-03-31T01:06:13.748Z' } }
[2020-03-27T14:06:49.508] [INFO] user - { name: 'wangzhzh',
  url: '/inter/addInterview',
  body:
   { student_id: 61,
     interview_date: '2020-03-30T01:06:39.689Z',
     interview_type: '测试',
     remarks: 'ewewe' } }
[2020-03-27T14:06:49.545] [INFO] user - { name: 'wangzhzh',
  url: '/inter/findInterviewsByMonth',
  body: { interview_date: '2020-03-01T00:00:00.000Z' } }
[2020-03-27T14:07:21.910] [INFO] user - { name: 'wangzhzh',
  url: '/inter/addInterview',
  body:
   { student_id: 63,
     interview_date: '2020-03-31T01:07:00.030Z',
     interview_type: '测试',
     remarks: '1212' } }
[2020-03-27T14:07:21.946] [INFO] user - { name: 'wangzhzh',
  url: '/inter/findInterviewsByMonth',
  body: { interview_date: '2020-03-01T00:00:00.000Z' } }
[2020-03-27T15:28:00.317] [INFO] user - { name: undefined,
  url: '/teacher/teaLogin',
  body: { name: 'wangzhzh', password: '123456' } }
[2020-03-27T16:12:41.266] [INFO] user - { name: 'wangzhzh',
  url: '/stu/updateStu',
  body:
   { student_name: 'xiaohu',
     student_type: 1,
     course_id: 1,
     adress: '国内',
     student_id: '57' } }
[2020-03-27T16:28:02.407] [INFO] user - { name: undefined,
  url: '/teacher/teaLogin',
  body: { name: 'admin', password: 'admin' } }
[2020-03-27T16:33:13.379] [INFO] user - { name: 'admin',
  url: '/teacher/teaLogin',
  body: { name: 'glad', password: 'admin' } }
[2020-03-27T16:42:47.044] [INFO] user - { name: 'glad',
  url: '/teacher/teaLogin',
  body: { name: 'wzz', password: 'admin' } }
[2020-03-27T16:42:51.725] [INFO] user - { name: 'glad',
  url: '/teacher/teaLogin',
  body: { name: 'wangzhzh', password: 'admin' } }
[2020-03-27T16:42:52.998] [INFO] user - { name: 'glad',
  url: '/teacher/teaLogin',
  body: { name: 'wangzhzh', password: 'admin' } }
[2020-03-27T16:42:57.336] [INFO] user - { name: 'glad',
  url: '/teacher/teaLogin',
  body: { name: 'wangzhzh', password: '123456' } }
[2020-03-27T16:43:15.725] [INFO] user - { name: 'wangzhzh',
  url: '/teacher/editPassword',
  body: { oldPassword: '123456', newPassword: 'admin' } }
[2020-03-27T16:53:05.906] [INFO] user - { name: 'wangzhzh',
  url: '/teacher/editPassword',
  body: { oldPassword: '2', newPassword: '12' } }
[2020-03-27T16:55:44.981] [INFO] user - { name: 'wangzhzh',
  url: '/teacher/teaLogin',
  body: { name: 'wangzhzh', password: 'admin' } }
[2020-03-27T16:59:06.190] [INFO] user - { name: 'wangzhzh',
  url: '/teacher/teaLogin',
  body: { name: 'wangzhzh', password: 'admin' } }
[2020-03-27T17:01:10.396] [INFO] user - { name: 'wangzhzh',
  url: '/teacher/editPassword',
  body: { oldPassword: 'admin', newPassword: '111111' } }
[2020-03-27T17:04:03.801] [INFO] user - { name: 'wangzhzh',
  url: '/teacher/editPassword',
  body: { oldPassword: '111111', newPassword: 'admin' } }
[2020-03-27T17:18:01.118] [INFO] user - { name: 'wangzhzh',
  url: '/inter/findInterviewsByMonth',
  body: { interview_date: '2020-03-27T04:18:01.097Z' } }
[2020-03-27T19:35:49.914] [INFO] user - { name: undefined,
  url: '/teacher/teaLogin',
  body: { name: 'wangzhzh', password: 'admin' } }
[2020-03-27T19:37:57.698] [INFO] user - { name: 'wangzhzh',
  url: '/teacher/teaLogin',
  body: { name: 'glad', password: 'admin' } }
[2020-03-27T19:38:24.649] [INFO] user - { name: 'glad',
  url: '/teacher/teaLogin',
  body: { name: 'glad', password: 'admin' } }
[2020-03-27T19:38:53.654] [INFO] user - { name: 'glad',
  url: '/teacher/teaLogin',
  body: { name: 'glad', password: 'admin' } }
[2020-03-27T19:39:56.779] [INFO] user - { name: 'glad',
  url: '/teacher/teaLogin',
  body: { name: 'wangzhzh', password: 'admin' } }
[2020-03-27T19:41:14.337] [INFO] user - { name: 'wangzhzh',
  url: '/teacher/teaLogin',
  body: { name: 'admin', password: 'admin' } }
[2020-03-27T19:42:36.688] [INFO] user - { name: 'admin',
  url: '/teacher/teaLogin',
  body: { name: 'admin', password: 'admin' } }
[2020-03-27T19:44:02.169] [INFO] user - { name: 'admin',
  url: '/teacher/teaLogin',
  body: { name: 'wzz', password: 'admin' } }
[2020-03-27T19:44:06.046] [INFO] user - { name: 'admin',
  url: '/teacher/teaLogin',
  body: { name: 'admin', password: 'admin' } }
[2020-03-27T19:44:52.394] [INFO] user - { name: 'admin',
  url: '/teacher/teaLogin',
  body: { name: 'admin', password: 'admin' } }
[2020-03-27T19:47:00.973] [INFO] user - { name: 'admin',
  url: '/teacher/teaLogin',
  body: { name: 'glad', password: 'glad' } }
[2020-03-27T19:47:09.890] [INFO] user - { name: 'admin',
  url: '/teacher/teaLogin',
  body: { name: 'glad', password: 'admin' } }
[2020-03-27T19:49:17.357] [INFO] user - { name: 'glad',
  url: '/teacher/teaLogin',
  body: { name: 'admin', password: 'admin' } }
[2020-03-27T19:50:50.287] [INFO] user - { name: 'admin',
  url: '/teacher/teaLogin',
  body: { name: 'glad', password: 'admin' } }
[2020-03-27T19:52:28.710] [INFO] user - { name: 'glad',
  url: '/teacher/teaLogin',
  body: { name: 'glad', password: 'admin' } }
[2020-03-27T19:53:56.075] [INFO] user - { name: 'glad',
  url: '/teacher/teaLogin',
  body: { name: 'glad', password: 'admin' } }
[2020-03-27T19:55:22.828] [INFO] user - { name: 'glad',
  url: '/teacher/teaLogin',
  body: { name: 'glad', password: 'admin' } }
[2020-03-27T20:01:50.120] [INFO] user - { name: 'glad',
  url: '/teacher/teaLogin',
  body: { name: 'glad', password: 'admin' } }
[2020-03-27T20:03:46.946] [INFO] user - { name: 'glad',
  url: '/teacher/teaLogin',
  body: { name: 'glad', password: 'admin' } }
[2020-03-27T20:06:29.983] [INFO] user - { name: 'glad',
  url: '/teacher/teaLogin',
  body: { name: 'glad', password: 'admin' } }
[2020-03-27T20:10:15.090] [INFO] user - { name: 'glad',
  url: '/teacher/teaLogin',
  body: { name: 'glad', password: 'admin' } }
[2020-03-27T20:14:38.755] [INFO] user - { name: 'glad',
  url: '/teacher/teaLogin',
  body: { name: 'glad', password: 'admin' } }
[2020-03-27T20:18:51.926] [INFO] user - { name: 'glad',
  url: '/teacher/teaLogin',
  body: { name: 'glad', password: 'admin' } }
[2020-03-27T20:23:42.335] [INFO] user - { name: 'glad',
  url: '/teacher/teaLogin',
  body: { name: 'admin', password: 'admin' } }
[2020-03-27T20:25:19.117] [INFO] user - { name: 'admin',
  url: '/teacher/teaLogin',
  body: { name: 'glad', password: 'admin' } }
[2020-03-27T20:26:38.386] [INFO] user - { name: 'glad',
  url: '/teacher/teaLogin',
  body: { name: 'glad', password: 'admin' } }
[2020-03-27T20:28:19.024] [INFO] user - { name: 'glad',
  url: '/teacher/teaLogin',
  body: { name: 'glad', password: 'admin' } }
[2020-03-27T20:29:29.770] [INFO] user - { name: 'glad',
  url: '/teacher/teaLogin',
  body: { name: 'glad', password: 'admin' } }
[2020-03-27T20:29:32.490] [INFO] user - { name: 'glad',
  url: '/inter/findInterviewsByMonth',
  body: { interview_date: '2020-03-27T07:29:32.467Z' } }
[2020-03-27T20:30:15.678] [INFO] user - { name: 'glad',
  url: '/teacher/teaLogin',
  body: { name: 'glad', password: 'admin' } }
[2020-03-27T20:30:58.815] [INFO] user - { name: 'glad',
  url: '/teacher/teaLogin',
  body: { name: 'glad', password: 'admin' } }
[2020-03-27T20:33:52.093] [INFO] user - { name: 'glad',
  url: '/teacher/teaLogin',
  body: { name: 'glad', password: 'admin' } }
[2020-03-27T20:35:21.880] [INFO] user - { name: 'glad',
  url: '/teacher/teaLogin',
  body: { name: 'admin', password: 'admin' } }
[2020-03-27T20:35:41.930] [INFO] user - { name: 'admin',
  url: '/teacher/teaLogin',
  body: { name: 'admin', password: 'admin' } }
[2020-03-27T20:39:17.329] [INFO] user - { name: 'admin',
  url: '/teacher/teaLogin',
  body: { name: 'glad', password: 'admin' } }
[2020-03-27T20:40:52.283] [INFO] user - { name: 'glad',
  url: '/teacher/teaLogin',
  body: { name: 'glad', password: 'admin' } }
[2020-03-27T20:42:32.584] [INFO] user - { name: 'glad',
  url: '/teacher/teaLogin',
  body: { name: 'glad', password: 'admin' } }
[2020-03-27T20:45:51.016] [INFO] user - { name: 'glad',
  url: '/teacher/teaLogin',
  body: { name: 'glad', password: 'admin' } }
[2020-03-27T20:48:45.814] [INFO] user - { name: 'glad',
  url: '/teacher/teaLogin',
  body: { name: 'login', password: 'admin' } }
[2020-03-27T20:48:50.703] [INFO] user - { name: 'glad',
  url: '/teacher/teaLogin',
  body: { name: 'admin', password: 'admin' } }
[2020-03-27T20:50:59.260] [INFO] user - { name: 'admin',
  url: '/teacher/teaLogin',
  body: { name: 'admin', password: 'admin' } }
[2020-03-27T20:52:59.798] [INFO] user - { name: 'admin',
  url: '/teacher/teaLogin',
  body: { name: 'admin', password: 'admin' } }
[2020-03-27T20:54:03.542] [INFO] user - { name: 'admin',
  url: '/teacher/teaLogin',
  body: { name: 'admin', password: 'admin' } }
[2020-03-27T21:02:30.290] [INFO] user - { name: 'admin',
  url: '/teacher/teaLogin',
  body: { name: 'admin', password: 'admin' } }
[2020-03-27T21:03:06.266] [INFO] user - { name: 'admin',
  url: '/teacher/teaLogin',
  body: { name: 'admin', password: 'admin' } }
[2020-03-27T21:04:02.817] [INFO] user - { name: 'admin',
  url: '/stu/updateStu',
  body:
   { student_name: 'text',
     student_type: 1,
     course_id: 1,
     adress: '国内',
     student_id: '57' } }
[2020-03-27T21:04:22.081] [INFO] user - { name: 'admin',
  url: '/stu/addStudent',
  body:
   { student_name: 'eric',
     student_type: 1,
     course_id: '10',
     adress: '澳洲' } }
[2020-03-27T21:04:39.821] [INFO] user - { name: 'admin',
  url: '/stu/addStudent',
  body:
   { student_name: 'jenney',
     student_type: 1,
     course_id: '4',
     adress: '国内' } }
[2020-03-27T21:04:48.629] [INFO] user - { name: 'admin',
  url: '/course/updateCourse',
  body:
   { name: 'ts031212',
     vid: '323232323fdf',
     homework: 'sdsdsds',
     typeId: '27',
     id: '44' } }
[2020-03-27T21:05:14.194] [INFO] user - { name: 'admin',
  url: '/course/addCourse',
  body:
   { name: 'pachong023',
     vid: '2wewe',
     homework: 'ewew',
     typeId: '20' } }
[2020-03-27T21:05:25.726] [INFO] user - { name: 'admin',
  url: '/course/updateCourseType',
  body: { name: 'ios自动化测试', id: 2 } }
[2020-03-27T21:05:28.379] [INFO] user - { name: 'admin',
  url: '/inter/findInterviewsByMonth',
  body: { interview_date: '2020-03-27T08:05:28.362Z' } }
[2020-03-27T21:05:30.909] [INFO] user - { name: 'admin',
  url: '/inter/findInterviewsByMonth',
  body: { interview_date: '2020-04-01T08:05:28.228Z' } }
[2020-03-27T21:05:30.911] [INFO] user - { name: 'admin',
  url: '/inter/findInterviewsByMonth',
  body: { interview_date: '2020-04-01T08:05:28.228Z' } }
[2020-03-27T21:05:40.615] [INFO] user - { name: 'admin',
  url: '/inter/addInterview',
  body:
   { student_id: 64,
     interview_date: '2020-04-03T08:05:34.737Z',
     interview_type: '测试',
     remarks: '2112' } }
[2020-03-27T21:05:40.650] [INFO] user - { name: 'admin',
  url: '/inter/findInterviewsByMonth',
  body: { interview_date: '2020-04-01T00:00:00.000Z' } }
[2020-03-27T21:05:55.635] [INFO] user - { name: 'admin',
  url: '/teacher/updateTeacher',
  body: { id: 7, newName: 'hui1' } }
[2020-03-27T21:06:01.366] [INFO] user - { name: 'admin',
  url: '/inter/findInterviewsByMonth',
  body: { interview_date: '2020-03-27T08:06:01.349Z' } }
[2020-03-27T21:06:05.843] [INFO] user - { name: 'admin',
  url: '/inter/findInterviewsByMonth',
  body: { interview_date: '2020-03-01T00:00:00.000Z' } }
[2020-03-27T21:07:18.428] [INFO] user - { name: 'admin',
  url: '/inter/findInterviewsByMonth',
  body: { interview_date: '2020-03-27T08:07:18.360Z' } }
[2020-03-27T21:07:21.172] [INFO] user - { name: 'admin',
  url: '/inter/findInterviewsByMonth',
  body: { interview_date: '2020-03-08T08:07:18.208Z' } }
[2020-03-27T21:07:36.941] [INFO] user - { name: 'admin',
  url: '/inter/findInterviewsByMonth',
  body: { interview_date: '2020-03-27T08:07:36.924Z' } }
[2020-03-27T21:07:51.909] [INFO] user - { name: 'admin',
  url: '/stu/updateStu',
  body:
   { student_name: 'jenney1',
     student_type: 1,
     course_id: 4,
     adress: '国内',
     student_id: '64' } }
[2020-03-27T21:08:13.529] [INFO] user - { name: 'admin',
  url: '/inter/findInterviewsByMonth',
  body: { interview_date: '2020-03-27T08:08:13.512Z' } }
[2020-03-27T21:09:11.009] [INFO] user - { name: 'admin',
  url: '/inter/findInterviewsByMonth',
  body: { interview_date: '2020-03-27T08:09:10.985Z' } }
[2020-03-27T21:09:15.934] [INFO] user - { name: 'admin',
  url: '/inter/findInterviewsByMonth',
  body: { interview_date: '2020-03-27T08:09:15.912Z' } }
[2020-03-27T21:11:50.727] [INFO] user - { name: 'admin',
  url: '/inter/findInterviewsByMonth',
  body: { interview_date: '2020-03-27T08:11:50.705Z' } }
[2020-03-27T21:14:28.797] [INFO] user - { name: 'admin',
  url: '/inter/findInterviewsByMonth',
  body: { interview_date: '2020-03-27T08:14:28.777Z' } }
[2020-03-27T21:16:00.707] [INFO] user - { name: 'admin',
  url: '/teacher/teaLogin',
  body: { name: 'admin', password: 'admin' } }
[2020-03-27T21:16:20.453] [INFO] user - { name: 'admin',
  url: '/teacher/teaLogin',
  body: { name: 'admin', password: 'admin' } }
[2020-03-27T21:16:47.178] [INFO] user - { name: 'admin',
  url: '/teacher/teaLogin',
  body: { name: 'admin', password: 'admin' } }
[2020-03-27T21:27:47.768] [INFO] user - { name: 'admin',
  url: '/teacher/teaLogin',
  body: { name: 'wangzhzh', password: 'admin' } }
[2020-03-27T21:28:01.674] [INFO] user - { name: 'wangzhzh',
  url: '/teacher/teaLogin',
  body: { name: 'admin', password: 'admin' } }
[2020-03-27T21:29:24.084] [INFO] user - { name: 'admin',
  url: '/teacher/teaLogin',
  body: { name: 'wzz', password: 'admin' } }
[2020-03-27T21:29:28.372] [INFO] user - { name: 'admin',
  url: '/teacher/teaLogin',
  body: { name: 'admin', password: 'admin' } }
[2020-03-27T21:43:40.565] [INFO] user - { name: 'admin',
  url: '/teacher/teaLogin',
  body: { name: 'admin', password: 'admin' } }
[2020-03-27T21:51:14.033] [INFO] user - { name: 'admin',
  url: '/teacher/teaLogin',
  body: { name: 'wz', password: 'admin' } }
[2020-03-27T21:51:17.269] [INFO] user - { name: 'admin',
  url: '/teacher/teaLogin',
  body: { name: 'wangzhzh', password: 'admin' } }
[2020-03-27T21:52:45.644] [INFO] user - { name: 'wangzhzh',
  url: '/teacher/teaLogin',
  body: { name: 'admin', password: 'admin' } }
[2020-03-27T22:07:19.469] [INFO] user - { name: 'admin',
  url: '/teacher/teaLogin',
  body: { name: 'wangzhzh', password: 'admin' } }
[2020-03-27T22:07:30.325] [INFO] user - { name: 'wangzhzh',
  url: '/teacher/teaLogin',
  body: { name: 'admin', password: 'admin' } }
[2020-03-27T22:07:35.809] [INFO] user - { name: 'admin',
  url: '/inter/findInterviewsByMonth',
  body: { interview_date: '2020-03-27T09:07:35.785Z' } }
[2020-03-27T22:07:50.789] [INFO] user - { name: 'admin',
  url: '/teacher/teaLogin',
  body: { name: 'admin', password: 'admin' } }
[2020-03-27T22:13:33.813] [INFO] user - { name: 'admin',
  url: '/inter/findInterviewsByMonth',
  body: { interview_date: '2020-03-27T09:13:33.794Z' } }
[2020-03-27T22:14:00.999] [INFO] user - { name: 'admin',
  url: '/teacher/teaLogin',
  body: { name: 'admin', password: 'admin' } }
[2020-03-27T22:21:44.353] [INFO] user - { name: 'admin',
  url: '/teacher/teaLogin',
  body: { name: 'admin', password: 'admin' } }
[2020-03-27T22:23:45.490] [INFO] user - { name: 'admin',
  url: '/teacher/teaLogin',
  body: { name: 'admin', password: 'admin' } }
[2020-03-27T22:26:25.715] [INFO] user - { name: 'admin',
  url: '/teacher/teaLogin',
  body: { name: 'admin', password: 'admin' } }
[2020-03-27T22:27:27.599] [INFO] user - { name: 'admin',
  url: '/teacher/teaLogin',
  body: { name: 'eric', password: 'dsad' } }
[2020-03-27T22:28:08.493] [INFO] user - { name: 'admin',
  url: '/teacher/teaLogin',
  body: { name: 'admin', password: 'admin' } }
