[2020-03-11T01:56:52.806] [INFO] user - { name: undefined,
  url: '/stu/stuLogin',
  body: { name: 'admin', password: '123456' } }
[2020-03-11T01:58:09.550] [INFO] user - { name: 'admin',
  url: '/course/addCourseType',
  body: { name: 'test' } }
[2020-03-11T01:58:15.056] [INFO] user - { name: 'admin',
  url: '/course/addCourseType',
  body: { name: 'test' } }
[2020-03-11T01:58:28.498] [INFO] user - { name: 'admin',
  url: '/course/addCourseType',
  body: { name: 'test' } }
[2020-03-11T01:59:07.331] [INFO] user - { name: 'admin',
  url: '/course/addCourseType',
  body: { name: 'test' } }
[2020-03-11T01:59:08.982] [INFO] user - { name: 'admin',
  url: '/course/addCourseType',
  body: { name: 'test' } }
[2020-03-11T01:59:21.644] [INFO] user - { name: 'admin',
  url: '/course/updateCourseType',
  body: { name: 'test1', id: 22 } }
[2020-03-11T01:59:26.471] [INFO] user - { name: 'admin',
  url: '/course/updateCourseType',
  body: { name: 'test', id: 22 } }
[2020-03-11T01:59:31.285] [INFO] user - { name: 'admin',
  url: '/course/updateCourseType',
  body: { name: 'test', id: 21 } }
[2020-03-11T02:00:02.650] [INFO] user - { name: 'admin',
  url: '/course/addCourseType',
  body: { name: '121212' } }
[2020-03-11T02:00:28.806] [INFO] user - { name: 'admin',
  url: '/course/updateCourseType',
  body: { name: 'test', id: 21 } }
[2020-03-11T02:07:32.362] [INFO] user - { name: 'admin',
  url: '/course/addCourseType',
  body: { name: 'test' } }
[2020-03-11T02:09:21.308] [INFO] user - { name: 'admin',
  url: '/course/addCourseType',
  body: { name: 'test' } }
[2020-03-11T02:09:32.429] [INFO] user - { name: 'admin',
  url: '/course/addCourseType',
  body: { name: 'test' } }
[2020-03-11T02:11:19.206] [INFO] user - { name: 'admin',
  url: '/course/updateCourseType',
  body: { name: 'test', id: 22 } }
[2020-03-11T02:11:29.075] [INFO] user - { name: 'admin',
  url: '/course/updateCourseType',
  body: { name: 'test', id: 22 } }
[2020-03-11T02:11:37.143] [INFO] user - { name: 'admin',
  url: '/course/updateCourseType',
  body: { name: 'test', id: 22 } }
[2020-03-11T02:12:34.986] [INFO] user - { name: 'admin',
  url: '/course/updateCourseType',
  body: { name: 'test', id: 22 } }
[2020-03-11T02:12:37.933] [INFO] user - { name: 'admin',
  url: '/course/updateCourseType',
  body: { name: '1test', id: 22 } }
[2020-03-11T02:13:25.525] [INFO] user - { name: 'admin',
  url: '/course/updateCourseType',
  body: { name: 'bbb', id: 12 } }
[2020-03-11T02:22:19.850] [INFO] user - { name: 'admin',
  url: '/course/updateCourseType',
  body: { name: 'ios自动化测试课程', id: 2 } }
[2020-03-11T02:22:33.931] [INFO] user - { name: 'admin',
  url: '/course/updateCourseType',
  body: { name: 'bbb22', id: 12 } }
[2020-03-11T02:32:12.343] [INFO] user - { name: 'admin',
  url: '/course/addCourseType',
  body: { name: 'tstedsdsd' } }
[2020-03-11T02:39:00.038] [INFO] user - { name: 'admin',
  url: '/course/addCourseType',
  body: { name: 'dsdsdsdsd' } }
[2020-03-11T02:39:10.720] [INFO] user - { name: 'admin',
  url: '/course/updateCourseType',
  body: { name: '121', id: 17 } }
[2020-03-11T02:45:36.993] [INFO] user - { name: 'admin',
  url: '/course/updateCourseType',
  body: { name: 'python', id: 15 } }
[2020-03-11T02:52:32.638] [INFO] user - { name: 'admin',
  url: '/inter/findInterviewsByMonth',
  body: { interview_date: '2020-03-10T13:52:32.615Z' } }
[2020-03-11T14:22:06.388] [INFO] user - { name: undefined,
  url: '/stu/stuLogin',
  body: { name: 'admin', password: '123456' } }
[2020-03-11T14:33:06.238] [INFO] user - { name: 'admin',
  url: '/course/addCourseType',
  body: { name: 'test' } }
[2020-03-11T14:33:09.513] [INFO] user - { name: 'admin',
  url: '/course/addCourseType',
  body: { name: 'test12' } }
[2020-03-11T14:34:57.305] [INFO] user - { name: 'admin',
  url: '/course/updateCourseType',
  body: { name: 'ewewewc', id: 20 } }
[2020-03-11T14:36:17.063] [INFO] user - { name: 'admin',
  url: '/course/updateCourseType',
  body: { name: '爬虫', id: 20 } }
[2020-03-11T14:36:32.023] [INFO] user - { name: 'admin',
  url: '/course/updateCourseType',
  body: { name: 'bootstrap', id: 21 } }
[2020-03-11T14:36:37.471] [INFO] user - { name: 'admin',
  url: '/course/updateCourseType',
  body: { name: 'css', id: 22 } }
[2020-03-11T14:36:42.348] [INFO] user - { name: 'admin',
  url: '/course/updateCourseType',
  body: { name: 'html', id: 23 } }
[2020-03-11T14:36:47.241] [INFO] user - { name: 'admin',
  url: '/course/updateCourseType',
  body: { name: 'js', id: 24 } }
[2020-03-11T14:36:52.156] [INFO] user - { name: 'admin',
  url: '/course/updateCourseType',
  body: { name: 'react', id: 26 } }
[2020-03-11T14:37:13.765] [INFO] user - { name: 'admin',
  url: '/course/updateCourseType',
  body: { name: 'android自动化测试', id: 12 } }
[2020-03-11T14:37:30.194] [INFO] user - { name: 'admin',
  url: '/course/updateCourseType',
  body: { name: '实战项目', id: 13 } }
[2020-03-11T14:37:35.784] [INFO] user - { name: 'admin',
  url: '/course/updateCourseType',
  body: { name: 'vue', id: 14 } }
[2020-03-11T14:37:44.792] [INFO] user - { name: 'admin',
  url: '/course/updateCourseType',
  body: { name: 'angular', id: 17 } }
[2020-03-11T14:37:55.703] [INFO] user - { name: 'admin',
  url: '/course/updateCourseType',
  body: { name: 'typescript', id: 19 } }
[2020-03-11T14:38:12.771] [INFO] user - { name: 'admin',
  url: '/course/addCourseType',
  body: { name: 'ts' } }
[2020-03-11T14:38:58.336] [INFO] user - { name: 'admin',
  url: '/course/addCourse',
  body:
   { name: 'ios第5课',
     vid: '121dsdsds',
     homework: 'test',
     typeId: '2' } }
[2020-03-11T15:17:39.999] [INFO] user - { name: undefined,
  url: '/stu/stuLogin',
  body: { name: 'admin', password: '123456' } }
[2020-03-11T15:17:42.142] [INFO] user - { name: 'admin',
  url: '/inter/findInterviewsByMonth',
  body: { interview_date: '2020-03-11T02:17:42.118Z' } }
[2020-03-11T15:18:26.113] [INFO] user - { name: 'admin',
  url: '/inter/findInterviewsByMonth',
  body: { interview_date: '2020-03-11T02:18:26.091Z' } }
[2020-03-11T15:18:56.395] [INFO] user - { name: 'admin',
  url: '/inter/findInterviewsByMonth',
  body: { interview_date: '2020-03-11T02:18:56.373Z' } }
[2020-03-11T15:19:04.866] [INFO] user - { name: 'admin',
  url: '/inter/findInterviewsByMonth',
  body: { interview_date: '2020-03-11T02:19:04.850Z' } }
[2020-03-11T15:19:05.873] [INFO] user - { name: 'admin',
  url: '/inter/findInterviewsByMonth',
  body: { interview_date: '2020-03-04T02:19:04.726Z' } }
[2020-03-11T15:20:00.308] [INFO] user - { name: 'admin',
  url: '/inter/addInterview',
  body:
   { student_id: 1,
     interview_date: '2020-03-11T02:19:15.019Z',
     interview_type: '测试',
     remarks: '这里是备注信息' } }
[2020-03-11T15:20:00.320] [INFO] user - { name: 'admin',
  url: '/inter/findInterviewsByMonth',
  body: { interview_date: '2020-03-01T00:00:00.000Z' } }
[2020-03-11T15:20:03.369] [INFO] user - { name: 'admin',
  url: '/inter/findInterviewsByMonth',
  body: { interview_date: '2020-03-10T02:19:04.726Z' } }
[2020-03-11T15:20:06.764] [INFO] user - { name: 'admin',
  url: '/inter/findInterviewsByMonth',
  body: { interview_date: '2020-03-05T02:19:04.726Z' } }
[2020-03-11T15:20:08.610] [INFO] user - { name: 'admin',
  url: '/inter/findInterviewsByMonth',
  body: { interview_date: '2020-03-12T02:19:04.726Z' } }
[2020-03-11T15:20:32.085] [INFO] user - { name: 'admin',
  url: '/inter/addInterview',
  body:
   { student_id: 38,
     interview_date: '2020-03-12T02:22:13.567Z',
     interview_type: 'test',
     remarks: 'test' } }
[2020-03-11T15:20:32.094] [INFO] user - { name: 'admin',
  url: '/inter/findInterviewsByMonth',
  body: { interview_date: '2020-03-01T00:00:00.000Z' } }
[2020-03-11T15:20:44.214] [INFO] user - { name: 'admin',
  url: '/inter/findInterviewsByMonth',
  body: { interview_date: '2020-03-11T02:19:04.726Z' } }
[2020-03-11T15:20:45.736] [INFO] user - { name: 'admin',
  url: '/inter/findInterviewsByMonth',
  body: { interview_date: '2020-03-18T02:19:04.726Z' } }
[2020-03-11T15:20:47.708] [INFO] user - { name: 'admin',
  url: '/inter/findInterviewsByMonth',
  body: { interview_date: '2020-03-11T02:19:04.726Z' } }
[2020-03-11T16:08:54.396] [INFO] user - { name: 'admin',
  url: '/inter/findInterviewsByMonth',
  body: { interview_date: '2020-03-11T03:08:54.356Z' } }
[2020-03-11T16:09:02.090] [INFO] user - { name: 'admin',
  url: '/inter/findInterviewsByMonth',
  body: { interview_date: '2020-03-11T03:09:02.071Z' } }
[2020-03-11T16:09:41.170] [INFO] user - { name: 'admin',
  url: '/inter/findInterviewsByMonth',
  body: { interview_date: '2020-03-11T03:09:41.115Z' } }
[2020-03-11T16:10:33.037] [INFO] user - { name: 'admin',
  url: '/inter/findInterviewsByMonth',
  body: { interview_date: '2020-03-11T03:10:32.997Z' } }
[2020-03-11T16:11:20.291] [INFO] user - { name: 'admin',
  url: '/inter/findInterviewsByMonth',
  body: { interview_date: '2020-03-11T03:11:20.255Z' } }
[2020-03-11T16:11:33.261] [INFO] user - { name: 'admin',
  url: '/inter/findInterviewsByMonth',
  body: { interview_date: '2020-03-11T03:11:33.234Z' } }
[2020-03-11T16:12:29.303] [INFO] user - { name: 'admin',
  url: '/inter/findInterviewsByMonth',
  body: { interview_date: '2020-03-11T03:12:29.276Z' } }
[2020-03-11T16:12:31.525] [INFO] user - { name: 'admin',
  url: '/inter/findInterviewsByMonth',
  body: { interview_date: '2020-03-10T03:12:28.700Z' } }
[2020-03-11T16:12:39.125] [INFO] user - { name: 'admin',
  url: '/inter/addInterview',
  body:
   { student_id: 49,
     interview_date: '2020-03-11T03:12:33.783Z',
     interview_type: '1212',
     remarks: '21212' } }
[2020-03-11T16:12:39.135] [INFO] user - { name: 'admin',
  url: '/inter/findInterviewsByMonth',
  body: { interview_date: '2020-03-01T00:00:00.000Z' } }
[2020-03-11T16:12:49.897] [INFO] user - { name: 'admin',
  url: '/inter/addInterview',
  body:
   { student_id: 49,
     interview_date: '2020-03-10T03:12:44.547Z',
     interview_type: '21212',
     remarks: '21212' } }
[2020-03-11T16:12:49.907] [INFO] user - { name: 'admin',
  url: '/inter/findInterviewsByMonth',
  body: { interview_date: '2020-03-01T00:00:00.000Z' } }
[2020-03-11T16:13:58.219] [INFO] user - { name: 'admin',
  url: '/inter/findInterviewsByMonth',
  body: { interview_date: '2020-03-11T03:13:58.170Z' } }
[2020-03-11T16:14:08.346] [INFO] user - { name: 'admin',
  url: '/inter/findInterviewsByMonth',
  body: { interview_date: '2020-03-19T03:13:58.030Z' } }
[2020-03-11T16:14:16.115] [INFO] user - { name: 'admin',
  url: '/inter/addInterview',
  body:
   { student_id: 48,
     interview_date: '2020-03-19T03:14:10.796Z',
     interview_type: 'ewew',
     remarks: 'ewewe' } }
[2020-03-11T16:14:16.125] [INFO] user - { name: 'admin',
  url: '/inter/findInterviewsByMonth',
  body: { interview_date: '2020-03-01T00:00:00.000Z' } }
[2020-03-11T16:14:46.365] [INFO] user - { name: 'admin',
  url: '/inter/findInterviewsByMonth',
  body: { interview_date: '2020-03-11T03:14:46.305Z' } }
[2020-03-11T18:21:45.379] [INFO] user - { name: undefined,
  url: '/stu/stuLogin',
  body: { name: 'admin', password: '123456' } }
[2020-03-11T18:21:47.885] [INFO] user - { name: 'admin',
  url: '/inter/findInterviewsByMonth',
  body: { interview_date: '2020-03-11T05:21:47.858Z' } }
[2020-03-11T19:29:24.133] [INFO] user - { name: undefined,
  url: '/stu/stuLogin',
  body: { name: 'admin', password: '123456' } }
[2020-03-11T19:31:40.651] [INFO] user - { name: 'admin',
  url: '/inter/findInterviewsByMonth',
  body: { interview_date: '2020-03-11T06:31:40.588Z' } }
[2020-03-11T19:32:10.479] [INFO] user - { name: 'admin',
  url: '/inter/findInterviewsByMonth',
  body: { interview_date: '2020-03-11T06:32:10.446Z' } }
[2020-03-11T19:32:52.704] [INFO] user - { name: 'admin',
  url: '/inter/findInterviewsByMonth',
  body: { interview_date: '2020-03-11T06:32:52.662Z' } }
[2020-03-11T19:33:01.960] [INFO] user - { name: 'admin',
  url: '/inter/findInterviewsByMonth',
  body: { interview_date: '2020-03-11T06:33:01.908Z' } }
[2020-03-11T19:33:49.867] [INFO] user - { name: 'admin',
  url: '/inter/findInterviewsByMonth',
  body: { interview_date: '2020-03-11T06:33:49.809Z' } }
[2020-03-11T19:37:02.308] [INFO] user - { name: 'admin',
  url: '/inter/findInterviewsByMonth',
  body: { interview_date: '2020-03-11T06:37:02.253Z' } }
[2020-03-11T19:37:30.771] [INFO] user - { name: 'admin',
  url: '/inter/findInterviewsByMonth',
  body: { interview_date: '2020-03-11T06:37:30.708Z' } }
[2020-03-11T19:43:19.509] [INFO] user - { name: 'admin',
  url: '/inter/findInterviewsByMonth',
  body: { interview_date: '2020-03-11T06:43:19.455Z' } }
[2020-03-11T19:43:38.395] [INFO] user - { name: 'admin',
  url: '/inter/findInterviewsByMonth',
  body: { interview_date: '2020-03-11T06:43:38.353Z' } }
[2020-03-11T19:44:36.447] [INFO] user - { name: 'admin',
  url: '/inter/findInterviewsByMonth',
  body: { interview_date: '2020-03-11T06:44:36.401Z' } }
[2020-03-11T19:45:18.746] [INFO] user - { name: 'admin',
  url: '/inter/findInterviewsByMonth',
  body: { interview_date: '2020-03-11T06:45:18.686Z' } }
[2020-03-11T19:45:41.290] [INFO] user - { name: 'admin',
  url: '/inter/findInterviewsByMonth',
  body: { interview_date: '2020-03-11T06:45:41.239Z' } }
[2020-03-11T19:47:06.157] [INFO] user - { name: 'admin',
  url: '/inter/findInterviewsByMonth',
  body: { interview_date: '2020-03-11T06:47:06.110Z' } }
[2020-03-11T19:47:42.468] [INFO] user - { name: 'admin',
  url: '/inter/findInterviewsByMonth',
  body: { interview_date: '2020-03-11T06:47:42.422Z' } }
[2020-03-11T19:48:33.584] [INFO] user - { name: 'admin',
  url: '/inter/findInterviewsByMonth',
  body: { interview_date: '2020-03-11T06:48:33.533Z' } }
[2020-03-11T19:49:12.055] [INFO] user - { name: 'admin',
  url: '/inter/findInterviewsByMonth',
  body: { interview_date: '2020-03-11T06:49:12.005Z' } }
[2020-03-11T19:49:59.597] [INFO] user - { name: 'admin',
  url: '/inter/findInterviewsByMonth',
  body: { interview_date: '2020-03-11T06:49:59.558Z' } }
[2020-03-11T19:50:28.772] [INFO] user - { name: 'admin',
  url: '/inter/findInterviewsByMonth',
  body: { interview_date: '2020-03-11T06:50:28.711Z' } }
[2020-03-11T19:52:26.962] [INFO] user - { name: 'admin',
  url: '/inter/findInterviewsByMonth',
  body: { interview_date: '2020-03-11T06:52:26.914Z' } }
[2020-03-11T19:52:42.442] [INFO] user - { name: 'admin',
  url: '/inter/findInterviewsByMonth',
  body: { interview_date: '2020-03-11T06:52:42.381Z' } }
[2020-03-11T19:52:52.771] [INFO] user - { name: 'admin',
  url: '/inter/findInterviewsByMonth',
  body: { interview_date: '2020-03-11T06:52:52.713Z' } }
[2020-03-11T19:53:37.116] [INFO] user - { name: 'admin',
  url: '/inter/findInterviewsByMonth',
  body: { interview_date: '2020-03-11T06:53:37.065Z' } }
[2020-03-11T19:54:08.746] [INFO] user - { name: 'admin',
  url: '/inter/findInterviewsByMonth',
  body: { interview_date: '2020-03-11T06:54:08.696Z' } }
[2020-03-11T19:54:27.047] [INFO] user - { name: 'admin',
  url: '/inter/findInterviewsByMonth',
  body: { interview_date: '2020-03-11T06:54:27.013Z' } }
[2020-03-11T19:56:03.092] [INFO] user - { name: 'admin',
  url: '/inter/findInterviewsByMonth',
  body: { interview_date: '2020-03-11T06:56:03.054Z' } }
[2020-03-11T19:57:04.393] [INFO] user - { name: 'admin',
  url: '/inter/findInterviewsByMonth',
  body: { interview_date: '2020-03-11T06:57:04.311Z' } }
[2020-03-11T20:01:12.671] [INFO] user - { name: 'admin',
  url: '/inter/findInterviewsByMonth',
  body: { interview_date: '2020-03-11T07:01:12.593Z' } }
[2020-03-11T20:01:59.432] [INFO] user - { name: 'admin',
  url: '/inter/findInterviewsByMonth',
  body: { interview_date: '2020-03-11T07:01:59.370Z' } }
[2020-03-11T20:03:44.777] [INFO] user - { name: 'admin',
  url: '/inter/findInterviewsByMonth',
  body: { interview_date: '2020-03-11T07:03:44.709Z' } }
[2020-03-11T20:04:12.820] [INFO] user - { name: 'admin',
  url: '/inter/findInterviewsByMonth',
  body: { interview_date: '2020-03-11T07:04:12.759Z' } }
[2020-03-11T20:07:28.808] [INFO] user - { name: 'admin',
  url: '/inter/findInterviewsByMonth',
  body: { interview_date: '2020-03-11T07:07:28.774Z' } }
[2020-03-11T20:07:53.899] [INFO] user - { name: 'admin',
  url: '/inter/findInterviewsByMonth',
  body: { interview_date: '2020-03-11T07:07:53.849Z' } }
[2020-03-11T20:08:17.743] [INFO] user - { name: 'admin',
  url: '/inter/findInterviewsByMonth',
  body: { interview_date: '2020-03-11T07:08:17.690Z' } }
[2020-03-11T20:08:50.323] [INFO] user - { name: 'admin',
  url: '/inter/findInterviewsByMonth',
  body: { interview_date: '2020-03-11T07:08:50.273Z' } }
[2020-03-11T20:09:01.594] [INFO] user - { name: 'admin',
  url: '/inter/findInterviewsByMonth',
  body: { interview_date: '2020-03-11T07:09:01.560Z' } }
[2020-03-11T20:09:13.853] [INFO] user - { name: 'admin',
  url: '/inter/findInterviewsByMonth',
  body: { interview_date: '2020-03-11T07:09:13.782Z' } }
[2020-03-11T20:10:12.053] [INFO] user - { name: 'admin',
  url: '/inter/findInterviewsByMonth',
  body: { interview_date: '2020-03-11T07:10:12.011Z' } }
[2020-03-11T20:11:14.550] [INFO] user - { name: 'admin',
  url: '/inter/findInterviewsByMonth',
  body: { interview_date: '2020-03-11T07:11:14.503Z' } }
[2020-03-11T20:13:17.052] [INFO] user - { name: 'admin',
  url: '/inter/findInterviewsByMonth',
  body: { interview_date: '2020-03-11T07:13:17.007Z' } }
[2020-03-11T20:22:16.354] [INFO] user - { name: 'admin',
  url: '/inter/findInterviewsByMonth',
  body: { interview_date: '2020-03-11T07:22:16.291Z' } }
[2020-03-11T20:22:48.930] [INFO] user - { name: 'admin',
  url: '/inter/findInterviewsByMonth',
  body: { interview_date: '2020-03-11T07:22:48.868Z' } }
[2020-03-11T20:30:01.317] [INFO] user - { name: undefined,
  url: '/stu/stuLogin',
  body: { name: 'admin', password: '123456' } }
[2020-03-11T20:30:03.234] [INFO] user - { name: 'admin',
  url: '/inter/findInterviewsByMonth',
  body: { interview_date: '2020-03-11T07:30:03.208Z' } }
[2020-03-11T20:30:13.789] [INFO] user - { name: 'admin',
  url: '/inter/findInterviewsByMonth',
  body: { interview_date: '2020-03-11T07:30:13.762Z' } }
[2020-03-11T20:30:27.205] [INFO] user - { name: 'admin',
  url: '/inter/findInterviewsByMonth',
  body: { interview_date: '2020-03-11T07:30:27.169Z' } }
[2020-03-11T20:30:30.867] [INFO] user - { name: 'admin',
  url: '/inter/findInterviewsByMonth',
  body: { interview_date: '2020-03-04T07:30:27.023Z' } }
[2020-03-11T20:31:34.674] [INFO] user - { name: 'admin',
  url: '/inter/findInterviewsByMonth',
  body: { interview_date: '2020-03-11T07:31:34.638Z' } }
[2020-03-11T20:32:47.314] [INFO] user - { name: 'admin',
  url: '/inter/findInterviewsByMonth',
  body: { interview_date: '2020-04-02T07:31:34.368Z' } }
[2020-03-11T20:32:47.316] [INFO] user - { name: 'admin',
  url: '/inter/findInterviewsByMonth',
  body: { interview_date: '2020-04-02T07:31:34.368Z' } }
[2020-03-11T20:32:53.426] [INFO] user - { name: 'admin',
  url: '/inter/findInterviewsByMonth',
  body: { interview_date: '2020-03-30T07:31:34.368Z' } }
[2020-03-11T20:32:53.427] [INFO] user - { name: 'admin',
  url: '/inter/findInterviewsByMonth',
  body: { interview_date: '2020-03-30T07:31:34.368Z' } }
[2020-03-11T20:40:55.800] [INFO] user - { name: 'admin',
  url: '/inter/findInterviewsByMonth',
  body: { interview_date: '2020-03-12T07:31:34.368Z' } }
[2020-03-11T20:41:17.581] [INFO] user - { name: 'admin',
  url: '/inter/findInterviewsByMonth',
  body: { interview_date: '2020-03-11T07:41:17.550Z' } }
[2020-03-11T20:46:17.434] [INFO] user - { name: 'admin',
  url: '/inter/findInterviewsByMonth',
  body: { interview_date: '2020-03-11T07:46:17.407Z' } }
[2020-03-11T20:47:37.228] [INFO] user - { name: 'admin',
  url: '/inter/findInterviewsByMonth',
  body: { interview_date: '2020-03-11T07:47:37.202Z' } }
[2020-03-11T20:47:41.418] [INFO] user - { name: 'admin',
  url: '/inter/findInterviewsByMonth',
  body: { interview_date: '2020-03-18T07:47:37.065Z' } }
[2020-03-11T20:49:40.460] [INFO] user - { name: 'admin',
  url: '/inter/findInterviewsByMonth',
  body: { interview_date: '2020-03-11T07:49:40.431Z' } }
[2020-03-11T20:52:14.967] [INFO] user - { name: 'admin',
  url: '/inter/findInterviewsByMonth',
  body: { interview_date: '2020-03-11T07:52:14.930Z' } }
[2020-03-11T20:52:16.313] [INFO] user - { name: 'admin',
  url: '/inter/findInterviewsByMonth',
  body: { interview_date: '2020-03-10T07:52:14.793Z' } }
[2020-03-11T20:52:25.116] [INFO] user - { name: 'admin',
  url: '/inter/findInterviewsByMonth',
  body: { interview_date: '2020-03-11T07:52:25.090Z' } }
[2020-03-11T20:52:25.783] [INFO] user - { name: 'admin',
  url: '/inter/findInterviewsByMonth',
  body: { interview_date: '2020-03-09T07:52:24.955Z' } }
[2020-03-11T20:52:54.239] [INFO] user - { name: 'admin',
  url: '/inter/findInterviewsByMonth',
  body: { interview_date: '2020-03-11T07:52:54.193Z' } }
[2020-03-11T20:52:55.047] [INFO] user - { name: 'admin',
  url: '/inter/findInterviewsByMonth',
  body: { interview_date: '2020-03-18T07:52:54.045Z' } }
[2020-03-11T20:53:06.325] [INFO] user - { name: 'admin',
  url: '/inter/findInterviewsByMonth',
  body: { interview_date: '2020-03-11T07:53:06.292Z' } }
[2020-03-11T20:53:07.050] [INFO] user - { name: 'admin',
  url: '/inter/findInterviewsByMonth',
  body: { interview_date: '2020-03-05T07:53:06.141Z' } }
[2020-03-11T20:53:25.085] [INFO] user - { name: 'admin',
  url: '/inter/findInterviewsByMonth',
  body: { interview_date: '2020-03-11T07:53:25.047Z' } }
[2020-03-11T20:53:25.736] [INFO] user - { name: 'admin',
  url: '/inter/findInterviewsByMonth',
  body: { interview_date: '2020-03-05T07:53:24.896Z' } }
[2020-03-11T20:53:29.738] [INFO] user - { name: 'admin',
  url: '/inter/findInterviewsByMonth',
  body: { interview_date: '2020-03-06T07:53:24.896Z' } }
[2020-03-11T20:54:19.034] [INFO] user - { name: 'admin',
  url: '/inter/findInterviewsByMonth',
  body: { interview_date: '2020-03-11T07:54:18.983Z' } }
[2020-03-11T20:54:19.719] [INFO] user - { name: 'admin',
  url: '/inter/findInterviewsByMonth',
  body: { interview_date: '2020-03-05T07:54:18.840Z' } }
[2020-03-11T20:54:28.138] [INFO] user - { name: 'admin',
  url: '/inter/findInterviewsByMonth',
  body: { interview_date: '2020-03-11T07:54:28.111Z' } }
[2020-03-11T20:54:28.687] [INFO] user - { name: 'admin',
  url: '/inter/findInterviewsByMonth',
  body: { interview_date: '2020-03-05T07:54:27.928Z' } }
[2020-03-11T20:54:52.567] [INFO] user - { name: 'admin',
  url: '/inter/findInterviewsByMonth',
  body: { interview_date: '2020-03-11T07:54:52.512Z' } }
[2020-03-11T20:54:53.272] [INFO] user - { name: 'admin',
  url: '/inter/findInterviewsByMonth',
  body: { interview_date: '2020-03-05T07:54:52.367Z' } }
[2020-03-11T20:54:59.574] [INFO] user - { name: 'admin',
  url: '/inter/findInterviewsByMonth',
  body: { interview_date: '2020-03-06T07:54:52.367Z' } }
[2020-03-11T20:55:03.156] [INFO] user - { name: 'admin',
  url: '/inter/findInterviewsByMonth',
  body: { interview_date: '2020-03-20T07:54:52.367Z' } }
[2020-03-11T20:55:37.613] [INFO] user - { name: 'admin',
  url: '/inter/findInterviewsByMonth',
  body: { interview_date: '2020-03-11T07:55:37.574Z' } }
[2020-03-11T20:55:38.152] [INFO] user - { name: 'admin',
  url: '/inter/findInterviewsByMonth',
  body: { interview_date: '2020-03-06T07:55:37.428Z' } }
[2020-03-11T20:57:22.819] [INFO] user - { name: 'admin',
  url: '/inter/findInterviewsByMonth',
  body: { interview_date: '2020-03-11T07:57:22.756Z' } }
[2020-03-11T20:57:26.628] [INFO] user - { name: 'admin',
  url: '/inter/findInterviewsByMonth',
  body: { interview_date: '2020-03-05T07:57:22.604Z' } }
[2020-03-11T20:57:38.505] [INFO] user - { name: 'admin',
  url: '/inter/findInterviewsByMonth',
  body: { interview_date: '2020-03-11T07:57:38.458Z' } }
[2020-03-11T20:57:38.943] [INFO] user - { name: 'admin',
  url: '/inter/findInterviewsByMonth',
  body: { interview_date: '2020-03-06T07:57:38.313Z' } }
[2020-03-11T20:57:41.601] [INFO] user - { name: 'admin',
  url: '/inter/findInterviewsByMonth',
  body: { interview_date: '2020-03-20T07:57:38.313Z' } }
[2020-03-11T20:58:22.048] [INFO] user - { name: 'admin',
  url: '/inter/findInterviewsByMonth',
  body: { interview_date: '2020-03-11T07:58:22.001Z' } }
[2020-03-11T20:58:22.983] [INFO] user - { name: 'admin',
  url: '/inter/findInterviewsByMonth',
  body: { interview_date: '2020-03-06T07:58:21.853Z' } }
[2020-03-11T20:59:05.700] [INFO] user - { name: 'admin',
  url: '/inter/findInterviewsByMonth',
  body: { interview_date: '2020-03-11T07:59:05.668Z' } }
[2020-03-11T20:59:14.851] [INFO] user - { name: 'admin',
  url: '/inter/findInterviewsByMonth',
  body: { interview_date: '2020-03-11T07:59:14.821Z' } }
[2020-03-11T20:59:15.799] [INFO] user - { name: 'admin',
  url: '/inter/findInterviewsByMonth',
  body: { interview_date: '2020-03-05T07:59:14.666Z' } }
[2020-03-11T20:59:21.603] [INFO] user - { name: 'admin',
  url: '/inter/findInterviewsByMonth',
  body: { interview_date: '2020-03-13T07:59:14.666Z' } }
[2020-03-11T20:59:24.286] [INFO] user - { name: 'admin',
  url: '/inter/findInterviewsByMonth',
  body: { interview_date: '2020-03-05T07:59:14.666Z' } }
[2020-03-11T21:00:10.717] [INFO] user - { name: 'admin',
  url: '/inter/findInterviewsByMonth',
  body: { interview_date: '2020-03-04T07:59:14.666Z' } }
[2020-03-11T21:07:00.601] [INFO] user - { name: 'admin',
  url: '/inter/findInterviewsByMonth',
  body: { interview_date: '2020-03-11T08:07:00.568Z' } }
[2020-03-11T21:07:44.543] [INFO] user - { name: 'admin',
  url: '/inter/findInterviewsByMonth',
  body: { interview_date: '2020-03-11T08:07:44.517Z' } }
[2020-03-11T21:09:08.903] [INFO] user - { name: 'admin',
  url: '/inter/findInterviewsByMonth',
  body: { interview_date: '2020-03-06T08:07:44.273Z' } }
[2020-03-11T21:18:17.220] [INFO] user - { name: 'admin',
  url: '/inter/findInterviewsByMonth',
  body: { interview_date: '2020-03-11T08:18:17.185Z' } }
[2020-03-11T21:18:19.799] [INFO] user - { name: 'admin',
  url: '/inter/findInterviewsByMonth',
  body: { interview_date: '2020-03-12T08:18:17.034Z' } }
[2020-03-11T21:18:34.411] [INFO] user - { name: 'admin',
  url: '/inter/findInterviewsByMonth',
  body: { interview_date: '2020-03-11T08:18:34.362Z' } }
[2020-03-11T21:18:34.902] [INFO] user - { name: 'admin',
  url: '/inter/findInterviewsByMonth',
  body: { interview_date: '2020-03-14T08:18:34.217Z' } }
[2020-03-11T21:25:32.579] [INFO] user - { name: 'admin',
  url: '/inter/findInterviewsByMonth',
  body: { interview_date: '2020-03-11T08:25:32.546Z' } }
[2020-03-11T21:31:07.775] [INFO] user - { name: undefined,
  url: '/stu/stuLogin',
  body: { name: 'admin', password: '123456' } }
[2020-03-11T21:31:11.579] [INFO] user - { name: 'admin',
  url: '/inter/findInterviewsByMonth',
  body: { interview_date: '2020-03-11T08:31:11.555Z' } }
[2020-03-11T21:31:13.454] [INFO] user - { name: 'admin',
  url: '/inter/findInterviewsByMonth',
  body: { interview_date: '2020-03-12T08:31:11.414Z' } }
[2020-03-11T21:36:27.462] [INFO] user - { name: 'admin',
  url: '/inter/findInterviewsByMonth',
  body: { interview_date: '2020-03-11T08:36:27.429Z' } }
[2020-03-11T21:36:30.029] [INFO] user - { name: 'admin',
  url: '/inter/findInterviewsByMonth',
  body: { interview_date: '2020-03-04T08:36:26.548Z' } }
[2020-03-11T21:36:38.854] [INFO] user - { name: 'admin',
  url: '/inter/findInterviewsByMonth',
  body: { interview_date: '2020-03-11T08:36:38.819Z' } }
[2020-03-11T21:36:40.010] [INFO] user - { name: 'admin',
  url: '/inter/findInterviewsByMonth',
  body: { interview_date: '2020-03-20T08:36:38.673Z' } }
[2020-03-11T21:37:08.948] [INFO] user - { name: 'admin',
  url: '/inter/findInterviewsByMonth',
  body: { interview_date: '2020-03-11T08:37:08.911Z' } }
[2020-03-11T21:37:09.733] [INFO] user - { name: 'admin',
  url: '/inter/findInterviewsByMonth',
  body: { interview_date: '2020-03-04T08:37:08.764Z' } }
[2020-03-11T21:38:13.817] [INFO] user - { name: 'admin',
  url: '/inter/findInterviewsByMonth',
  body: { interview_date: '2020-03-11T08:38:13.785Z' } }
[2020-03-11T21:42:06.514] [INFO] user - { name: 'admin',
  url: '/inter/findInterviewsByMonth',
  body: { interview_date: '2020-03-11T08:42:06.483Z' } }
[2020-03-11T21:43:24.631] [INFO] user - { name: 'admin',
  url: '/inter/findInterviewsByMonth',
  body: { interview_date: '2020-03-11T08:43:24.603Z' } }
[2020-03-11T21:47:24.448] [INFO] user - { name: 'admin',
  url: '/inter/findInterviewsByMonth',
  body: { interview_date: '2020-03-11T08:47:24.417Z' } }
[2020-03-11T21:52:00.591] [INFO] user - { name: 'admin',
  url: '/inter/findInterviewsByMonth',
  body: { interview_date: '2020-03-11T08:52:00.560Z' } }
[2020-03-11T21:52:08.695] [INFO] user - { name: 'admin',
  url: '/inter/findInterviewsByMonth',
  body: { interview_date: '2020-03-11T08:52:08.664Z' } }
[2020-03-11T21:52:13.386] [INFO] user - { name: 'admin',
  url: '/inter/findInterviewsByMonth',
  body: { interview_date: '2020-03-13T08:52:07.361Z' } }
[2020-03-11T21:53:36.535] [INFO] user - { name: 'admin',
  url: '/inter/findInterviewsByMonth',
  body: { interview_date: '2020-03-11T08:53:36.496Z' } }
[2020-03-11T21:53:37.791] [INFO] user - { name: 'admin',
  url: '/inter/findInterviewsByMonth',
  body: { interview_date: '2020-03-13T08:53:36.339Z' } }
[2020-03-11T21:53:46.452] [INFO] user - { name: 'admin',
  url: '/inter/addInterview',
  body:
   { student_id: 49,
     interview_date: '2020-03-13T08:53:41.158Z',
     interview_type: '212122',
     remarks: '21212' } }
[2020-03-11T21:53:46.508] [INFO] user - { name: 'admin',
  url: '/inter/findInterviewsByMonth',
  body: { interview_date: '2020-03-01T00:00:00.000Z' } }
[2020-03-11T21:54:08.874] [INFO] user - { name: 'admin',
  url: '/inter/findInterviewsByMonth',
  body: { interview_date: '2020-03-14T08:53:36.339Z' } }
[2020-03-11T21:54:53.791] [INFO] user - { name: 'admin',
  url: '/inter/findInterviewsByMonth',
  body: { interview_date: '2020-03-11T08:54:53.752Z' } }
[2020-03-11T21:54:54.785] [INFO] user - { name: 'admin',
  url: '/inter/findInterviewsByMonth',
  body: { interview_date: '2020-03-14T08:54:53.610Z' } }
[2020-03-11T21:58:02.155] [INFO] user - { name: 'admin',
  url: '/inter/findInterviewsByMonth',
  body: { interview_date: '2020-03-11T08:58:02.115Z' } }
[2020-03-11T22:02:39.320] [INFO] user - { name: 'admin',
  url: '/inter/findInterviewsByMonth',
  body: { interview_date: '2020-03-11T09:02:39.275Z' } }
[2020-03-11T22:02:41.500] [INFO] user - { name: 'admin',
  url: '/inter/findInterviewsByMonth',
  body: { interview_date: '2020-03-13T09:02:39.130Z' } }
[2020-03-11T22:03:48.949] [INFO] user - { name: 'admin',
  url: '/inter/findInterviewsByMonth',
  body: { interview_date: '2020-03-11T09:03:48.917Z' } }
[2020-03-11T22:03:50.726] [INFO] user - { name: 'admin',
  url: '/inter/findInterviewsByMonth',
  body: { interview_date: '2020-03-13T09:03:48.769Z' } }
[2020-03-11T22:04:20.688] [INFO] user - { name: 'admin',
  url: '/inter/findInterviewsByMonth',
  body: { interview_date: '2020-03-11T09:04:20.660Z' } }
[2020-03-11T22:04:21.573] [INFO] user - { name: 'admin',
  url: '/inter/findInterviewsByMonth',
  body: { interview_date: '2020-03-12T09:04:20.490Z' } }
[2020-03-11T22:06:38.100] [INFO] user - { name: 'admin',
  url: '/inter/findInterviewsByMonth',
  body: { interview_date: '2020-03-11T09:06:38.069Z' } }
[2020-03-11T22:06:39.235] [INFO] user - { name: 'admin',
  url: '/inter/findInterviewsByMonth',
  body: { interview_date: '2020-03-13T09:06:37.922Z' } }
[2020-03-11T22:07:13.674] [INFO] user - { name: 'admin',
  url: '/inter/findInterviewsByMonth',
  body: { interview_date: '2020-03-12T09:06:37.922Z' } }
[2020-03-11T22:08:04.819] [INFO] user - { name: 'admin',
  url: '/inter/findInterviewsByMonth',
  body: { interview_date: '2020-03-11T09:08:04.789Z' } }
[2020-03-11T22:10:37.822] [INFO] user - { name: 'admin',
  url: '/inter/findInterviewsByMonth',
  body: { interview_date: '2020-03-11T09:10:37.801Z' } }
[2020-03-11T22:11:10.018] [INFO] user - { name: 'admin',
  url: '/inter/findInterviewsByMonth',
  body: { interview_date: '2020-03-11T09:11:09.984Z' } }
[2020-03-11T22:11:20.611] [INFO] user - { name: 'admin',
  url: '/inter/findInterviewsByMonth',
  body: { interview_date: '2020-03-11T09:11:20.576Z' } }
[2020-03-11T22:11:27.923] [INFO] user - { name: 'admin',
  url: '/inter/findInterviewsByMonth',
  body: { interview_date: '2020-03-11T09:11:27.891Z' } }
[2020-03-11T22:11:42.282] [INFO] user - { name: 'admin',
  url: '/inter/findInterviewsByMonth',
  body: { interview_date: '2020-03-11T09:11:42.241Z' } }
[2020-03-11T22:11:47.786] [INFO] user - { name: 'admin',
  url: '/inter/findInterviewsByMonth',
  body: { interview_date: '2020-03-14T09:11:42.094Z' } }
[2020-03-11T22:11:50.276] [INFO] user - { name: 'admin',
  url: '/inter/findInterviewsByMonth',
  body: { interview_date: '2020-03-20T09:11:42.094Z' } }
[2020-03-11T22:12:41.836] [INFO] user - { name: 'admin',
  url: '/inter/findInterviewsByMonth',
  body: { interview_date: '2020-03-11T09:12:41.803Z' } }
[2020-03-11T22:12:42.729] [INFO] user - { name: 'admin',
  url: '/inter/findInterviewsByMonth',
  body: { interview_date: '2020-03-04T09:12:41.659Z' } }
[2020-03-11T22:12:48.891] [INFO] user - { name: 'admin',
  url: '/inter/findInterviewsByMonth',
  body: { interview_date: '2020-03-25T09:12:41.659Z' } }
[2020-03-11T22:13:01.214] [INFO] user - { name: 'admin',
  url: '/inter/addInterview',
  body:
   { student_id: 44,
     interview_date: '2020-03-25T09:12:49.893Z',
     interview_type: '测试',
     remarks: '123456' } }
[2020-03-11T22:13:01.264] [INFO] user - { name: 'admin',
  url: '/inter/findInterviewsByMonth',
  body: { interview_date: '2020-03-01T00:00:00.000Z' } }
[2020-03-11T22:13:07.793] [INFO] user - { name: 'admin',
  url: '/inter/findInterviewsByMonth',
  body: { interview_date: '2020-03-26T09:12:41.659Z' } }
[2020-03-11T22:14:03.507] [INFO] user - { name: 'admin',
  url: '/inter/findInterviewsByMonth',
  body: { interview_date: '2020-03-11T09:14:03.464Z' } }
[2020-03-11T22:14:25.585] [INFO] user - { name: 'admin',
  url: '/inter/findInterviewsByMonth',
  body: { interview_date: '2020-03-11T09:14:25.552Z' } }
[2020-03-11T22:15:24.965] [INFO] user - { name: 'admin',
  url: '/inter/findInterviewsByMonth',
  body: { interview_date: '2020-03-11T09:15:24.932Z' } }
[2020-03-11T22:15:38.536] [INFO] user - { name: 'admin',
  url: '/inter/findInterviewsByMonth',
  body: { interview_date: '2020-03-11T09:15:38.502Z' } }
[2020-03-11T22:15:52.826] [INFO] user - { name: 'admin',
  url: '/inter/findInterviewsByMonth',
  body: { interview_date: '2020-03-11T09:15:52.771Z' } }
[2020-03-11T22:16:00.843] [INFO] user - { name: 'admin',
  url: '/inter/findInterviewsByMonth',
  body: { interview_date: '2020-03-11T09:16:00.807Z' } }
[2020-03-11T22:16:18.102] [INFO] user - { name: 'admin',
  url: '/inter/findInterviewsByMonth',
  body: { interview_date: '2020-03-11T09:16:18.062Z' } }
[2020-03-11T22:16:41.767] [INFO] user - { name: 'admin',
  url: '/inter/findInterviewsByMonth',
  body: { interview_date: '2020-03-11T09:16:41.742Z' } }
