[2020-03-15T21:41:54.985] [INFO] user - { name: undefined,
  url: '/stu/stuLogin',
  body: { name: 'eric', password: '123456' } }
[2020-03-15T22:43:50.305] [INFO] user - { name: undefined,
  url: '/stu/stuLogin',
  body: { name: 'eric', password: '123456' } }
[2020-03-15T23:18:50.936] [INFO] user - { name: 'eric',
  url: '/stu/addStudent',
  body:
   { student_name: 'xiaowang',
     student_type: '1',
     course_id: 1,
     adress: '加拿大' } }
[2020-03-15T23:21:51.017] [INFO] user - { name: 'eric',
  url: '/teacher/addTeacher',
  body: { type: 1, name: 'hui' } }
[2020-03-15T23:22:35.168] [INFO] user - { name: 'eric',
  url: '/inter/findInterviewsByMonth',
  body: { interview_date: '2020-03-15T10:22:35.147Z' } }
[2020-03-15T23:22:57.956] [INFO] user - { name: 'eric',
  url: '/inter/findInterviewsByMonth',
  body: { interview_date: '2020-03-15T10:22:57.933Z' } }
[2020-03-15T23:23:24.969] [INFO] user - { name: 'eric',
  url: '/inter/findInterviewsByMonth',
  body: { interview_date: '2020-03-15T10:23:24.950Z' } }
[2020-03-15T23:24:35.721] [INFO] user - { name: 'eric',
  url: '/inter/findInterviewsByMonth',
  body: { interview_date: '2020-03-15T10:24:35.705Z' } }
[2020-03-15T23:24:57.963] [INFO] user - { name: 'eric',
  url: '/inter/findInterviewsByMonth',
  body: { interview_date: '2020-03-24T10:24:35.582Z' } }
[2020-03-15T23:25:26.425] [INFO] user - { name: 'eric',
  url: '/inter/addInterview',
  body:
   { student_id: 53,
     interview_date: '2020-03-22T23:00:00.163Z',
     interview_type: '测试',
     remarks: '备注' } }
[2020-03-15T23:25:26.459] [INFO] user - { name: 'eric',
  url: '/inter/findInterviewsByMonth',
  body: { interview_date: '2020-03-01T00:00:00.000Z' } }
[2020-03-15T23:26:08.775] [INFO] user - { name: 'eric',
  url: '/inter/findInterviewsByMonth',
  body: { interview_date: '2020-03-15T10:26:08.756Z' } }
[2020-03-15T23:29:23.431] [INFO] user - { name: 'eric',
  url: '/inter/findInterviewsByMonth',
  body: { interview_date: '2020-03-15T10:29:23.411Z' } }
