[2019-12-19T02:39:13.028] [INFO] user - { name: undefined,
  url: '/stu/stuLogin',
  body: { name: 'admin', password: '123456' } }
[2019-12-19T03:40:50.636] [INFO] user - { name: undefined,
  url: '/stu/stuLogin',
  body: { name: 'wzz', password: '123456' } }
[2019-12-19T18:17:09.564] [INFO] user - { name: undefined,
  url: '/stu/stuLogin',
  body: { name: 'wzz', password: '123456' } }
[2019-12-19T18:24:39.850] [INFO] user - { name: 'wzz',
  url: '/stu/stuLogin',
  body: { name: 'wzz', password: 'admin' } }
[2019-12-19T18:25:30.305] [INFO] user - { name: 'wzz',
  url: '/stu/stuLogin',
  body: { name: 'admin', password: '123456' } }
[2019-12-19T18:29:09.021] [INFO] user - { name: 'admin',
  url: '/stu/stuLogin',
  body: { name: 'wzz', password: '123456' } }
[2019-12-19T18:29:46.208] [INFO] user - { name: 'wzz',
  url: '/stu/stuLogin',
  body: { name: 'wzz', password: '123456' } }
[2019-12-19T18:30:07.779] [INFO] user - { name: 'wzz',
  url: '/stu/stuLogin',
  body: { name: 'wzz', password: '123456' } }
[2019-12-19T18:30:58.111] [INFO] user - { name: 'wzz',
  url: '/stu/stuLogin',
  body: { name: 'wzz', password: '123456' } }
[2019-12-19T18:35:48.087] [INFO] user - { name: 'wzz',
  url: '/stu/stuLogin',
  body: { name: 'wzz', password: '123456' } }
[2019-12-19T18:40:38.931] [INFO] user - { name: 'wzz',
  url: '/stu/stuLogin',
  body: { name: 'wzz', password: '123456' } }
[2019-12-19T18:42:16.996] [INFO] user - { name: undefined,
  url: '/stu/stuLogin',
  body: { name: 'wzz', password: '123456' } }
[2019-12-19T18:42:59.680] [INFO] user - { name: undefined,
  url: '/stu/stuLogin',
  body: { name: 'wzz', password: '123456' } }
[2019-12-19T18:48:44.770] [INFO] user - { name: 'wzz',
  url: '/stu/stuLogin',
  body: { name: 'wzz', password: 'admin' } }
[2019-12-19T18:49:30.182] [INFO] user - { name: 'wzz',
  url: '/stu/stuLogin',
  body: { name: 'admin', password: 'wewewe' } }
[2019-12-19T18:50:09.497] [INFO] user - { name: 'wzz',
  url: '/stu/stuLogin',
  body: { name: 'admin', password: '123456' } }
[2019-12-19T18:50:27.672] [INFO] user - { name: 'admin',
  url: '/stu/stuLogin',
  body: { name: 'wzz', password: '2121' } }
[2019-12-19T18:50:53.835] [INFO] user - { name: 'admin',
  url: '/stu/stuLogin',
  body: { name: 'admin', password: '1212' } }
[2019-12-19T18:53:48.136] [INFO] user - { name: 'admin',
  url: '/stu/stuLogin',
  body: { name: 'wzz', password: '123456' } }
[2019-12-19T18:53:54.813] [INFO] user - { name: 'wzz',
  url: '/stu/stuLogin',
  body: { name: 'wzz', password: '121212' } }
[2019-12-19T18:54:30.477] [INFO] user - { name: 'wzz',
  url: '/stu/stuLogin',
  body: { name: 'ewe', password: 'ee' } }
[2019-12-19T18:54:37.410] [INFO] user - { name: 'wzz',
  url: '/stu/stuLogin',
  body: { name: 'wzz', password: 'ee1212' } }
[2019-12-19T18:54:55.936] [INFO] user - { name: 'wzz',
  url: '/stu/stuLogin',
  body: { name: 'wzz', password: '123456' } }
[2019-12-19T19:04:38.035] [INFO] user - { name: 'wzz',
  url: '/stu/stuLogin',
  body: { name: 'wzz', password: '123456' } }
[2019-12-19T19:05:09.469] [INFO] user - { name: 'wzz',
  url: '/stu/stuLogin',
  body: { name: 'wzz', password: '123456' } }
[2019-12-19T19:05:54.747] [INFO] user - { name: 'wzz',
  url: '/stu/stuLogin',
  body: { name: 'wzz', password: 'login' } }
[2019-12-19T19:06:00.702] [INFO] user - { name: 'wzz',
  url: '/stu/stuLogin',
  body: { name: 'wzz', password: '123456' } }
[2019-12-19T19:07:20.423] [INFO] user - { name: 'wzz',
  url: '/stu/stuLogin',
  body: { name: 'admin', password: '123456' } }
[2019-12-19T19:22:14.541] [INFO] user - { name: 'admin',
  url: '/stu/stuLogin',
  body: { name: 'wzz', password: '123456' } }
[2019-12-19T19:23:23.728] [INFO] user - { name: 'wzz',
  url: '/stu/stuLogin',
  body: { name: 'wzz', password: '123456' } }
[2019-12-19T19:25:09.558] [INFO] user - { name: 'wzz',
  url: '/stu/stuLogin',
  body: { name: 'wzz', password: '123456' } }
[2019-12-19T19:28:53.027] [INFO] user - { name: 'wzz',
  url: '/stu/stuLogin',
  body: { name: 'wzz', password: '123456' } }
[2019-12-19T19:30:56.103] [INFO] user - { name: 'wzz',
  url: '/stu/stuLogin',
  body: { name: 'wzz', password: '123456' } }
[2019-12-19T19:31:18.197] [INFO] user - { name: 'wzz',
  url: '/stu/stuLogin',
  body: { name: 'wangzhzh', password: '123456' } }
[2019-12-19T19:31:22.756] [INFO] user - { name: 'wzz',
  url: '/stu/stuLogin',
  body: { name: 'wzz', password: '123456' } }
[2019-12-19T19:32:17.082] [INFO] user - { name: 'wzz',
  url: '/stu/stuLogin',
  body: { name: 'wzz', password: '123456' } }
[2019-12-19T19:36:37.601] [INFO] user - { name: 'wzz',
  url: '/stu/stuLogin',
  body: { name: 'wzz', password: '123456' } }
[2019-12-19T19:43:06.736] [INFO] user - { name: 'wzz',
  url: '/stu/stuLogin',
  body: { name: 'wzz', password: 'admin' } }
[2019-12-19T19:43:11.378] [INFO] user - { name: 'wzz',
  url: '/stu/stuLogin',
  body: { name: 'wzz', password: '123456' } }
[2019-12-19T20:30:55.144] [INFO] user - { name: undefined,
  url: '/stu/stuLogin',
  body: { name: 'wzz', password: '123456' } }
[2019-12-19T20:32:04.559] [INFO] user - { name: undefined,
  url: '/stu/stuLogin',
  body: { name: 'wzz', password: '123456' } }
[2019-12-19T21:05:59.161] [INFO] user - { name: undefined,
  url: '/stu/stuLogin',
  body: { name: 'wzz', password: '123456' } }
[2019-12-19T21:06:12.178] [INFO] user - { name: undefined,
  url: '/stu/stuLogin',
  body: { name: 'admin', password: '123456' } }
[2019-12-19T21:06:23.740] [INFO] user - { name: undefined,
  url: '/stu/stuLogin',
  body: { name: 'admin', password: '123456' } }
[2019-12-19T21:06:54.617] [INFO] user - { name: undefined,
  url: '/stu/stuLogin',
  body: { name: 'admin', password: '123456' } }
[2019-12-19T21:07:35.136] [INFO] user - { name: undefined,
  url: '/stu/stuLogin',
  body: { name: 'admin', password: '123456' } }
[2019-12-19T21:09:19.209] [INFO] user - { name: undefined,
  url: '/stu/stuLogin',
  body: { name: 'admin', password: '123456' } }
[2019-12-19T21:46:27.719] [INFO] user - { name: undefined,
  url: '/stu/stuLogin',
  body: { name: 'admin', password: '123456' } }
[2019-12-19T22:11:04.987] [INFO] user - { name: undefined,
  url: '/stu/stuLogin',
  body: { name: 'wzz', password: '123456' } }
[2019-12-19T22:11:11.190] [INFO] user - { name: undefined,
  url: '/stu/stuLogin',
  body: { name: 'admin', password: '123456' } }
[2019-12-19T22:11:17.776] [INFO] user - { name: 'admin',
  url: '/stu/addStudent',
  body:
   { student_name: 'wzz',
     student_type: '开发',
     course_id: '新西兰',
     adress: 'android自动化测试' } }
[2019-12-19T22:12:38.857] [INFO] user - { name: undefined,
  url: '/stu/stuLogin',
  body: { name: 'admin', password: '123456' } }
[2019-12-19T22:12:46.636] [INFO] user - { name: 'admin',
  url: '/stu/addStudent',
  body:
   { student_name: 'wzz',
     student_type: '开发',
     course_id: '新西兰',
     adress: 'android自动化测试' } }
[2019-12-19T22:14:15.416] [INFO] user - { name: undefined,
  url: '/stu/stuLogin',
  body: { name: 'wzz', password: '123456' } }
[2019-12-19T22:15:28.381] [INFO] user - { name: undefined,
  url: '/stu/stuLogin',
  body: { name: 'admin', password: '123456' } }
[2019-12-19T22:16:56.646] [INFO] user - { name: 'admin',
  url: '/stu/addStudent',
  body:
   { student_name: 'wzz',
     student_type: '开发',
     course_id: '新西兰',
     adress: 'android自动化测试' } }
[2019-12-19T22:17:28.899] [INFO] user - { name: 'admin',
  url: '/stu/addStudent',
  body:
   { student_name: 'wzz',
     student_type: '开发',
     course_id: 1,
     adress: 'android自动化测试' } }
[2019-12-19T22:18:39.699] [INFO] user - { name: 'admin',
  url: '/stu/addStudent',
  body:
   { student_name: 'wzz',
     student_type: '开发',
     course_id: 1,
     adress: 'android自动化测试' } }
[2019-12-19T22:19:17.430] [INFO] user - { name: 'admin',
  url: '/stu/addStudent',
  body:
   { student_name: 'wzz',
     student_type: '开发',
     course_id: '1',
     adress: 'android自动化测试' } }
[2019-12-19T22:19:28.999] [INFO] user - { name: 'admin',
  url: '/stu/addStudent',
  body:
   { student_name: 'wzz',
     student_type: '开发',
     course_id: '1',
     adress: 'android自动化测试' } }
[2019-12-19T22:21:14.681] [INFO] user - { name: 'admin',
  url: '/stu/addStudent',
  body:
   { student_name: 'wzz',
     student_type: '开发',
     course_id: '1',
     adress: 'android自动化测试' } }
[2019-12-19T22:21:48.429] [INFO] user - { name: 'admin',
  url: '/stu/addStudent',
  body:
   { student_name: 'wzz',
     student_type: '开发',
     course_id: '1',
     adress: 'android自动化测试' } }
[2019-12-19T22:22:11.988] [INFO] user - { name: 'admin',
  url: '/stu/addStudent',
  body:
   { student_name: 'wzz',
     student_type: '开发',
     course_id: '1',
     adress: 'android自动化测试' } }
[2019-12-19T22:22:43.081] [INFO] user - { name: 'admin',
  url: '/stu/addStudent',
  body:
   { student_name: 'wzz',
     student_type: '开发',
     course_id: '1',
     adress: 'android自动化测试' } }
[2019-12-19T22:23:19.116] [INFO] user - { name: 'admin',
  url: '/stu/addStudent',
  body:
   { student_name: 'wzz',
     student_type: '开发',
     course_id: '1',
     adress: 'android自动化测试' } }
[2019-12-19T22:24:22.486] [INFO] user - { name: 'admin',
  url: '/stu/addStudent',
  body: { student_name: 'wzz', student_type: '开发', course_id: '1' } }
[2019-12-19T22:26:10.441] [INFO] user - { name: 'admin',
  url: '/stu/addStudent',
  body:
   { student_name: 'wzz',
     student_type: '开发',
     course_id: '1',
     adress: '新西兰' } }
[2019-12-19T22:26:55.966] [INFO] user - { name: 'admin',
  url: '/stu/addStudent',
  body:
   { student_name: 'wzz',
     student_type: '开发',
     course_id: '1',
     adress: '新西兰' } }
[2019-12-19T22:28:06.155] [INFO] user - { name: 'admin',
  url: '/stu/addStudent',
  body:
   { student_name: 'wzz',
     student_type: '2',
     course_id: '1',
     adress: '新西兰' } }
[2019-12-19T22:29:42.039] [INFO] user - { name: 'admin',
  url: '/stu/addStudent',
  body:
   { student_name: 'wzz',
     student_type: '1',
     course_id: 1,
     adress: '1' } }
[2019-12-19T22:31:23.633] [INFO] user - { name: 'admin',
  url: '/stu/addStudent',
  body:
   { student_name: 'wzz',
     student_type: '1',
     course_id: 1,
     adress: '1' } }
[2019-12-19T22:31:48.451] [INFO] user - { name: 'admin',
  url: '/stu/addStudent',
  body:
   { student_name: 'wzz',
     student_type: '1',
     course_id: 1,
     adress: '1' } }
[2019-12-19T22:32:27.875] [INFO] user - { name: 'admin',
  url: '/stu/addStudent',
  body:
   { student_name: 'wzz1',
     student_type: '1',
     course_id: 1,
     adress: '1' } }
[2019-12-19T22:34:37.902] [INFO] user - { name: 'admin',
  url: '/stu/addStudent',
  body:
   { student_name: 'wzz',
     student_type: '1',
     course_id: 1,
     adress: '1' } }
[2019-12-19T22:34:40.993] [INFO] user - { name: 'admin',
  url: '/stu/addStudent',
  body:
   { student_name: 'wzz2',
     student_type: '1',
     course_id: 1,
     adress: '1' } }
[2019-12-19T22:42:32.175] [INFO] user - { name: 'admin',
  url: '/stu/stuLogin',
  body: { name: 'wzz', password: '123456' } }
[2019-12-19T22:47:10.867] [INFO] user - { name: 'wzz',
  url: '/stu/stuLogin',
  body: { name: 'admin', password: '123456' } }
