[2020-03-09T13:57:56.736] [INFO] user - { name: undefined,
  url: '/stu/stuLogin',
  body: { name: 'wzz', password: '123456' } }
[2020-03-09T13:58:03.097] [INFO] user - { name: undefined,
  url: '/stu/stuLogin',
  body: { name: 'eric', password: '123456' } }
[2020-03-09T13:58:29.049] [INFO] user - { name: 'eric',
  url: '/stu/stuLogin',
  body: { name: 'admin', password: '123456' } }
[2020-03-09T15:03:23.663] [INFO] user - { name: undefined,
  url: '/stu/stuLogin',
  body: { name: 'admin', password: '123456' } }
[2020-03-09T15:44:51.612] [INFO] user - { name: undefined,
  url: '/stu/stuLogin',
  body: { name: 'wangzhzh', password: '123456' } }
[2020-03-09T15:44:55.450] [INFO] user - { name: undefined,
  url: '/stu/stuLogin',
  body: { name: 'admin', password: '123456' } }
[2020-03-09T15:45:50.017] [INFO] user - { name: 'admin',
  url: '/stu/addStudent',
  body:
   { student_name: 'wangzhzh',
     student_type: 2,
     course_id: 1,
     adress: '新西兰' } }
[2020-03-09T16:05:23.631] [INFO] user - { name: undefined,
  url: '/stu/stuLogin',
  body: { name: 'admin', password: '123456' } }
[2020-03-09T16:05:34.928] [INFO] user - { name: 'admin',
  url: '/stu/addStudent',
  body:
   { student_name: 'wangzhzh',
     student_type: 1,
     course_id: 1,
     adress: '新西兰' } }
[2020-03-09T16:06:06.853] [INFO] user - { name: 'admin',
  url: '/stu/addStudent',
  body:
   { student_name: 'wzz',
     student_type: 1,
     course_id: '2',
     adress: '新西兰' } }
[2020-03-09T16:08:15.692] [INFO] user - { name: 'admin',
  url: '/stu/addStudent',
  body:
   { student_name: 'hhahhd',
     student_type: 1,
     course_id: '2',
     adress: '新西兰' } }
[2020-03-09T16:14:12.016] [INFO] user - { name: 'admin',
  url: '/stu/addStudent',
  body:
   { student_name: 'wangzhzh',
     student_type: 1,
     course_id: 1,
     adress: '新西兰' } }
[2020-03-09T16:49:37.069] [INFO] user - { name: 'admin',
  url: '/stu/deleteStu',
  body: { student_id: 40 } }
[2020-03-09T16:50:11.848] [INFO] user - { name: 'admin',
  url: '/stu/deleteStu/id',
  body: { student_id: 40 } }
[2020-03-09T16:50:47.264] [INFO] user - { name: 'admin',
  url: '/stu/deleteStu',
  body: { student_id: 40 } }
[2020-03-09T16:52:47.517] [INFO] user - { name: 'admin',
  url: '/stu/addStudent',
  body:
   { student_name: 'hahhdhajdhs',
     student_type: 1,
     course_id: 1,
     adress: '新西兰' } }
[2020-03-09T16:53:29.524] [INFO] user - { name: 'admin',
  url: '/stu/addStudent',
  body:
   { student_name: 'ndskndskndksndsdsdsds',
     student_type: 1,
     course_id: 1,
     adress: '新西兰' } }
[2020-03-09T17:57:51.836] [INFO] user - { name: undefined,
  url: '/stu/stuLogin',
  body: { name: 'admin', password: '123456' } }
[2020-03-09T18:06:32.952] [INFO] user - { name: 'admin',
  url: '/stu/addStudent',
  body:
   { student_name: 'ewewewe',
     student_type: 1,
     course_id: 1,
     adress: '新西兰' } }
[2020-03-09T18:58:46.329] [INFO] user - { name: undefined,
  url: '/stu/stuLogin',
  body: { name: 'admin', password: '123456' } }
[2020-03-09T20:01:44.927] [INFO] user - { name: undefined,
  url: '/stu/stuLogin',
  body: { name: 'admin', password: '123456' } }
[2020-03-09T20:49:51.586] [INFO] user - { name: 'admin',
  url: '/stu/addStudent',
  body:
   { student_name: 'wzz121212',
     student_type: '测试',
     course_id: 2,
     adress: '新西兰' } }
[2020-03-09T20:50:11.333] [INFO] user - { name: 'admin',
  url: '/stu/addStudent',
  body:
   { student_name: 'wangzhzh12121212',
     student_type: '开发',
     course_id: 1,
     adress: '新西兰' } }
[2020-03-09T21:05:50.902] [INFO] user - { name: undefined,
  url: '/stu/stuLogin',
  body: { name: 'admin', password: '123456' } }
[2020-03-09T21:06:01.588] [INFO] user - { name: 'admin',
  url: '/stu/addStudent',
  body:
   { student_name: 'test11111',
     student_type: '开发',
     course_id: 1,
     adress: '新西兰' } }
[2020-03-09T21:07:03.586] [INFO] user - { name: 'admin',
  url: '/stu/updateStu',
  body:
   { student_name: 'wzz1',
     student_type: '测试',
     course_id: 1,
     adress: '新西兰',
     student_id: '39' } }
[2020-03-09T21:08:04.829] [INFO] user - { name: 'admin',
  url: '/stu/addStudent',
  body:
   { student_name: 'sdsd',
     student_type: '开发',
     course_id: 1,
     adress: '新西兰' } }
[2020-03-09T21:09:28.347] [INFO] user - { name: 'admin',
  url: '/stu/addStudent',
  body:
   { student_name: 'wangzhzh1212',
     student_type: '开发',
     course_id: 1,
     adress: '新西兰' } }
[2020-03-09T21:11:31.597] [INFO] user - { name: 'admin',
  url: '/stu/updateStu',
  body:
   { student_name: 'wangzhzh',
     student_type: '测试',
     course_id: 1,
     adress: '新西兰',
     student_id: '38' } }
[2020-03-09T21:12:39.261] [INFO] user - { name: 'admin',
  url: '/stu/updateStu',
  body:
   { student_name: 'wangzhzh',
     student_type: '测试',
     course_id: 1,
     adress: '新西兰',
     student_id: '38' } }
[2020-03-09T21:13:17.198] [INFO] user - { name: 'admin',
  url: '/stu/updateStu',
  body:
   { student_name: 'wangzhzh',
     student_type: '测试',
     course_id: 1,
     adress: '新西兰',
     student_id: '38' } }
[2020-03-09T21:14:47.607] [INFO] user - { name: 'admin',
  url: '/stu/updateStu',
  body:
   { student_name: 'wangzhzh',
     student_type: 1,
     course_id: 1,
     adress: '新西兰',
     student_id: '38' } }
[2020-03-09T21:16:12.497] [INFO] user - { name: 'admin',
  url: '/stu/updateStu',
  body:
   { student_name: 'wangzhzh',
     student_type: 2,
     course_id: 1,
     adress: '新西兰',
     student_id: '38' } }
[2020-03-09T21:16:23.600] [INFO] user - { name: 'admin',
  url: '/stu/updateStu',
  body:
   { student_name: 'wangzhzh',
     student_type: '2',
     course_id: 1,
     adress: '国内',
     student_id: '38' } }
[2020-03-09T21:19:25.421] [INFO] user - { name: 'admin',
  url: '/stu/updateStu',
  body:
   { student_name: 'wangzhzh',
     student_type: 1,
     course_id: 1,
     adress: '国内',
     student_id: '38' } }
[2020-03-09T21:19:47.141] [INFO] user - { name: 'admin',
  url: '/stu/updateStu',
  body:
   { student_name: 'wzz1',
     student_type: 2,
     course_id: '1',
     adress: '国内',
     student_id: '39' } }
[2020-03-09T21:19:58.794] [INFO] user - { name: 'admin',
  url: '/stu/updateStu',
  body:
   { student_name: 'wzz',
     student_type: '2',
     course_id: 1,
     adress: '国内',
     student_id: '39' } }
[2020-03-09T21:22:48.290] [INFO] user - { name: 'admin',
  url: '/stu/updateStu',
  body:
   { student_name: 'glad',
     student_type: '2',
     course_id: 1,
     adress: '国内',
     student_id: '39' } }
[2020-03-09T21:28:55.337] [INFO] user - { name: 'admin',
  url: '/stu/updateStu',
  body:
   { student_name: 'wzz1',
     student_type: '2',
     course_id: 1,
     adress: '国内',
     student_id: '39' } }
