[2020-01-09T18:30:53.401] [INFO] user - { name: undefined,
  url: '/stu/stuLogin',
  body: { name: 'wzz', password: 'admin' } }
[2020-01-09T18:31:01.393] [INFO] user - { name: undefined,
  url: '/stu/stuLogin',
  body: { name: 'admin', password: 'admin' } }
[2020-01-09T18:31:07.568] [INFO] user - { name: undefined,
  url: '/stu/stuLogin',
  body: { name: 'wzz', password: 'admin' } }
[2020-01-09T18:32:23.665] [INFO] user - { name: undefined,
  url: '/stu/stuLogin',
  body: { name: 'wzz', password: 'admin' } }
[2020-01-09T18:32:33.947] [INFO] user - { name: undefined,
  url: '/stu/stuLogin',
  body: { name: 'wzz', password: 'admin' } }
[2020-01-09T18:32:56.225] [INFO] user - { name: undefined,
  url: '/stu/stuLogin',
  body: { name: 'wzz', password: 'admin' } }
[2020-01-09T18:34:38.123] [INFO] user - { name: undefined,
  url: '/stu/stuLogin',
  body: { name: 'wzz', password: 'admin' } }
[2020-01-09T18:35:35.344] [INFO] user - { name: undefined,
  url: '/stu/stuLogin',
  body: { name: 'wzz', password: 'admin' } }
[2020-01-09T18:36:42.034] [INFO] user - { name: undefined,
  url: '/stu/stuLogin',
  body: { name: 'wzz', password: 'admin' } }
[2020-01-09T18:37:59.497] [INFO] user - { name: undefined,
  url: '/stu/stuLogin',
  body: { name: 'wzz', password: '123456' } }
[2020-01-09T18:38:22.224] [INFO] user - { name: 'wzz',
  url: '/stu/stuLogin',
  body: { name: 'admin', password: '123456' } }
[2020-01-09T18:40:24.261] [INFO] user - { name: 'admin',
  url: '/stu/addStudent',
  body:
   { student_name: 'test01',
     student_type: '3',
     course_id: 1,
     adress: '新西兰' } }
[2020-01-09T20:09:00.310] [INFO] user - { name: undefined,
  url: '/stu/stuLogin',
  body: { name: 'wzz', password: 'admin' } }
[2020-01-09T20:09:04.270] [INFO] user - { name: undefined,
  url: '/stu/stuLogin',
  body: { name: 'wzz', password: 'admin' } }
[2020-01-09T20:09:18.304] [INFO] user - { name: undefined,
  url: '/stu/stuLogin',
  body: { name: 'wzz', password: '123456' } }
[2020-01-09T21:13:39.275] [INFO] user - { name: undefined,
  url: '/stu/stuLogin',
  body: { name: 'wzz', password: 'admin' } }
[2020-01-09T21:13:43.794] [INFO] user - { name: undefined,
  url: '/stu/stuLogin',
  body: { name: 'wzz', password: '123456' } }
[2020-01-09T21:40:18.075] [INFO] user - { name: 'wzz',
  url: '/stu/updateStu',
  body:
   { student_name: 'wangzhzh',
     student_type: '测试',
     course_id: 1,
     adress: '新西兰',
     student_id: '9' } }
[2020-01-09T21:42:15.109] [INFO] user - { name: 'wzz',
  url: '/stu/updateStu',
  body:
   { student_name: 'wangzhzh',
     student_type: '测试',
     course_id: 1,
     adress: '新西兰',
     student_id: '9' } }
[2020-01-09T21:44:30.040] [INFO] user - { name: 'wzz',
  url: '/stu/updateStu',
  body:
   { student_name: 'wzz',
     student_type: '测试',
     course_id: 1,
     adress: '新西兰',
     student_id: '9' } }
[2020-01-09T21:44:41.523] [INFO] user - { name: 'wzz',
  url: '/stu/updateStu',
  body:
   { student_name: 'wangzhzh',
     student_type: '测试',
     course_id: 1,
     adress: '新西兰',
     student_id: '9' } }
[2020-01-09T21:46:30.041] [INFO] user - { name: 'wzz',
  url: '/stu/updateStu',
  body:
   { student_name: 'wangzhzh',
     student_type: '测试',
     course_id: 1,
     adress: '新西兰',
     student_id: '9' } }
[2020-01-09T21:46:49.259] [INFO] user - { name: 'wzz',
  url: '/stu/stuLogin',
  body: { name: 'wzz', password: '123456' } }
[2020-01-09T21:46:58.874] [INFO] user - { name: 'wzz',
  url: '/stu/updateStu',
  body:
   { student_name: 'wangzhzh',
     student_type: '测试',
     course_id: 1,
     adress: '新西兰',
     student_id: '9' } }
[2020-01-09T21:48:40.817] [INFO] user - { name: 'wzz',
  url: '/stu/stuLogin',
  body: { name: 'wzz', password: '123456' } }
[2020-01-09T21:48:50.622] [INFO] user - { name: 'wzz',
  url: '/stu/updateStu',
  body:
   { student_name: 'wangzhzh',
     student_type: '测试',
     course_id: 1,
     adress: '新西兰',
     student_id: '9' } }
[2020-01-09T21:50:53.161] [INFO] user - { name: 'wzz',
  url: '/stu/addStudent',
  body:
   { student_name: 'test03',
     student_type: '3',
     course_id: 1,
     adress: '国内' } }
[2020-01-09T21:52:27.805] [INFO] user - { name: 'wzz',
  url: '/stu/updateStu',
  body:
   { student_name: 'wangzhzh',
     student_type: '测试',
     course_id: 1,
     adress: '新西兰',
     student_id: '9' } }
[2020-01-09T22:02:00.013] [INFO] user - { name: 'wzz',
  url: '/stu/updateStu',
  body:
   { student_name: 'wangzhzh',
     student_type: '测试',
     course_id: 1,
     adress: '新西兰',
     student_id: '9' } }
[2020-01-09T22:02:46.790] [INFO] user - { name: 'wzz',
  url: '/stu/updateStu',
  body:
   { student_name: 'wangzhzh',
     student_type: '4',
     course_id: 1,
     adress: '新西兰',
     student_id: '9' } }
[2020-01-09T22:03:14.593] [INFO] user - { name: 'wzz',
  url: '/stu/updateStu',
  body:
   { student_name: 'wangzhzh',
     student_type: '3',
     course_id: 1,
     adress: '新西兰',
     student_id: '9' } }
[2020-01-09T22:03:21.010] [INFO] user - { name: 'wzz',
  url: '/stu/updateStu',
  body:
   { student_name: 'wangzhzh',
     student_type: '2',
     course_id: 1,
     adress: '新西兰',
     student_id: '9' } }
[2020-01-09T22:03:47.480] [INFO] user - { name: 'wzz',
  url: '/stu/updateStu',
  body:
   { student_name: 'admin',
     student_type: '3',
     course_id: 1,
     adress: '新西兰',
     student_id: '1' } }
[2020-01-09T22:03:49.220] [INFO] user - { name: 'wzz',
  url: '/stu/updateStu',
  body:
   { student_name: 'admin',
     student_type: '3',
     course_id: 1,
     adress: '新西兰',
     student_id: '1' } }
[2020-01-09T22:04:00.027] [INFO] user - { name: 'wzz',
  url: '/stu/updateStu',
  body:
   { student_name: 'admin',
     student_type: '3',
     course_id: 1,
     adress: '新西兰',
     student_id: '1' } }
[2020-01-09T22:04:17.646] [INFO] user - { name: 'wzz',
  url: '/stu/updateStu',
  body:
   { student_name: 'admin',
     student_type: '3',
     course_id: 1,
     adress: '新西兰',
     student_id: '1' } }
[2020-01-09T22:04:51.032] [INFO] user - { name: 'wzz',
  url: '/stu/updateStu',
  body:
   { student_name: 'admin',
     student_type: '3',
     course_id: 1,
     adress: '新西兰',
     student_id: '1' } }
[2020-01-09T22:07:33.353] [INFO] user - { name: 'wzz',
  url: '/stu/updateStu',
  body:
   { student_name: 'admin11',
     student_type: '开发',
     course_id: 1,
     adress: '新西兰',
     student_id: '1' } }
[2020-01-09T22:07:41.590] [INFO] user - { name: 'wzz',
  url: '/stu/updateStu',
  body:
   { student_name: 'admin11',
     student_type: '2',
     course_id: 1,
     adress: '新西兰',
     student_id: '1' } }
[2020-01-09T22:08:34.989] [INFO] user - { name: 'wzz',
  url: '/stu/updateStu',
  body:
   { student_name: 'admin11',
     student_type: '开发',
     course_id: 1,
     adress: '新西兰',
     student_id: '1' } }
[2020-01-09T22:08:44.995] [INFO] user - { name: 'wzz',
  url: '/stu/updateStu',
  body:
   { student_name: 'admin123',
     student_type: '开发',
     course_id: 1,
     adress: '新西兰',
     student_id: '1' } }
[2020-01-09T22:42:57.691] [INFO] user - { name: 'wzz',
  url: '/stu/updateStu',
  body:
   { student_name: 'admin1234',
     student_type: '开发',
     course_id: 1,
     adress: '新西兰',
     student_id: '1' } }
[2020-01-09T22:51:52.260] [INFO] user - { name: undefined,
  url: '/stu/stuLogin',
  body: { name: 'wzz', password: 'admin' } }
[2020-01-09T22:51:57.665] [INFO] user - { name: undefined,
  url: '/stu/stuLogin',
  body: { name: 'wzz', password: '123456' } }
[2020-01-09T22:52:04.000] [INFO] user - { name: undefined,
  url: '/stu/stuLogin',
  body: { name: 'wzz', password: '123456' } }
[2020-01-09T22:52:08.819] [INFO] user - { name: undefined,
  url: '/stu/stuLogin',
  body: { name: 'wangzhzh', password: '123456' } }
[2020-01-09T22:54:10.919] [INFO] user - { name: 'wangzhzh',
  url: '/stu/updateStu',
  body:
   { student_name: 'admin12345',
     student_type: '',
     course_id: 1,
     adress: '新西兰',
     student_id: '1' } }
